10/02/2020 04:48:19 PM 	 1601650099.3397195	Log_Type.CONFIG	INIT_USER	left
10/02/2020 04:48:19 PM 	 1601650099.3492734	Log_Type.CONFIG	INIT_USER	right
10/02/2020 04:48:27 PM 	 1601650107.9073422	Log_Type.RECOGNIZED_WORDS	left	vad är en plats i närheten
10/02/2020 04:48:43 PM 	 1601650123.2504666	Log_Type.RECOGNIZED_WORDS	right	läkemedel medicin
10/02/2020 04:48:49 PM 	 1601650129.868099	Log_Type.RECOGNIZED_WORDS	right	om man är sjuk du blir frisk
10/02/2020 04:49:12 PM 	 1601650152.3706915	Log_Type.RECOGNIZED_WORDS	right	en affär där man köper medicin
10/02/2020 04:49:15 PM 	 1601650155.5153377	Log_Type.RECOGNIZED_WORDS	left	jaha nej
10/02/2020 04:49:16 PM 	 1601650156.9140327	Log_Type.RECOGNIZED_WORDS	right	en affär
10/02/2020 04:49:20 PM 	 1601650160.5330088	Log_Type.RECOGNIZED_WORDS	left	butik
10/02/2020 04:49:26 PM 	 1601650166.2861576	Log_Type.RECOGNIZED_WORDS	right	nej
10/02/2020 04:49:32 PM 	 1601650172.84815	Log_Type.RECOGNIZED_WORDS	right	någonting
10/02/2020 04:49:35 PM 	 1601650175.020816	Log_Type.RECOGNIZED_WORDS	left	läskigt
10/02/2020 04:49:41 PM 	 1601650181.2068293	Log_Type.RECOGNIZED_WORDS	left	genomsnittlig i han en
10/02/2020 04:49:42 PM 	 1601650182.034679	Log_Type.RECOGNIZED_WORDS	right	play
10/02/2020 04:50:06 PM 	 1601650206.7033982	Log_Type.RECOGNIZED_WORDS	right	någon som har dött
10/02/2020 04:50:09 PM 	 1601650209.8143358	Log_Type.RECOGNIZED_WORDS	left	ledaren
10/02/2020 04:50:14 PM 	 1601650214.9238484	Log_Type.RECOGNIZED_WORDS	left	kommer från grupper
10/02/2020 04:50:20 PM 	 1601650220.4215817	Log_Type.RECOGNIZED_WORDS	left	när man är död
10/02/2020 04:50:20 PM 	 1601650220.4716628	Log_Type.RECOGNIZED_WORDS	right	nej
10/02/2020 04:50:25 PM 	 1601650225.96641	Log_Type.RECOGNIZED_WORDS	right	person som har dött som inte kommer till himlen blir kvar på jorden
10/02/2020 04:50:26 PM 	 1601650226.5191844	Log_Type.RECOGNIZED_WORDS	left	kommer till himlen
10/02/2020 04:50:36 PM 	 1601650236.3128421	Log_Type.RECOGNIZED_WORDS	left	ja
10/02/2020 04:50:41 PM 	 1601650241.4890542	Log_Type.RECOGNIZED_WORDS	left	mobil på toaletten för att se dig
10/02/2020 04:50:41 PM 	 1601650241.7996943	Log_Type.RECOGNIZED_WORDS	right	någonting du har på toaletten för att se dig själv
10/02/2020 04:50:47 PM 	 1601650247.1512349	Log_Type.RECOGNIZED_WORDS	left	en glass som reflekterar
10/02/2020 04:50:48 PM 	 1601650248.8247886	Log_Type.RECOGNIZED_WORDS	right	dusch
10/02/2020 04:50:52 PM 	 1601650252.0550385	Log_Type.RECOGNIZED_WORDS	left	dusch
10/02/2020 04:51:01 PM 	 1601650261.6751332	Log_Type.RECOGNIZED_WORDS	left	litet djur
10/02/2020 04:51:02 PM 	 1601650262.3427029	Log_Type.RECOGNIZED_WORDS	right	åtta ben med litet djur
10/02/2020 04:51:08 PM 	 1601650268.0563962	Log_Type.RECOGNIZED_WORDS	right	djur med åtta ben
10/02/2020 04:51:11 PM 	 1601650271.2333462	Log_Type.RECOGNIZED_WORDS	left	gör som
10/02/2020 04:51:25 PM 	 1601650285.7260375	Log_Type.RECOGNIZED_WORDS	left	yr.no
10/02/2020 04:51:26 PM 	 1601650286.3772144	Log_Type.RECOGNIZED_WORDS	right	något du får på en tentamen
10/02/2020 04:51:30 PM 	 1601650290.3735971	Log_Type.RECOGNIZED_WORDS	left	hem
10/02/2020 04:51:35 PM 	 1601650295.8156538	Log_Type.RECOGNIZED_WORDS	left	lärare
10/02/2020 04:51:36 PM 	 1601650296.342152	Log_Type.RECOGNIZED_WORDS	right	någonting en lärare sätter på en elev
10/02/2020 04:51:39 PM 	 1601650299.3064132	Log_Type.RECOGNIZED_WORDS	right	ja
10/02/2020 04:51:44 PM 	 1601650304.7570572	Log_Type.RECOGNIZED_WORDS	right	ja
10/02/2020 04:51:49 PM 	 1601650309.8202481	Log_Type.RECOGNIZED_WORDS	left	fågel som
10/02/2020 04:51:54 PM 	 1601650314.6989791	Log_Type.RECOGNIZED_WORDS	left	skogen
10/02/2020 04:51:56 PM 	 1601650316.5315475	Log_Type.RECOGNIZED_WORDS	right	vad som är smart
10/02/2020 04:52:03 PM 	 1601650323.5088115	Log_Type.RECOGNIZED_WORDS	right	en klok fågel
10/02/2020 04:52:05 PM 	 1601650325.2233942	Log_Type.RECOGNIZED_WORDS	left	en klok fågel
10/02/2020 04:52:09 PM 	 1601650329.8931768	Log_Type.RECOGNIZED_WORDS	left	uggla
10/02/2020 04:52:19 PM 	 1601650339.194976	Log_Type.RECOGNIZED_WORDS	left	men bris efter en sport
10/02/2020 04:52:23 PM 	 1601650343.9888573	Log_Type.RECOGNIZED_WORDS	left	högsta pris
10/02/2020 04:52:27 PM 	 1601650347.8879073	Log_Type.RECOGNIZED_WORDS	right	högsta priset du kan få på os
10/02/2020 04:52:37 PM 	 1601650357.6265845	Log_Type.RECOGNIZED_WORDS	right	en person som
10/02/2020 04:52:40 PM 	 1601650360.6232939	Log_Type.RECOGNIZED_WORDS	right	göra bröd
10/02/2020 04:52:42 PM 	 1601650362.52134	Log_Type.RECOGNIZED_WORDS	left	bröd
10/02/2020 04:52:48 PM 	 1601650368.0407774	Log_Type.RECOGNIZED_WORDS	left	specialiserad givet och
10/02/2020 04:52:52 PM 	 1601650372.9175806	Log_Type.RECOGNIZED_WORDS	left	daniel
10/02/2020 04:52:54 PM 	 1601650374.5216653	Log_Type.RECOGNIZED_WORDS	right	barnkanalen
10/02/2020 04:53:00 PM 	 1601650380.163516	Log_Type.RECOGNIZED_WORDS	right	någon som är gift med en kung
10/02/2020 04:53:02 PM 	 1601650382.5312014	Log_Type.RECOGNIZED_WORDS	left	kungens fru
10/02/2020 04:53:11 PM 	 1601650391.9938054	Log_Type.RECOGNIZED_WORDS	right	sms
10/02/2020 04:53:12 PM 	 1601650392.3072598	Log_Type.RECOGNIZED_WORDS	left	en gång i sommar kvinna
10/02/2020 04:53:18 PM 	 1601650398.5181909	Log_Type.RECOGNIZED_WORDS	right	ställ
10/02/2020 04:53:20 PM 	 1601650400.3706179	Log_Type.RECOGNIZED_WORDS	right	spegel
10/02/2020 04:53:21 PM 	 1601650401.9379568	Log_Type.RECOGNIZED_WORDS	left	ställ ett alarm har spegeln
10/02/2020 04:53:26 PM 	 1601650406.8335073	Log_Type.RECOGNIZED_WORDS	left	rom
10/02/2020 04:53:31 PM 	 1601650411.543541	Log_Type.RECOGNIZED_WORDS	left	jaha
10/02/2020 04:53:31 PM 	 1601650411.760645	Log_Type.RECOGNIZED_WORDS	right	jaha
10/02/2020 04:53:40 PM 	 1601650420.6350412	Log_Type.RECOGNIZED_WORDS	right	elektrisk urladdning från ett mål
10/02/2020 04:53:41 PM 	 1601650421.1992624	Log_Type.RECOGNIZED_WORDS	left	elektrisk urladdning från ett moln
10/02/2020 04:53:46 PM 	 1601650426.3538923	Log_Type.RECOGNIZED_WORDS	left	så kommer du ofta i
10/02/2020 04:54:00 PM 	 1601650440.3663015	Log_Type.RECOGNIZED_WORDS	left	det som fåglar har
10/02/2020 04:54:02 PM 	 1601650442.6781225	Log_Type.RECOGNIZED_WORDS	right	det som fåglar har på sin kropp
10/02/2020 04:54:06 PM 	 1601650446.2253404	Log_Type.RECOGNIZED_WORDS	left	kroppen på en fågel
10/02/2020 04:54:11 PM 	 1601650451.6733248	Log_Type.RECOGNIZED_WORDS	left	vi
10/02/2020 04:54:11 PM 	 1601650451.9412172	Log_Type.RECOGNIZED_WORDS	right	vädret
10/02/2020 04:54:23 PM 	 1601650463.9137325	Log_Type.RECOGNIZED_WORDS	right	sätt från en gris
10/02/2020 04:54:30 PM 	 1601650470.7602198	Log_Type.RECOGNIZED_WORDS	left	men använda sambolagen
10/02/2020 04:54:33 PM 	 1601650473.6104212	Log_Type.RECOGNIZED_WORDS	right	som man äter på julen
10/02/2020 04:54:45 PM 	 1601650485.873001	Log_Type.RECOGNIZED_WORDS	left	någonting man lämnar efter sig
10/02/2020 04:54:46 PM 	 1601650486.454534	Log_Type.RECOGNIZED_WORDS	right	någonting man lämnar efter sig när man går
10/02/2020 04:54:50 PM 	 1601650490.9680958	Log_Type.RECOGNIZED_WORDS	left	markering i golvet när du
10/02/2020 04:54:55 PM 	 1601650495.6583855	Log_Type.RECOGNIZED_WORDS	right	eller
10/02/2020 04:55:00 PM 	 1601650500.7245913	Log_Type.RECOGNIZED_WORDS	left	stopp
10/02/2020 04:55:00 PM 	 1601650500.7695744	Log_Type.RECOGNIZED_WORDS	right	vilken speciell sorts
10/02/2020 04:55:04 PM 	 1601650504.9575496	Log_Type.RECOGNIZED_WORDS	right	i snö när någon har gått
10/02/2020 04:55:14 PM 	 1601650514.8293889	Log_Type.RECOGNIZED_WORDS	left	stolen
10/02/2020 04:55:19 PM 	 1601650519.7837112	Log_Type.RECOGNIZED_WORDS	left	handikappade
10/02/2020 04:55:21 PM 	 1601650521.5774567	Log_Type.RECOGNIZED_WORDS	right	som handikappade som inte kan gå måste använda
10/02/2020 04:55:24 PM 	 1601650524.404306	Log_Type.RECOGNIZED_WORDS	left	ja
10/02/2020 04:55:29 PM 	 1601650529.6852403	Log_Type.RECOGNIZED_WORDS	right	hjälpmedel för de som inte kan gå
10/02/2020 04:55:30 PM 	 1601650530.2177043	Log_Type.RECOGNIZED_WORDS	left	hjälpmedel för de som inte kan gå
10/02/2020 04:55:33 PM 	 1601650533.5572736	Log_Type.RECOGNIZED_WORDS	right	som sitter
10/02/2020 04:55:39 PM 	 1601650539.9453156	Log_Type.RECOGNIZED_WORDS	left	står som användare i
10/02/2020 04:55:43 PM 	 1601650543.815029	Log_Type.RECOGNIZED_WORDS	right	rullstol
10/02/2020 04:55:44 PM 	 1601650544.726109	Log_Type.RECOGNIZED_WORDS	left	rullstol
10/02/2020 04:55:53 PM 	 1601650553.6355386	Log_Type.RECOGNIZED_WORDS	right	nånting det finns mycket av på kyrkogårdar
10/02/2020 04:55:54 PM 	 1601650554.23846	Log_Type.RECOGNIZED_WORDS	left	blir det cyklar på kyrkogården
10/02/2020 04:56:01 PM 	 1601650561.4165106	Log_Type.RECOGNIZED_WORDS	right	för visa vem som ligger under marken
10/02/2020 04:56:03 PM 	 1601650563.6780229	Log_Type.RECOGNIZED_WORDS	left	ja
10/02/2020 04:56:07 PM 	 1601650567.900199	Log_Type.RECOGNIZED_WORDS	right	tavlan
10/02/2020 04:56:08 PM 	 1601650568.7971466	Log_Type.RECOGNIZED_WORDS	left	tavlan
10/02/2020 04:56:13 PM 	 1601650573.7015922	Log_Type.RECOGNIZED_WORDS	left	tom har hår
10/02/2020 04:56:17 PM 	 1601650577.9495187	Log_Type.RECOGNIZED_WORDS	right	svenskt namn på en död person på
10/02/2020 04:56:19 PM 	 1601650579.5220056	Log_Type.RECOGNIZED_WORDS	left	ställ larm på en död person
10/02/2020 04:56:24 PM 	 1601650584.507616	Log_Type.RECOGNIZED_WORDS	left	gravsten
10/02/2020 04:56:34 PM 	 1601650594.1897688	Log_Type.RECOGNIZED_WORDS	left	fars
10/02/2020 04:56:39 PM 	 1601650599.3730927	Log_Type.RECOGNIZED_WORDS	left	en släkting
10/02/2020 04:56:40 PM 	 1601650600.1042519	Log_Type.RECOGNIZED_WORDS	right	en släkting en nära släkting
10/02/2020 04:56:46 PM 	 1601650606.909807	Log_Type.RECOGNIZED_WORDS	right	släktingar
10/02/2020 04:56:58 PM 	 1601650618.5505376	Log_Type.RECOGNIZED_WORDS	left	en grundläggande
10/02/2020 04:57:03 PM 	 1601650623.8134196	Log_Type.RECOGNIZED_WORDS	left	man gör i samhall
10/02/2020 04:57:08 PM 	 1601650628.652643	Log_Type.RECOGNIZED_WORDS	left	politik
10/02/2020 04:57:16 PM 	 1601650636.0673685	Log_Type.RECOGNIZED_WORDS	right	grundläggande del inom politiken för
10/02/2020 04:57:18 PM 	 1601650638.2001636	Log_Type.RECOGNIZED_WORDS	left	befolkning
10/02/2020 04:57:21 PM 	 1601650641.2398057	Log_Type.RECOGNIZED_WORDS	right	kunna välja vem som skall styra
10/02/2020 04:57:36 PM 	 1601650656.7601004	Log_Type.RECOGNIZED_WORDS	left	vad ska jag göra
10/02/2020 04:57:37 PM 	 1601650657.7398875	Log_Type.RECOGNIZED_WORDS	right	vad ska jag göra
10/02/2020 04:57:42 PM 	 1601650662.4059155	Log_Type.RECOGNIZED_WORDS	left	ring mig till exempel
10/02/2020 04:57:52 PM 	 1601650672.5330124	Log_Type.RECOGNIZED_WORDS	left	speciella ord man använder på
10/02/2020 04:57:52 PM 	 1601650672.5553284	Log_Type.RECOGNIZED_WORDS	right	ändra på
10/02/2020 04:57:57 PM 	 1601650677.6380117	Log_Type.RECOGNIZED_WORDS	left	logga in logga in
10/02/2020 04:57:57 PM 	 1601650677.746127	Log_Type.RECOGNIZED_WORDS	right	logga in
10/02/2020 04:58:05 PM 	 1601650685.063258	Log_Type.RECOGNIZED_WORDS	right	nånting man kan äta på mcdonalds
10/02/2020 04:58:07 PM 	 1601650687.1115158	Log_Type.RECOGNIZED_WORDS	left	äta på mcdonald's eller pizzeria
10/02/2020 04:58:07 PM 	 1601650687.8319054	Log_Type.RECOGNIZED_WORDS	right	pizzerior
10/02/2020 04:58:12 PM 	 1601650692.037885	Log_Type.RECOGNIZED_WORDS	left	per låg kost
10/02/2020 04:58:15 PM 	 1601650695.785997	Log_Type.RECOGNIZED_WORDS	right	billigt
10/02/2020 04:58:19 PM 	 1601650699.4757197	Log_Type.RECOGNIZED_WORDS	right	billig mat som man får
10/02/2020 04:58:30 PM 	 1601650710.398633	Log_Type.RECOGNIZED_WORDS	left	en
10/02/2020 04:58:35 PM 	 1601650715.3853483	Log_Type.RECOGNIZED_WORDS	left	random dröm
10/02/2020 04:58:40 PM 	 1601650720.4123924	Log_Type.RECOGNIZED_WORDS	right	nånting läskigt som man vaknar
10/02/2020 04:58:40 PM 	 1601650720.759664	Log_Type.RECOGNIZED_WORDS	left	läskigt som man vaknar
10/02/2020 04:59:04 PM 	 1601650744.2703447	Log_Type.RECOGNIZED_WORDS	left	en religiös byggnad
10/02/2020 04:59:06 PM 	 1601650746.7080016	Log_Type.RECOGNIZED_WORDS	right	tyst
10/02/2020 04:59:09 PM 	 1601650749.2721057	Log_Type.RECOGNIZED_WORDS	left	tyst
10/02/2020 04:59:17 PM 	 1601650757.2899232	Log_Type.RECOGNIZED_WORDS	right	radion
10/02/2020 04:59:18 PM 	 1601650758.5215635	Log_Type.RECOGNIZED_WORDS	left	mara
10/02/2020 04:59:22 PM 	 1601650762.272921	Log_Type.RECOGNIZED_WORDS	right	kyltorn
10/02/2020 04:59:23 PM 	 1601650763.4180515	Log_Type.RECOGNIZED_WORDS	left	sjukdom
10/02/2020 04:59:29 PM 	 1601650769.9904656	Log_Type.RECOGNIZED_WORDS	right	någonting man
10/02/2020 04:59:34 PM 	 1601650774.960781	Log_Type.RECOGNIZED_WORDS	right	någonting
10/02/2020 04:59:38 PM 	 1601650778.4476175	Log_Type.RECOGNIZED_WORDS	left	levande grönt man har inomhus
10/02/2020 04:59:39 PM 	 1601650779.990241	Log_Type.RECOGNIZED_WORDS	right	inomhus för att det ska bli trevligt
10/02/2020 04:59:52 PM 	 1601650792.6849563	Log_Type.RECOGNIZED_WORDS	left	instrument
10/02/2020 04:59:55 PM 	 1601650795.2306616	Log_Type.RECOGNIZED_WORDS	right	instrument man slår på
10/02/2020 04:59:59 PM 	 1601650799.7662115	Log_Type.RECOGNIZED_WORDS	right	musikinstrument
10/02/2020 05:00:02 PM 	 1601650802.9970322	Log_Type.RECOGNIZED_WORDS	left	kungsmässan
10/02/2020 05:00:08 PM 	 1601650808.6595469	Log_Type.RECOGNIZED_WORDS	left	vad spelar jag på förut
10/02/2020 05:00:09 PM 	 1601650809.7176497	Log_Type.RECOGNIZED_WORDS	right	var spelar på förut
10/02/2020 05:00:14 PM 	 1601650814.1157453	Log_Type.RECOGNIZED_WORDS	left	var ingen string inte blåst
10/02/2020 05:00:19 PM 	 1601650819.059695	Log_Type.RECOGNIZED_WORDS	left	musikinstrument
10/02/2020 05:00:20 PM 	 1601650820.3926184	Log_Type.RECOGNIZED_WORDS	right	samlingsnamn för
10/02/2020 05:00:23 PM 	 1601650823.7887242	Log_Type.RECOGNIZED_WORDS	right	ruts man
10/02/2020 05:00:33 PM 	 1601650833.1247966	Log_Type.RECOGNIZED_WORDS	left	sommar
10/02/2020 05:00:46 PM 	 1601650846.0411022	Log_Type.RECOGNIZED_WORDS	right	ädelstens med gjord av kåda
10/02/2020 05:00:47 PM 	 1601650847.6978593	Log_Type.RECOGNIZED_WORDS	left	ja det är det nog
10/02/2020 05:00:53 PM 	 1601650853.4237652	Log_Type.RECOGNIZED_WORDS	left	samma medicin som
10/02/2020 05:00:58 PM 	 1601650858.318825	Log_Type.RECOGNIZED_WORDS	left	stenar
10/02/2020 05:01:15 PM 	 1601650875.1880546	Log_Type.RECOGNIZED_WORDS	right	den musik den musik som man
10/02/2020 05:01:17 PM 	 1601650877.3718412	Log_Type.RECOGNIZED_WORDS	left	musik som man har i början av ett program
10/02/2020 05:01:18 PM 	 1601650878.0303273	Log_Type.RECOGNIZED_WORDS	right	program
10/02/2020 05:01:25 PM 	 1601650885.5071714	Log_Type.RECOGNIZED_WORDS	right	som har som
10/02/2020 05:01:27 PM 	 1601650887.169787	Log_Type.RECOGNIZED_WORDS	left	i introduktionen till
10/02/2020 05:01:31 PM 	 1601650891.1119688	Log_Type.RECOGNIZED_WORDS	right	till en film eller ett plus ett
10/02/2020 05:01:31 PM 	 1601650891.876133	Log_Type.RECOGNIZED_WORDS	left	jaha
10/02/2020 05:01:35 PM 	 1601650895.9014487	Log_Type.RECOGNIZED_WORDS	right	tv-serie
10/02/2020 05:01:42 PM 	 1601650902.3600235	Log_Type.RECOGNIZED_WORDS	left	som en speciell sån som
10/02/2020 05:01:56 PM 	 1601650916.2734218	Log_Type.RECOGNIZED_WORDS	left	maskin som man
10/02/2020 05:02:05 PM 	 1601650925.9042645	Log_Type.RECOGNIZED_WORDS	left	skapa textiler
10/02/2020 05:02:11 PM 	 1601650931.6080415	Log_Type.RECOGNIZED_WORDS	left	att göra skapa tyg
10/02/2020 05:02:12 PM 	 1601650932.2943594	Log_Type.RECOGNIZED_WORDS	right	för att göra skapa tyg som inte bets
10/02/2020 05:02:25 PM 	 1601650945.5432646	Log_Type.RECOGNIZED_WORDS	left	inte speciell
10/02/2020 05:02:31 PM 	 1601650951.1859257	Log_Type.RECOGNIZED_WORDS	left	fel som finns i min blogg
10/02/2020 05:02:31 PM 	 1601650951.9354315	Log_Type.RECOGNIZED_WORDS	right	jaha
10/02/2020 05:02:36 PM 	 1601650956.5684762	Log_Type.RECOGNIZED_WORDS	left	kroppsvätska
10/02/2020 05:02:37 PM 	 1601650957.4892757	Log_Type.RECOGNIZED_WORDS	right	säg kroppsvätska den röda kroppsfett
10/02/2020 05:02:41 PM 	 1601650961.5785446	Log_Type.RECOGNIZED_WORDS	left	den delen som
10/02/2020 05:02:42 PM 	 1601650962.826092	Log_Type.RECOGNIZED_WORDS	right	den delen som man mäter
10/02/2020 05:02:51 PM 	 1601650971.2070146	Log_Type.RECOGNIZED_WORDS	left	transportera aktier
10/02/2020 05:03:00 PM 	 1601650980.710813	Log_Type.RECOGNIZED_WORDS	left	som man
10/02/2020 05:03:05 PM 	 1601650985.8640208	Log_Type.RECOGNIZED_WORDS	left	över en stund
10/02/2020 05:03:10 PM 	 1601650990.524096	Log_Type.RECOGNIZED_WORDS	left	bilar på
10/02/2020 05:03:10 PM 	 1601650990.7715695	Log_Type.RECOGNIZED_WORDS	right	kör bilar på
10/02/2020 05:03:13 PM 	 1601650993.9653232	Log_Type.RECOGNIZED_WORDS	right	golden gate i en sådan
10/02/2020 05:03:16 PM 	 1601650996.4042175	Log_Type.RECOGNIZED_WORDS	left	golden gate i uppsala
10/02/2020 05:03:21 PM 	 1601651001.9789407	Log_Type.RECOGNIZED_WORDS	left	kan du sova en tåg
10/02/2020 05:03:30 PM 	 1601651010.0812213	Log_Type.RECOGNIZED_WORDS	right	går över vatten
10/02/2020 05:03:31 PM 	 1601651011.8471773	Log_Type.RECOGNIZED_WORDS	left	går över vatten ja
10/02/2020 05:03:37 PM 	 1601651017.0362663	Log_Type.RECOGNIZED_WORDS	left	spänningen med alice cooper
10/02/2020 05:03:41 PM 	 1601651021.7712173	Log_Type.RECOGNIZED_WORDS	left	ja
10/02/2020 05:03:51 PM 	 1601651031.1007705	Log_Type.RECOGNIZED_WORDS	left	köpa allt
10/02/2020 05:03:51 PM 	 1601651031.282587	Log_Type.RECOGNIZED_WORDS	right	det som gör att man inte får köpa
10/02/2020 05:04:05 PM 	 1601651045.2173848	Log_Type.RECOGNIZED_WORDS	left	ring när du är för
10/02/2020 05:04:10 PM 	 1601651050.2367117	Log_Type.RECOGNIZED_WORDS	left	på att köpa
10/02/2020 05:04:24 PM 	 1601651064.3808568	Log_Type.RECOGNIZED_WORDS	left	imponerande
