10/02/2020 01:05:30 PM 	 1601636730.5103757	Log_Type.CONFIG	INIT_USER	left
10/02/2020 01:05:30 PM 	 1601636730.516067	Log_Type.CONFIG	INIT_USER	right
10/02/2020 01:05:38 PM 	 1601636738.0432615	Log_Type.RECOGNIZED_WORDS	left	okej så hände det något
10/02/2020 01:05:39 PM 	 1601636739.9534461	Log_Type.RECOGNIZED_WORDS	right	andrea någonting
10/02/2020 01:05:44 PM 	 1601636744.5306792	Log_Type.RECOGNIZED_WORDS	left	en bild och
10/02/2020 01:05:47 PM 	 1601636747.394563	Log_Type.RECOGNIZED_WORDS	right	om du är en artist
10/02/2020 01:05:49 PM 	 1601636749.602009	Log_Type.RECOGNIZED_WORDS	left	du använder det mycket
10/02/2020 01:05:54 PM 	 1601636754.671691	Log_Type.RECOGNIZED_WORDS	left	exakt bra jobbat
10/02/2020 01:06:00 PM 	 1601636760.079228	Log_Type.RECOGNIZED_WORDS	left	sms
10/02/2020 01:06:04 PM 	 1601636764.4906962	Log_Type.RECOGNIZED_WORDS	right	jag
10/02/2020 01:06:04 PM 	 1601636764.7087407	Log_Type.RECOGNIZED_WORDS	left	jag jobb
10/02/2020 01:06:09 PM 	 1601636769.20574	Log_Type.RECOGNIZED_WORDS	right	med mat
10/02/2020 01:06:09 PM 	 1601636769.7356582	Log_Type.RECOGNIZED_WORDS	left	mat
10/02/2020 01:06:13 PM 	 1601636773.9541535	Log_Type.RECOGNIZED_WORDS	right	till frukost då kanske
10/02/2020 01:06:14 PM 	 1601636774.6257863	Log_Type.RECOGNIZED_WORDS	left	frukost på kanske
10/02/2020 01:06:16 PM 	 1601636776.4800053	Log_Type.RECOGNIZED_WORDS	right	kaffe
10/02/2020 01:06:19 PM 	 1601636779.4440057	Log_Type.RECOGNIZED_WORDS	right	starta tv:n
10/02/2020 01:06:21 PM 	 1601636781.5587358	Log_Type.RECOGNIZED_WORDS	right	rött
10/02/2020 01:06:21 PM 	 1601636781.5605457	Log_Type.RECOGNIZED_WORDS	left	jaha
10/02/2020 01:06:36 PM 	 1601636796.6555862	Log_Type.RECOGNIZED_WORDS	right	slott min man är kung
10/02/2020 01:06:36 PM 	 1601636796.725089	Log_Type.RECOGNIZED_WORDS	left	jag bor på slotts min man är kung
10/02/2020 01:06:42 PM 	 1601636802.0080645	Log_Type.RECOGNIZED_WORDS	left	kan jag säga
10/02/2020 01:06:46 PM 	 1601636806.8957896	Log_Type.RECOGNIZED_WORDS	left	du är jättesmart
10/02/2020 01:06:51 PM 	 1601636811.5858114	Log_Type.RECOGNIZED_WORDS	left	så i
10/02/2020 01:06:57 PM 	 1601636817.507817	Log_Type.RECOGNIZED_WORDS	left	en plats där finns en plats var
10/02/2020 01:07:02 PM 	 1601636822.4358523	Log_Type.RECOGNIZED_WORDS	left	nej
10/02/2020 01:07:06 PM 	 1601636826.3966238	Log_Type.RECOGNIZED_WORDS	right	nej det är en stor plats
10/02/2020 01:07:07 PM 	 1601636827.2428129	Log_Type.RECOGNIZED_WORDS	left	plats i inomhus
10/02/2020 01:07:12 PM 	 1601636832.509701	Log_Type.RECOGNIZED_WORDS	left	du kan tvätta dig där och när du börjar
10/02/2020 01:07:28 PM 	 1601636848.8943257	Log_Type.RECOGNIZED_WORDS	left	som du är
10/02/2020 01:07:32 PM 	 1601636852.0470457	Log_Type.RECOGNIZED_WORDS	right	så nu är i småland
10/02/2020 01:07:33 PM 	 1601636853.7921104	Log_Type.RECOGNIZED_WORDS	left	och du pluggar någonting du är
10/02/2020 01:07:37 PM 	 1601636857.6568935	Log_Type.RECOGNIZED_WORDS	right	skriva ibland leksand
10/02/2020 01:07:38 PM 	 1601636858.8796828	Log_Type.RECOGNIZED_WORDS	left	leksand och sedan fick du
10/02/2020 01:07:41 PM 	 1601636861.342155	Log_Type.RECOGNIZED_WORDS	right	vädret
10/02/2020 01:07:44 PM 	 1601636864.0086768	Log_Type.RECOGNIZED_WORDS	left	optimera dig
10/02/2020 01:07:48 PM 	 1601636868.2060537	Log_Type.RECOGNIZED_WORDS	right	ja nästan
10/02/2020 01:07:53 PM 	 1601636873.8869789	Log_Type.RECOGNIZED_WORDS	right	det slutgiltiga inte
10/02/2020 01:07:58 PM 	 1601636878.8454595	Log_Type.RECOGNIZED_WORDS	right	som man får på papper som man kan söka till skor
10/02/2020 01:07:59 PM 	 1601636879.2161689	Log_Type.RECOGNIZED_WORDS	left	som man kan söka till skolor
10/02/2020 01:08:08 PM 	 1601636888.4540727	Log_Type.RECOGNIZED_WORDS	left	fåglarna har massa
10/02/2020 01:08:10 PM 	 1601636890.156923	Log_Type.RECOGNIZED_WORDS	right	fåglarna har massa såna
10/02/2020 01:08:13 PM 	 1601636893.5848858	Log_Type.RECOGNIZED_WORDS	left	varför använder man när man skrev
10/02/2020 01:08:15 PM 	 1601636895.550356	Log_Type.RECOGNIZED_WORDS	right	när man skrev hade man
10/02/2020 01:08:22 PM 	 1601636902.77181	Log_Type.RECOGNIZED_WORDS	left	vi har pratat innan
10/02/2020 01:08:25 PM 	 1601636905.2341564	Log_Type.RECOGNIZED_WORDS	right	väder imorgon i umeå
10/02/2020 01:08:28 PM 	 1601636908.052738	Log_Type.RECOGNIZED_WORDS	left	bubbleroom och om du kan se dig
10/02/2020 01:08:28 PM 	 1601636908.4612164	Log_Type.RECOGNIZED_WORDS	right	shl
10/02/2020 01:08:33 PM 	 1601636913.0019348	Log_Type.RECOGNIZED_WORDS	left	inet
10/02/2020 01:08:36 PM 	 1601636916.7654903	Log_Type.RECOGNIZED_WORDS	right	shl
10/02/2020 01:08:38 PM 	 1601636918.9765763	Log_Type.RECOGNIZED_WORDS	left	siljans i dig self om du tittar på
10/02/2020 01:08:44 PM 	 1601636924.4720733	Log_Type.RECOGNIZED_WORDS	left	sverige
10/02/2020 01:08:49 PM 	 1601636929.8958766	Log_Type.RECOGNIZED_WORDS	left	nej kan du hjälpa mig
10/02/2020 01:08:54 PM 	 1601636934.975932	Log_Type.RECOGNIZED_WORDS	left	jag tänker att
10/02/2020 01:09:05 PM 	 1601636945.3871284	Log_Type.RECOGNIZED_WORDS	right	när
10/02/2020 01:09:08 PM 	 1601636948.8977563	Log_Type.RECOGNIZED_WORDS	left	barn brukar vara rädda för på natten
10/02/2020 01:09:10 PM 	 1601636950.6534503	Log_Type.RECOGNIZED_WORDS	right	barn brukar vara rädda för dem på natten hon brukar ha
10/02/2020 01:09:13 PM 	 1601636953.2866642	Log_Type.RECOGNIZED_WORDS	right	som man kan klippa hål i
10/02/2020 01:09:22 PM 	 1601636962.8214016	Log_Type.RECOGNIZED_WORDS	right	ja men ibland om man drömmer mardrömmar kan de komma
10/02/2020 01:09:23 PM 	 1601636963.8596137	Log_Type.RECOGNIZED_WORDS	left	ibland om man drömmer imorgon ska man komma
10/02/2020 01:09:27 PM 	 1601636967.5897462	Log_Type.RECOGNIZED_WORDS	right	ja
10/02/2020 01:09:33 PM 	 1601636973.3728688	Log_Type.RECOGNIZED_WORDS	left	så det är en djur
10/02/2020 01:09:37 PM 	 1601636977.2876875	Log_Type.RECOGNIZED_WORDS	right	hur många år är
10/02/2020 01:09:38 PM 	 1601636978.0535913	Log_Type.RECOGNIZED_WORDS	left	folk är
10/02/2020 01:09:41 PM 	 1601636981.9461243	Log_Type.RECOGNIZED_WORDS	right	ja
10/02/2020 01:09:43 PM 	 1601636983.0610418	Log_Type.RECOGNIZED_WORDS	left	väder idag
10/02/2020 01:09:46 PM 	 1601636986.7336981	Log_Type.RECOGNIZED_WORDS	right	turn off the lamp
10/02/2020 01:09:47 PM 	 1601636987.955298	Log_Type.RECOGNIZED_WORDS	left	biner
10/02/2020 01:09:52 PM 	 1601636992.9534214	Log_Type.RECOGNIZED_WORDS	left	exakt
10/02/2020 01:09:56 PM 	 1601636996.7809467	Log_Type.RECOGNIZED_WORDS	right	det är en sorts fågel som man säger
10/02/2020 01:09:57 PM 	 1601636997.8883085	Log_Type.RECOGNIZED_WORDS	left	klok
10/02/2020 01:09:59 PM 	 1601636999.4984968	Log_Type.RECOGNIZED_WORDS	right	sitter i trädet
10/02/2020 01:10:02 PM 	 1601637002.2631161	Log_Type.RECOGNIZED_WORDS	right	ja
10/02/2020 01:10:02 PM 	 1601637002.5071282	Log_Type.RECOGNIZED_WORDS	left	uggla
10/02/2020 01:10:07 PM 	 1601637007.1205494	Log_Type.RECOGNIZED_WORDS	left	som du behöver
10/02/2020 01:10:12 PM 	 1601637012.1865072	Log_Type.RECOGNIZED_WORDS	left	medikamenter du ska gå
10/02/2020 01:10:13 PM 	 1601637013.560206	Log_Type.RECOGNIZED_WORDS	right	gå till webbplats
10/02/2020 01:10:17 PM 	 1601637017.1548684	Log_Type.RECOGNIZED_WORDS	left	att att faten de
10/02/2020 01:10:21 PM 	 1601637021.9996376	Log_Type.RECOGNIZED_WORDS	left	vad är det
10/02/2020 01:10:31 PM 	 1601637031.502667	Log_Type.RECOGNIZED_WORDS	right	det är enklast att du har personal som
10/02/2020 01:10:31 PM 	 1601637031.7247226	Log_Type.RECOGNIZED_WORDS	left	får du höra personal som
10/02/2020 01:10:36 PM 	 1601637036.4820528	Log_Type.RECOGNIZED_WORDS	left	exakt
10/02/2020 01:10:40 PM 	 1601637040.645803	Log_Type.RECOGNIZED_WORDS	right	ibland om det dåligt väder
10/02/2020 01:10:41 PM 	 1601637041.4389875	Log_Type.RECOGNIZED_WORDS	left	dåligt väder
10/02/2020 01:10:44 PM 	 1601637044.483426	Log_Type.RECOGNIZED_WORDS	right	åska
10/02/2020 01:10:46 PM 	 1601637046.3253582	Log_Type.RECOGNIZED_WORDS	left	ja
10/02/2020 01:10:49 PM 	 1601637049.6346984	Log_Type.RECOGNIZED_WORDS	right	ja först kommer
10/02/2020 01:10:51 PM 	 1601637051.1898735	Log_Type.RECOGNIZED_WORDS	left	kommer efter
10/02/2020 01:10:54 PM 	 1601637054.878517	Log_Type.RECOGNIZED_WORDS	right	efter åskan eller åskan kommer sen
10/02/2020 01:10:56 PM 	 1601637056.763345	Log_Type.RECOGNIZED_WORDS	left	oscar kompressions
10/02/2020 01:10:58 PM 	 1601637058.0399258	Log_Type.RECOGNIZED_WORDS	right	ljusstråle på himlen
10/02/2020 01:11:01 PM 	 1601637061.532819	Log_Type.RECOGNIZED_WORDS	left	japp
10/02/2020 01:11:01 PM 	 1601637061.6717832	Log_Type.RECOGNIZED_WORDS	right	japp
10/02/2020 01:11:11 PM 	 1601637071.7059524	Log_Type.RECOGNIZED_WORDS	right	finns
10/02/2020 01:11:15 PM 	 1601637075.2506595	Log_Type.RECOGNIZED_WORDS	left	kakor
10/02/2020 01:11:17 PM 	 1601637077.5861561	Log_Type.RECOGNIZED_WORDS	right	som är små runda och de har samma
10/02/2020 01:11:20 PM 	 1601637080.6391938	Log_Type.RECOGNIZED_WORDS	left	samma namn som att man ligger och så
10/02/2020 01:11:22 PM 	 1601637082.394968	Log_Type.RECOGNIZED_WORDS	right	när du ligger och sover
10/02/2020 01:11:25 PM 	 1601637085.653777	Log_Type.RECOGNIZED_WORDS	left	ja men det var
10/02/2020 01:11:27 PM 	 1601637087.20042	Log_Type.RECOGNIZED_WORDS	right	ja men när man sover
10/02/2020 01:11:35 PM 	 1601637095.26538	Log_Type.RECOGNIZED_WORDS	left	så om du vill skicka
10/02/2020 01:11:36 PM 	 1601637096.324561	Log_Type.RECOGNIZED_WORDS	right	hur mycket
10/02/2020 01:11:39 PM 	 1601637099.4589453	Log_Type.RECOGNIZED_WORDS	right	tänd tv
10/02/2020 01:11:40 PM 	 1601637100.1017058	Log_Type.RECOGNIZED_WORDS	left	fräs till
10/02/2020 01:11:44 PM 	 1601637104.8161328	Log_Type.RECOGNIZED_WORDS	left	du behöver någonting för att
10/02/2020 01:11:46 PM 	 1601637106.8457575	Log_Type.RECOGNIZED_WORDS	right	öppna nånting
10/02/2020 01:11:49 PM 	 1601637109.8722734	Log_Type.RECOGNIZED_WORDS	left	för att skicka det vad
10/02/2020 01:11:54 PM 	 1601637114.7490354	Log_Type.RECOGNIZED_WORDS	left	lägga
10/02/2020 01:11:56 PM 	 1601637116.5517473	Log_Type.RECOGNIZED_WORDS	right	läget
10/02/2020 01:12:04 PM 	 1601637124.2391803	Log_Type.RECOGNIZED_WORDS	right	hus som lever i skogen
10/02/2020 01:12:04 PM 	 1601637124.3402567	Log_Type.RECOGNIZED_WORDS	left	google
10/02/2020 01:12:09 PM 	 1601637129.2396336	Log_Type.RECOGNIZED_WORDS	left	och
10/02/2020 01:12:10 PM 	 1601637130.7486436	Log_Type.RECOGNIZED_WORDS	right	namnet
10/02/2020 01:12:13 PM 	 1601637133.9462233	Log_Type.RECOGNIZED_WORDS	left	stenbock
10/02/2020 01:12:23 PM 	 1601637143.494363	Log_Type.RECOGNIZED_WORDS	left	i sverige så får alla myndig
10/02/2020 01:12:23 PM 	 1601637143.8435905	Log_Type.RECOGNIZED_WORDS	right	i sverige så får alla myndiga person
10/02/2020 01:12:29 PM 	 1601637149.0505254	Log_Type.RECOGNIZED_WORDS	left	man får
10/02/2020 01:12:29 PM 	 1601637149.6397226	Log_Type.RECOGNIZED_WORDS	right	man får vi gör det vart fjärde år
10/02/2020 01:12:34 PM 	 1601637154.1939495	Log_Type.RECOGNIZED_WORDS	left	jag hade rätt på engelska
10/02/2020 01:12:34 PM 	 1601637154.4142005	Log_Type.RECOGNIZED_WORDS	right	ja
10/02/2020 01:12:39 PM 	 1601637159.3012776	Log_Type.RECOGNIZED_WORDS	left	okej
10/02/2020 01:12:44 PM 	 1601637164.0316768	Log_Type.RECOGNIZED_WORDS	left	som inte kan gå
10/02/2020 01:12:44 PM 	 1601637164.8585021	Log_Type.RECOGNIZED_WORDS	right	indiegogo
10/02/2020 01:12:49 PM 	 1601637169.286039	Log_Type.RECOGNIZED_WORDS	left	för att sitta dig ner och du måste använda för
10/02/2020 01:12:54 PM 	 1601637174.3481305	Log_Type.RECOGNIZED_WORDS	left	rulla stockholm
10/02/2020 01:12:59 PM 	 1601637179.1683702	Log_Type.RECOGNIZED_WORDS	right	ja
10/02/2020 01:12:59 PM 	 1601637179.2787786	Log_Type.RECOGNIZED_WORDS	left	kam
10/02/2020 01:13:04 PM 	 1601637184.1021116	Log_Type.RECOGNIZED_WORDS	right	om du inte kan använda något av benen
10/02/2020 01:13:10 PM 	 1601637190.8797483	Log_Type.RECOGNIZED_WORDS	right	man
10/02/2020 01:13:13 PM 	 1601637193.548449	Log_Type.RECOGNIZED_WORDS	left	pappas bror
10/02/2020 01:13:13 PM 	 1601637193.5511835	Log_Type.RECOGNIZED_WORDS	right	pappas bror
10/02/2020 01:13:22 PM 	 1601637202.1943202	Log_Type.RECOGNIZED_WORDS	right	pappas
10/02/2020 01:13:23 PM 	 1601637203.1117456	Log_Type.RECOGNIZED_WORDS	left	pappa pappas bror
10/02/2020 01:13:27 PM 	 1601637207.4227803	Log_Type.RECOGNIZED_WORDS	right	ring pappa
10/02/2020 01:13:32 PM 	 1601637212.5584579	Log_Type.RECOGNIZED_WORDS	left	alltså
10/02/2020 01:13:37 PM 	 1601637217.6132622	Log_Type.RECOGNIZED_WORDS	left	om du har då under dag
10/02/2020 01:13:37 PM 	 1601637217.9396293	Log_Type.RECOGNIZED_WORDS	right	där
10/02/2020 01:13:42 PM 	 1601637222.638029	Log_Type.RECOGNIZED_WORDS	left	dö du du fan
10/02/2020 01:13:52 PM 	 1601637232.293336	Log_Type.RECOGNIZED_WORDS	left	imponerande
10/02/2020 01:13:57 PM 	 1601637237.611338	Log_Type.RECOGNIZED_WORDS	left	om du går om du går i lera till exempel och sedan gå
10/02/2020 01:13:57 PM 	 1601637237.793797	Log_Type.RECOGNIZED_WORDS	right	om du går i lera tex och sen går du på
10/02/2020 01:14:02 PM 	 1601637242.7789326	Log_Type.RECOGNIZED_WORDS	right	så går det på vägen så blir det märken efter fötterna
10/02/2020 01:14:03 PM 	 1601637243.1153088	Log_Type.RECOGNIZED_WORDS	left	hur går det på vägen blir de märken efter fötterna
10/02/2020 01:14:07 PM 	 1601637247.6457055	Log_Type.RECOGNIZED_WORDS	right	går i vatten
10/02/2020 01:14:08 PM 	 1601637248.0295532	Log_Type.RECOGNIZED_WORDS	left	går i vatten
10/02/2020 01:14:12 PM 	 1601637252.60887	Log_Type.RECOGNIZED_WORDS	right	duschat då som går ut på golvet så blir det
10/02/2020 01:14:12 PM 	 1601637252.8664398	Log_Type.RECOGNIZED_WORDS	left	på golvet så blir det
10/02/2020 01:14:14 PM 	 1601637254.9349184	Log_Type.RECOGNIZED_WORDS	right	när du går
10/02/2020 01:14:17 PM 	 1601637257.9604132	Log_Type.RECOGNIZED_WORDS	left	fotboll
10/02/2020 01:14:32 PM 	 1601637272.4418242	Log_Type.RECOGNIZED_WORDS	left	om man vill b eller guld
10/02/2020 01:14:33 PM 	 1601637273.029142	Log_Type.RECOGNIZED_WORDS	right	jag vill be eller det är gudstjänster
10/02/2020 01:14:39 PM 	 1601637279.4679482	Log_Type.RECOGNIZED_WORDS	right	finns vissa kalla det för
10/02/2020 01:14:44 PM 	 1601637284.1127293	Log_Type.RECOGNIZED_WORDS	right	ja
10/02/2020 01:14:46 PM 	 1601637286.6246953	Log_Type.RECOGNIZED_WORDS	left	så vi
10/02/2020 01:14:49 PM 	 1601637289.3331707	Log_Type.RECOGNIZED_WORDS	right	radio p3
10/02/2020 01:14:51 PM 	 1601637291.550095	Log_Type.RECOGNIZED_WORDS	left	pratar om det redan så om du om du kan
10/02/2020 01:14:56 PM 	 1601637296.438635	Log_Type.RECOGNIZED_WORDS	left	natten men
10/02/2020 01:15:01 PM 	 1601637301.510038	Log_Type.RECOGNIZED_WORDS	left	dåligt du har någonting
10/02/2020 01:15:06 PM 	 1601637306.3646636	Log_Type.RECOGNIZED_WORDS	left	sonic
10/02/2020 01:15:11 PM 	 1601637311.453689	Log_Type.RECOGNIZED_WORDS	left	kan du gissa vad det är
10/02/2020 01:15:13 PM 	 1601637313.8570526	Log_Type.RECOGNIZED_WORDS	right	ja
10/02/2020 01:15:16 PM 	 1601637316.15282	Log_Type.RECOGNIZED_WORDS	left	ja
10/02/2020 01:15:20 PM 	 1601637320.6936033	Log_Type.RECOGNIZED_WORDS	left	så jag har en en momo
10/02/2020 01:15:21 PM 	 1601637321.2558842	Log_Type.RECOGNIZED_WORDS	right	momo
10/02/2020 01:15:25 PM 	 1601637325.377015	Log_Type.RECOGNIZED_WORDS	left	hennes
10/02/2020 01:15:32 PM 	 1601637332.7198944	Log_Type.RECOGNIZED_WORDS	right	om man har bråttom och ska äta
10/02/2020 01:15:34 PM 	 1601637334.9309468	Log_Type.RECOGNIZED_WORDS	left	och ska äta dom har kanske behöver
10/02/2020 01:15:38 PM 	 1601637338.2405715	Log_Type.RECOGNIZED_WORDS	right	han har inte tid att laga mat själv brukar man gå på
10/02/2020 01:15:39 PM 	 1601637339.7621684	Log_Type.RECOGNIZED_WORDS	left	kan man gå på mcdonald's
10/02/2020 01:15:42 PM 	 1601637342.3573382	Log_Type.RECOGNIZED_WORDS	right	burger king
10/02/2020 01:15:44 PM 	 1601637344.7004077	Log_Type.RECOGNIZED_WORDS	left	burger king lund
10/02/2020 01:15:49 PM 	 1601637349.628296	Log_Type.RECOGNIZED_WORDS	left	inte så engelska
10/02/2020 01:15:54 PM 	 1601637354.7235992	Log_Type.RECOGNIZED_WORDS	left	återvinning
10/02/2020 01:15:57 PM 	 1601637357.4561808	Log_Type.RECOGNIZED_WORDS	right	ja
10/02/2020 01:16:04 PM 	 1601637364.2208698	Log_Type.RECOGNIZED_WORDS	left	vädret skicka okej
10/02/2020 01:16:09 PM 	 1601637369.1071188	Log_Type.RECOGNIZED_WORDS	left	apollo
10/02/2020 01:16:13 PM 	 1601637373.8366752	Log_Type.RECOGNIZED_WORDS	left	nej
10/02/2020 01:16:25 PM 	 1601637385.2518198	Log_Type.RECOGNIZED_WORDS	right	det är
10/02/2020 01:16:28 PM 	 1601637388.837143	Log_Type.RECOGNIZED_WORDS	left	toppsten som man gör
10/02/2020 01:16:30 PM 	 1601637390.1807654	Log_Type.RECOGNIZED_WORDS	right	sten som man gör kan göra
10/02/2020 01:16:34 PM 	 1601637394.8029938	Log_Type.RECOGNIZED_WORDS	left	ringa dem
10/02/2020 01:16:35 PM 	 1601637395.7348197	Log_Type.RECOGNIZED_WORDS	right	man kan göra om man polerar den så blir den väldigt fin
10/02/2020 01:16:39 PM 	 1601637399.438397	Log_Type.RECOGNIZED_WORDS	left	orange
10/02/2020 01:16:40 PM 	 1601637400.5460987	Log_Type.RECOGNIZED_WORDS	right	orange gul nästan
10/02/2020 01:16:46 PM 	 1601637406.5638587	Log_Type.RECOGNIZED_WORDS	right	ja
10/02/2020 01:16:52 PM 	 1601637412.6567764	Log_Type.RECOGNIZED_WORDS	right	jag hör inte
10/02/2020 01:16:53 PM 	 1601637413.849643	Log_Type.RECOGNIZED_WORDS	left	indien så från
10/02/2020 01:16:58 PM 	 1601637418.5427265	Log_Type.RECOGNIZED_WORDS	left	inom
10/02/2020 01:17:03 PM 	 1601637423.2821949	Log_Type.RECOGNIZED_WORDS	left	möbler en möbel
10/02/2020 01:17:03 PM 	 1601637423.6161215	Log_Type.RECOGNIZED_WORDS	right	det där nu då
10/02/2020 01:17:07 PM 	 1601637427.0187256	Log_Type.RECOGNIZED_WORDS	right	kläder
10/02/2020 01:17:11 PM 	 1601637431.6272447	Log_Type.RECOGNIZED_WORDS	right	ja
10/02/2020 01:17:17 PM 	 1601637437.701196	Log_Type.RECOGNIZED_WORDS	right	gilla
10/02/2020 01:17:17 PM 	 1601637437.9012315	Log_Type.RECOGNIZED_WORDS	left	så om du om du gillar
10/02/2020 01:17:22 PM 	 1601637442.8060527	Log_Type.RECOGNIZED_WORDS	left	kanske du vill ha en
10/02/2020 01:17:28 PM 	 1601637448.7932792	Log_Type.RECOGNIZED_WORDS	right	kaniner
10/02/2020 01:17:32 PM 	 1601637452.379464	Log_Type.RECOGNIZED_WORDS	left	husdjur
10/02/2020 01:17:32 PM 	 1601637452.6769788	Log_Type.RECOGNIZED_WORDS	right	ja
10/02/2020 01:17:37 PM 	 1601637457.132166	Log_Type.RECOGNIZED_WORDS	left	det är
10/02/2020 01:17:37 PM 	 1601637457.3084676	Log_Type.RECOGNIZED_WORDS	right	det är
10/02/2020 01:17:41 PM 	 1601637461.976993	Log_Type.RECOGNIZED_WORDS	right	finns på nordpolen
10/02/2020 01:17:42 PM 	 1601637462.0179121	Log_Type.RECOGNIZED_WORDS	left	nordpolen som är väldigt
10/02/2020 01:17:47 PM 	 1601637467.094757	Log_Type.RECOGNIZED_WORDS	left	isbjörn
10/02/2020 01:17:47 PM 	 1601637467.126131	Log_Type.RECOGNIZED_WORDS	right	ja
10/02/2020 01:17:54 PM 	 1601637474.53203	Log_Type.RECOGNIZED_WORDS	right	spela musik
10/02/2020 01:17:56 PM 	 1601637476.5460784	Log_Type.RECOGNIZED_WORDS	left	spela musik and
10/02/2020 01:18:01 PM 	 1601637481.8138509	Log_Type.RECOGNIZED_WORDS	left	musikinstrumenter som du
10/02/2020 01:18:02 PM 	 1601637482.543155	Log_Type.RECOGNIZED_WORDS	right	om du använder dina
10/02/2020 01:18:06 PM 	 1601637486.5213008	Log_Type.RECOGNIZED_WORDS	left	händerna
10/02/2020 01:18:10 PM 	 1601637490.6111634	Log_Type.RECOGNIZED_WORDS	right	the real group
10/02/2020 01:18:11 PM 	 1601637491.2655842	Log_Type.RECOGNIZED_WORDS	left	house music instrumental
10/02/2020 01:18:14 PM 	 1601637494.919394	Log_Type.RECOGNIZED_WORDS	right	ja vad kallas
10/02/2020 01:18:16 PM 	 1601637496.1113405	Log_Type.RECOGNIZED_WORDS	left	vad heter vad kallas
10/02/2020 01:18:17 PM 	 1601637497.896683	Log_Type.RECOGNIZED_WORDS	right	alla
10/02/2020 01:18:25 PM 	 1601637505.214077	Log_Type.RECOGNIZED_WORDS	right	zombie inte
10/02/2020 01:18:25 PM 	 1601637505.4713702	Log_Type.RECOGNIZED_WORDS	left	som du inte
10/02/2020 01:18:30 PM 	 1601637510.571163	Log_Type.RECOGNIZED_WORDS	left	om du inte kan köpa någonting för du är för
10/02/2020 01:18:31 PM 	 1601637511.756016	Log_Type.RECOGNIZED_WORDS	right	du inte kan köpa nånting
10/02/2020 01:18:35 PM 	 1601637515.5159383	Log_Type.RECOGNIZED_WORDS	left	det finns någonting som
10/02/2020 01:18:35 PM 	 1601637515.709495	Log_Type.RECOGNIZED_WORDS	right	finns det någonting som
10/02/2020 01:18:45 PM 	 1601637525.2732673	Log_Type.RECOGNIZED_WORDS	left	ja men men
10/02/2020 01:18:45 PM 	 1601637525.7655795	Log_Type.RECOGNIZED_WORDS	right	ja
10/02/2020 01:18:48 PM 	 1601637528.8688507	Log_Type.RECOGNIZED_WORDS	right	släck lampan
10/02/2020 01:18:52 PM 	 1601637532.8635185	Log_Type.RECOGNIZED_WORDS	right	måste uppnå en viss ålder
10/02/2020 01:18:54 PM 	 1601637534.7269328	Log_Type.RECOGNIZED_WORDS	left	elvis ålder
10/02/2020 01:19:03 PM 	 1601637543.7058294	Log_Type.RECOGNIZED_WORDS	right	när
10/02/2020 01:19:03 PM 	 1601637543.8709126	Log_Type.RECOGNIZED_WORDS	left	när
10/02/2020 01:19:08 PM 	 1601637548.6225564	Log_Type.RECOGNIZED_WORDS	right	när en orkester ut och marscherar
10/02/2020 01:19:08 PM 	 1601637548.9082398	Log_Type.RECOGNIZED_WORDS	left	orkester ute och marscherar
10/02/2020 01:19:10 PM 	 1601637550.8660848	Log_Type.RECOGNIZED_WORDS	right	håller takten
10/02/2020 01:19:13 PM 	 1601637553.6159842	Log_Type.RECOGNIZED_WORDS	left	musical
10/02/2020 01:19:15 PM 	 1601637555.7901752	Log_Type.RECOGNIZED_WORDS	right	ja då så spel
10/02/2020 01:19:23 PM 	 1601637563.054417	Log_Type.RECOGNIZED_WORDS	left	det där ens
10/02/2020 01:19:27 PM 	 1601637567.9202375	Log_Type.RECOGNIZED_WORDS	left	byggnads
10/02/2020 01:19:29 PM 	 1601637569.997198	Log_Type.RECOGNIZED_WORDS	right	hus
10/02/2020 01:19:33 PM 	 1601637573.0214076	Log_Type.RECOGNIZED_WORDS	left	ja men jag tror att du kan inte säga nej
10/02/2020 01:19:34 PM 	 1601637574.670005	Log_Type.RECOGNIZED_WORDS	right	nej
10/02/2020 01:19:42 PM 	 1601637582.4728084	Log_Type.RECOGNIZED_WORDS	left	vad är det
10/02/2020 01:19:44 PM 	 1601637584.489095	Log_Type.RECOGNIZED_WORDS	right	om man har
10/02/2020 01:19:47 PM 	 1601637587.7442944	Log_Type.RECOGNIZED_WORDS	left	tv-serien när den börjar
10/02/2020 01:19:48 PM 	 1601637588.4044094	Log_Type.RECOGNIZED_WORDS	right	tv-serien när den börjar så brukar man
10/02/2020 01:19:51 PM 	 1601637591.6688514	Log_Type.RECOGNIZED_WORDS	right	spela någonting först
10/02/2020 01:19:52 PM 	 1601637592.8874185	Log_Type.RECOGNIZED_WORDS	left	spela någonting först
10/02/2020 01:19:56 PM 	 1601637596.8486924	Log_Type.RECOGNIZED_WORDS	right	men för att känna igen ett visst
10/02/2020 01:19:57 PM 	 1601637597.8460822	Log_Type.RECOGNIZED_WORDS	left	för att känna igen ett visst program
10/02/2020 01:20:01 PM 	 1601637601.9690242	Log_Type.RECOGNIZED_WORDS	right	tv-program eller radioprogram så brukar man inreda med
10/02/2020 01:20:02 PM 	 1601637602.569981	Log_Type.RECOGNIZED_WORDS	left	hur kan man inreda med
10/02/2020 01:20:12 PM 	 1601637612.1203685	Log_Type.RECOGNIZED_WORDS	left	så i en kyrka
10/02/2020 01:20:16 PM 	 1601637616.8519788	Log_Type.RECOGNIZED_WORDS	left	finns det en person som
10/02/2020 01:20:21 PM 	 1601637621.7608423	Log_Type.RECOGNIZED_WORDS	left	regla mess
10/02/2020 01:20:25 PM 	 1601637625.3396063	Log_Type.RECOGNIZED_WORDS	right	ja
10/02/2020 01:20:26 PM 	 1601637626.4076865	Log_Type.RECOGNIZED_WORDS	left	exakt
10/02/2020 01:20:30 PM 	 1601637630.0818207	Log_Type.RECOGNIZED_WORDS	right	för att komma
10/02/2020 01:20:31 PM 	 1601637631.1378517	Log_Type.RECOGNIZED_WORDS	left	för att komma över till exempel
10/02/2020 01:20:34 PM 	 1601637634.994585	Log_Type.RECOGNIZED_WORDS	right	stor vattendrag eller
10/02/2020 01:20:36 PM 	 1601637636.0733113	Log_Type.RECOGNIZED_WORDS	left	vattendrag eller om det
10/02/2020 01:20:38 PM 	 1601637638.514981	Log_Type.RECOGNIZED_WORDS	right	brukar man bygga
10/02/2020 01:20:40 PM 	 1601637640.8490138	Log_Type.RECOGNIZED_WORDS	left	någonting som man kan ta
10/02/2020 01:20:42 PM 	 1601637642.2028463	Log_Type.RECOGNIZED_WORDS	right	man kan ta sig melander
10/02/2020 01:20:46 PM 	 1601637646.0415177	Log_Type.RECOGNIZED_WORDS	left	ja
10/02/2020 01:20:47 PM 	 1601637647.4953897	Log_Type.RECOGNIZED_WORDS	right	det finns till exempel om man ska åka härifrån till
10/02/2020 01:20:50 PM 	 1601637650.9760308	Log_Type.RECOGNIZED_WORDS	left	om man ska åka till
10/02/2020 01:20:52 PM 	 1601637652.3184578	Log_Type.RECOGNIZED_WORDS	right	ja
10/02/2020 01:21:00 PM 	 1601637660.6138365	Log_Type.RECOGNIZED_WORDS	left	så människor har
10/02/2020 01:21:03 PM 	 1601637663.1606147	Log_Type.RECOGNIZED_WORDS	right	min kör har sjukt stora
10/02/2020 01:21:05 PM 	 1601637665.3841093	Log_Type.RECOGNIZED_WORDS	left	byggnadsverket
10/02/2020 01:21:07 PM 	 1601637667.8864272	Log_Type.RECOGNIZED_WORDS	right	the sims
10/02/2020 01:21:10 PM 	 1601637670.3859158	Log_Type.RECOGNIZED_WORDS	left	och det finns några som är
10/02/2020 01:21:12 PM 	 1601637672.628085	Log_Type.RECOGNIZED_WORDS	right	ja
10/02/2020 01:21:19 PM 	 1601637679.4156678	Log_Type.RECOGNIZED_WORDS	right	om man ska göra till exempel
10/02/2020 01:21:20 PM 	 1601637680.5584013	Log_Type.RECOGNIZED_WORDS	left	om man ska göra till exempel
10/02/2020 01:21:25 PM 	 1601637685.2841883	Log_Type.RECOGNIZED_WORDS	left	gardiner
10/02/2020 01:21:26 PM 	 1601637686.8239634	Log_Type.RECOGNIZED_WORDS	right	gardiner tar man tyg
10/02/2020 01:21:29 PM 	 1601637689.967253	Log_Type.RECOGNIZED_WORDS	left	maskin
10/02/2020 01:21:31 PM 	 1601637691.7665234	Log_Type.RECOGNIZED_WORDS	right	man ihop det i en maskin
10/02/2020 01:21:34 PM 	 1601637694.839945	Log_Type.RECOGNIZED_WORDS	left	shelf
