10/02/2020 04:13:09 PM 	 1601647989.234633	Log_Type.CONFIG	INIT_USER	left
10/02/2020 04:13:09 PM 	 1601647989.2431746	Log_Type.CONFIG	INIT_USER	right
10/02/2020 04:13:16 PM 	 1601647996.8278096	Log_Type.RECOGNIZED_WORDS	right	man kan äta det
10/02/2020 04:13:21 PM 	 1601648001.1043873	Log_Type.RECOGNIZED_WORDS	left	kommer från gris
10/02/2020 04:13:27 PM 	 1601648007.394767	Log_Type.RECOGNIZED_WORDS	right	rut
10/02/2020 04:13:30 PM 	 1601648010.9933255	Log_Type.RECOGNIZED_WORDS	right	rosa
10/02/2020 04:13:32 PM 	 1601648012.8045914	Log_Type.RECOGNIZED_WORDS	left	mänskliga rosa man äter på julen
10/02/2020 04:13:43 PM 	 1601648023.106193	Log_Type.RECOGNIZED_WORDS	left	ja nästan man äter det på jul
10/02/2020 04:13:46 PM 	 1601648026.6140804	Log_Type.RECOGNIZED_WORDS	right	grilla på grisen
10/02/2020 04:13:52 PM 	 1601648032.1841128	Log_Type.RECOGNIZED_WORDS	left	man kan hålla på macken
10/02/2020 04:13:56 PM 	 1601648036.896665	Log_Type.RECOGNIZED_WORDS	left	ja
10/02/2020 04:13:58 PM 	 1601648038.924329	Log_Type.RECOGNIZED_WORDS	right	det är korrekt
10/02/2020 04:14:06 PM 	 1601648046.138878	Log_Type.RECOGNIZED_WORDS	left	det är en euro
10/02/2020 04:14:06 PM 	 1601648046.1525064	Log_Type.RECOGNIZED_WORDS	right	in you
10/02/2020 04:14:11 PM 	 1601648051.2584739	Log_Type.RECOGNIZED_WORDS	left	fågel
10/02/2020 04:14:13 PM 	 1601648053.87792	Log_Type.RECOGNIZED_WORDS	right	ganska aktiv i natten
10/02/2020 04:14:15 PM 	 1601648055.9469235	Log_Type.RECOGNIZED_WORDS	left	uggla
10/02/2020 04:14:22 PM 	 1601648062.8643336	Log_Type.RECOGNIZED_WORDS	right	okej du kan säga det själv
10/02/2020 04:14:26 PM 	 1601648066.3619967	Log_Type.RECOGNIZED_WORDS	right	finns i badrum
10/02/2020 04:14:27 PM 	 1601648067.8354185	Log_Type.RECOGNIZED_WORDS	left	finns i badrum man
10/02/2020 04:14:32 PM 	 1601648072.8801055	Log_Type.RECOGNIZED_WORDS	left	man kan se sig själv
10/02/2020 04:14:40 PM 	 1601648080.4291408	Log_Type.RECOGNIZED_WORDS	left	dusch
10/02/2020 04:14:45 PM 	 1601648085.174784	Log_Type.RECOGNIZED_WORDS	right	du kan titta du kan titta innan
10/02/2020 04:14:47 PM 	 1601648087.7362404	Log_Type.RECOGNIZED_WORDS	right	kan du säga igen
10/02/2020 04:14:49 PM 	 1601648089.9126472	Log_Type.RECOGNIZED_WORDS	left	kan du säga igen
10/02/2020 04:14:52 PM 	 1601648092.0291104	Log_Type.RECOGNIZED_WORDS	right	ja det är korrekt
10/02/2020 04:15:01 PM 	 1601648101.847033	Log_Type.RECOGNIZED_WORDS	right	jag tänker om halloween
10/02/2020 04:15:12 PM 	 1601648112.8176827	Log_Type.RECOGNIZED_WORDS	right	sjätte sinnet
10/02/2020 04:15:13 PM 	 1601648113.4228008	Log_Type.RECOGNIZED_WORDS	left	berätta cillit med bruce willis
10/02/2020 04:15:23 PM 	 1601648123.1356814	Log_Type.RECOGNIZED_WORDS	left	om det där
10/02/2020 04:15:32 PM 	 1601648132.9005923	Log_Type.RECOGNIZED_WORDS	left	man man målar med det
10/02/2020 04:15:33 PM 	 1601648133.2249646	Log_Type.RECOGNIZED_WORDS	right	man har lådan här
10/02/2020 04:15:41 PM 	 1601648141.1485713	Log_Type.RECOGNIZED_WORDS	right	elgiganten
10/02/2020 04:15:42 PM 	 1601648142.3533986	Log_Type.RECOGNIZED_WORDS	left	på väggen
10/02/2020 04:15:52 PM 	 1601648152.4126012	Log_Type.RECOGNIZED_WORDS	right	jag tänka
10/02/2020 04:15:52 PM 	 1601648152.6346614	Log_Type.RECOGNIZED_WORDS	left	jag tänker
10/02/2020 04:15:57 PM 	 1601648157.465898	Log_Type.RECOGNIZED_WORDS	right	mens
10/02/2020 04:16:00 PM 	 1601648160.9029121	Log_Type.RECOGNIZED_WORDS	right	och
10/02/2020 04:16:04 PM 	 1601648164.1190457	Log_Type.RECOGNIZED_WORDS	left	men
10/02/2020 04:16:05 PM 	 1601648165.7024207	Log_Type.RECOGNIZED_WORDS	right	men en annan sak
10/02/2020 04:16:08 PM 	 1601648168.9135199	Log_Type.RECOGNIZED_WORDS	left	lagar
10/02/2020 04:16:13 PM 	 1601648173.7395096	Log_Type.RECOGNIZED_WORDS	left	bullar frallor
10/02/2020 04:16:18 PM 	 1601648178.5727663	Log_Type.RECOGNIZED_WORDS	left	ja
10/02/2020 04:16:18 PM 	 1601648178.7073712	Log_Type.RECOGNIZED_WORDS	right	korrekt
10/02/2020 04:16:23 PM 	 1601648183.6181068	Log_Type.RECOGNIZED_WORDS	right	det är ganska bekant
10/02/2020 04:16:28 PM 	 1601648188.428386	Log_Type.RECOGNIZED_WORDS	right	i sverige in familjen från
10/02/2020 04:16:32 PM 	 1601648192.5082674	Log_Type.RECOGNIZED_WORDS	left	ja
10/02/2020 04:16:34 PM 	 1601648194.2199244	Log_Type.RECOGNIZED_WORDS	right	att
10/02/2020 04:16:37 PM 	 1601648197.322793	Log_Type.RECOGNIZED_WORDS	left	inget land
10/02/2020 04:16:39 PM 	 1601648199.462376	Log_Type.RECOGNIZED_WORDS	right	kungens fru
10/02/2020 04:16:44 PM 	 1601648204.244431	Log_Type.RECOGNIZED_WORDS	right	en annan typ victoria
10/02/2020 04:16:46 PM 	 1601648206.8174868	Log_Type.RECOGNIZED_WORDS	left	förlåt
10/02/2020 04:16:51 PM 	 1601648211.4920123	Log_Type.RECOGNIZED_WORDS	left	ja
10/02/2020 04:16:56 PM 	 1601648216.100464	Log_Type.RECOGNIZED_WORDS	left	ganska många människor
10/02/2020 04:16:58 PM 	 1601648218.7689662	Log_Type.RECOGNIZED_WORDS	right	ganska många människor tänker inte hem
10/02/2020 04:17:08 PM 	 1601648228.308781	Log_Type.RECOGNIZED_WORDS	right	ja
10/02/2020 04:17:10 PM 	 1601648230.2881296	Log_Type.RECOGNIZED_WORDS	left	ja
10/02/2020 04:17:19 PM 	 1601648239.4294567	Log_Type.RECOGNIZED_WORDS	left	finns
10/02/2020 04:17:21 PM 	 1601648241.2402446	Log_Type.RECOGNIZED_WORDS	right	odla
10/02/2020 04:17:26 PM 	 1601648246.7650087	Log_Type.RECOGNIZED_WORDS	right	och kan flyga med det då
10/02/2020 04:17:34 PM 	 1601648254.9109416	Log_Type.RECOGNIZED_WORDS	left	man skrev med det för så förr i tiden
10/02/2020 04:17:35 PM 	 1601648255.6059213	Log_Type.RECOGNIZED_WORDS	right	man man skriver för
10/02/2020 04:17:39 PM 	 1601648259.1320167	Log_Type.RECOGNIZED_WORDS	right	skriver man med
10/02/2020 04:17:47 PM 	 1601648267.0111737	Log_Type.RECOGNIZED_WORDS	right	till exempel martin luther skriver den heter faktiskt
10/02/2020 04:17:50 PM 	 1601648270.5741057	Log_Type.RECOGNIZED_WORDS	left	o
10/02/2020 04:17:50 PM 	 1601648270.8865263	Log_Type.RECOGNIZED_WORDS	right	städa
10/02/2020 04:18:04 PM 	 1601648284.194635	Log_Type.RECOGNIZED_WORDS	right	din karta
10/02/2020 04:18:04 PM 	 1601648284.3224056	Log_Type.RECOGNIZED_WORDS	left	din kaka
10/02/2020 04:18:13 PM 	 1601648293.8083549	Log_Type.RECOGNIZED_WORDS	left	o
10/02/2020 04:18:23 PM 	 1601648303.1573043	Log_Type.RECOGNIZED_WORDS	left	absolut
10/02/2020 04:18:32 PM 	 1601648312.6523068	Log_Type.RECOGNIZED_WORDS	right	ganska viktig människor hämta medicin från
10/02/2020 04:18:37 PM 	 1601648317.2683527	Log_Type.RECOGNIZED_WORDS	left	ja
10/02/2020 04:18:37 PM 	 1601648317.8398693	Log_Type.RECOGNIZED_WORDS	right	apotek
10/02/2020 04:18:41 PM 	 1601648321.8224077	Log_Type.RECOGNIZED_WORDS	left	om man vill
10/02/2020 04:18:47 PM 	 1601648327.38652	Log_Type.RECOGNIZED_WORDS	left	första plats får man en sån
10/02/2020 04:18:56 PM 	 1601648336.4774606	Log_Type.RECOGNIZED_WORDS	right	vilken typ av metall
10/02/2020 04:19:02 PM 	 1601648342.097637	Log_Type.RECOGNIZED_WORDS	left	om man kommer på första plats alltså man vinner hela tävlingen får man en
10/02/2020 04:19:02 PM 	 1601648342.9853675	Log_Type.RECOGNIZED_WORDS	right	om man kom på posten
10/02/2020 04:19:06 PM 	 1601648346.8372085	Log_Type.RECOGNIZED_WORDS	left	precis
10/02/2020 04:19:07 PM 	 1601648347.6321647	Log_Type.RECOGNIZED_WORDS	right	exakt
10/02/2020 04:19:13 PM 	 1601648353.5275266	Log_Type.RECOGNIZED_WORDS	right	du fattar på skolan
10/02/2020 04:19:21 PM 	 1601648361.1552749	Log_Type.RECOGNIZED_WORDS	left	efter prov
10/02/2020 04:19:21 PM 	 1601648361.4201503	Log_Type.RECOGNIZED_WORDS	right	jag tror
10/02/2020 04:19:25 PM 	 1601648365.9480858	Log_Type.RECOGNIZED_WORDS	left	ja
10/02/2020 04:19:35 PM 	 1601648375.6717584	Log_Type.RECOGNIZED_WORDS	left	samlingsnamn för exempelvis trummor
10/02/2020 04:19:40 PM 	 1601648380.8259459	Log_Type.RECOGNIZED_WORDS	left	instrument typer
10/02/2020 04:19:50 PM 	 1601648390.172614	Log_Type.RECOGNIZED_WORDS	left	ja
10/02/2020 04:19:59 PM 	 1601648399.1315124	Log_Type.RECOGNIZED_WORDS	left	ett djur
10/02/2020 04:20:02 PM 	 1601648402.7593548	Log_Type.RECOGNIZED_WORDS	right	finns finns det i kina i kina
10/02/2020 04:20:06 PM 	 1601648406.8490276	Log_Type.RECOGNIZED_WORDS	right	in you
10/02/2020 04:20:08 PM 	 1601648408.8198197	Log_Type.RECOGNIZED_WORDS	left	ja men
10/02/2020 04:20:11 PM 	 1601648411.9215808	Log_Type.RECOGNIZED_WORDS	right	men också på horoskop jag vet inte hur man säger
10/02/2020 04:20:13 PM 	 1601648413.7359393	Log_Type.RECOGNIZED_WORDS	left	fotbollsskor
10/02/2020 04:20:16 PM 	 1601648416.9786916	Log_Type.RECOGNIZED_WORDS	right	horoskop är också en del
10/02/2020 04:20:19 PM 	 1601648419.4811525	Log_Type.RECOGNIZED_WORDS	right	jo
10/02/2020 04:20:23 PM 	 1601648423.0341246	Log_Type.RECOGNIZED_WORDS	left	precis
10/02/2020 04:20:27 PM 	 1601648427.8060977	Log_Type.RECOGNIZED_WORDS	left	man kan
10/02/2020 04:20:31 PM 	 1601648431.4371355	Log_Type.RECOGNIZED_WORDS	right	man kan plantera dem har de i
10/02/2020 04:20:33 PM 	 1601648433.2923555	Log_Type.RECOGNIZED_WORDS	left	har dom ni har dem hemma i typ fönstret
10/02/2020 04:20:38 PM 	 1601648438.2487118	Log_Type.RECOGNIZED_WORDS	left	typ som en blomma eller liknande
10/02/2020 04:20:43 PM 	 1601648443.15962	Log_Type.RECOGNIZED_WORDS	left	ja
10/02/2020 04:20:48 PM 	 1601648448.2239232	Log_Type.RECOGNIZED_WORDS	left	nästan fast 1
10/02/2020 04:20:50 PM 	 1601648450.102035	Log_Type.RECOGNIZED_WORDS	right	nästan fastställd
10/02/2020 04:20:53 PM 	 1601648453.2132995	Log_Type.RECOGNIZED_WORDS	left	före om du har den hemma
10/02/2020 04:20:55 PM 	 1601648455.60299	Log_Type.RECOGNIZED_WORDS	right	om du har den hemma i
10/02/2020 04:20:59 PM 	 1601648459.1273072	Log_Type.RECOGNIZED_WORDS	left	i fönstret eller jasså i huset då är det
10/02/2020 04:21:01 PM 	 1601648461.7123	Log_Type.RECOGNIZED_WORDS	right	weather
10/02/2020 04:21:04 PM 	 1601648464.000971	Log_Type.RECOGNIZED_WORDS	left	o
10/02/2020 04:21:12 PM 	 1601648472.357307	Log_Type.RECOGNIZED_WORDS	right	i en demokrati har de flesta
10/02/2020 04:21:13 PM 	 1601648473.645977	Log_Type.RECOGNIZED_WORDS	left	i en demokrati har de flesta förhoppningsvis
10/02/2020 04:21:17 PM 	 1601648477.4318676	Log_Type.RECOGNIZED_WORDS	right	jag människor
10/02/2020 04:21:18 PM 	 1601648478.3767962	Log_Type.RECOGNIZED_WORDS	left	det här
10/02/2020 04:21:22 PM 	 1601648482.306331	Log_Type.RECOGNIZED_WORDS	right	ganska mycket för det
10/02/2020 04:21:23 PM 	 1601648483.1071038	Log_Type.RECOGNIZED_WORDS	left	ja
10/02/2020 04:21:27 PM 	 1601648487.1299376	Log_Type.RECOGNIZED_WORDS	right	att du har en politik person
10/02/2020 04:21:32 PM 	 1601648492.2621558	Log_Type.RECOGNIZED_WORDS	right	och andra politik person också
10/02/2020 04:21:37 PM 	 1601648497.8439806	Log_Type.RECOGNIZED_WORDS	right	vilken personer är det i en regering
10/02/2020 04:21:41 PM 	 1601648501.7660155	Log_Type.RECOGNIZED_WORDS	right	jo
10/02/2020 04:21:41 PM 	 1601648501.8155034	Log_Type.RECOGNIZED_WORDS	left	ja
10/02/2020 04:21:49 PM 	 1601648509.1182559	Log_Type.RECOGNIZED_WORDS	right	syskon är min pappa
10/02/2020 04:21:50 PM 	 1601648510.8700438	Log_Type.RECOGNIZED_WORDS	left	vem är min pappa
10/02/2020 04:21:57 PM 	 1601648517.244223	Log_Type.RECOGNIZED_WORDS	right	släkting
10/02/2020 04:22:00 PM 	 1601648520.0503113	Log_Type.RECOGNIZED_WORDS	left	släkting
10/02/2020 04:22:03 PM 	 1601648523.8309941	Log_Type.RECOGNIZED_WORDS	right	kalle anka är det till knapparna
10/02/2020 04:22:04 PM 	 1601648524.917206	Log_Type.RECOGNIZED_WORDS	left	är det till knattarna
10/02/2020 04:22:07 PM 	 1601648527.6081638	Log_Type.RECOGNIZED_WORDS	right	lillasyster
10/02/2020 04:22:09 PM 	 1601648529.5900679	Log_Type.RECOGNIZED_WORDS	left	nej
10/02/2020 04:22:13 PM 	 1601648533.786838	Log_Type.RECOGNIZED_WORDS	right	ja fan
10/02/2020 04:22:14 PM 	 1601648534.2589417	Log_Type.RECOGNIZED_WORDS	left	ja
10/02/2020 04:22:23 PM 	 1601648543.4005208	Log_Type.RECOGNIZED_WORDS	left	hälsan
10/02/2020 04:22:23 PM 	 1601648543.5820482	Log_Type.RECOGNIZED_WORDS	right	hejsan
10/02/2020 04:22:28 PM 	 1601648548.3608932	Log_Type.RECOGNIZED_WORDS	left	mcdonald's är ett exempel på
10/02/2020 04:22:28 PM 	 1601648548.4806056	Log_Type.RECOGNIZED_WORDS	right	mcdonald's jag
10/02/2020 04:22:33 PM 	 1601648553.260916	Log_Type.RECOGNIZED_WORDS	right	amerika
10/02/2020 04:22:38 PM 	 1601648558.0086207	Log_Type.RECOGNIZED_WORDS	left	ja
10/02/2020 04:22:42 PM 	 1601648562.6214786	Log_Type.RECOGNIZED_WORDS	right	på varje lägenhet eller huset och
10/02/2020 04:22:46 PM 	 1601648566.9867694	Log_Type.RECOGNIZED_WORDS	left	du går in i det
10/02/2020 04:22:49 PM 	 1601648569.3690648	Log_Type.RECOGNIZED_WORDS	right	komma tillbaka
10/02/2020 04:22:56 PM 	 1601648576.9077895	Log_Type.RECOGNIZED_WORDS	right	men också om du kommer in på en restaurang du hade
10/02/2020 04:22:57 PM 	 1601648577.1187909	Log_Type.RECOGNIZED_WORDS	left	om du kommer in
10/02/2020 04:23:02 PM 	 1601648582.087019	Log_Type.RECOGNIZED_WORDS	left	förlåt vad sa du
10/02/2020 04:23:03 PM 	 1601648583.0182085	Log_Type.RECOGNIZED_WORDS	right	vad sa du
10/02/2020 04:23:05 PM 	 1601648585.6131794	Log_Type.RECOGNIZED_WORDS	right	ja
10/02/2020 04:23:06 PM 	 1601648586.8662634	Log_Type.RECOGNIZED_WORDS	left	ja precis
10/02/2020 04:23:13 PM 	 1601648593.8718016	Log_Type.RECOGNIZED_WORDS	right	du kan det också
10/02/2020 04:23:18 PM 	 1601648598.8819113	Log_Type.RECOGNIZED_WORDS	right	om du tittar på
10/02/2020 04:23:26 PM 	 1601648606.2669837	Log_Type.RECOGNIZED_WORDS	left	städning av förlåt vad sa du
10/02/2020 04:23:30 PM 	 1601648610.482408	Log_Type.RECOGNIZED_WORDS	right	ja
10/02/2020 04:23:31 PM 	 1601648611.1388466	Log_Type.RECOGNIZED_WORDS	left	ja
10/02/2020 04:23:35 PM 	 1601648615.5116854	Log_Type.RECOGNIZED_WORDS	right	när man dör
10/02/2020 04:23:35 PM 	 1601648615.9325354	Log_Type.RECOGNIZED_WORDS	left	när man dör så får man en
10/02/2020 04:23:41 PM 	 1601648621.4854252	Log_Type.RECOGNIZED_WORDS	right	nej men människor kan
10/02/2020 04:23:45 PM 	 1601648625.166572	Log_Type.RECOGNIZED_WORDS	right	gärdet iron dick
10/02/2020 04:23:49 PM 	 1601648629.3055027	Log_Type.RECOGNIZED_WORDS	right	ja
10/02/2020 04:23:50 PM 	 1601648630.5788233	Log_Type.RECOGNIZED_WORDS	left	precis
10/02/2020 04:23:54 PM 	 1601648634.3774743	Log_Type.RECOGNIZED_WORDS	right	the symbol för climate change
10/02/2020 04:23:59 PM 	 1601648639.0736778	Log_Type.RECOGNIZED_WORDS	right	och vit
10/02/2020 04:24:00 PM 	 1601648640.0389462	Log_Type.RECOGNIZED_WORDS	left	lever på
10/02/2020 04:24:04 PM 	 1601648644.8185194	Log_Type.RECOGNIZED_WORDS	left	lever polen
10/02/2020 04:24:08 PM 	 1601648648.1173866	Log_Type.RECOGNIZED_WORDS	right	det var fotbollen
10/02/2020 04:24:09 PM 	 1601648649.5118935	Log_Type.RECOGNIZED_WORDS	left	ja
10/02/2020 04:24:17 PM 	 1601648657.3026133	Log_Type.RECOGNIZED_WORDS	right	just nu man kan ha in
10/02/2020 04:24:23 PM 	 1601648663.967017	Log_Type.RECOGNIZED_WORDS	left	så får man sån här
10/02/2020 04:24:29 PM 	 1601648669.4040895	Log_Type.RECOGNIZED_WORDS	right	du måste
10/02/2020 04:24:34 PM 	 1601648674.7512138	Log_Type.RECOGNIZED_WORDS	right	om du vill komma på inte tid att skriva det inför att
10/02/2020 04:24:38 PM 	 1601648678.0202398	Log_Type.RECOGNIZED_WORDS	left	se alla informationen
10/02/2020 04:24:38 PM 	 1601648678.122544	Log_Type.RECOGNIZED_WORDS	right	se alla informationen
10/02/2020 04:24:42 PM 	 1601648682.0056734	Log_Type.RECOGNIZED_WORDS	right	logga in
10/02/2020 04:24:43 PM 	 1601648683.7822943	Log_Type.RECOGNIZED_WORDS	left	har fått typ logga in och så använder man det
10/02/2020 04:24:48 PM 	 1601648688.75778	Log_Type.RECOGNIZED_WORDS	left	ja
10/02/2020 04:24:52 PM 	 1601648692.1676233	Log_Type.RECOGNIZED_WORDS	right	fortsätt
10/02/2020 04:24:53 PM 	 1601648693.274187	Log_Type.RECOGNIZED_WORDS	left	sport
10/02/2020 04:24:57 PM 	 1601648697.5767133	Log_Type.RECOGNIZED_WORDS	right	indila flies athletic
10/02/2020 04:24:58 PM 	 1601648698.4689586	Log_Type.RECOGNIZED_WORDS	left	youtube music
10/02/2020 04:25:01 PM 	 1601648701.446108	Log_Type.RECOGNIZED_WORDS	right	du måste springa
10/02/2020 04:25:06 PM 	 1601648706.0705779	Log_Type.RECOGNIZED_WORDS	right	nästa
10/02/2020 04:25:07 PM 	 1601648707.8654182	Log_Type.RECOGNIZED_WORDS	left	nästan ja
10/02/2020 04:25:12 PM 	 1601648712.4795513	Log_Type.RECOGNIZED_WORDS	left	o
10/02/2020 04:25:14 PM 	 1601648714.8156288	Log_Type.RECOGNIZED_WORDS	right	hund katten
10/02/2020 04:25:17 PM 	 1601648717.1369662	Log_Type.RECOGNIZED_WORDS	left	ja
10/02/2020 04:25:21 PM 	 1601648721.963903	Log_Type.RECOGNIZED_WORDS	right	ganska många barn får det på
10/02/2020 04:25:31 PM 	 1601648731.4067776	Log_Type.RECOGNIZED_WORDS	left	jaha
10/02/2020 04:25:36 PM 	 1601648736.4936666	Log_Type.RECOGNIZED_WORDS	left	befinner min klocka i det
10/02/2020 04:25:36 PM 	 1601648736.9191985	Log_Type.RECOGNIZED_WORDS	right	klocka
10/02/2020 04:25:41 PM 	 1601648741.566714	Log_Type.RECOGNIZED_WORDS	left	finns i kristendom
10/02/2020 04:25:46 PM 	 1601648746.37857	Log_Type.RECOGNIZED_WORDS	left	vad sa du för
10/02/2020 04:25:51 PM 	 1601648751.3241355	Log_Type.RECOGNIZED_WORDS	left	finns i
10/02/2020 04:25:51 PM 	 1601648751.8982587	Log_Type.RECOGNIZED_WORDS	right	finns i kristendomen
10/02/2020 04:25:56 PM 	 1601648756.176592	Log_Type.RECOGNIZED_WORDS	left	väder
10/02/2020 04:25:56 PM 	 1601648756.480676	Log_Type.RECOGNIZED_WORDS	right	ja
10/02/2020 04:26:05 PM 	 1601648765.2523458	Log_Type.RECOGNIZED_WORDS	left	o
10/02/2020 04:26:10 PM 	 1601648770.0219545	Log_Type.RECOGNIZED_WORDS	left	serie eller film så kan den här
10/02/2020 04:26:13 PM 	 1601648773.7501884	Log_Type.RECOGNIZED_WORDS	right	och du är du
10/02/2020 04:26:14 PM 	 1601648774.7908726	Log_Type.RECOGNIZED_WORDS	left	slitet
10/02/2020 04:26:19 PM 	 1601648779.481765	Log_Type.RECOGNIZED_WORDS	left	ja
10/02/2020 04:26:28 PM 	 1601648788.686069	Log_Type.RECOGNIZED_WORDS	left	h&m
10/02/2020 04:26:28 PM 	 1601648788.8900092	Log_Type.RECOGNIZED_WORDS	right	con mkm
10/02/2020 04:26:33 PM 	 1601648793.572104	Log_Type.RECOGNIZED_WORDS	left	till exempel
10/02/2020 04:26:33 PM 	 1601648793.9016128	Log_Type.RECOGNIZED_WORDS	right	hade tex precis ut
10/02/2020 04:26:41 PM 	 1601648801.972772	Log_Type.RECOGNIZED_WORDS	right	wow
10/02/2020 04:26:47 PM 	 1601648807.1580107	Log_Type.RECOGNIZED_WORDS	right	man kan
10/02/2020 04:26:47 PM 	 1601648807.7704115	Log_Type.RECOGNIZED_WORDS	left	man kan man
10/02/2020 04:26:52 PM 	 1601648812.5446024	Log_Type.RECOGNIZED_WORDS	left	gå till
10/02/2020 04:26:55 PM 	 1601648815.0942993	Log_Type.RECOGNIZED_WORDS	right	oftast långt bort
10/02/2020 04:26:57 PM 	 1601648817.3972917	Log_Type.RECOGNIZED_WORDS	left	långt bort
10/02/2020 04:27:02 PM 	 1601648822.7131724	Log_Type.RECOGNIZED_WORDS	left	på typ sms stan eller liknande
10/02/2020 04:27:07 PM 	 1601648827.649422	Log_Type.RECOGNIZED_WORDS	left	ja
10/02/2020 04:27:10 PM 	 1601648830.293699	Log_Type.RECOGNIZED_WORDS	right	till exempel ull
10/02/2020 04:27:12 PM 	 1601648832.64267	Log_Type.RECOGNIZED_WORDS	left	eller
10/02/2020 04:27:14 PM 	 1601648834.891641	Log_Type.RECOGNIZED_WORDS	right	du måste ha in
10/02/2020 04:27:21 PM 	 1601648841.5869024	Log_Type.RECOGNIZED_WORDS	right	jag måste för att komma in på vissa ställen
10/02/2020 04:27:22 PM 	 1601648842.243698	Log_Type.RECOGNIZED_WORDS	left	för att komma in på vissa ställen eller för att
10/02/2020 04:27:27 PM 	 1601648847.2596407	Log_Type.RECOGNIZED_WORDS	left	måste du vara 18 år och det är för att
10/02/2020 04:27:37 PM 	 1601648857.7261496	Log_Type.RECOGNIZED_WORDS	right	det är
10/02/2020 04:27:42 PM 	 1601648862.7304997	Log_Type.RECOGNIZED_WORDS	right	det är högst position från kyrkan
10/02/2020 04:27:49 PM 	 1601648869.6911628	Log_Type.RECOGNIZED_WORDS	right	korrekt
10/02/2020 04:27:50 PM 	 1601648870.3620377	Log_Type.RECOGNIZED_WORDS	left	ja
10/02/2020 04:27:59 PM 	 1601648879.2730014	Log_Type.RECOGNIZED_WORDS	right	jag är indier på din flod
10/02/2020 04:28:01 PM 	 1601648881.8184314	Log_Type.RECOGNIZED_WORDS	right	röda och vita
10/02/2020 04:28:04 PM 	 1601648884.6600223	Log_Type.RECOGNIZED_WORDS	left	och vita
10/02/2020 04:28:09 PM 	 1601648889.3708258	Log_Type.RECOGNIZED_WORDS	left	o
10/02/2020 04:28:13 PM 	 1601648893.063985	Log_Type.RECOGNIZED_WORDS	right	finns skitsamma över
10/02/2020 04:28:14 PM 	 1601648894.7911408	Log_Type.RECOGNIZED_WORDS	left	finns 7 sådana över hela världen
10/02/2020 04:28:18 PM 	 1601648898.3923247	Log_Type.RECOGNIZED_WORDS	right	en ganska bekant är i
10/02/2020 04:28:19 PM 	 1601648899.5860474	Log_Type.RECOGNIZED_WORDS	left	förlåt vad sa du
10/02/2020 04:28:24 PM 	 1601648904.4537272	Log_Type.RECOGNIZED_WORDS	left	förlåt vad sa du precis
10/02/2020 04:28:29 PM 	 1601648909.4325268	Log_Type.RECOGNIZED_WORDS	left	h&m
10/02/2020 04:28:35 PM 	 1601648915.181147	Log_Type.RECOGNIZED_WORDS	left	vida
10/02/2020 04:28:36 PM 	 1601648916.13217	Log_Type.RECOGNIZED_WORDS	right	lägenhet
10/02/2020 04:28:39 PM 	 1601648919.943755	Log_Type.RECOGNIZED_WORDS	left	ja
10/02/2020 04:28:40 PM 	 1601648920.7132552	Log_Type.RECOGNIZED_WORDS	right	ja
10/02/2020 04:28:44 PM 	 1601648924.6456785	Log_Type.RECOGNIZED_WORDS	right	om ni har en
10/02/2020 04:28:44 PM 	 1601648924.69881	Log_Type.RECOGNIZED_WORDS	left	om vi har en
10/02/2020 04:28:50 PM 	 1601648930.2270367	Log_Type.RECOGNIZED_WORDS	left	ska vi se ska vi se ska vi se man
10/02/2020 04:28:55 PM 	 1601648935.3801253	Log_Type.RECOGNIZED_WORDS	left	väljer man välja vilka som ska bestämma i land
10/02/2020 04:28:55 PM 	 1601648935.849719	Log_Type.RECOGNIZED_WORDS	right	bestämma
10/02/2020 04:29:00 PM 	 1601648940.8489375	Log_Type.RECOGNIZED_WORDS	left	man fattar beslut till hela folket
10/02/2020 04:29:05 PM 	 1601648945.5787706	Log_Type.RECOGNIZED_WORDS	left	ja
10/02/2020 04:29:06 PM 	 1601648946.5261693	Log_Type.RECOGNIZED_WORDS	right	hur man kan göra i framåt
10/02/2020 04:29:10 PM 	 1601648950.3411462	Log_Type.RECOGNIZED_WORDS	left	precis
