10/02/2020 01:55:16 PM 	 1601639716.1579545	Log_Type.CONFIG	INIT_USER	left
10/02/2020 01:55:16 PM 	 1601639716.1638622	Log_Type.CONFIG	INIT_USER	right
10/02/2020 01:55:25 PM 	 1601639725.0225356	Log_Type.RECOGNIZED_WORDS	right	man går dit för att
10/02/2020 01:55:28 PM 	 1601639728.272053	Log_Type.RECOGNIZED_WORDS	left	jaha
10/02/2020 01:55:33 PM 	 1601639733.1818776	Log_Type.RECOGNIZED_WORDS	left	jaha
10/02/2020 01:55:36 PM 	 1601639736.2915046	Log_Type.RECOGNIZED_WORDS	right	mungo duscha
10/02/2020 01:55:47 PM 	 1601639747.5678139	Log_Type.RECOGNIZED_WORDS	left	men kan du
10/02/2020 01:55:53 PM 	 1601639753.1181502	Log_Type.RECOGNIZED_WORDS	right	man kan ta ett bad
10/02/2020 01:56:01 PM 	 1601639761.7154055	Log_Type.RECOGNIZED_WORDS	left	yeah oh
10/02/2020 01:56:15 PM 	 1601639775.2714908	Log_Type.RECOGNIZED_WORDS	right	måla en tavla så använder du de här redskapet
10/02/2020 01:56:21 PM 	 1601639781.1555424	Log_Type.RECOGNIZED_WORDS	right	om du ska måla väggen
10/02/2020 01:56:26 PM 	 1601639786.1174352	Log_Type.RECOGNIZED_WORDS	right	eller om du ska ta på dig smink
10/02/2020 01:56:32 PM 	 1601639792.2437756	Log_Type.RECOGNIZED_WORDS	left	ingenjör
10/02/2020 01:56:37 PM 	 1601639797.6966474	Log_Type.RECOGNIZED_WORDS	left	en allt fondus
10/02/2020 01:56:42 PM 	 1601639802.6852	Log_Type.RECOGNIZED_WORDS	left	det händer
10/02/2020 01:56:47 PM 	 1601639807.68848	Log_Type.RECOGNIZED_WORDS	left	en
10/02/2020 01:56:52 PM 	 1601639812.3543088	Log_Type.RECOGNIZED_WORDS	left	mycket regn
10/02/2020 01:57:02 PM 	 1601639822.8562608	Log_Type.RECOGNIZED_WORDS	right	som har åtta ben och spindelnät
10/02/2020 01:57:06 PM 	 1601639826.1649165	Log_Type.RECOGNIZED_WORDS	left	jaha
10/02/2020 01:57:14 PM 	 1601639834.3523252	Log_Type.RECOGNIZED_WORDS	right	fel folk brukar vara rädda för dem
10/02/2020 01:57:15 PM 	 1601639835.7984452	Log_Type.RECOGNIZED_WORDS	left	jaha
10/02/2020 01:57:20 PM 	 1601639840.5782886	Log_Type.RECOGNIZED_WORDS	left	de äter flygen
10/02/2020 01:57:21 PM 	 1601639841.308933	Log_Type.RECOGNIZED_WORDS	right	och
10/02/2020 01:57:26 PM 	 1601639846.1101196	Log_Type.RECOGNIZED_WORDS	right	ja
10/02/2020 01:57:29 PM 	 1601639849.9015982	Log_Type.RECOGNIZED_WORDS	left	det är en
10/02/2020 01:57:34 PM 	 1601639854.5104492	Log_Type.RECOGNIZED_WORDS	left	och
10/02/2020 01:57:39 PM 	 1601639859.2285259	Log_Type.RECOGNIZED_WORDS	left	en man som nej
10/02/2020 01:57:39 PM 	 1601639859.5337353	Log_Type.RECOGNIZED_WORDS	right	hantverkaren
10/02/2020 01:57:42 PM 	 1601639862.7955284	Log_Type.RECOGNIZED_WORDS	right	gör ett jobb i köket
10/02/2020 01:57:43 PM 	 1601639863.8882759	Log_Type.RECOGNIZED_WORDS	left	köket
10/02/2020 01:57:45 PM 	 1601639865.988125	Log_Type.RECOGNIZED_WORDS	right	prutt
10/02/2020 01:57:48 PM 	 1601639868.7264874	Log_Type.RECOGNIZED_WORDS	left	bröd
10/02/2020 01:57:51 PM 	 1601639871.7071767	Log_Type.RECOGNIZED_WORDS	right	barnkanalen
10/02/2020 01:57:58 PM 	 1601639878.2029295	Log_Type.RECOGNIZED_WORDS	left	men använder det för att
10/02/2020 01:58:03 PM 	 1601639883.0339205	Log_Type.RECOGNIZED_WORDS	left	för att se själv
10/02/2020 01:58:07 PM 	 1601639887.6900573	Log_Type.RECOGNIZED_WORDS	left	sig själv
10/02/2020 01:58:12 PM 	 1601639892.5633152	Log_Type.RECOGNIZED_WORDS	left	jaha
10/02/2020 01:58:17 PM 	 1601639897.283991	Log_Type.RECOGNIZED_WORDS	left	ja
10/02/2020 01:58:20 PM 	 1601639900.3370178	Log_Type.RECOGNIZED_WORDS	right	en bit fläsk som man äter
10/02/2020 01:58:26 PM 	 1601639906.9720027	Log_Type.RECOGNIZED_WORDS	right	pålägg på
10/02/2020 01:58:31 PM 	 1601639911.3468182	Log_Type.RECOGNIZED_WORDS	left	skicka
10/02/2020 01:58:37 PM 	 1601639917.0778441	Log_Type.RECOGNIZED_WORDS	right	känner du igen då
10/02/2020 01:58:40 PM 	 1601639920.6796048	Log_Type.RECOGNIZED_WORDS	left	nej
10/02/2020 01:58:41 PM 	 1601639921.5542023	Log_Type.RECOGNIZED_WORDS	right	små vaniljkakor
10/02/2020 01:58:59 PM 	 1601639939.6803281	Log_Type.RECOGNIZED_WORDS	left	är en smartphone
10/02/2020 01:59:04 PM 	 1601639944.8226442	Log_Type.RECOGNIZED_WORDS	left	bedömning som elever
10/02/2020 01:59:10 PM 	 1601639950.3957765	Log_Type.RECOGNIZED_WORDS	left	is polen
10/02/2020 01:59:15 PM 	 1601639955.3412359	Log_Type.RECOGNIZED_WORDS	left	betyg
10/02/2020 01:59:24 PM 	 1601639964.657324	Log_Type.RECOGNIZED_WORDS	left	döda människor som
10/02/2020 01:59:25 PM 	 1601639965.7488122	Log_Type.RECOGNIZED_WORDS	right	döda människor som går igen
10/02/2020 01:59:32 PM 	 1601639972.3911345	Log_Type.RECOGNIZED_WORDS	right	nej
10/02/2020 01:59:38 PM 	 1601639978.8282697	Log_Type.RECOGNIZED_WORDS	left	ja
10/02/2020 01:59:41 PM 	 1601639981.813805	Log_Type.RECOGNIZED_WORDS	right	om du kommer först till en tävling så
10/02/2020 01:59:50 PM 	 1601639990.348892	Log_Type.RECOGNIZED_WORDS	right	om du vinner
10/02/2020 01:59:58 PM 	 1601639998.218839	Log_Type.RECOGNIZED_WORDS	right	titta
10/02/2020 02:00:03 PM 	 1601640003.154926	Log_Type.RECOGNIZED_WORDS	right	de var snabbast en tävling
10/02/2020 02:00:11 PM 	 1601640011.6242278	Log_Type.RECOGNIZED_WORDS	left	anne
10/02/2020 02:00:16 PM 	 1601640016.804966	Log_Type.RECOGNIZED_WORDS	left	det har för dagen
10/02/2020 02:00:17 PM 	 1601640017.7453368	Log_Type.RECOGNIZED_WORDS	right	var är second
10/02/2020 02:00:21 PM 	 1601640021.6468565	Log_Type.RECOGNIZED_WORDS	left	för att kunna
10/02/2020 02:00:36 PM 	 1601640036.0258207	Log_Type.RECOGNIZED_WORDS	left	den enda som kan flyga helt utan
10/02/2020 02:00:36 PM 	 1601640036.3731556	Log_Type.RECOGNIZED_WORDS	right	enda fågel som kan flyga helt utan ljud
10/02/2020 02:00:40 PM 	 1601640040.9265578	Log_Type.RECOGNIZED_WORDS	left	fåglar
10/02/2020 02:00:41 PM 	 1601640041.7220101	Log_Type.RECOGNIZED_WORDS	right	spotify
10/02/2020 02:00:45 PM 	 1601640045.9236095	Log_Type.RECOGNIZED_WORDS	left	som är ett rovdjur
10/02/2020 02:00:46 PM 	 1601640046.5371752	Log_Type.RECOGNIZED_WORDS	right	fågel som är ett rovdjur som kan flyga
10/02/2020 02:00:50 PM 	 1601640050.5536964	Log_Type.RECOGNIZED_WORDS	left	uggla
10/02/2020 02:00:59 PM 	 1601640059.7311907	Log_Type.RECOGNIZED_WORDS	left	behöver man när man vill
10/02/2020 02:01:04 PM 	 1601640064.509717	Log_Type.RECOGNIZED_WORDS	left	brev
10/02/2020 02:01:14 PM 	 1601640074.2785585	Log_Type.RECOGNIZED_WORDS	right	man betalar porto företag
10/02/2020 02:01:19 PM 	 1601640079.3300815	Log_Type.RECOGNIZED_WORDS	left	frimärken
10/02/2020 02:01:19 PM 	 1601640079.4270155	Log_Type.RECOGNIZED_WORDS	right	frimärken
10/02/2020 02:01:28 PM 	 1601640088.7752583	Log_Type.RECOGNIZED_WORDS	left	är statschef
10/02/2020 02:01:33 PM 	 1601640093.319528	Log_Type.RECOGNIZED_WORDS	right	ja ja
10/02/2020 02:01:33 PM 	 1601640093.4220452	Log_Type.RECOGNIZED_WORDS	left	fan ja
10/02/2020 02:01:38 PM 	 1601640098.3840787	Log_Type.RECOGNIZED_WORDS	left	vann sverige eller
10/02/2020 02:01:43 PM 	 1601640103.1669803	Log_Type.RECOGNIZED_WORDS	left	glasera
10/02/2020 02:01:47 PM 	 1601640107.9808614	Log_Type.RECOGNIZED_WORDS	left	drottning
10/02/2020 02:01:57 PM 	 1601640117.893077	Log_Type.RECOGNIZED_WORDS	left	är en fylld med djur som
10/02/2020 02:02:02 PM 	 1601640122.664877	Log_Type.RECOGNIZED_WORDS	left	antarktiska i snö
10/02/2020 02:02:07 PM 	 1601640127.6386025	Log_Type.RECOGNIZED_WORDS	left	nej
10/02/2020 02:02:09 PM 	 1601640129.9611177	Log_Type.RECOGNIZED_WORDS	right	nej den den är det största
10/02/2020 02:02:16 PM 	 1601640136.9315858	Log_Type.RECOGNIZED_WORDS	left	björn
10/02/2020 02:02:26 PM 	 1601640146.8604596	Log_Type.RECOGNIZED_WORDS	right	ett djur som man har som sällskap
10/02/2020 02:02:31 PM 	 1601640151.9922364	Log_Type.RECOGNIZED_WORDS	right	kaniner
10/02/2020 02:02:40 PM 	 1601640160.6485493	Log_Type.RECOGNIZED_WORDS	left	vad är en kanin
10/02/2020 02:02:41 PM 	 1601640161.446909	Log_Type.RECOGNIZED_WORDS	right	kanin
10/02/2020 02:02:45 PM 	 1601640165.8774426	Log_Type.RECOGNIZED_WORDS	left	deadly exempel captain eller
10/02/2020 02:02:54 PM 	 1601640174.5458775	Log_Type.RECOGNIZED_WORDS	right	ett djur som är en del av
10/02/2020 02:02:55 PM 	 1601640175.432213	Log_Type.RECOGNIZED_WORDS	left	familjen
10/02/2020 02:03:08 PM 	 1601640188.6683831	Log_Type.RECOGNIZED_WORDS	right	ja
10/02/2020 02:03:13 PM 	 1601640193.8467932	Log_Type.RECOGNIZED_WORDS	left	använder människor som inte kan
10/02/2020 02:03:18 PM 	 1601640198.7061222	Log_Type.RECOGNIZED_WORDS	left	åka eller
10/02/2020 02:03:23 PM 	 1601640203.7004755	Log_Type.RECOGNIZED_WORDS	left	kryckor
10/02/2020 02:03:26 PM 	 1601640206.7239897	Log_Type.RECOGNIZED_WORDS	right	man sitter ner bilen
10/02/2020 02:03:31 PM 	 1601640211.86425	Log_Type.RECOGNIZED_WORDS	right	men
10/02/2020 02:03:36 PM 	 1601640216.9789662	Log_Type.RECOGNIZED_WORDS	right	när man har brutit benet kan man använda den ett tag
10/02/2020 02:03:38 PM 	 1601640218.6527324	Log_Type.RECOGNIZED_WORDS	left	kan man använda en ett tag
10/02/2020 02:03:44 PM 	 1601640224.9927526	Log_Type.RECOGNIZED_WORDS	right	man drar med
10/02/2020 02:03:48 PM 	 1601640228.2405195	Log_Type.RECOGNIZED_WORDS	left	ja
10/02/2020 02:03:57 PM 	 1601640237.6615727	Log_Type.RECOGNIZED_WORDS	left	det
10/02/2020 02:04:02 PM 	 1601640242.396672	Log_Type.RECOGNIZED_WORDS	left	det behöver man
10/02/2020 02:04:07 PM 	 1601640247.1940832	Log_Type.RECOGNIZED_WORDS	left	när man en sports
10/02/2020 02:04:12 PM 	 1601640252.5535288	Log_Type.RECOGNIZED_WORDS	left	en olympisk sports att man man ska
10/02/2020 02:04:17 PM 	 1601640257.4982736	Log_Type.RECOGNIZED_WORDS	left	hej
10/02/2020 02:04:22 PM 	 1601640262.3735352	Log_Type.RECOGNIZED_WORDS	left	en blomma
10/02/2020 02:04:25 PM 	 1601640265.171413	Log_Type.RECOGNIZED_WORDS	right	en blomma som man ställer i fönstret
10/02/2020 02:04:31 PM 	 1601640271.699067	Log_Type.RECOGNIZED_WORDS	left	ja
10/02/2020 02:04:36 PM 	 1601640276.8014853	Log_Type.RECOGNIZED_WORDS	left	en generellt
10/02/2020 02:04:47 PM 	 1601640287.5563838	Log_Type.RECOGNIZED_WORDS	right	alla växter som man har hemma
10/02/2020 02:05:00 PM 	 1601640300.4298859	Log_Type.RECOGNIZED_WORDS	left	ja
10/02/2020 02:05:02 PM 	 1601640302.2600822	Log_Type.RECOGNIZED_WORDS	right	man ställer en sån här
10/02/2020 02:05:05 PM 	 1601640305.313504	Log_Type.RECOGNIZED_WORDS	left	begravningsplats
10/02/2020 02:05:06 PM 	 1601640306.993841	Log_Type.RECOGNIZED_WORDS	right	datum på den
10/02/2020 02:05:10 PM 	 1601640310.0194266	Log_Type.RECOGNIZED_WORDS	left	ja
10/02/2020 02:05:13 PM 	 1601640313.047532	Log_Type.RECOGNIZED_WORDS	right	tavlan
10/02/2020 02:05:15 PM 	 1601640315.069101	Log_Type.RECOGNIZED_WORDS	left	12
10/02/2020 02:05:29 PM 	 1601640329.0676186	Log_Type.RECOGNIZED_WORDS	left	kåda
10/02/2020 02:05:31 PM 	 1601640331.135547	Log_Type.RECOGNIZED_WORDS	right	stelnad kåda
10/02/2020 02:05:38 PM 	 1601640338.8527832	Log_Type.RECOGNIZED_WORDS	right	bärnsten
10/02/2020 02:05:52 PM 	 1601640352.711414	Log_Type.RECOGNIZED_WORDS	left	demokratin det är en en
10/02/2020 02:05:57 PM 	 1601640357.8042681	Log_Type.RECOGNIZED_WORDS	left	nr1
10/02/2020 02:06:02 PM 	 1601640362.643313	Log_Type.RECOGNIZED_WORDS	left	villa
10/02/2020 02:06:02 PM 	 1601640362.8659258	Log_Type.RECOGNIZED_WORDS	right	för att alla ska gilla representera
10/02/2020 02:06:08 PM 	 1601640368.0748494	Log_Type.RECOGNIZED_WORDS	left	en rätt att fälla
10/02/2020 02:06:27 PM 	 1601640387.2117193	Log_Type.RECOGNIZED_WORDS	left	elisabeth andreassen
10/02/2020 02:06:31 PM 	 1601640391.8808448	Log_Type.RECOGNIZED_WORDS	left	nej
10/02/2020 02:06:36 PM 	 1601640396.669413	Log_Type.RECOGNIZED_WORDS	left	email
10/02/2020 02:06:41 PM 	 1601640401.5522685	Log_Type.RECOGNIZED_WORDS	left	vi har en problem
10/02/2020 02:06:46 PM 	 1601640406.4053543	Log_Type.RECOGNIZED_WORDS	left	kan du hjälpa mig
10/02/2020 02:06:51 PM 	 1601640411.690606	Log_Type.RECOGNIZED_WORDS	left	ja det var det
10/02/2020 02:06:56 PM 	 1601640416.5370064	Log_Type.RECOGNIZED_WORDS	left	okej okej
10/02/2020 02:07:01 PM 	 1601640421.9502442	Log_Type.RECOGNIZED_WORDS	left	det är ens kaffets när man
10/02/2020 02:07:06 PM 	 1601640426.6655583	Log_Type.RECOGNIZED_WORDS	left	ja
10/02/2020 02:07:11 PM 	 1601640431.3083866	Log_Type.RECOGNIZED_WORDS	left	strumpor och
10/02/2020 02:07:11 PM 	 1601640431.908647	Log_Type.RECOGNIZED_WORDS	right	var av
10/02/2020 02:07:16 PM 	 1601640436.0416534	Log_Type.RECOGNIZED_WORDS	left	andra kläder
10/02/2020 02:07:21 PM 	 1601640441.9638727	Log_Type.RECOGNIZED_WORDS	right	hänga in din kostym
10/02/2020 02:07:24 PM 	 1601640444.5861268	Log_Type.RECOGNIZED_WORDS	right	eller
10/02/2020 02:07:28 PM 	 1601640448.0580056	Log_Type.RECOGNIZED_WORDS	right	klänning
10/02/2020 02:07:30 PM 	 1601640450.766072	Log_Type.RECOGNIZED_WORDS	left	ja
10/02/2020 02:07:37 PM 	 1601640457.0877602	Log_Type.RECOGNIZED_WORDS	right	olika rytm
10/02/2020 02:07:53 PM 	 1601640473.804402	Log_Type.RECOGNIZED_WORDS	left	men
10/02/2020 02:07:58 PM 	 1601640478.4632478	Log_Type.RECOGNIZED_WORDS	left	när man åka hiss
10/02/2020 02:08:03 PM 	 1601640483.5723572	Log_Type.RECOGNIZED_WORDS	left	den finns det
10/02/2020 02:08:13 PM 	 1601640493.0191126	Log_Type.RECOGNIZED_WORDS	left	nej
10/02/2020 02:08:16 PM 	 1601640496.7624583	Log_Type.RECOGNIZED_WORDS	right	ja
10/02/2020 02:08:27 PM 	 1601640507.517248	Log_Type.RECOGNIZED_WORDS	left	okej
10/02/2020 02:08:29 PM 	 1601640509.7782028	Log_Type.RECOGNIZED_WORDS	right	man använder en sån här för att göra
10/02/2020 02:08:36 PM 	 1601640516.7603486	Log_Type.RECOGNIZED_WORDS	left	nej
10/02/2020 02:08:38 PM 	 1601640518.9647481	Log_Type.RECOGNIZED_WORDS	right	nej du har tråkigt också så
10/02/2020 02:08:55 PM 	 1601640535.1361144	Log_Type.RECOGNIZED_WORDS	left	ja jag vet inte
10/02/2020 02:08:58 PM 	 1601640538.210685	Log_Type.RECOGNIZED_WORDS	right	en person som spelar slagverk
10/02/2020 02:09:16 PM 	 1601640556.6906214	Log_Type.RECOGNIZED_WORDS	right	om regeringen undrar var folk
10/02/2020 02:09:18 PM 	 1601640558.2963915	Log_Type.RECOGNIZED_WORDS	left	undrar vad folk tycker om någonting
10/02/2020 02:09:20 PM 	 1601640560.4920368	Log_Type.RECOGNIZED_WORDS	right	en sån här
10/02/2020 02:09:32 PM 	 1601640572.5140069	Log_Type.RECOGNIZED_WORDS	left	men behöver
10/02/2020 02:09:37 PM 	 1601640577.2051709	Log_Type.RECOGNIZED_WORDS	left	åka från
10/02/2020 02:09:41 PM 	 1601640581.9824886	Log_Type.RECOGNIZED_WORDS	left	till ö
10/02/2020 02:09:46 PM 	 1601640586.6004817	Log_Type.RECOGNIZED_WORDS	left	över
10/02/2020 02:09:49 PM 	 1601640589.6498911	Log_Type.RECOGNIZED_WORDS	right	7
10/02/2020 02:09:51 PM 	 1601640591.3041222	Log_Type.RECOGNIZED_WORDS	left	till exempel
10/02/2020 02:10:00 PM 	 1601640600.949149	Log_Type.RECOGNIZED_WORDS	left	när det går över
10/02/2020 02:10:02 PM 	 1601640602.0406115	Log_Type.RECOGNIZED_WORDS	right	men det går över vattnet
10/02/2020 02:10:05 PM 	 1601640605.8192737	Log_Type.RECOGNIZED_WORDS	left	hej
10/02/2020 02:10:10 PM 	 1601640610.6488829	Log_Type.RECOGNIZED_WORDS	left	det är
10/02/2020 02:10:15 PM 	 1601640615.6183808	Log_Type.RECOGNIZED_WORDS	left	ica turkiska
10/02/2020 02:10:37 PM 	 1601640637.8527048	Log_Type.RECOGNIZED_WORDS	right	regel för att skydda unga personer från att vara
10/02/2020 02:10:48 PM 	 1601640648.0110216	Log_Type.RECOGNIZED_WORDS	left	åldersgräns
10/02/2020 02:11:00 PM 	 1601640660.8294795	Log_Type.RECOGNIZED_WORDS	right	det är
10/02/2020 02:11:01 PM 	 1601640661.75528	Log_Type.RECOGNIZED_WORDS	left	ja
10/02/2020 02:11:05 PM 	 1601640665.63387	Log_Type.RECOGNIZED_WORDS	right	kort musikstycke som spelas
10/02/2020 02:11:06 PM 	 1601640666.5138319	Log_Type.RECOGNIZED_WORDS	left	musikstycke som spelas i början av ett program
10/02/2020 02:11:13 PM 	 1601640673.3109515	Log_Type.RECOGNIZED_WORDS	right	finland
10/02/2020 02:11:21 PM 	 1601640681.1778362	Log_Type.RECOGNIZED_WORDS	right	det är för att man ska känna igen att det är just det programmet
10/02/2020 02:11:29 PM 	 1601640689.763792	Log_Type.RECOGNIZED_WORDS	right	nästa
