10/01/2020 04:00:32 PM 	 1601560832.893839	Log_Type.CONFIG	INIT_USER	left
10/01/2020 04:00:32 PM 	 1601560832.8996408	Log_Type.CONFIG	INIT_USER	right
10/01/2020 04:00:43 PM 	 1601560843.9463718	Log_Type.RECOGNIZED_WORDS	left	är det verktyg verktyg man använder
10/01/2020 04:00:50 PM 	 1601560850.5612164	Log_Type.RECOGNIZED_WORDS	right	vägg eller en tavla
10/01/2020 04:00:50 PM 	 1601560850.8221238	Log_Type.RECOGNIZED_WORDS	left	tavla
10/01/2020 04:01:05 PM 	 1601560865.7451422	Log_Type.RECOGNIZED_WORDS	left	det kan man också använda i skor
10/01/2020 04:01:10 PM 	 1601560870.639315	Log_Type.RECOGNIZED_WORDS	left	konst
10/01/2020 04:01:15 PM 	 1601560875.6061761	Log_Type.RECOGNIZED_WORDS	left	ja precis
10/01/2020 04:01:16 PM 	 1601560876.1278436	Log_Type.RECOGNIZED_WORDS	right	ja precis
10/01/2020 04:01:23 PM 	 1601560883.3751206	Log_Type.RECOGNIZED_WORDS	right	ja man kan titta på sig själv
10/01/2020 04:01:25 PM 	 1601560885.248989	Log_Type.RECOGNIZED_WORDS	left	själv
10/01/2020 04:01:35 PM 	 1601560895.5149968	Log_Type.RECOGNIZED_WORDS	left	kroppen men finner hos sig
10/01/2020 04:01:40 PM 	 1601560900.32377	Log_Type.RECOGNIZED_WORDS	left	men kan också skriva
10/01/2020 04:01:45 PM 	 1601560905.7293298	Log_Type.RECOGNIZED_WORDS	left	och finns i madrasser
10/01/2020 04:01:46 PM 	 1601560906.0275986	Log_Type.RECOGNIZED_WORDS	right	finns i madrasser presenter
10/01/2020 04:01:51 PM 	 1601560911.4126391	Log_Type.RECOGNIZED_WORDS	right	djävulen
10/01/2020 04:01:52 PM 	 1601560912.4542842	Log_Type.RECOGNIZED_WORDS	left	fjäder
10/01/2020 04:01:57 PM 	 1601560917.208839	Log_Type.RECOGNIZED_WORDS	left	okej det är
10/01/2020 04:02:02 PM 	 1601560922.3601074	Log_Type.RECOGNIZED_WORDS	left	tycker du
10/01/2020 04:02:07 PM 	 1601560927.296048	Log_Type.RECOGNIZED_WORDS	left	du vill gärna skicka ut
10/01/2020 04:02:10 PM 	 1601560930.15703	Log_Type.RECOGNIZED_WORDS	right	man köper i en butik
10/01/2020 04:02:12 PM 	 1601560932.356166	Log_Type.RECOGNIZED_WORDS	left	musik
10/01/2020 04:02:17 PM 	 1601560937.2687714	Log_Type.RECOGNIZED_WORDS	left	toppen
10/01/2020 04:02:20 PM 	 1601560940.4266546	Log_Type.RECOGNIZED_WORDS	right	en kvinna
10/01/2020 04:02:22 PM 	 1601560942.1423771	Log_Type.RECOGNIZED_WORDS	left	kvinnan
10/01/2020 04:02:25 PM 	 1601560945.8150249	Log_Type.RECOGNIZED_WORDS	right	är jag bäst
10/01/2020 04:02:26 PM 	 1601560946.9884255	Log_Type.RECOGNIZED_WORDS	left	en en kvinna
10/01/2020 04:02:32 PM 	 1601560952.3883128	Log_Type.RECOGNIZED_WORDS	left	samhandling den funktion i samhället
10/01/2020 04:02:37 PM 	 1601560957.4425774	Log_Type.RECOGNIZED_WORDS	left	det politiska systemet av landet är ett monarki
10/01/2020 04:02:39 PM 	 1601560959.6899977	Log_Type.RECOGNIZED_WORDS	right	ja
10/01/2020 04:02:46 PM 	 1601560966.6555252	Log_Type.RECOGNIZED_WORDS	right	ja kanske
10/01/2020 04:02:46 PM 	 1601560966.8916667	Log_Type.RECOGNIZED_WORDS	left	en skräckfigur
10/01/2020 04:02:54 PM 	 1601560974.65144	Log_Type.RECOGNIZED_WORDS	right	barns berättelser eller läskiga hus
10/01/2020 04:02:59 PM 	 1601560979.5143638	Log_Type.RECOGNIZED_WORDS	right	spöken
10/01/2020 04:03:05 PM 	 1601560985.7768931	Log_Type.RECOGNIZED_WORDS	right	när man sover på
10/01/2020 04:03:09 PM 	 1601560989.1390176	Log_Type.RECOGNIZED_WORDS	right	börjar man tänka på ett visst sätt
10/01/2020 04:03:10 PM 	 1601560990.343478	Log_Type.RECOGNIZED_WORDS	left	eller
10/01/2020 04:03:15 PM 	 1601560995.24413	Log_Type.RECOGNIZED_WORDS	left	stora projekt i livet
10/01/2020 04:03:18 PM 	 1601560998.562434	Log_Type.RECOGNIZED_WORDS	right	framtiden till exempel
10/01/2020 04:03:19 PM 	 1601560999.858078	Log_Type.RECOGNIZED_WORDS	left	människa
10/01/2020 04:03:23 PM 	 1601561003.4617963	Log_Type.RECOGNIZED_WORDS	right	nej
10/01/2020 04:03:24 PM 	 1601561004.9223921	Log_Type.RECOGNIZED_WORDS	left	nej det är din vi pratar om
10/01/2020 04:03:29 PM 	 1601561009.222791	Log_Type.RECOGNIZED_WORDS	right	tänd
10/01/2020 04:03:30 PM 	 1601561010.1320481	Log_Type.RECOGNIZED_WORDS	left	men det finns också ett verb
10/01/2020 04:03:39 PM 	 1601561019.72231	Log_Type.RECOGNIZED_WORDS	left	och det är en person
10/01/2020 04:03:44 PM 	 1601561024.1308882	Log_Type.RECOGNIZED_WORDS	right	till exempel
10/01/2020 04:03:44 PM 	 1601561024.4100783	Log_Type.RECOGNIZED_WORDS	left	i köket
10/01/2020 04:03:49 PM 	 1601561029.4495842	Log_Type.RECOGNIZED_WORDS	left	hällakakor
10/01/2020 04:03:53 PM 	 1601561033.7404754	Log_Type.RECOGNIZED_WORDS	right	nej
10/01/2020 04:03:58 PM 	 1601561038.501631	Log_Type.RECOGNIZED_WORDS	right	ja ja
10/01/2020 04:04:03 PM 	 1601561043.9292498	Log_Type.RECOGNIZED_WORDS	left	det systemet som finns i skor
10/01/2020 04:04:09 PM 	 1601561049.1927888	Log_Type.RECOGNIZED_WORDS	left	klassificera elevernas kompetenser
10/01/2020 04:04:13 PM 	 1601561053.026078	Log_Type.RECOGNIZED_WORDS	right	vad får efter man har skrivit ett prov på läxa
10/01/2020 04:04:23 PM 	 1601561063.3111787	Log_Type.RECOGNIZED_WORDS	left	okej det är en typ av shark
10/01/2020 04:04:23 PM 	 1601561063.4906328	Log_Type.RECOGNIZED_WORDS	right	baby shark
10/01/2020 04:04:30 PM 	 1601561070.8878207	Log_Type.RECOGNIZED_WORDS	right	från en gris
10/01/2020 04:04:33 PM 	 1601561073.2356257	Log_Type.RECOGNIZED_WORDS	left	exakt det finns olika typer
10/01/2020 04:04:38 PM 	 1601561078.2169256	Log_Type.RECOGNIZED_WORDS	left	vitkrut
10/01/2020 04:04:40 PM 	 1601561080.0643406	Log_Type.RECOGNIZED_WORDS	right	nej
10/01/2020 04:04:42 PM 	 1601561082.9683385	Log_Type.RECOGNIZED_WORDS	left	alltså
10/01/2020 04:04:47 PM 	 1601561087.7759953	Log_Type.RECOGNIZED_WORDS	left	ett ställe där man kan köpa
10/01/2020 04:04:52 PM 	 1601561092.6084425	Log_Type.RECOGNIZED_WORDS	left	pill trimmer
10/01/2020 04:04:53 PM 	 1601561093.9233572	Log_Type.RECOGNIZED_WORDS	right	läkemedel
10/01/2020 04:05:01 PM 	 1601561101.9273922	Log_Type.RECOGNIZED_WORDS	left	det rymmer i
10/01/2020 04:05:08 PM 	 1601561108.977901	Log_Type.RECOGNIZED_WORDS	right	toalett där till exempel i dusch
10/01/2020 04:05:11 PM 	 1601561111.2533338	Log_Type.RECOGNIZED_WORDS	left	ja
10/01/2020 04:05:16 PM 	 1601561116.2128081	Log_Type.RECOGNIZED_WORDS	left	ett ställe där kvinnorna
10/01/2020 04:05:21 PM 	 1601561121.774614	Log_Type.RECOGNIZED_WORDS	left	eller ge till oss
10/01/2020 04:05:26 PM 	 1601561126.778603	Log_Type.RECOGNIZED_WORDS	left	okej dn
10/01/2020 04:05:31 PM 	 1601561131.6994734	Log_Type.RECOGNIZED_WORDS	left	om man har funnits ofta
10/01/2020 04:05:36 PM 	 1601561136.6195648	Log_Type.RECOGNIZED_WORDS	left	nej
10/01/2020 04:05:38 PM 	 1601561138.3917062	Log_Type.RECOGNIZED_WORDS	right	förstaplatsen
10/01/2020 04:05:42 PM 	 1601561142.0848842	Log_Type.RECOGNIZED_WORDS	left	vid ul
10/01/2020 04:05:43 PM 	 1601561143.0150423	Log_Type.RECOGNIZED_WORDS	right	fast
10/01/2020 04:05:47 PM 	 1601561147.8265362	Log_Type.RECOGNIZED_WORDS	right	metall
10/01/2020 04:05:56 PM 	 1601561156.0154483	Log_Type.RECOGNIZED_WORDS	left	väderfenomen
10/01/2020 04:05:57 PM 	 1601561157.8344297	Log_Type.RECOGNIZED_WORDS	right	när de borde va
10/01/2020 04:06:03 PM 	 1601561163.1356075	Log_Type.RECOGNIZED_WORDS	right	saker kan börja brinna efteråt
10/01/2020 04:06:05 PM 	 1601561165.57278	Log_Type.RECOGNIZED_WORDS	left	vad händer när det finns en storm
10/01/2020 04:06:09 PM 	 1601561169.9991043	Log_Type.RECOGNIZED_WORDS	right	nej det låter mycket
10/01/2020 04:06:10 PM 	 1601561170.8876364	Log_Type.RECOGNIZED_WORDS	left	adizero
10/01/2020 04:06:20 PM 	 1601561180.5211115	Log_Type.RECOGNIZED_WORDS	left	är det en tjuv en
10/01/2020 04:06:26 PM 	 1601561186.244804	Log_Type.RECOGNIZED_WORDS	left	också en symbol för vishet
10/01/2020 04:06:33 PM 	 1601561193.576886	Log_Type.RECOGNIZED_WORDS	right	rovfåglar
10/01/2020 04:06:36 PM 	 1601561196.4022963	Log_Type.RECOGNIZED_WORDS	left	det finns faktiskt ett
10/01/2020 04:06:41 PM 	 1601561201.1163483	Log_Type.RECOGNIZED_WORDS	left	i morsan
10/01/2020 04:06:55 PM 	 1601561215.9029028	Log_Type.RECOGNIZED_WORDS	left	okej det är en tjej
10/01/2020 04:07:01 PM 	 1601561221.542142	Log_Type.RECOGNIZED_WORDS	left	snabbt ofta idag äter också
10/01/2020 04:07:02 PM 	 1601561222.3773074	Log_Type.RECOGNIZED_WORDS	right	avsluta om 13 också
10/01/2020 04:07:06 PM 	 1601561226.5791109	Log_Type.RECOGNIZED_WORDS	left	inte sitter som en till
10/01/2020 04:07:12 PM 	 1601561232.3004804	Log_Type.RECOGNIZED_WORDS	left	men man beställa och betala direkt
10/01/2020 04:07:13 PM 	 1601561233.4532256	Log_Type.RECOGNIZED_WORDS	right	av
10/01/2020 04:07:17 PM 	 1601561237.1356552	Log_Type.RECOGNIZED_WORDS	left	mat
10/01/2020 04:07:18 PM 	 1601561238.6775424	Log_Type.RECOGNIZED_WORDS	right	nej men det tror nyttig ja
10/01/2020 04:07:21 PM 	 1601561241.8997056	Log_Type.RECOGNIZED_WORDS	left	ja ja
10/01/2020 04:07:24 PM 	 1601561244.0675278	Log_Type.RECOGNIZED_WORDS	right	ja det här är ja man från
10/01/2020 04:07:27 PM 	 1601561247.4698136	Log_Type.RECOGNIZED_WORDS	left	träd har en viss beska
10/01/2020 04:07:29 PM 	 1601561249.817921	Log_Type.RECOGNIZED_WORDS	right	har en viss vätska som den släpper ut och det blir till en viss
10/01/2020 04:07:37 PM 	 1601561257.26396	Log_Type.RECOGNIZED_WORDS	left	stenar
10/01/2020 04:07:48 PM 	 1601561268.1389637	Log_Type.RECOGNIZED_WORDS	right	för att komma in på en dator tex
10/01/2020 04:07:56 PM 	 1601561276.2493815	Log_Type.RECOGNIZED_WORDS	left	för kort
10/01/2020 04:08:00 PM 	 1601561280.6644733	Log_Type.RECOGNIZED_WORDS	right	tofta så långt
10/01/2020 04:08:01 PM 	 1601561281.9112496	Log_Type.RECOGNIZED_WORDS	left	det är jag det
10/01/2020 04:08:06 PM 	 1601561286.7177765	Log_Type.RECOGNIZED_WORDS	left	okej vi
10/01/2020 04:08:11 PM 	 1601561291.6735816	Log_Type.RECOGNIZED_WORDS	left	drömmar och det finns positiva drömmer
10/01/2020 04:08:17 PM 	 1601561297.1688719	Log_Type.RECOGNIZED_WORDS	left	negative trummor vad heter de
10/01/2020 04:08:22 PM 	 1601561302.5455945	Log_Type.RECOGNIZED_WORDS	right	man blir rädd av de exempel
10/01/2020 04:08:27 PM 	 1601561307.317386	Log_Type.RECOGNIZED_WORDS	left	det finns också typiska motiv
10/01/2020 04:08:33 PM 	 1601561313.0167704	Log_Type.RECOGNIZED_WORDS	left	adventure är ett mönster spring
10/01/2020 04:08:38 PM 	 1601561318.4009192	Log_Type.RECOGNIZED_WORDS	left	bredvid dig eller om du får den
10/01/2020 04:08:51 PM 	 1601561331.5516956	Log_Type.RECOGNIZED_WORDS	right	när man blir föräldrar så kan man bli förälder
10/01/2020 04:08:52 PM 	 1601561332.3161862	Log_Type.RECOGNIZED_WORDS	left	föräldrar
10/01/2020 04:08:56 PM 	 1601561336.4505544	Log_Type.RECOGNIZED_WORDS	right	föräldrar
10/01/2020 04:09:01 PM 	 1601561341.801596	Log_Type.RECOGNIZED_WORDS	left	ja
10/01/2020 04:09:06 PM 	 1601561346.7480838	Log_Type.RECOGNIZED_WORDS	left	detsamma
10/01/2020 04:09:11 PM 	 1601561351.945646	Log_Type.RECOGNIZED_WORDS	left	från 1 go om jag går
10/01/2020 04:09:17 PM 	 1601561357.7622058	Log_Type.RECOGNIZED_WORDS	left	jag sätter läsandet så finns det
10/01/2020 04:09:22 PM 	 1601561362.880002	Log_Type.RECOGNIZED_WORDS	right	exempel
10/01/2020 04:09:23 PM 	 1601561363.3129122	Log_Type.RECOGNIZED_WORDS	left	jaha lyssnar
10/01/2020 04:09:28 PM 	 1601561368.7919452	Log_Type.RECOGNIZED_WORDS	left	diddis det händer också
10/01/2020 04:09:32 PM 	 1601561372.9619906	Log_Type.RECOGNIZED_WORDS	right	bebis
10/01/2020 04:09:33 PM 	 1601561373.6143138	Log_Type.RECOGNIZED_WORDS	left	du kan
10/01/2020 04:09:42 PM 	 1601561382.8738873	Log_Type.RECOGNIZED_WORDS	right	den sport som man använder den
10/01/2020 04:09:42 PM 	 1601561382.9295337	Log_Type.RECOGNIZED_WORDS	left	pinne
10/01/2020 04:09:48 PM 	 1601561388.2943287	Log_Type.RECOGNIZED_WORDS	left	ja det finns det finns
10/01/2020 04:09:53 PM 	 1601561393.5474029	Log_Type.RECOGNIZED_WORDS	left	jätteduktig i denna sparas
10/01/2020 04:09:58 PM 	 1601561398.5434508	Log_Type.RECOGNIZED_WORDS	left	hanna hanna
10/01/2020 04:10:02 PM 	 1601561402.6878092	Log_Type.RECOGNIZED_WORDS	right	ja
10/01/2020 04:10:07 PM 	 1601561407.6774976	Log_Type.RECOGNIZED_WORDS	right	så att man skulle
10/01/2020 04:10:08 PM 	 1601561408.2593913	Log_Type.RECOGNIZED_WORDS	left	alltså om man tex
10/01/2020 04:10:12 PM 	 1601561412.557035	Log_Type.RECOGNIZED_WORDS	right	igen
10/01/2020 04:10:13 PM 	 1601561413.0115738	Log_Type.RECOGNIZED_WORDS	left	det gör det
10/01/2020 04:10:18 PM 	 1601561418.5603507	Log_Type.RECOGNIZED_WORDS	left	kan man säga för personer som har en fortkörning händelse
10/01/2020 04:10:23 PM 	 1601561423.8993328	Log_Type.RECOGNIZED_WORDS	left	normalt och behöver lite hjälp
10/01/2020 04:10:31 PM 	 1601561431.4378645	Log_Type.RECOGNIZED_WORDS	right	ja visst
10/01/2020 04:10:36 PM 	 1601561436.7927299	Log_Type.RECOGNIZED_WORDS	right	det växer kommer säga
10/01/2020 04:10:37 PM 	 1601561437.5337856	Log_Type.RECOGNIZED_WORDS	left	organiskt
10/01/2020 04:10:42 PM 	 1601561442.290612	Log_Type.RECOGNIZED_WORDS	left	ja och
10/01/2020 04:10:43 PM 	 1601561443.9495592	Log_Type.RECOGNIZED_WORDS	right	i emmys behållare
10/01/2020 04:10:52 PM 	 1601561452.1476297	Log_Type.RECOGNIZED_WORDS	left	okej det gör inget
10/01/2020 04:10:56 PM 	 1601561456.8496056	Log_Type.RECOGNIZED_WORDS	left	kyrkogården
10/01/2020 04:11:02 PM 	 1601561462.18738	Log_Type.RECOGNIZED_WORDS	left	något som stor som är rätt stor
10/01/2020 04:11:07 PM 	 1601561467.2542622	Log_Type.RECOGNIZED_WORDS	right	när man har dött
10/01/2020 04:11:07 PM 	 1601561467.393663	Log_Type.RECOGNIZED_WORDS	left	ja det står det också
10/01/2020 04:11:13 PM 	 1601561473.4545238	Log_Type.RECOGNIZED_WORDS	left	för du såg ditt sår
10/01/2020 04:11:21 PM 	 1601561481.523567	Log_Type.RECOGNIZED_WORDS	right	namn
10/01/2020 04:11:23 PM 	 1601561483.273162	Log_Type.RECOGNIZED_WORDS	left	musikalisk
10/01/2020 04:11:26 PM 	 1601561486.324459	Log_Type.RECOGNIZED_WORDS	right	som låter ett mycket ofta
10/01/2020 04:11:28 PM 	 1601561488.993474	Log_Type.RECOGNIZED_WORDS	left	turist
10/01/2020 04:11:33 PM 	 1601561493.9542542	Log_Type.RECOGNIZED_WORDS	left	ja det jättesnabbt
10/01/2020 04:11:39 PM 	 1601561499.1248503	Log_Type.RECOGNIZED_WORDS	left	är det en grupp är ful
10/01/2020 04:11:44 PM 	 1601561504.685402	Log_Type.RECOGNIZED_WORDS	left	man har ofta hemma hos sig
10/01/2020 04:11:49 PM 	 1601561509.7520742	Log_Type.RECOGNIZED_WORDS	right	tänd bord
10/01/2020 04:11:50 PM 	 1601561510.4963214	Log_Type.RECOGNIZED_WORDS	left	en hund som inte exotiska kivra
10/01/2020 04:11:57 PM 	 1601561517.7121837	Log_Type.RECOGNIZED_WORDS	right	en häst
10/01/2020 04:12:00 PM 	 1601561520.3436038	Log_Type.RECOGNIZED_WORDS	left	kaniner kan till exempel
10/01/2020 04:12:09 PM 	 1601561529.8868089	Log_Type.RECOGNIZED_WORDS	left	igen om familj
10/01/2020 04:12:14 PM 	 1601561534.7024307	Log_Type.RECOGNIZED_WORDS	left	min pappa har en bror
10/01/2020 04:12:20 PM 	 1601561540.4739625	Log_Type.RECOGNIZED_WORDS	left	funktion i familjen är titel
10/01/2020 04:12:25 PM 	 1601561545.749506	Log_Type.RECOGNIZED_WORDS	left	nej sitt från min test
10/01/2020 04:12:30 PM 	 1601561550.4865124	Log_Type.RECOGNIZED_WORDS	left	en bror
10/01/2020 04:12:36 PM 	 1601561556.1442742	Log_Type.RECOGNIZED_WORDS	right	nej
10/01/2020 04:12:44 PM 	 1601561564.3308342	Log_Type.RECOGNIZED_WORDS	left	okej om
10/01/2020 04:12:49 PM 	 1601561569.389354	Log_Type.RECOGNIZED_WORDS	left	för dig
10/01/2020 04:12:54 PM 	 1601561574.3765695	Log_Type.RECOGNIZED_WORDS	left	livet så måste du ha
10/01/2020 04:12:59 PM 	 1601561579.8814254	Log_Type.RECOGNIZED_WORDS	left	och man får när man blir 18 år
10/01/2020 04:13:00 PM 	 1601561580.3162372	Log_Type.RECOGNIZED_WORDS	right	och man får det när man blir 18 år
10/01/2020 04:13:05 PM 	 1601561585.0500665	Log_Type.RECOGNIZED_WORDS	right	nej
10/01/2020 04:13:09 PM 	 1601561589.5245295	Log_Type.RECOGNIZED_WORDS	left	myndigheten du har att
10/01/2020 04:13:19 PM 	 1601561599.1978755	Log_Type.RECOGNIZED_WORDS	right	för att ta sig
10/01/2020 04:13:20 PM 	 1601561600.2413156	Log_Type.RECOGNIZED_WORDS	left	arkitekt wachira
10/01/2020 04:13:24 PM 	 1601561604.4697392	Log_Type.RECOGNIZED_WORDS	right	eller ändra vin eller någonting
10/01/2020 04:13:29 PM 	 1601561609.6373675	Log_Type.RECOGNIZED_WORDS	right	den använder rep
10/01/2020 04:13:30 PM 	 1601561610.5160894	Log_Type.RECOGNIZED_WORDS	left	den använder
10/01/2020 04:13:35 PM 	 1601561615.3718262	Log_Type.RECOGNIZED_WORDS	left	mellan sverige och danmark
10/01/2020 04:13:40 PM 	 1601561620.04272	Log_Type.RECOGNIZED_WORDS	left	okej
10/01/2020 04:13:45 PM 	 1601561625.6398566	Log_Type.RECOGNIZED_WORDS	left	medicin och kropp att göra
10/01/2020 04:13:47 PM 	 1601561627.2560456	Log_Type.RECOGNIZED_WORDS	right	finns i ens
10/01/2020 04:13:50 PM 	 1601561630.6917324	Log_Type.RECOGNIZED_WORDS	left	flyter i kroppen
10/01/2020 04:13:52 PM 	 1601561632.2741354	Log_Type.RECOGNIZED_WORDS	right	flyter i kroppen
10/01/2020 04:13:55 PM 	 1601561635.7010884	Log_Type.RECOGNIZED_WORDS	left	det är jätte
10/01/2020 04:14:00 PM 	 1601561640.7063162	Log_Type.RECOGNIZED_WORDS	left	kan du inte se mitt dina egna
10/01/2020 04:14:12 PM 	 1601561652.0413432	Log_Type.RECOGNIZED_WORDS	right	du pratade tidigare om ett
10/01/2020 04:14:17 PM 	 1601561657.2036486	Log_Type.RECOGNIZED_WORDS	right	och det här är då en person som spel
10/01/2020 04:14:19 PM 	 1601561659.861188	Log_Type.RECOGNIZED_WORDS	left	spela
10/01/2020 04:14:29 PM 	 1601561669.4935405	Log_Type.RECOGNIZED_WORDS	left	okej när man
10/01/2020 04:14:34 PM 	 1601561674.4547853	Log_Type.RECOGNIZED_WORDS	left	av sin
10/01/2020 04:14:35 PM 	 1601561675.6039612	Log_Type.RECOGNIZED_WORDS	right	ålder
10/01/2020 04:14:39 PM 	 1601561679.447729	Log_Type.RECOGNIZED_WORDS	left	så pratar man om en
10/01/2020 04:14:44 PM 	 1601561684.486489	Log_Type.RECOGNIZED_WORDS	left	i sverige finns det en om
10/01/2020 04:14:49 PM 	 1601561689.701274	Log_Type.RECOGNIZED_WORDS	left	tillåtet att dricka alkohol om en
10/01/2020 04:14:59 PM 	 1601561699.3907797	Log_Type.RECOGNIZED_WORDS	right	exakt väldigt spänn beskrivet
10/01/2020 04:15:08 PM 	 1601561708.5186253	Log_Type.RECOGNIZED_WORDS	right	det här
10/01/2020 04:15:13 PM 	 1601561713.5640438	Log_Type.RECOGNIZED_WORDS	right	objekt som man kan tillverka
10/01/2020 04:15:14 PM 	 1601561714.0105143	Log_Type.RECOGNIZED_WORDS	left	okej som man kan tillverka
10/01/2020 04:15:19 PM 	 1601561719.1379008	Log_Type.RECOGNIZED_WORDS	left	det har man
10/01/2020 04:15:23 PM 	 1601561723.9773197	Log_Type.RECOGNIZED_WORDS	left	tidigare historien
10/01/2020 04:15:29 PM 	 1601561729.0373158	Log_Type.RECOGNIZED_WORDS	left	när man gör fina kläder
10/01/2020 04:15:35 PM 	 1601561735.17773	Log_Type.RECOGNIZED_WORDS	left	i am the mountain
10/01/2020 04:15:40 PM 	 1601561740.5425646	Log_Type.RECOGNIZED_WORDS	left	det var lite handarbete
10/01/2020 04:15:44 PM 	 1601561744.7360594	Log_Type.RECOGNIZED_WORDS	right	för att göra själva textilierna eller materialet
10/01/2020 04:15:49 PM 	 1601561749.5878937	Log_Type.RECOGNIZED_WORDS	right	själva kläderna
10/01/2020 04:15:55 PM 	 1601561755.0060236	Log_Type.RECOGNIZED_WORDS	left	dn
10/01/2020 04:16:00 PM 	 1601561760.0440562	Log_Type.RECOGNIZED_WORDS	left	den byggnad där men
10/01/2020 04:16:05 PM 	 1601561765.3836238	Log_Type.RECOGNIZED_WORDS	left	saker till exempel gifter sig rusta
10/01/2020 04:16:10 PM 	 1601561770.309228	Log_Type.RECOGNIZED_WORDS	left	förlåt förlåt
10/01/2020 04:16:15 PM 	 1601561775.4842253	Log_Type.RECOGNIZED_WORDS	left	färskvin
10/01/2020 04:16:17 PM 	 1601561777.8742096	Log_Type.RECOGNIZED_WORDS	right	ja ja precis det är ett litet
10/01/2020 04:16:24 PM 	 1601561784.9082315	Log_Type.RECOGNIZED_WORDS	left	okej tack
