10/01/2020 03:05:33 PM 	 1601557533.0875957	Log_Type.CONFIG	INIT_USER	left
10/01/2020 03:05:33 PM 	 1601557533.0951061	Log_Type.CONFIG	INIT_USER	right
10/01/2020 03:05:41 PM 	 1601557541.1701703	Log_Type.RECOGNIZED_WORDS	left	det är någonting som du kan titta på
10/01/2020 03:06:03 PM 	 1601557563.6809475	Log_Type.RECOGNIZED_WORDS	right	usch
10/01/2020 03:06:12 PM 	 1601557572.9104702	Log_Type.RECOGNIZED_WORDS	left	spela spelet
10/01/2020 03:06:21 PM 	 1601557581.1549904	Log_Type.RECOGNIZED_WORDS	right	det är söt med många personer heter det
10/01/2020 03:06:32 PM 	 1601557592.5335708	Log_Type.RECOGNIZED_WORDS	right	skinkan
10/01/2020 03:06:46 PM 	 1601557606.101197	Log_Type.RECOGNIZED_WORDS	left	folk klär ut sig till
10/01/2020 03:06:50 PM 	 1601557610.9264762	Log_Type.RECOGNIZED_WORDS	left	spöken
10/01/2020 03:06:59 PM 	 1601557619.2185214	Log_Type.RECOGNIZED_WORDS	right	det går det och
10/01/2020 03:07:00 PM 	 1601557620.3651886	Log_Type.RECOGNIZED_WORDS	left	jaha
10/01/2020 03:07:02 PM 	 1601557622.2171202	Log_Type.RECOGNIZED_WORDS	right	du sa eller
10/01/2020 03:07:12 PM 	 1601557632.264094	Log_Type.RECOGNIZED_WORDS	right	badrum
10/01/2020 03:07:14 PM 	 1601557634.6212997	Log_Type.RECOGNIZED_WORDS	left	usch
10/01/2020 03:07:19 PM 	 1601557639.8125205	Log_Type.RECOGNIZED_WORDS	left	det här är en person som jobbar med
10/01/2020 03:07:24 PM 	 1601557644.7400246	Log_Type.RECOGNIZED_WORDS	left	saker man kan äta
10/01/2020 03:07:29 PM 	 1601557649.1270437	Log_Type.RECOGNIZED_WORDS	right	röd
10/01/2020 03:07:47 PM 	 1601557667.9195132	Log_Type.RECOGNIZED_WORDS	right	person
10/01/2020 03:07:57 PM 	 1601557677.7253308	Log_Type.RECOGNIZED_WORDS	left	har de krona på huvudet
10/01/2020 03:08:02 PM 	 1601557682.4410224	Log_Type.RECOGNIZED_WORDS	left	kung
10/01/2020 03:08:07 PM 	 1601557687.3783953	Log_Type.RECOGNIZED_WORDS	left	men det är nära
10/01/2020 03:08:12 PM 	 1601557692.060217	Log_Type.RECOGNIZED_WORDS	left	drottning
10/01/2020 03:08:21 PM 	 1601557701.9686103	Log_Type.RECOGNIZED_WORDS	left	ett litet djur som en insekt med där
10/01/2020 03:08:26 PM 	 1601557706.8987975	Log_Type.RECOGNIZED_WORDS	right	pengar
10/01/2020 03:08:32 PM 	 1601557712.0483515	Log_Type.RECOGNIZED_WORDS	left	smådjur
10/01/2020 03:08:44 PM 	 1601557724.2158957	Log_Type.RECOGNIZED_WORDS	right	samhall ringa
10/01/2020 03:08:56 PM 	 1601557736.775572	Log_Type.RECOGNIZED_WORDS	right	sms
10/01/2020 03:08:59 PM 	 1601557739.938002	Log_Type.RECOGNIZED_WORDS	left	uggla
10/01/2020 03:09:04 PM 	 1601557744.5445154	Log_Type.RECOGNIZED_WORDS	left	om man kan
10/01/2020 03:09:06 PM 	 1601557746.3064554	Log_Type.RECOGNIZED_WORDS	right	om man kommer först på os
10/01/2020 03:09:09 PM 	 1601557749.2834098	Log_Type.RECOGNIZED_WORDS	left	så får man
10/01/2020 03:09:21 PM 	 1601557761.520162	Log_Type.RECOGNIZED_WORDS	right	först
10/01/2020 03:09:23 PM 	 1601557763.617542	Log_Type.RECOGNIZED_WORDS	left	vad får man då
10/01/2020 03:09:28 PM 	 1601557768.6979806	Log_Type.RECOGNIZED_WORDS	left	guld
10/01/2020 03:09:34 PM 	 1601557774.0297494	Log_Type.RECOGNIZED_WORDS	right	kan du lägga upp dem
10/01/2020 03:09:39 PM 	 1601557779.0914226	Log_Type.RECOGNIZED_WORDS	left	ja
10/01/2020 03:09:48 PM 	 1601557788.6817942	Log_Type.RECOGNIZED_WORDS	right	omskriven en
10/01/2020 03:09:57 PM 	 1601557797.9299562	Log_Type.RECOGNIZED_WORDS	left	jaha
10/01/2020 03:10:03 PM 	 1601557803.3140545	Log_Type.RECOGNIZED_WORDS	left	den är omdöme men inte riktigt omdöme
10/01/2020 03:10:08 PM 	 1601557808.2535505	Log_Type.RECOGNIZED_WORDS	left	du får av läraren
10/01/2020 03:10:17 PM 	 1601557817.6040173	Log_Type.RECOGNIZED_WORDS	left	om det regna
10/01/2020 03:10:18 PM 	 1601557818.3998902	Log_Type.RECOGNIZED_WORDS	right	om det regnar
10/01/2020 03:10:22 PM 	 1601557822.5877175	Log_Type.RECOGNIZED_WORDS	left	så kan det komma någonting annat än bara regn
10/01/2020 03:10:28 PM 	 1601557828.0268364	Log_Type.RECOGNIZED_WORDS	left	kan så det kan bli bränd av
10/01/2020 03:10:36 PM 	 1601557836.0244513	Log_Type.RECOGNIZED_WORDS	right	om du vill köpa lite mer då
10/01/2020 03:11:05 PM 	 1601557865.661484	Log_Type.RECOGNIZED_WORDS	left	nej det som en butik
10/01/2020 03:11:10 PM 	 1601557870.4674938	Log_Type.RECOGNIZED_WORDS	left	om du
10/01/2020 03:11:15 PM 	 1601557875.2667994	Log_Type.RECOGNIZED_WORDS	left	någonting till utlandet eller till en kompis som
10/01/2020 03:11:20 PM 	 1601557880.44349	Log_Type.RECOGNIZED_WORDS	left	vad behöver du sätta på paketet för att för att det ska komma
10/01/2020 03:11:25 PM 	 1601557885.462521	Log_Type.RECOGNIZED_WORDS	left	ja
10/01/2020 03:11:29 PM 	 1601557889.933904	Log_Type.RECOGNIZED_WORDS	left	oj
10/01/2020 03:11:39 PM 	 1601557899.965982	Log_Type.RECOGNIZED_WORDS	left	vad kallar man om du tänker medans och sover vad kallas
10/01/2020 03:11:40 PM 	 1601557900.8453352	Log_Type.RECOGNIZED_WORDS	right	vad kallar man om du tänker men alltså sover
10/01/2020 03:11:58 PM 	 1601557918.8478293	Log_Type.RECOGNIZED_WORDS	right	den ska ju som
10/01/2020 03:12:03 PM 	 1601557923.781888	Log_Type.RECOGNIZED_WORDS	left	ja
10/01/2020 03:12:13 PM 	 1601557933.24032	Log_Type.RECOGNIZED_WORDS	left	nej men den är vit
10/01/2020 03:12:23 PM 	 1601557943.0061486	Log_Type.RECOGNIZED_WORDS	left	nej den äter så här
10/01/2020 03:12:23 PM 	 1601557943.7973576	Log_Type.RECOGNIZED_WORDS	right	jaha
10/01/2020 03:12:29 PM 	 1601557949.74827	Log_Type.RECOGNIZED_WORDS	right	sjölejon
10/01/2020 03:12:32 PM 	 1601557952.3987167	Log_Type.RECOGNIZED_WORDS	left	nej
10/01/2020 03:12:37 PM 	 1601557957.2097301	Log_Type.RECOGNIZED_WORDS	left	ja
10/01/2020 03:12:51 PM 	 1601557971.1590858	Log_Type.RECOGNIZED_WORDS	right	det är någonting som man använder för att göra musik en kategori
10/01/2020 03:12:51 PM 	 1601557971.6000276	Log_Type.RECOGNIZED_WORDS	left	använder för att göra musik en kategori på saker som man använder
10/01/2020 03:13:05 PM 	 1601557985.7682526	Log_Type.RECOGNIZED_WORDS	right	om du inte kan använda benen
10/01/2020 03:13:05 PM 	 1601557985.8721755	Log_Type.RECOGNIZED_WORDS	left	om du inte kan använda benen
10/01/2020 03:13:08 PM 	 1601557988.8308134	Log_Type.RECOGNIZED_WORDS	right	jaha
10/01/2020 03:13:10 PM 	 1601557990.757397	Log_Type.RECOGNIZED_WORDS	left	jaha
10/01/2020 03:13:21 PM 	 1601558001.1143582	Log_Type.RECOGNIZED_WORDS	left	någonstans mittemellan krokodil varför du då
10/01/2020 03:13:21 PM 	 1601558001.2756615	Log_Type.RECOGNIZED_WORDS	right	någonstans mittemellan krokodil
10/01/2020 03:13:30 PM 	 1601558010.6818116	Log_Type.RECOGNIZED_WORDS	left	ja
10/01/2020 03:13:39 PM 	 1601558019.9358628	Log_Type.RECOGNIZED_WORDS	left	var bor du
10/01/2020 03:13:49 PM 	 1601558029.530939	Log_Type.RECOGNIZED_WORDS	left	ja
10/01/2020 03:13:53 PM 	 1601558033.0846748	Log_Type.RECOGNIZED_WORDS	right	öppna di.se exempel eller ska jag att logga in
10/01/2020 03:14:08 PM 	 1601558048.897854	Log_Type.RECOGNIZED_WORDS	left	nej vad använder du
10/01/2020 03:14:11 PM 	 1601558051.5309167	Log_Type.RECOGNIZED_WORDS	right	vad använder du för att komma in så
10/01/2020 03:14:13 PM 	 1601558053.7024713	Log_Type.RECOGNIZED_WORDS	left	ja
10/01/2020 03:14:21 PM 	 1601558061.942288	Log_Type.RECOGNIZED_WORDS	right	min pappas bror
10/01/2020 03:14:23 PM 	 1601558063.2994616	Log_Type.RECOGNIZED_WORDS	left	sin pappas bror nej
10/01/2020 03:14:28 PM 	 1601558068.2953198	Log_Type.RECOGNIZED_WORDS	left	ja bruder
10/01/2020 03:14:37 PM 	 1601558077.8847654	Log_Type.RECOGNIZED_WORDS	left	ja nej
10/01/2020 03:14:40 PM 	 1601558080.4602928	Log_Type.RECOGNIZED_WORDS	right	låt som en släkt med din pappa
10/01/2020 03:14:42 PM 	 1601558082.8614323	Log_Type.RECOGNIZED_WORDS	left	släkt med din pappa
10/01/2020 03:14:47 PM 	 1601558087.70659	Log_Type.RECOGNIZED_WORDS	left	ja
10/01/2020 03:14:53 PM 	 1601558093.153493	Log_Type.RECOGNIZED_WORDS	right	om du inte har tid på
10/01/2020 03:14:59 PM 	 1601558099.3501837	Log_Type.RECOGNIZED_WORDS	right	och där och du kan äta det
10/01/2020 03:15:04 PM 	 1601558104.3388648	Log_Type.RECOGNIZED_WORDS	right	mat
10/01/2020 03:15:06 PM 	 1601558106.3963578	Log_Type.RECOGNIZED_WORDS	left	mat lunch
10/01/2020 03:15:11 PM 	 1601558111.3171315	Log_Type.RECOGNIZED_WORDS	left	nära men inte
10/01/2020 03:15:20 PM 	 1601558120.2653384	Log_Type.RECOGNIZED_WORDS	right	och som man gör
10/01/2020 03:15:20 PM 	 1601558120.8564978	Log_Type.RECOGNIZED_WORDS	left	en sport som man gör på
10/01/2020 03:15:25 PM 	 1601558125.6712515	Log_Type.RECOGNIZED_WORDS	left	ja
10/01/2020 03:15:35 PM 	 1601558135.2557876	Log_Type.RECOGNIZED_WORDS	left	det här är ett djur
10/01/2020 03:15:38 PM 	 1601558138.6240587	Log_Type.RECOGNIZED_WORDS	right	ja
10/01/2020 03:15:40 PM 	 1601558140.0692704	Log_Type.RECOGNIZED_WORDS	left	på berg
10/01/2020 03:15:49 PM 	 1601558149.6976304	Log_Type.RECOGNIZED_WORDS	left	nära men
10/01/2020 03:15:58 PM 	 1601558158.2797017	Log_Type.RECOGNIZED_WORDS	right	spindel
10/01/2020 03:15:59 PM 	 1601558159.36356	Log_Type.RECOGNIZED_WORDS	left	ja
10/01/2020 03:16:04 PM 	 1601558164.2005816	Log_Type.RECOGNIZED_WORDS	left	oj det är någonting som sitter på
10/01/2020 03:16:05 PM 	 1601558165.350183	Log_Type.RECOGNIZED_WORDS	right	det är någonting som sitter på en byggnad
10/01/2020 03:16:09 PM 	 1601558169.4920979	Log_Type.RECOGNIZED_WORDS	left	som som en religiös byggnad
10/01/2020 03:16:15 PM 	 1601558175.9447393	Log_Type.RECOGNIZED_WORDS	right	kylskåp
10/01/2020 03:16:22 PM 	 1601558182.713603	Log_Type.RECOGNIZED_WORDS	right	det går bara din klär på den
10/01/2020 03:16:23 PM 	 1601558183.5491788	Log_Type.RECOGNIZED_WORDS	left	ja
10/01/2020 03:16:50 PM 	 1601558210.3556275	Log_Type.RECOGNIZED_WORDS	right	när någon har dött
10/01/2020 03:16:51 PM 	 1601558211.2759557	Log_Type.RECOGNIZED_WORDS	left	någon har har dött så kan man sätta upp
10/01/2020 03:16:56 PM 	 1601558216.276199	Log_Type.RECOGNIZED_WORDS	left	hedra minnet av den personen
10/01/2020 03:16:58 PM 	 1601558218.828891	Log_Type.RECOGNIZED_WORDS	right	ja
10/01/2020 03:17:00 PM 	 1601558220.990898	Log_Type.RECOGNIZED_WORDS	left	ja
10/01/2020 03:17:16 PM 	 1601558236.5825934	Log_Type.RECOGNIZED_WORDS	right	guld
10/01/2020 03:17:19 PM 	 1601558239.226603	Log_Type.RECOGNIZED_WORDS	left	guld nej
10/01/2020 03:17:24 PM 	 1601558244.3222258	Log_Type.RECOGNIZED_WORDS	left	båda tror jag från början från från träd
10/01/2020 03:17:27 PM 	 1601558247.9315996	Log_Type.RECOGNIZED_WORDS	right	vad är det här för låt
10/01/2020 03:17:29 PM 	 1601558249.3991618	Log_Type.RECOGNIZED_WORDS	left	väldigt lång tid har gått
10/01/2020 03:17:34 PM 	 1601558254.1189084	Log_Type.RECOGNIZED_WORDS	left	stena
10/01/2020 03:17:34 PM 	 1601558254.6540549	Log_Type.RECOGNIZED_WORDS	right	stenar
10/01/2020 03:17:38 PM 	 1601558258.78729	Log_Type.RECOGNIZED_WORDS	left	ja
10/01/2020 03:17:43 PM 	 1601558263.2386732	Log_Type.RECOGNIZED_WORDS	right	hur många personer har dom i dom
10/01/2020 03:17:48 PM 	 1601558268.601548	Log_Type.RECOGNIZED_WORDS	right	du kan kalla den
10/01/2020 03:17:52 PM 	 1601558272.8350062	Log_Type.RECOGNIZED_WORDS	left	ja
10/01/2020 03:17:57 PM 	 1601558277.6512904	Log_Type.RECOGNIZED_WORDS	left	barn får inte handla på
10/01/2020 03:17:58 PM 	 1601558278.8623881	Log_Type.RECOGNIZED_WORDS	right	barn får inte handla på
10/01/2020 03:18:02 PM 	 1601558282.3593667	Log_Type.RECOGNIZED_WORDS	left	systembolaget på grund av det här
10/01/2020 03:18:12 PM 	 1601558292.149589	Log_Type.RECOGNIZED_WORDS	right	åldersgränsen
10/01/2020 03:18:16 PM 	 1601558296.565639	Log_Type.RECOGNIZED_WORDS	left	jaha
10/01/2020 03:18:21 PM 	 1601558301.2399344	Log_Type.RECOGNIZED_WORDS	left	det här används för när vi ska bli
10/01/2020 03:18:24 PM 	 1601558304.0307643	Log_Type.RECOGNIZED_WORDS	right	det här används för när vi ska bestämma en ny regering
10/01/2020 03:18:26 PM 	 1601558306.2101896	Log_Type.RECOGNIZED_WORDS	left	regering i sverige till exempel
10/01/2020 03:18:35 PM 	 1601558315.642316	Log_Type.RECOGNIZED_WORDS	left	ja
10/01/2020 03:18:41 PM 	 1601558321.2488704	Log_Type.RECOGNIZED_WORDS	right	en kropp
10/01/2020 03:18:58 PM 	 1601558338.894884	Log_Type.RECOGNIZED_WORDS	left	ja
10/01/2020 03:19:04 PM 	 1601558344.0235205	Log_Type.RECOGNIZED_WORDS	right	mm
10/01/2020 03:19:04 PM 	 1601558344.2444308	Log_Type.RECOGNIZED_WORDS	left	det här från sig själv till någon annan
10/01/2020 03:19:13 PM 	 1601558353.6562862	Log_Type.RECOGNIZED_WORDS	left	ja ja
10/01/2020 03:19:18 PM 	 1601558358.6466043	Log_Type.RECOGNIZED_WORDS	left	det är ett typ av boende
10/01/2020 03:19:24 PM 	 1601558364.0355632	Log_Type.RECOGNIZED_WORDS	right	serien stan
10/01/2020 03:19:47 PM 	 1601558387.0314481	Log_Type.RECOGNIZED_WORDS	left	vet du vad hände där flera
10/01/2020 03:19:48 PM 	 1601558388.913869	Log_Type.RECOGNIZED_WORDS	right	pausa
10/01/2020 03:19:51 PM 	 1601558391.9441564	Log_Type.RECOGNIZED_WORDS	left	de sitter ihop med varandra
10/01/2020 03:20:01 PM 	 1601558401.5454416	Log_Type.RECOGNIZED_WORDS	left	jaha
10/01/2020 03:20:06 PM 	 1601558406.532932	Log_Type.RECOGNIZED_WORDS	left	har en väldigt sen sån här
10/01/2020 03:20:20 PM 	 1601558420.8518422	Log_Type.RECOGNIZED_WORDS	left	lite känd röd sån här typ av
10/01/2020 03:20:25 PM 	 1601558425.8544118	Log_Type.RECOGNIZED_WORDS	left	ja
10/01/2020 03:20:26 PM 	 1601558426.0516577	Log_Type.RECOGNIZED_WORDS	right	på dig
10/01/2020 03:20:30 PM 	 1601558430.6773043	Log_Type.RECOGNIZED_WORDS	left	jaha
10/01/2020 03:20:42 PM 	 1601558442.6624095	Log_Type.RECOGNIZED_WORDS	right	kungen
10/01/2020 03:20:44 PM 	 1601558444.4121437	Log_Type.RECOGNIZED_WORDS	left	kungen
10/01/2020 03:20:55 PM 	 1601558455.8531687	Log_Type.RECOGNIZED_WORDS	right	biskop
