10/01/2020 05:29:49 PM 	 1601566189.1952033	Log_Type.CONFIG	INIT_USER	left
10/01/2020 05:29:49 PM 	 1601566189.200861	Log_Type.CONFIG	INIT_USER	right
10/01/2020 05:29:55 PM 	 1601566195.685584	Log_Type.RECOGNIZED_WORDS	left	en kvinnlig
10/01/2020 05:29:58 PM 	 1601566198.2757018	Log_Type.RECOGNIZED_WORDS	right	ledare över ryssland
10/01/2020 05:30:01 PM 	 1601566201.283231	Log_Type.RECOGNIZED_WORDS	right	monarki
10/01/2020 05:30:02 PM 	 1601566202.2211905	Log_Type.RECOGNIZED_WORDS	left	monarki
10/01/2020 05:30:06 PM 	 1601566206.6653237	Log_Type.RECOGNIZED_WORDS	right	regent i storbritannien
10/01/2020 05:30:07 PM 	 1601566207.1513114	Log_Type.RECOGNIZED_WORDS	left	regent i storbritannien
10/01/2020 05:30:11 PM 	 1601566211.8456502	Log_Type.RECOGNIZED_WORDS	left	väldigt gammal
10/01/2020 05:30:15 PM 	 1601566215.3832788	Log_Type.RECOGNIZED_WORDS	right	som ledaren land
10/01/2020 05:30:19 PM 	 1601566219.0943725	Log_Type.RECOGNIZED_WORDS	right	kvinna
10/01/2020 05:30:21 PM 	 1601566221.5646636	Log_Type.RECOGNIZED_WORDS	left	kvinna
10/01/2020 05:30:23 PM 	 1601566223.1694787	Log_Type.RECOGNIZED_WORDS	right	drottning
10/01/2020 05:30:35 PM 	 1601566235.721477	Log_Type.RECOGNIZED_WORDS	left	nånting läskigt som ofta är
10/01/2020 05:30:36 PM 	 1601566236.1584008	Log_Type.RECOGNIZED_WORDS	right	någonting läskigt som ofta är
10/01/2020 05:30:42 PM 	 1601566242.7684226	Log_Type.RECOGNIZED_WORDS	right	och sen barnen gillar inte tror jag
10/01/2020 05:30:52 PM 	 1601566252.3163784	Log_Type.RECOGNIZED_WORDS	right	med
10/01/2020 05:30:54 PM 	 1601566254.5546653	Log_Type.RECOGNIZED_WORDS	left	ja
10/01/2020 05:30:59 PM 	 1601566259.4371393	Log_Type.RECOGNIZED_WORDS	left	det här är en slags valuta för att skicka
10/01/2020 05:30:59 PM 	 1601566259.7126412	Log_Type.RECOGNIZED_WORDS	right	valuta
10/01/2020 05:31:04 PM 	 1601566264.6171718	Log_Type.RECOGNIZED_WORDS	right	men
10/01/2020 05:31:09 PM 	 1601566269.195335	Log_Type.RECOGNIZED_WORDS	left	den vändas in den här
10/01/2020 05:31:10 PM 	 1601566270.884939	Log_Type.RECOGNIZED_WORDS	right	de användas in den här landet
10/01/2020 05:31:23 PM 	 1601566283.7603657	Log_Type.RECOGNIZED_WORDS	right	kan man använda för att
10/01/2020 05:31:28 PM 	 1601566288.1793423	Log_Type.RECOGNIZED_WORDS	left	gör en bild måla
10/01/2020 05:31:28 PM 	 1601566288.8702912	Log_Type.RECOGNIZED_WORDS	right	gör en bild en bild
10/01/2020 05:31:33 PM 	 1601566293.6896093	Log_Type.RECOGNIZED_WORDS	left	den är mjuk
10/01/2020 05:31:34 PM 	 1601566294.5285983	Log_Type.RECOGNIZED_WORDS	right	music
10/01/2020 05:31:39 PM 	 1601566299.2850647	Log_Type.RECOGNIZED_WORDS	left	men över en duk eller ett papper
10/01/2020 05:31:44 PM 	 1601566304.9984171	Log_Type.RECOGNIZED_WORDS	right	jaha
10/01/2020 05:31:48 PM 	 1601566308.887396	Log_Type.RECOGNIZED_WORDS	right	manor tuk
10/01/2020 05:31:53 PM 	 1601566313.058983	Log_Type.RECOGNIZED_WORDS	right	plats för att köpa medicin
10/01/2020 05:31:58 PM 	 1601566318.8310053	Log_Type.RECOGNIZED_WORDS	left	mer specifikt för lack
10/01/2020 05:32:06 PM 	 1601566326.2230663	Log_Type.RECOGNIZED_WORDS	right	köper man leker med dem
10/01/2020 05:32:12 PM 	 1601566332.97918	Log_Type.RECOGNIZED_WORDS	left	en affär som bara säljer medicin och läkemedel
10/01/2020 05:32:14 PM 	 1601566334.5926979	Log_Type.RECOGNIZED_WORDS	right	ändra färg bara säger medicin och läkemedel
10/01/2020 05:32:20 PM 	 1601566340.1787632	Log_Type.RECOGNIZED_WORDS	right	vad heter affären som säljer media
10/01/2020 05:32:22 PM 	 1601566342.6808312	Log_Type.RECOGNIZED_WORDS	left	medicin
10/01/2020 05:32:25 PM 	 1601566345.0640988	Log_Type.RECOGNIZED_WORDS	right	insekt
10/01/2020 05:32:31 PM 	 1601566351.0552502	Log_Type.RECOGNIZED_WORDS	right	ibland älskling månen
10/01/2020 05:32:32 PM 	 1601566352.5117447	Log_Type.RECOGNIZED_WORDS	left	ibland upp i molnen så bildas stor
10/01/2020 05:32:37 PM 	 1601566357.2472627	Log_Type.RECOGNIZED_WORDS	left	och jag
10/01/2020 05:32:45 PM 	 1601566365.7144904	Log_Type.RECOGNIZED_WORDS	right	det
10/01/2020 05:32:51 PM 	 1601566371.0762908	Log_Type.RECOGNIZED_WORDS	left	vingarna
10/01/2020 05:32:52 PM 	 1601566372.3845215	Log_Type.RECOGNIZED_WORDS	right	vingarna på en fågel
10/01/2020 05:32:57 PM 	 1601566377.1945498	Log_Type.RECOGNIZED_WORDS	right	och så sen man kan använda det
10/01/2020 05:33:00 PM 	 1601566380.4273543	Log_Type.RECOGNIZED_WORDS	left	skriva
10/01/2020 05:33:02 PM 	 1601566382.3562124	Log_Type.RECOGNIZED_WORDS	right	skriva man använda tätt förut
10/01/2020 05:33:06 PM 	 1601566386.5394914	Log_Type.RECOGNIZED_WORDS	right	väder
10/01/2020 05:33:14 PM 	 1601566394.5336235	Log_Type.RECOGNIZED_WORDS	left	ganska stor fågel rovfågel
10/01/2020 05:33:19 PM 	 1601566399.241362	Log_Type.RECOGNIZED_WORDS	left	ögon och kan vrida nacken
10/01/2020 05:33:20 PM 	 1601566400.7970097	Log_Type.RECOGNIZED_WORDS	right	väldigt mycket
10/01/2020 05:33:26 PM 	 1601566406.097586	Log_Type.RECOGNIZED_WORDS	right	180 grader celsius
10/01/2020 05:33:28 PM 	 1601566408.7287493	Log_Type.RECOGNIZED_WORDS	left	ja
10/01/2020 05:33:36 PM 	 1601566416.2057884	Log_Type.RECOGNIZED_WORDS	right	kitchenaid
10/01/2020 05:33:38 PM 	 1601566418.1905158	Log_Type.RECOGNIZED_WORDS	left	skriver en examen
10/01/2020 05:33:41 PM 	 1601566421.4299664	Log_Type.RECOGNIZED_WORDS	right	efter för du en resultat
10/01/2020 05:33:48 PM 	 1601566428.3913286	Log_Type.RECOGNIZED_WORDS	left	omdöme
10/01/2020 05:33:51 PM 	 1601566431.9513063	Log_Type.RECOGNIZED_WORDS	right	sfi omdöme
10/01/2020 05:33:53 PM 	 1601566433.1411278	Log_Type.RECOGNIZED_WORDS	left	omdöme på en viss kurs eller
10/01/2020 05:34:02 PM 	 1601566442.6221077	Log_Type.RECOGNIZED_WORDS	left	en
10/01/2020 05:34:07 PM 	 1601566447.540118	Log_Type.RECOGNIZED_WORDS	left	med bland annat hjorthornssalt
10/01/2020 05:34:12 PM 	 1601566452.2294652	Log_Type.RECOGNIZED_WORDS	left	frasig
10/01/2020 05:34:18 PM 	 1601566458.2722967	Log_Type.RECOGNIZED_WORDS	right	nej
10/01/2020 05:34:21 PM 	 1601566461.9605117	Log_Type.RECOGNIZED_WORDS	left	nej sätt den här den bara
10/01/2020 05:34:24 PM 	 1601566464.6188915	Log_Type.RECOGNIZED_WORDS	right	sätt den här bara
10/01/2020 05:34:27 PM 	 1601566467.6706216	Log_Type.RECOGNIZED_WORDS	left	specifik frukt eller tradera
10/01/2020 05:34:32 PM 	 1601566472.4983683	Log_Type.RECOGNIZED_WORDS	left	någonting som man kan göra när man sover
10/01/2020 05:34:41 PM 	 1601566481.727374	Log_Type.RECOGNIZED_WORDS	right	jaha så det de gör
10/01/2020 05:34:41 PM 	 1601566481.8662708	Log_Type.RECOGNIZED_WORDS	left	det gör man inte
10/01/2020 05:34:47 PM 	 1601566487.0082483	Log_Type.RECOGNIZED_WORDS	left	en
10/01/2020 05:34:48 PM 	 1601566488.1876786	Log_Type.RECOGNIZED_WORDS	right	vilken djur är det sist
10/01/2020 05:34:51 PM 	 1601566491.9097257	Log_Type.RECOGNIZED_WORDS	left	som man äter
10/01/2020 05:34:57 PM 	 1601566497.0452843	Log_Type.RECOGNIZED_WORDS	left	mer specifikt just rum
10/01/2020 05:35:01 PM 	 1601566501.737963	Log_Type.RECOGNIZED_WORDS	left	grisen
10/01/2020 05:35:08 PM 	 1601566508.7917047	Log_Type.RECOGNIZED_WORDS	right	nmr
10/01/2020 05:35:11 PM 	 1601566511.9842565	Log_Type.RECOGNIZED_WORDS	left	kommit först man har vunnit man får så högt
10/01/2020 05:35:16 PM 	 1601566516.8305655	Log_Type.RECOGNIZED_WORDS	left	får man ett pris
10/01/2020 05:35:21 PM 	 1601566521.9216523	Log_Type.RECOGNIZED_WORDS	left	ja den bästa
10/01/2020 05:35:22 PM 	 1601566522.661426	Log_Type.RECOGNIZED_WORDS	right	the specific men om du vinner
10/01/2020 05:35:26 PM 	 1601566526.5819786	Log_Type.RECOGNIZED_WORDS	left	yes
10/01/2020 05:35:31 PM 	 1601566531.3735344	Log_Type.RECOGNIZED_WORDS	left	någon som gör
10/01/2020 05:35:36 PM 	 1601566536.3950624	Log_Type.RECOGNIZED_WORDS	left	och bröd i ett kök
10/01/2020 05:35:39 PM 	 1601566539.492356	Log_Type.RECOGNIZED_WORDS	right	gospel tv
10/01/2020 05:35:41 PM 	 1601566541.1828997	Log_Type.RECOGNIZED_WORDS	left	tidigt på morgonen
10/01/2020 05:35:44 PM 	 1601566544.7371557	Log_Type.RECOGNIZED_WORDS	right	kan du laga fika
10/01/2020 05:35:50 PM 	 1601566550.6334794	Log_Type.RECOGNIZED_WORDS	left	yes
10/01/2020 05:35:55 PM 	 1601566555.7710402	Log_Type.RECOGNIZED_WORDS	right	åtta ben
10/01/2020 05:35:55 PM 	 1601566555.8044014	Log_Type.RECOGNIZED_WORDS	left	n8 benade
10/01/2020 05:36:00 PM 	 1601566560.6410515	Log_Type.RECOGNIZED_WORDS	right	insekt
10/01/2020 05:36:05 PM 	 1601566565.7548761	Log_Type.RECOGNIZED_WORDS	right	kan man se detta
10/01/2020 05:36:05 PM 	 1601566565.8229556	Log_Type.RECOGNIZED_WORDS	left	insekter
10/01/2020 05:36:10 PM 	 1601566570.6450365	Log_Type.RECOGNIZED_WORDS	right	när man har sex
10/01/2020 05:36:10 PM 	 1601566570.698354	Log_Type.RECOGNIZED_WORDS	left	när man har dött och
10/01/2020 05:36:14 PM 	 1601566574.0126593	Log_Type.RECOGNIZED_WORDS	right	jag vill ha en
10/01/2020 05:36:15 PM 	 1601566575.9429495	Log_Type.RECOGNIZED_WORDS	left	anhöriga vill ha en minnesplats för en så för
10/01/2020 05:36:18 PM 	 1601566578.702964	Log_Type.RECOGNIZED_WORDS	right	monument
10/01/2020 05:36:20 PM 	 1601566580.9482868	Log_Type.RECOGNIZED_WORDS	left	monument ofta på en kyrkor
10/01/2020 05:36:23 PM 	 1601566583.725607	Log_Type.RECOGNIZED_WORDS	right	12
10/01/2020 05:36:42 PM 	 1601566602.8518777	Log_Type.RECOGNIZED_WORDS	right	ibland falkenhall
10/01/2020 05:36:48 PM 	 1601566608.2881038	Log_Type.RECOGNIZED_WORDS	right	hemma
10/01/2020 05:36:49 PM 	 1601566609.8828437	Log_Type.RECOGNIZED_WORDS	left	människor vill ha mindre
10/01/2020 05:36:54 PM 	 1601566614.7848706	Log_Type.RECOGNIZED_WORDS	left	ta hand om och umgås med
10/01/2020 05:36:59 PM 	 1601566619.714616	Log_Type.RECOGNIZED_WORDS	left	barn eller människor
10/01/2020 05:37:00 PM 	 1601566620.8258724	Log_Type.RECOGNIZED_WORDS	right	men jag fortfarande levande
10/01/2020 05:37:04 PM 	 1601566624.4119923	Log_Type.RECOGNIZED_WORDS	left	jaha
10/01/2020 05:37:09 PM 	 1601566629.2248538	Log_Type.RECOGNIZED_WORDS	left	ett gammalt material
10/01/2020 05:37:10 PM 	 1601566630.7157211	Log_Type.RECOGNIZED_WORDS	right	gammal material tillverkad
10/01/2020 05:37:13 PM 	 1601566633.877528	Log_Type.RECOGNIZED_WORDS	right	stenar
10/01/2020 05:37:14 PM 	 1601566634.0724807	Log_Type.RECOGNIZED_WORDS	left	kåda
10/01/2020 05:37:19 PM 	 1601566639.3614361	Log_Type.RECOGNIZED_WORDS	left	sådan som är gjord av kåda som legat
10/01/2020 05:37:24 PM 	 1601566644.2021916	Log_Type.RECOGNIZED_WORDS	left	väldigt lång tid
10/01/2020 05:37:29 PM 	 1601566649.8679812	Log_Type.RECOGNIZED_WORDS	left	ja och den har en viss gyllen
10/01/2020 05:37:34 PM 	 1601566654.8764615	Log_Type.RECOGNIZED_WORDS	left	yes
10/01/2020 05:37:39 PM 	 1601566659.6314983	Log_Type.RECOGNIZED_WORDS	right	stranger
10/01/2020 05:37:39 PM 	 1601566659.9656336	Log_Type.RECOGNIZED_WORDS	left	mjölk
10/01/2020 05:37:45 PM 	 1601566665.0413592	Log_Type.RECOGNIZED_WORDS	left	halsfluss
10/01/2020 05:37:46 PM 	 1601566666.3267863	Log_Type.RECOGNIZED_WORDS	right	somebody call slant
10/01/2020 05:37:49 PM 	 1601566669.869502	Log_Type.RECOGNIZED_WORDS	left	isbjörn
10/01/2020 05:37:54 PM 	 1601566674.4824624	Log_Type.RECOGNIZED_WORDS	right	en
10/01/2020 05:37:54 PM 	 1601566674.5097392	Log_Type.RECOGNIZED_WORDS	left	a n
10/01/2020 05:37:59 PM 	 1601566679.552067	Log_Type.RECOGNIZED_WORDS	left	levande varelse som får energi genom
10/01/2020 05:38:00 PM 	 1601566680.0721397	Log_Type.RECOGNIZED_WORDS	right	levande varelser som får energi genom
10/01/2020 05:38:04 PM 	 1601566684.2915034	Log_Type.RECOGNIZED_WORDS	left	klorofyll
10/01/2020 05:38:10 PM 	 1601566690.35267	Log_Type.RECOGNIZED_WORDS	left	liten sådan som är i en behållare
10/01/2020 05:38:21 PM 	 1601566701.2612085	Log_Type.RECOGNIZED_WORDS	right	väder äter man ibland
10/01/2020 05:38:25 PM 	 1601566705.14249	Log_Type.RECOGNIZED_WORDS	right	toyota
10/01/2020 05:38:27 PM 	 1601566707.0164156	Log_Type.RECOGNIZED_WORDS	right	sätt på
10/01/2020 05:38:29 PM 	 1601566709.2444406	Log_Type.RECOGNIZED_WORDS	left	ganska billigt och inte så jätte
10/01/2020 05:38:31 PM 	 1601566711.8209891	Log_Type.RECOGNIZED_WORDS	right	hälsa
10/01/2020 05:38:39 PM 	 1601566719.1692085	Log_Type.RECOGNIZED_WORDS	left	det här
10/01/2020 05:38:40 PM 	 1601566720.5341647	Log_Type.RECOGNIZED_WORDS	right	hälsa instrument
10/01/2020 05:38:44 PM 	 1601566724.2109933	Log_Type.RECOGNIZED_WORDS	left	som får ljud
10/01/2020 05:38:46 PM 	 1601566726.6592784	Log_Type.RECOGNIZED_WORDS	right	säg hej
10/01/2020 05:38:49 PM 	 1601566729.2888145	Log_Type.RECOGNIZED_WORDS	left	genom
10/01/2020 05:38:54 PM 	 1601566734.2251523	Log_Type.RECOGNIZED_WORDS	left	xylofon
10/01/2020 05:38:59 PM 	 1601566739.191099	Log_Type.RECOGNIZED_WORDS	left	men det det finns många olika
10/01/2020 05:39:03 PM 	 1601566743.2623498	Log_Type.RECOGNIZED_WORDS	right	exempel
10/01/2020 05:39:05 PM 	 1601566745.0031838	Log_Type.RECOGNIZED_WORDS	left	trummor är ett exempel på sån här istället
10/01/2020 05:39:23 PM 	 1601566763.8941	Log_Type.RECOGNIZED_WORDS	left	de som använder för att hålla sin telefon eller
10/01/2020 05:39:28 PM 	 1601566768.5822284	Log_Type.RECOGNIZED_WORDS	left	från andra
10/01/2020 05:39:31 PM 	 1601566771.7585897	Log_Type.RECOGNIZED_WORDS	right	cementsäck letsdeal.se
10/01/2020 05:39:34 PM 	 1601566774.6741207	Log_Type.RECOGNIZED_WORDS	right	bara du vet
10/01/2020 05:39:47 PM 	 1601566787.7147524	Log_Type.RECOGNIZED_WORDS	left	det här är en stor slags get
10/01/2020 05:39:47 PM 	 1601566787.8838031	Log_Type.RECOGNIZED_WORDS	right	tänd stor 6
10/01/2020 05:39:52 PM 	 1601566792.6219242	Log_Type.RECOGNIZED_WORDS	left	horn
10/01/2020 05:39:56 PM 	 1601566796.4486547	Log_Type.RECOGNIZED_WORDS	right	nej ännu större
10/01/2020 05:39:57 PM 	 1601566797.847851	Log_Type.RECOGNIZED_WORDS	left	nej ännu större hon och det här är den
10/01/2020 05:40:01 PM 	 1601566801.547998	Log_Type.RECOGNIZED_WORDS	right	manliga varianten på
10/01/2020 05:40:03 PM 	 1601566803.4933407	Log_Type.RECOGNIZED_WORDS	left	varianten på den
10/01/2020 05:40:08 PM 	 1601566808.4338357	Log_Type.RECOGNIZED_WORDS	left	stenbock
10/01/2020 05:40:15 PM 	 1601566815.8559942	Log_Type.RECOGNIZED_WORDS	right	en mormor
10/01/2020 05:40:17 PM 	 1601566817.8978722	Log_Type.RECOGNIZED_WORDS	left	mormor har
10/01/2020 05:40:18 PM 	 1601566818.2100368	Log_Type.RECOGNIZED_WORDS	right	de
10/01/2020 05:40:21 PM 	 1601566821.0239887	Log_Type.RECOGNIZED_WORDS	right	de är små
10/01/2020 05:40:32 PM 	 1601566832.0246482	Log_Type.RECOGNIZED_WORDS	left	har man gjort illa sina ben eller fötter och inte
10/01/2020 05:40:37 PM 	 1601566837.4055243	Log_Type.RECOGNIZED_WORDS	left	sätta sig i en sån här och ta sig fram ändå
10/01/2020 05:40:51 PM 	 1601566851.61283	Log_Type.RECOGNIZED_WORDS	left	den högsta delen av en gammal relä
10/01/2020 05:40:56 PM 	 1601566856.7824478	Log_Type.RECOGNIZED_WORDS	left	kyltorn
10/01/2020 05:40:57 PM 	 1601566857.3539472	Log_Type.RECOGNIZED_WORDS	right	22
10/01/2020 05:41:00 PM 	 1601566860.9803238	Log_Type.RECOGNIZED_WORDS	right	hemma
10/01/2020 05:41:01 PM 	 1601566861.60266	Log_Type.RECOGNIZED_WORDS	left	hemma
10/01/2020 05:41:06 PM 	 1601566866.0308297	Log_Type.RECOGNIZED_WORDS	right	använda det för att ha kläder där
10/01/2020 05:41:16 PM 	 1601566876.020268	Log_Type.RECOGNIZED_WORDS	left	det skåp
10/01/2020 05:41:25 PM 	 1601566885.6124012	Log_Type.RECOGNIZED_WORDS	left	för kvinnor kom det här i sverige på
10/01/2020 05:41:25 PM 	 1601566885.89058	Log_Type.RECOGNIZED_WORDS	right	kvinnor på det här i sverige
10/01/2020 05:41:30 PM 	 1601566890.7026274	Log_Type.RECOGNIZED_WORDS	left	100 talet då det handlar om dem
10/01/2020 05:41:31 PM 	 1601566891.1830883	Log_Type.RECOGNIZED_WORDS	right	det handlar om demokrati
10/01/2020 05:41:35 PM 	 1601566895.4902558	Log_Type.RECOGNIZED_WORDS	left	alla ska kunna säga till om saker
10/01/2020 05:41:50 PM 	 1601566910.1504471	Log_Type.RECOGNIZED_WORDS	left	vakna upp på natten och känna sig alldeles skrämd
10/01/2020 05:41:59 PM 	 1601566919.9846306	Log_Type.RECOGNIZED_WORDS	right	när sover de kommer runt
10/01/2020 05:42:13 PM 	 1601566933.4938903	Log_Type.RECOGNIZED_WORDS	left	det finns sju sådana här i världen
10/01/2020 05:42:14 PM 	 1601566934.350764	Log_Type.RECOGNIZED_WORDS	right	7 i världen
10/01/2020 05:42:18 PM 	 1601566938.5505764	Log_Type.RECOGNIZED_WORDS	left	det är ofta gamla skapelser
10/01/2020 05:42:20 PM 	 1601566940.5419352	Log_Type.RECOGNIZED_WORDS	right	kan du skånska
10/01/2020 05:42:23 PM 	 1601566943.389097	Log_Type.RECOGNIZED_WORDS	left	ja gamla
10/01/2020 05:42:28 PM 	 1601566948.2021685	Log_Type.RECOGNIZED_WORDS	left	som har stått kvar länge
10/01/2020 05:42:41 PM 	 1601566961.898944	Log_Type.RECOGNIZED_WORDS	left	det här är någon som använder ett slagverk
10/01/2020 05:42:46 PM 	 1601566966.125437	Log_Type.RECOGNIZED_WORDS	right	man kan inte se
10/01/2020 05:42:46 PM 	 1601566966.6793053	Log_Type.RECOGNIZED_WORDS	left	mer
10/01/2020 05:42:51 PM 	 1601566971.066555	Log_Type.RECOGNIZED_WORDS	right	parat
10/01/2020 05:42:52 PM 	 1601566972.0173945	Log_Type.RECOGNIZED_WORDS	left	ofta en parad för att hålla
10/01/2020 05:42:55 PM 	 1601566975.8673594	Log_Type.RECOGNIZED_WORDS	right	musical
10/01/2020 05:42:56 PM 	 1601566976.6991205	Log_Type.RECOGNIZED_WORDS	left	musiker
10/01/2020 05:42:59 PM 	 1601566979.6219764	Log_Type.RECOGNIZED_WORDS	right	ganska bra med takten
10/01/2020 05:43:11 PM 	 1601566991.0443456	Log_Type.RECOGNIZED_WORDS	left	om regering
10/01/2020 05:43:12 PM 	 1601566992.788321	Log_Type.RECOGNIZED_WORDS	right	undrar bara
10/01/2020 05:43:14 PM 	 1601566994.9443367	Log_Type.RECOGNIZED_WORDS	right	ändra
10/01/2020 05:43:15 PM 	 1601566995.7476294	Log_Type.RECOGNIZED_WORDS	left	populationen undrar så kan
10/01/2020 05:43:20 PM 	 1601567000.9069235	Log_Type.RECOGNIZED_WORDS	left	sån här för att få veta
10/01/2020 05:43:35 PM 	 1601567015.1142654	Log_Type.RECOGNIZED_WORDS	left	det här är de i kroppen
10/01/2020 05:43:37 PM 	 1601567017.0685105	Log_Type.RECOGNIZED_WORDS	right	kroppen som
10/01/2020 05:43:39 PM 	 1601567019.9795468	Log_Type.RECOGNIZED_WORDS	left	levererar syre
10/01/2020 05:43:44 PM 	 1601567024.8887103	Log_Type.RECOGNIZED_WORDS	left	tror jag
10/01/2020 05:43:49 PM 	 1601567029.0331268	Log_Type.RECOGNIZED_WORDS	right	nej det ens om det
10/01/2020 05:43:49 PM 	 1601567029.6180384	Log_Type.RECOGNIZED_WORDS	left	fluffig
10/01/2020 05:43:54 PM 	 1601567034.475733	Log_Type.RECOGNIZED_WORDS	left	en till
10/01/2020 05:43:57 PM 	 1601567037.4668956	Log_Type.RECOGNIZED_WORDS	right	en del av kroppen är ganska smådel
10/01/2020 05:44:08 PM 	 1601567048.496592	Log_Type.RECOGNIZED_WORDS	left	det här är ett väldigt stort verktyg
10/01/2020 05:44:09 PM 	 1601567049.0175614	Log_Type.RECOGNIZED_WORDS	right	det här är ett väldigt stort verktyg
10/01/2020 05:44:13 PM 	 1601567053.5622802	Log_Type.RECOGNIZED_WORDS	left	ett grund eller någonting
10/01/2020 05:44:18 PM 	 1601567058.9202135	Log_Type.RECOGNIZED_WORDS	left	och den specifik version av den här
10/01/2020 05:44:19 PM 	 1601567059.8344917	Log_Type.RECOGNIZED_WORDS	right	despacito
10/01/2020 05:44:23 PM 	 1601567063.9203331	Log_Type.RECOGNIZED_WORDS	left	ja
10/01/2020 05:44:33 PM 	 1601567073.3317835	Log_Type.RECOGNIZED_WORDS	left	många tv-serier har i burk
10/01/2020 05:44:34 PM 	 1601567074.3241591	Log_Type.RECOGNIZED_WORDS	right	hur många tv-serier har i början
10/01/2020 05:44:38 PM 	 1601567078.635062	Log_Type.RECOGNIZED_WORDS	left	som att bli likadant
10/01/2020 05:44:43 PM 	 1601567083.4985514	Log_Type.RECOGNIZED_WORDS	left	serien
10/01/2020 05:44:48 PM 	 1601567088.5899541	Log_Type.RECOGNIZED_WORDS	right	musikalisk synonym
10/01/2020 05:44:49 PM 	 1601567089.05834	Log_Type.RECOGNIZED_WORDS	left	lufta någon slags musikalisk trudelutt
10/01/2020 05:44:53 PM 	 1601567093.8198912	Log_Type.RECOGNIZED_WORDS	left	ja
10/01/2020 05:44:59 PM 	 1601567099.0504112	Log_Type.RECOGNIZED_WORDS	left	också en sån men det är det någonting som
10/01/2020 05:45:00 PM 	 1601567100.1978312	Log_Type.RECOGNIZED_WORDS	right	visa till mig kan också ha en sån
10/01/2020 05:45:03 PM 	 1601567103.8309453	Log_Type.RECOGNIZED_WORDS	left	kommer och tillhör en viss serie eller
10/01/2020 05:45:18 PM 	 1601567118.0655904	Log_Type.RECOGNIZED_WORDS	left	du är duktig
