09/24/2020 04:46:18 PM 	 1600958778.3093097	Log_Type.CONFIG	INIT_USER	left
09/24/2020 04:46:18 PM 	 1600958778.3150685	Log_Type.CONFIG	INIT_USER	right
09/24/2020 04:46:27 PM 	 1600958787.0765696	Log_Type.RECOGNIZED_WORDS	right	läskigt
09/24/2020 04:46:34 PM 	 1600958794.2753386	Log_Type.RECOGNIZED_WORDS	left	person som är död
09/24/2020 04:46:34 PM 	 1600958794.6695879	Log_Type.RECOGNIZED_WORDS	right	skrämmande
09/24/2020 04:46:39 PM 	 1600958799.487829	Log_Type.RECOGNIZED_WORDS	left	och läskig och så och
09/24/2020 04:46:44 PM 	 1600958804.2075582	Log_Type.RECOGNIZED_WORDS	left	just det ja
09/24/2020 04:46:47 PM 	 1600958807.9412904	Log_Type.RECOGNIZED_WORDS	right	när du skickar dem
09/24/2020 04:46:49 PM 	 1600958809.5160484	Log_Type.RECOGNIZED_WORDS	left	jaha
09/24/2020 04:46:52 PM 	 1600958812.351574	Log_Type.RECOGNIZED_WORDS	right	kantigt litet
09/24/2020 04:46:55 PM 	 1600958815.516453	Log_Type.RECOGNIZED_WORDS	left	eg vet att det blev så
09/24/2020 04:47:00 PM 	 1600958820.3731883	Log_Type.RECOGNIZED_WORDS	left	nej
09/24/2020 04:47:00 PM 	 1600958820.736743	Log_Type.RECOGNIZED_WORDS	right	nej
09/24/2020 04:47:06 PM 	 1600958826.9960585	Log_Type.RECOGNIZED_WORDS	right	hörnet på ett brev eller ett vykort
09/24/2020 04:47:13 PM 	 1600958833.3537261	Log_Type.RECOGNIZED_WORDS	right	ja
09/24/2020 04:47:13 PM 	 1600958833.3950737	Log_Type.RECOGNIZED_WORDS	left	det är en bild för att post för att du
09/24/2020 04:47:18 PM 	 1600958838.3216236	Log_Type.RECOGNIZED_WORDS	right	som fåglar har
09/24/2020 04:47:18 PM 	 1600958838.6640553	Log_Type.RECOGNIZED_WORDS	left	ja just det
09/24/2020 04:47:22 PM 	 1600958842.9457088	Log_Type.RECOGNIZED_WORDS	right	väger ingenting
09/24/2020 04:47:28 PM 	 1600958848.2626173	Log_Type.RECOGNIZED_WORDS	left	så det är
09/24/2020 04:47:29 PM 	 1600958849.8104246	Log_Type.RECOGNIZED_WORDS	right	statsöverhuvud
09/24/2020 04:47:33 PM 	 1600958853.107825	Log_Type.RECOGNIZED_WORDS	left	fru
09/24/2020 04:47:37 PM 	 1600958857.771617	Log_Type.RECOGNIZED_WORDS	left	kungen
09/24/2020 04:47:42 PM 	 1600958862.4177043	Log_Type.RECOGNIZED_WORDS	left	fru så
09/24/2020 04:47:43 PM 	 1600958863.923321	Log_Type.RECOGNIZED_WORDS	right	hon som styr england
09/24/2020 04:47:54 PM 	 1600958874.5845523	Log_Type.RECOGNIZED_WORDS	left	högsta betyg
09/24/2020 04:47:55 PM 	 1600958875.7116785	Log_Type.RECOGNIZED_WORDS	right	högsta betyg
09/24/2020 04:48:04 PM 	 1600958884.5063372	Log_Type.RECOGNIZED_WORDS	left	för det är någonting du har
09/24/2020 04:48:09 PM 	 1600958889.8023658	Log_Type.RECOGNIZED_WORDS	left	nu skriver den testa och sen du har
09/24/2020 04:48:14 PM 	 1600958894.7522523	Log_Type.RECOGNIZED_WORDS	left	resultaten
09/24/2020 04:48:15 PM 	 1600958895.7248685	Log_Type.RECOGNIZED_WORDS	right	hur bra resultat på
09/24/2020 04:48:19 PM 	 1600958899.3506994	Log_Type.RECOGNIZED_WORDS	left	recension
09/24/2020 04:48:24 PM 	 1600958904.1016917	Log_Type.RECOGNIZED_WORDS	left	nästa
09/24/2020 04:48:24 PM 	 1600958904.8049955	Log_Type.RECOGNIZED_WORDS	right	nästan
09/24/2020 04:48:40 PM 	 1600958920.2653534	Log_Type.RECOGNIZED_WORDS	left	så du är en bokstav
09/24/2020 04:48:45 PM 	 1600958925.7758846	Log_Type.RECOGNIZED_WORDS	left	vad skriva till min bostad
09/24/2020 04:48:50 PM 	 1600958930.7973304	Log_Type.RECOGNIZED_WORDS	left	just det
09/24/2020 04:48:56 PM 	 1600958936.4951298	Log_Type.RECOGNIZED_WORDS	right	han jobbar med mat
09/24/2020 04:49:00 PM 	 1600958940.4142594	Log_Type.RECOGNIZED_WORDS	left	jaha
09/24/2020 04:49:05 PM 	 1600958945.570806	Log_Type.RECOGNIZED_WORDS	left	han gör han gör de
09/24/2020 04:49:10 PM 	 1600958950.2871916	Log_Type.RECOGNIZED_WORDS	left	nej
09/24/2020 04:49:15 PM 	 1600958955.1095352	Log_Type.RECOGNIZED_WORDS	left	just det
09/24/2020 04:49:17 PM 	 1600958957.7022872	Log_Type.RECOGNIZED_WORDS	right	kakor
09/24/2020 04:49:19 PM 	 1600958959.749661	Log_Type.RECOGNIZED_WORDS	left	småkakor
09/24/2020 04:49:24 PM 	 1600958964.6418226	Log_Type.RECOGNIZED_WORDS	left	vita
09/24/2020 04:49:25 PM 	 1600958965.355183	Log_Type.RECOGNIZED_WORDS	right	vita ljusa
09/24/2020 04:49:29 PM 	 1600958969.5043488	Log_Type.RECOGNIZED_WORDS	right	synonymt också med det man gör på natten
09/24/2020 04:49:29 PM 	 1600958969.542833	Log_Type.RECOGNIZED_WORDS	left	synonym till vatten
09/24/2020 04:49:35 PM 	 1600958975.2018468	Log_Type.RECOGNIZED_WORDS	left	nej det är söt när du sover
09/24/2020 04:49:40 PM 	 1600958980.244144	Log_Type.RECOGNIZED_WORDS	left	vi har
09/24/2020 04:49:42 PM 	 1600958982.090257	Log_Type.RECOGNIZED_WORDS	right	detta använder du när du målar
09/24/2020 04:49:48 PM 	 1600958988.7770977	Log_Type.RECOGNIZED_WORDS	right	enable
09/24/2020 04:49:54 PM 	 1600958994.2537305	Log_Type.RECOGNIZED_WORDS	left	ja
09/24/2020 04:49:55 PM 	 1600958995.0171003	Log_Type.RECOGNIZED_WORDS	right	ofta
09/24/2020 04:50:00 PM 	 1600959000.0564048	Log_Type.RECOGNIZED_WORDS	left	kubas fåglar av fågel
09/24/2020 04:50:04 PM 	 1600959004.7869022	Log_Type.RECOGNIZED_WORDS	left	jag har stora ögon
09/24/2020 04:50:08 PM 	 1600959008.8816576	Log_Type.RECOGNIZED_WORDS	right	natten
09/24/2020 04:50:09 PM 	 1600959009.79729	Log_Type.RECOGNIZED_WORDS	left	ja det är en typ av fågel
09/24/2020 04:50:10 PM 	 1600959010.7070405	Log_Type.RECOGNIZED_WORDS	right	på natten
09/24/2020 04:50:14 PM 	 1600959014.6492722	Log_Type.RECOGNIZED_WORDS	left	ja just det
09/24/2020 04:50:19 PM 	 1600959019.9765217	Log_Type.RECOGNIZED_WORDS	left	okej så det är roligt
09/24/2020 04:50:24 PM 	 1600959024.9925122	Log_Type.RECOGNIZED_WORDS	left	finns ljus
09/24/2020 04:50:26 PM 	 1600959026.4190974	Log_Type.RECOGNIZED_WORDS	right	det kommer ju så snälla det himlen
09/24/2020 04:50:29 PM 	 1600959029.8140135	Log_Type.RECOGNIZED_WORDS	left	ja
09/24/2020 04:50:34 PM 	 1600959034.5978656	Log_Type.RECOGNIZED_WORDS	left	kommer från gris som man kan ha på mackan
09/24/2020 04:50:35 PM 	 1600959035.1702487	Log_Type.RECOGNIZED_WORDS	right	kommer från gris man kan ha det på mackan
09/24/2020 04:50:39 PM 	 1600959039.439191	Log_Type.RECOGNIZED_WORDS	left	ja
09/24/2020 04:50:43 PM 	 1600959043.3026607	Log_Type.RECOGNIZED_WORDS	right	en viss del av grisen
09/24/2020 04:50:44 PM 	 1600959044.0719538	Log_Type.RECOGNIZED_WORDS	left	ja men det
09/24/2020 04:50:48 PM 	 1600959048.4509468	Log_Type.RECOGNIZED_WORDS	right	speciell
09/24/2020 04:50:49 PM 	 1600959049.2423508	Log_Type.RECOGNIZED_WORDS	left	de rosa
09/24/2020 04:50:50 PM 	 1600959050.1357293	Log_Type.RECOGNIZED_WORDS	right	medel
09/24/2020 04:50:52 PM 	 1600959052.663079	Log_Type.RECOGNIZED_WORDS	right	butik för att handla läkemedel
09/24/2020 04:50:54 PM 	 1600959054.0589633	Log_Type.RECOGNIZED_WORDS	left	jaha
09/24/2020 04:50:58 PM 	 1600959058.9212	Log_Type.RECOGNIZED_WORDS	left	medicin
09/24/2020 04:51:03 PM 	 1600959063.3246126	Log_Type.RECOGNIZED_WORDS	right	en fysisk butik där du kan handla läkemedel
09/24/2020 04:51:03 PM 	 1600959063.903241	Log_Type.RECOGNIZED_WORDS	left	fysisk butik läkemedel
09/24/2020 04:51:08 PM 	 1600959068.5930734	Log_Type.RECOGNIZED_WORDS	left	yes
09/24/2020 04:51:14 PM 	 1600959074.1248262	Log_Type.RECOGNIZED_WORDS	right	här kan du titta på dig själv
09/24/2020 04:51:16 PM 	 1600959076.424007	Log_Type.RECOGNIZED_WORDS	right	ofta på väggen
09/24/2020 04:51:19 PM 	 1600959079.3911173	Log_Type.RECOGNIZED_WORDS	left	nu hade ni nej du hade ni bad
09/24/2020 04:51:24 PM 	 1600959084.3237753	Log_Type.RECOGNIZED_WORDS	left	jemen du tittar på din chef
09/24/2020 04:51:25 PM 	 1600959085.9091423	Log_Type.RECOGNIZED_WORDS	right	du tittar du tittar på dig själv igen
09/24/2020 04:51:30 PM 	 1600959090.900004	Log_Type.RECOGNIZED_WORDS	right	går du på toa
09/24/2020 04:51:34 PM 	 1600959094.2976065	Log_Type.RECOGNIZED_WORDS	left	vad gör gödsel
09/24/2020 04:51:35 PM 	 1600959095.6742804	Log_Type.RECOGNIZED_WORDS	right	i vilket rum
09/24/2020 04:51:39 PM 	 1600959099.2659533	Log_Type.RECOGNIZED_WORDS	left	berätta dig du
09/24/2020 04:51:44 PM 	 1600959104.2363317	Log_Type.RECOGNIZED_WORDS	left	8
09/24/2020 04:51:44 PM 	 1600959104.6096818	Log_Type.RECOGNIZED_WORDS	right	åtta ben
09/24/2020 04:51:48 PM 	 1600959108.8101368	Log_Type.RECOGNIZED_WORDS	right	spindelnät
09/24/2020 04:51:51 PM 	 1600959111.9500608	Log_Type.RECOGNIZED_WORDS	right	kan vara giftig
09/24/2020 04:51:53 PM 	 1600959113.7007399	Log_Type.RECOGNIZED_WORDS	left	giftig
09/24/2020 04:51:58 PM 	 1600959118.9140077	Log_Type.RECOGNIZED_WORDS	left	fågel rädd för för den idag
09/24/2020 04:52:03 PM 	 1600959123.9852626	Log_Type.RECOGNIZED_WORDS	left	en insekt
09/24/2020 04:52:10 PM 	 1600959130.0376978	Log_Type.RECOGNIZED_WORDS	right	det får du om du
09/24/2020 04:52:13 PM 	 1600959133.4526916	Log_Type.RECOGNIZED_WORDS	left	tävling
09/24/2020 04:52:18 PM 	 1600959138.111548	Log_Type.RECOGNIZED_WORDS	left	om du om du är född
09/24/2020 04:52:21 PM 	 1600959141.2406132	Log_Type.RECOGNIZED_WORDS	right	de hänger runt halsen som hänger runt halsen
09/24/2020 04:52:27 PM 	 1600959147.7541397	Log_Type.RECOGNIZED_WORDS	left	och det är gul
09/24/2020 04:52:32 PM 	 1600959152.4115853	Log_Type.RECOGNIZED_WORDS	left	guld
09/24/2020 04:52:37 PM 	 1600959157.5873654	Log_Type.RECOGNIZED_WORDS	right	kan ha den i fönstret vattna den
09/24/2020 04:52:39 PM 	 1600959159.531656	Log_Type.RECOGNIZED_WORDS	right	instagram
09/24/2020 04:52:51 PM 	 1600959171.4297464	Log_Type.RECOGNIZED_WORDS	right	fina tittar på
09/24/2020 04:52:55 PM 	 1600959175.7440896	Log_Type.RECOGNIZED_WORDS	right	du kan vattna den
09/24/2020 04:52:57 PM 	 1600959177.0295148	Log_Type.RECOGNIZED_WORDS	left	lägga till vatten
09/24/2020 04:53:05 PM 	 1600959185.9658382	Log_Type.RECOGNIZED_WORDS	right	är det
09/24/2020 04:53:06 PM 	 1600959186.3482373	Log_Type.RECOGNIZED_WORDS	left	jag vet inte vad är jag
09/24/2020 04:53:10 PM 	 1600959190.332361	Log_Type.RECOGNIZED_WORDS	right	ja men jag tänkte hon
09/24/2020 04:53:11 PM 	 1600959191.8253205	Log_Type.RECOGNIZED_WORDS	left	väck mig om en katt
09/24/2020 04:53:16 PM 	 1600959196.5822253	Log_Type.RECOGNIZED_WORDS	left	dyr
09/24/2020 04:53:26 PM 	 1600959206.3755524	Log_Type.RECOGNIZED_WORDS	left	ja
09/24/2020 04:53:28 PM 	 1600959208.1486783	Log_Type.RECOGNIZED_WORDS	right	gren i friidrott
09/24/2020 04:53:33 PM 	 1600959213.021578	Log_Type.RECOGNIZED_WORDS	right	hoppa över en pinne eller en ribba
09/24/2020 04:53:38 PM 	 1600959218.4004247	Log_Type.RECOGNIZED_WORDS	right	springer och hoppar över
09/24/2020 04:53:40 PM 	 1600959220.7198977	Log_Type.RECOGNIZED_WORDS	left	halebop
09/24/2020 04:53:45 PM 	 1600959225.9190803	Log_Type.RECOGNIZED_WORDS	left	svt jättekallt väder
09/24/2020 04:53:51 PM 	 1600959231.1183932	Log_Type.RECOGNIZED_WORDS	left	typ stor ja
09/24/2020 04:53:52 PM 	 1600959232.2917583	Log_Type.RECOGNIZED_WORDS	right	ett stort vitt djur hårigt
09/24/2020 04:53:55 PM 	 1600959235.9873188	Log_Type.RECOGNIZED_WORDS	left	men på snö
09/24/2020 04:53:56 PM 	 1600959236.979539	Log_Type.RECOGNIZED_WORDS	right	farligt
09/24/2020 04:54:00 PM 	 1600959240.9505482	Log_Type.RECOGNIZED_WORDS	left	isbjörn
09/24/2020 04:54:04 PM 	 1600959244.5450735	Log_Type.RECOGNIZED_WORDS	right	ja
09/24/2020 04:54:06 PM 	 1600959246.1303442	Log_Type.RECOGNIZED_WORDS	left	okej så du måste ha den nu
09/24/2020 04:54:11 PM 	 1600959251.146106	Log_Type.RECOGNIZED_WORDS	left	nån webbsida i handen
09/24/2020 04:54:13 PM 	 1600959253.9397702	Log_Type.RECOGNIZED_WORDS	right	en till
09/24/2020 04:54:16 PM 	 1600959256.4512603	Log_Type.RECOGNIZED_WORDS	left	du du måste ha det här
09/24/2020 04:54:18 PM 	 1600959258.7010171	Log_Type.RECOGNIZED_WORDS	right	behöver någon typ av
09/24/2020 04:54:21 PM 	 1600959261.1127036	Log_Type.RECOGNIZED_WORDS	left	yes
09/24/2020 04:54:26 PM 	 1600959266.5056021	Log_Type.RECOGNIZED_WORDS	left	fosie
09/24/2020 04:54:31 PM 	 1600959271.5019715	Log_Type.RECOGNIZED_WORDS	left	så det är familjen
09/24/2020 04:54:36 PM 	 1600959276.297618	Log_Type.RECOGNIZED_WORDS	left	va
09/24/2020 04:54:41 PM 	 1600959281.8698547	Log_Type.RECOGNIZED_WORDS	left	från
09/24/2020 04:54:51 PM 	 1600959291.4809413	Log_Type.RECOGNIZED_WORDS	left	bajsa
09/24/2020 04:54:51 PM 	 1600959291.912313	Log_Type.RECOGNIZED_WORDS	right	något när du sover
09/24/2020 04:54:56 PM 	 1600959296.8060606	Log_Type.RECOGNIZED_WORDS	right	upplever som kan vara obehagligt läskigt
09/24/2020 04:54:59 PM 	 1600959299.073718	Log_Type.RECOGNIZED_WORDS	right	beredd
09/24/2020 04:55:03 PM 	 1600959303.6818419	Log_Type.RECOGNIZED_WORDS	right	ja
09/24/2020 04:55:05 PM 	 1600959305.9184082	Log_Type.RECOGNIZED_WORDS	left	är de djur
09/24/2020 04:55:08 PM 	 1600959308.4863982	Log_Type.RECOGNIZED_WORDS	right	ett djur också ett stjärntecken
09/24/2020 04:55:10 PM 	 1600959310.7311897	Log_Type.RECOGNIZED_WORDS	left	jaha
09/24/2020 04:55:15 PM 	 1600959315.310396	Log_Type.RECOGNIZED_WORDS	right	har horn 2 horn
09/24/2020 04:55:15 PM 	 1600959315.3688288	Log_Type.RECOGNIZED_WORDS	left	nej
09/24/2020 04:55:19 PM 	 1600959319.320537	Log_Type.RECOGNIZED_WORDS	right	en get
09/24/2020 04:55:20 PM 	 1600959320.2655125	Log_Type.RECOGNIZED_WORDS	left	brun brun djur
09/24/2020 04:55:25 PM 	 1600959325.2388165	Log_Type.RECOGNIZED_WORDS	left	svår
09/24/2020 04:55:29 PM 	 1600959329.895	Log_Type.RECOGNIZED_WORDS	left	duktig
09/24/2020 04:55:34 PM 	 1600959334.9703207	Log_Type.RECOGNIZED_WORDS	left	alltså det såg det han
09/24/2020 04:55:37 PM 	 1600959337.5463698	Log_Type.RECOGNIZED_WORDS	right	som man har hemma
09/24/2020 04:55:42 PM 	 1600959342.4946392	Log_Type.RECOGNIZED_WORDS	right	ja
09/24/2020 04:55:45 PM 	 1600959345.0198357	Log_Type.RECOGNIZED_WORDS	left	rock hundar
09/24/2020 04:55:48 PM 	 1600959348.8565555	Log_Type.RECOGNIZED_WORDS	right	jag kaninen det kan vara fåglar fiskar
09/24/2020 04:55:49 PM 	 1600959349.8935916	Log_Type.RECOGNIZED_WORDS	left	de är en
09/24/2020 04:55:53 PM 	 1600959353.6127448	Log_Type.RECOGNIZED_WORDS	right	ja
09/24/2020 04:55:59 PM 	 1600959359.1832526	Log_Type.RECOGNIZED_WORDS	left	är du dö
09/24/2020 04:56:04 PM 	 1600959364.044877	Log_Type.RECOGNIZED_WORDS	left	en kyrkogård i en
09/24/2020 04:56:08 PM 	 1600959368.885647	Log_Type.RECOGNIZED_WORDS	left	nånting
09/24/2020 04:56:10 PM 	 1600959370.5243168	Log_Type.RECOGNIZED_WORDS	right	det finns en slags tavla vid en grav där det står
09/24/2020 04:56:16 PM 	 1600959376.2336242	Log_Type.RECOGNIZED_WORDS	right	när du född när du föddes och när dog
09/24/2020 04:56:20 PM 	 1600959380.5631306	Log_Type.RECOGNIZED_WORDS	right	och den tavlan kallas för någonting
09/24/2020 04:56:23 PM 	 1600959383.117503	Log_Type.RECOGNIZED_WORDS	left	ja
09/24/2020 04:56:28 PM 	 1600959388.5034134	Log_Type.RECOGNIZED_WORDS	right	ja
09/24/2020 04:56:32 PM 	 1600959392.4006774	Log_Type.RECOGNIZED_WORDS	left	game
09/24/2020 04:56:33 PM 	 1600959393.2985883	Log_Type.RECOGNIZED_WORDS	right	hej
09/24/2020 04:56:37 PM 	 1600959397.5715346	Log_Type.RECOGNIZED_WORDS	right	demokrati så
09/24/2020 04:56:48 PM 	 1600959408.6632864	Log_Type.RECOGNIZED_WORDS	right	ja
09/24/2020 04:56:56 PM 	 1600959416.3733168	Log_Type.RECOGNIZED_WORDS	left	instrument
09/24/2020 04:56:58 PM 	 1600959418.0013864	Log_Type.RECOGNIZED_WORDS	right	instrument som man
09/24/2020 04:57:04 PM 	 1600959424.3492763	Log_Type.RECOGNIZED_WORDS	right	det kan tex vara en xylofon det kan vara
09/24/2020 04:57:10 PM 	 1600959430.977477	Log_Type.RECOGNIZED_WORDS	right	ja
09/24/2020 04:57:15 PM 	 1600959435.6726415	Log_Type.RECOGNIZED_WORDS	right	hjälpmedel för människor
09/24/2020 04:57:20 PM 	 1600959440.8412297	Log_Type.RECOGNIZED_WORDS	right	jag har svårt att gå så det är någonting som sitter i
09/24/2020 04:57:24 PM 	 1600959444.9802518	Log_Type.RECOGNIZED_WORDS	left	tack
09/24/2020 04:57:30 PM 	 1600959450.3040824	Log_Type.RECOGNIZED_WORDS	left	beskrivning så det gör mål
09/24/2020 04:57:35 PM 	 1600959455.2745528	Log_Type.RECOGNIZED_WORDS	left	du har du har du han
09/24/2020 04:57:40 PM 	 1600959460.3677971	Log_Type.RECOGNIZED_WORDS	left	har du sett den
09/24/2020 04:57:43 PM 	 1600959463.73932	Log_Type.RECOGNIZED_WORDS	right	direkt
09/24/2020 04:57:51 PM 	 1600959471.1186738	Log_Type.RECOGNIZED_WORDS	left	så ja innan drönare
09/24/2020 04:57:53 PM 	 1600959473.8700278	Log_Type.RECOGNIZED_WORDS	right	det kan vara en pizza
09/24/2020 04:57:56 PM 	 1600959476.3007958	Log_Type.RECOGNIZED_WORDS	left	eller eller kebabpizza alvedon
09/24/2020 04:58:01 PM 	 1600959481.2195442	Log_Type.RECOGNIZED_WORDS	left	hämta
09/24/2020 04:58:03 PM 	 1600959483.9073715	Log_Type.RECOGNIZED_WORDS	right	hämta typ ringa hem beställa
09/24/2020 04:58:05 PM 	 1600959485.8775856	Log_Type.RECOGNIZED_WORDS	left	ja
09/24/2020 04:58:10 PM 	 1600959490.725227	Log_Type.RECOGNIZED_WORDS	left	så
09/24/2020 04:58:14 PM 	 1600959494.3067386	Log_Type.RECOGNIZED_WORDS	right	en religiös byggnad en hög
09/24/2020 04:58:19 PM 	 1600959499.101735	Log_Type.RECOGNIZED_WORDS	right	oftast är klockan är hänger
09/24/2020 04:58:20 PM 	 1600959500.6951036	Log_Type.RECOGNIZED_WORDS	left	ja
09/24/2020 04:58:25 PM 	 1600959505.497377	Log_Type.RECOGNIZED_WORDS	left	kyltorn
09/24/2020 04:58:29 PM 	 1600959509.1206057	Log_Type.RECOGNIZED_WORDS	right	kläder
09/24/2020 04:58:29 PM 	 1600959509.9977996	Log_Type.RECOGNIZED_WORDS	left	ja
09/24/2020 04:58:31 PM 	 1600959511.7786505	Log_Type.RECOGNIZED_WORDS	right	kan vara
09/24/2020 04:58:37 PM 	 1600959517.4368536	Log_Type.RECOGNIZED_WORDS	right	alfons foto till jackor till byxor
09/24/2020 04:58:44 PM 	 1600959524.0166736	Log_Type.RECOGNIZED_WORDS	left	yes
09/24/2020 04:58:48 PM 	 1600959528.8819218	Log_Type.RECOGNIZED_WORDS	left	va
09/24/2020 04:58:49 PM 	 1600959529.91671	Log_Type.RECOGNIZED_WORDS	right	men gud okej
09/24/2020 04:58:54 PM 	 1600959534.806103	Log_Type.RECOGNIZED_WORDS	right	med någonting till ett program till exempel eller en
09/24/2020 04:58:59 PM 	 1600959539.6500478	Log_Type.RECOGNIZED_WORDS	right	ja
09/24/2020 04:59:11 PM 	 1600959551.53974	Log_Type.RECOGNIZED_WORDS	right	nej det är typ av musiken typ av låten
09/24/2020 04:59:12 PM 	 1600959552.5889335	Log_Type.RECOGNIZED_WORDS	left	musik
09/24/2020 04:59:17 PM 	 1600959557.0139596	Log_Type.RECOGNIZED_WORDS	right	som spelades en till början av ett program
09/24/2020 04:59:17 PM 	 1600959557.5314114	Log_Type.RECOGNIZED_WORDS	left	program
09/24/2020 04:59:21 PM 	 1600959561.6207352	Log_Type.RECOGNIZED_WORDS	right	ja
09/24/2020 04:59:22 PM 	 1600959562.3561854	Log_Type.RECOGNIZED_WORDS	left	yes
09/24/2020 04:59:29 PM 	 1600959569.3320353	Log_Type.RECOGNIZED_WORDS	right	någon
09/24/2020 04:59:32 PM 	 1600959572.6826775	Log_Type.RECOGNIZED_WORDS	left	han som spelar musik och så är min en timme
09/24/2020 04:59:37 PM 	 1600959577.9277158	Log_Type.RECOGNIZED_WORDS	left	du du slår på den du slå på den
09/24/2020 04:59:44 PM 	 1600959584.6289425	Log_Type.RECOGNIZED_WORDS	right	någon som slår på en trumma
09/24/2020 04:59:47 PM 	 1600959587.3341603	Log_Type.RECOGNIZED_WORDS	left	ja
09/24/2020 04:59:55 PM 	 1600959595.1289763	Log_Type.RECOGNIZED_WORDS	right	till exempel att köpa
09/24/2020 05:00:00 PM 	 1600959600.0509722	Log_Type.RECOGNIZED_WORDS	right	svara
09/24/2020 05:00:05 PM 	 1600959605.2747123	Log_Type.RECOGNIZED_WORDS	right	så och får köra bil
09/24/2020 05:00:10 PM 	 1600959610.9117706	Log_Type.RECOGNIZED_WORDS	left	din förbrukning förbjudning
09/24/2020 05:00:15 PM 	 1600959615.8290694	Log_Type.RECOGNIZED_WORDS	left	ja
09/24/2020 05:00:16 PM 	 1600959616.424365	Log_Type.RECOGNIZED_WORDS	right	nästan fast
09/24/2020 05:00:27 PM 	 1600959627.507957	Log_Type.RECOGNIZED_WORDS	right	flera
09/24/2020 05:00:29 PM 	 1600959629.69563	Log_Type.RECOGNIZED_WORDS	left	kan man säga
09/24/2020 05:00:32 PM 	 1600959632.4332507	Log_Type.RECOGNIZED_WORDS	right	på raken kan man säga flera familjer som bor
09/24/2020 05:00:37 PM 	 1600959637.7936656	Log_Type.RECOGNIZED_WORDS	right	behöver varandra om ryggen liksom vägg
09/24/2020 05:00:38 PM 	 1600959638.8489385	Log_Type.RECOGNIZED_WORDS	left	hus
09/24/2020 05:00:47 PM 	 1600959647.3933961	Log_Type.RECOGNIZED_WORDS	right	ja
09/24/2020 05:00:54 PM 	 1600959654.2973304	Log_Type.RECOGNIZED_WORDS	left	det finns ljus yrke
09/24/2020 05:00:56 PM 	 1600959656.4192724	Log_Type.RECOGNIZED_WORDS	right	ja
09/24/2020 05:00:59 PM 	 1600959659.3415587	Log_Type.RECOGNIZED_WORDS	left	nu har en stor makt över en
09/24/2020 05:01:01 PM 	 1600959661.1456037	Log_Type.RECOGNIZED_WORDS	right	ett stift
09/24/2020 05:01:04 PM 	 1600959664.0884135	Log_Type.RECOGNIZED_WORDS	left	ja
09/24/2020 05:01:05 PM 	 1600959665.828307	Log_Type.RECOGNIZED_WORDS	right	ja
09/24/2020 05:01:08 PM 	 1600959668.9699204	Log_Type.RECOGNIZED_WORDS	left	okej
09/24/2020 05:01:13 PM 	 1600959673.7474303	Log_Type.RECOGNIZED_WORDS	left	owe världen med vill
09/24/2020 05:01:18 PM 	 1600959678.4421022	Log_Type.RECOGNIZED_WORDS	left	det är så
09/24/2020 05:01:21 PM 	 1600959681.3869126	Log_Type.RECOGNIZED_WORDS	right	när du är på väg någonstans
09/24/2020 05:01:23 PM 	 1600959683.21578	Log_Type.RECOGNIZED_WORDS	left	ja
09/24/2020 05:01:26 PM 	 1600959686.2659683	Log_Type.RECOGNIZED_WORDS	right	det finns i blodet det finns
09/24/2020 05:01:31 PM 	 1600959691.0119457	Log_Type.RECOGNIZED_WORDS	right	vita solna
09/24/2020 05:01:33 PM 	 1600959693.024357	Log_Type.RECOGNIZED_WORDS	left	okej
09/24/2020 05:01:36 PM 	 1600959696.5538712	Log_Type.RECOGNIZED_WORDS	right	det finns nära och vita i kroppen
09/24/2020 05:01:47 PM 	 1600959707.3002312	Log_Type.RECOGNIZED_WORDS	left	blodet i blodet
09/24/2020 05:01:49 PM 	 1600959709.4565494	Log_Type.RECOGNIZED_WORDS	right	i blodet
