09/18/2020 04:02:47 PM 	 1600437767.615623	Log_Type.CONFIG	INIT_USER	left
09/18/2020 04:02:47 PM 	 1600437767.6248293	Log_Type.CONFIG	INIT_USER	right
09/18/2020 04:02:53 PM 	 1600437773.2310128	Log_Type.RECOGNIZED_WORDS	left	okej
09/18/2020 04:02:57 PM 	 1600437777.9739866	Log_Type.RECOGNIZED_WORDS	left	kungen
09/18/2020 04:03:15 PM 	 1600437795.209214	Log_Type.RECOGNIZED_WORDS	left	ja men
09/18/2020 04:03:19 PM 	 1600437799.931781	Log_Type.RECOGNIZED_WORDS	left	ja precis
09/18/2020 04:03:29 PM 	 1600437809.5003564	Log_Type.RECOGNIZED_WORDS	left	en kaka som är spröd
09/18/2020 04:03:34 PM 	 1600437814.475202	Log_Type.RECOGNIZED_WORDS	left	och vit
09/18/2020 04:03:39 PM 	 1600437819.6842873	Log_Type.RECOGNIZED_WORDS	left	det är min favoritkaka
09/18/2020 04:03:49 PM 	 1600437829.3225422	Log_Type.RECOGNIZED_WORDS	left	ja
09/18/2020 04:03:54 PM 	 1600437834.3448603	Log_Type.RECOGNIZED_WORDS	left	du tänker inte
09/18/2020 04:04:07 PM 	 1600437847.119196	Log_Type.RECOGNIZED_WORDS	left	okej
09/18/2020 04:04:10 PM 	 1600437850.6007652	Log_Type.RECOGNIZED_WORDS	left	nästa är ett hjul som har
09/18/2020 04:04:15 PM 	 1600437855.4848158	Log_Type.RECOGNIZED_WORDS	left	jag tror inte att din insekt
09/18/2020 04:04:20 PM 	 1600437860.6981091	Log_Type.RECOGNIZED_WORDS	left	det är väldigt liten insekt
09/18/2020 04:04:28 PM 	 1600437868.8773851	Log_Type.RECOGNIZED_WORDS	left	de dem
09/18/2020 04:04:33 PM 	 1600437873.6228983	Log_Type.RECOGNIZED_WORDS	left	tråd
09/18/2020 04:04:41 PM 	 1600437881.0488732	Log_Type.CONFIG	INIT_USER	left
09/18/2020 04:04:41 PM 	 1600437881.0626066	Log_Type.CONFIG	INIT_USER	right
09/18/2020 04:04:45 PM 	 1600437885.1369166	Log_Type.RECOGNIZED_WORDS	right	användes i skolan för
09/18/2020 04:04:48 PM 	 1600437888.0480988	Log_Type.RECOGNIZED_WORDS	right	student är det
09/18/2020 04:04:57 PM 	 1600437897.1677732	Log_Type.RECOGNIZED_WORDS	right	om
09/18/2020 04:04:58 PM 	 1600437898.722786	Log_Type.RECOGNIZED_WORDS	left	nästan därför men det är ett steg ovanför det
09/18/2020 04:05:13 PM 	 1600437913.7742443	Log_Type.RECOGNIZED_WORDS	right	ja det var typ ja
09/18/2020 04:05:14 PM 	 1600437914.2888834	Log_Type.RECOGNIZED_WORDS	left	jaha jag fick för mig att det var plus
09/18/2020 04:05:19 PM 	 1600437919.7967374	Log_Type.RECOGNIZED_WORDS	left	ja det var nog okej
09/18/2020 04:05:22 PM 	 1600437922.8112154	Log_Type.RECOGNIZED_WORDS	right	ja
09/18/2020 04:05:24 PM 	 1600437924.6301112	Log_Type.RECOGNIZED_WORDS	left	en butik
09/18/2020 04:05:26 PM 	 1600437926.5552232	Log_Type.RECOGNIZED_WORDS	right	per mediciner
09/18/2020 04:05:31 PM 	 1600437931.1387262	Log_Type.RECOGNIZED_WORDS	right	spela
09/18/2020 04:05:33 PM 	 1600437933.997376	Log_Type.RECOGNIZED_WORDS	left	magda mediciner
09/18/2020 04:05:38 PM 	 1600437938.7676017	Log_Type.RECOGNIZED_WORDS	right	om du är sjuk så vill du köpa något
09/18/2020 04:05:43 PM 	 1600437943.1492934	Log_Type.RECOGNIZED_WORDS	left	apotek
09/18/2020 04:05:50 PM 	 1600437950.8312628	Log_Type.RECOGNIZED_WORDS	right	denon
09/18/2020 04:05:54 PM 	 1600437954.5896838	Log_Type.RECOGNIZED_WORDS	left	en gast kanske synonym
09/18/2020 04:05:57 PM 	 1600437957.9447935	Log_Type.RECOGNIZED_WORDS	right	du får inte säga synonymer
09/18/2020 04:05:59 PM 	 1600437959.6075768	Log_Type.RECOGNIZED_WORDS	left	du får
09/18/2020 04:06:01 PM 	 1600437961.9381473	Log_Type.RECOGNIZED_WORDS	right	ska vi ses synonymer
09/18/2020 04:06:06 PM 	 1600437966.5067139	Log_Type.RECOGNIZED_WORDS	right	får vi se
09/18/2020 04:06:09 PM 	 1600437969.3019474	Log_Type.RECOGNIZED_WORDS	left	jag antar det
09/18/2020 04:06:14 PM 	 1600437974.1480472	Log_Type.RECOGNIZED_WORDS	left	ja
09/18/2020 04:06:14 PM 	 1600437974.7529309	Log_Type.RECOGNIZED_WORDS	right	nej jag har
09/18/2020 04:06:19 PM 	 1600437979.1290483	Log_Type.RECOGNIZED_WORDS	left	jag gissat synonymer okej
09/18/2020 04:06:24 PM 	 1600437984.0448246	Log_Type.RECOGNIZED_WORDS	left	när man målar så använder man
09/18/2020 04:06:31 PM 	 1600437991.480405	Log_Type.RECOGNIZED_WORDS	left	verktyget
09/18/2020 04:06:36 PM 	 1600437996.540242	Log_Type.RECOGNIZED_WORDS	right	eller när du bakar så använder du för att
09/18/2020 04:06:42 PM 	 1600438002.6785088	Log_Type.RECOGNIZED_WORDS	right	olja eller vatten
09/18/2020 04:06:50 PM 	 1600438010.2629704	Log_Type.RECOGNIZED_WORDS	left	en reflekterande
09/18/2020 04:06:55 PM 	 1600438015.3269303	Log_Type.RECOGNIZED_WORDS	left	glasskiva som man
09/18/2020 04:07:01 PM 	 1600438021.4239213	Log_Type.RECOGNIZED_WORDS	right	som är genomskinligt
09/18/2020 04:07:05 PM 	 1600438025.9068797	Log_Type.RECOGNIZED_WORDS	right	reflektera dig själv
09/18/2020 04:07:11 PM 	 1600438031.5749762	Log_Type.RECOGNIZED_WORDS	right	men använder det vardagligt
09/18/2020 04:07:15 PM 	 1600438035.2818835	Log_Type.RECOGNIZED_WORDS	right	det finns ju varje
09/18/2020 04:07:24 PM 	 1600438044.1997795	Log_Type.RECOGNIZED_WORDS	left	metall fungerar som de men jag tror att de är
09/18/2020 04:07:27 PM 	 1600438047.5668309	Log_Type.RECOGNIZED_WORDS	right	ja
09/18/2020 04:07:28 PM 	 1600438048.980958	Log_Type.RECOGNIZED_WORDS	left	ja precis
09/18/2020 04:07:33 PM 	 1600438053.9492273	Log_Type.RECOGNIZED_WORDS	right	som
09/18/2020 04:07:37 PM 	 1600438057.1855373	Log_Type.RECOGNIZED_WORDS	right	inte sova på natten
09/18/2020 04:07:42 PM 	 1600438062.4181645	Log_Type.RECOGNIZED_WORDS	right	det kan vara vakna i
09/18/2020 04:07:48 PM 	 1600438068.665251	Log_Type.RECOGNIZED_WORDS	left	som flyger
09/18/2020 04:07:50 PM 	 1600438070.1161907	Log_Type.RECOGNIZED_WORDS	right	de här stora ögon
09/18/2020 04:07:56 PM 	 1600438076.6527643	Log_Type.RECOGNIZED_WORDS	right	ja
09/18/2020 04:07:58 PM 	 1600438078.0529115	Log_Type.RECOGNIZED_WORDS	left	ja
09/18/2020 04:08:02 PM 	 1600438082.7447686	Log_Type.RECOGNIZED_WORDS	left	hej
09/18/2020 04:08:07 PM 	 1600438087.4766846	Log_Type.RECOGNIZED_WORDS	left	en person som jobbar i en butik
09/18/2020 04:08:12 PM 	 1600438092.1773975	Log_Type.RECOGNIZED_WORDS	left	saker som de tillverkar i ugnar
09/18/2020 04:08:17 PM 	 1600438097.4615564	Log_Type.RECOGNIZED_WORDS	left	till de säljer till
09/18/2020 04:08:22 PM 	 1600438102.4085279	Log_Type.RECOGNIZED_WORDS	left	och de använder jäst
09/18/2020 04:08:27 PM 	 1600438107.2967873	Log_Type.RECOGNIZED_WORDS	left	gör de här sakerna var jobbar
09/18/2020 04:08:32 PM 	 1600438112.3206067	Log_Type.RECOGNIZED_WORDS	left	hantverkaren
09/18/2020 04:08:37 PM 	 1600438117.0049784	Log_Type.RECOGNIZED_WORDS	left	ja
09/18/2020 04:08:50 PM 	 1600438130.1365924	Log_Type.RECOGNIZED_WORDS	right	men bra men brukar äta på frukosten
09/18/2020 04:09:01 PM 	 1600438141.0239425	Log_Type.RECOGNIZED_WORDS	left	du kan hålla på julafton
09/18/2020 04:09:05 PM 	 1600438145.7694664	Log_Type.RECOGNIZED_WORDS	left	det
09/18/2020 04:09:10 PM 	 1600438150.6325703	Log_Type.RECOGNIZED_WORDS	left	det är också en synonym
09/18/2020 04:09:24 PM 	 1600438164.6982834	Log_Type.RECOGNIZED_WORDS	left	ett djur som klättrar i
09/18/2020 04:09:25 PM 	 1600438165.521372	Log_Type.RECOGNIZED_WORDS	right	svårt
09/18/2020 04:09:29 PM 	 1600438169.782731	Log_Type.RECOGNIZED_WORDS	left	ser ut lite som ett får
09/18/2020 04:09:31 PM 	 1600438171.8005373	Log_Type.RECOGNIZED_WORDS	right	som kan hoppa långt
09/18/2020 04:09:39 PM 	 1600438179.4227607	Log_Type.RECOGNIZED_WORDS	left	stora horn på huvudet
09/18/2020 04:09:49 PM 	 1600438189.5465405	Log_Type.RECOGNIZED_WORDS	left	anmälan
09/18/2020 04:09:50 PM 	 1600438190.3152711	Log_Type.RECOGNIZED_WORDS	right	de är bra på att hoppa mellan färgpapper
09/18/2020 04:10:04 PM 	 1600438204.3179393	Log_Type.RECOGNIZED_WORDS	left	vänta till mig slaktade till får
09/18/2020 04:10:09 PM 	 1600438209.3074937	Log_Type.RECOGNIZED_WORDS	left	gråa mycket ull hängande
09/18/2020 04:10:14 PM 	 1600438214.1090164	Log_Type.RECOGNIZED_WORDS	left	och din ära
09/18/2020 04:10:20 PM 	 1600438220.4791472	Log_Type.RECOGNIZED_WORDS	right	är det tydligen slut
09/18/2020 04:10:23 PM 	 1600438223.4265435	Log_Type.RECOGNIZED_WORDS	left	det var en stenbock
09/18/2020 04:10:33 PM 	 1600438233.2420769	Log_Type.RECOGNIZED_WORDS	left	är en släkting de min
09/18/2020 04:10:40 PM 	 1600438240.749959	Log_Type.RECOGNIZED_WORDS	right	din pappas
09/18/2020 04:10:49 PM 	 1600438249.3502393	Log_Type.RECOGNIZED_WORDS	right	som är det än män
09/18/2020 04:11:00 PM 	 1600438260.6740704	Log_Type.RECOGNIZED_WORDS	right	vad heter den här personen vad jag menar tack
09/18/2020 04:11:01 PM 	 1600438261.5613058	Log_Type.RECOGNIZED_WORDS	left	läns
09/18/2020 04:11:10 PM 	 1600438270.9270375	Log_Type.RECOGNIZED_WORDS	left	det här är en varelse
09/18/2020 04:11:15 PM 	 1600438275.7276099	Log_Type.RECOGNIZED_WORDS	left	djur som
09/18/2020 04:11:20 PM 	 1600438280.8530111	Log_Type.RECOGNIZED_WORDS	left	men vi letar inte efter det
09/18/2020 04:11:25 PM 	 1600438285.8334403	Log_Type.RECOGNIZED_WORDS	left	när man har det i en behållare inomhus
09/18/2020 04:11:31 PM 	 1600438291.3310695	Log_Type.RECOGNIZED_WORDS	right	ställer det blev vid fönstret
09/18/2020 04:11:34 PM 	 1600438294.9233131	Log_Type.RECOGNIZED_WORDS	right	som
09/18/2020 04:11:40 PM 	 1600438300.242388	Log_Type.RECOGNIZED_WORDS	left	och ger den näring och sol
09/18/2020 04:11:49 PM 	 1600438309.7355824	Log_Type.RECOGNIZED_WORDS	left	bordet
09/18/2020 04:12:02 PM 	 1600438322.0768442	Log_Type.RECOGNIZED_WORDS	right	efter min dörr så behöver med henne
09/18/2020 04:12:04 PM 	 1600438324.218885	Log_Type.RECOGNIZED_WORDS	left	vem är en
09/18/2020 04:12:07 PM 	 1600438327.8752203	Log_Type.RECOGNIZED_WORDS	right	en grej en sak som får skriva
09/18/2020 04:12:09 PM 	 1600438329.6925948	Log_Type.RECOGNIZED_WORDS	right	månen
09/18/2020 04:12:13 PM 	 1600438333.291334	Log_Type.RECOGNIZED_WORDS	right	under hela sitt liv
09/18/2020 04:12:27 PM 	 1600438347.8379757	Log_Type.RECOGNIZED_WORDS	left	ja
09/18/2020 04:12:32 PM 	 1600438352.6303058	Log_Type.RECOGNIZED_WORDS	left	domesticerade
09/18/2020 04:12:37 PM 	 1600438357.4225278	Log_Type.RECOGNIZED_WORDS	left	som man har i sitt hem
09/18/2020 04:12:42 PM 	 1600438362.2630055	Log_Type.RECOGNIZED_WORDS	left	ofta hundar och katter
09/18/2020 04:12:46 PM 	 1600438366.586995	Log_Type.RECOGNIZED_WORDS	right	visa ser dem också som en del av familj
09/18/2020 04:12:51 PM 	 1600438371.7146516	Log_Type.RECOGNIZED_WORDS	left	vad kallar man kan
09/18/2020 04:12:57 PM 	 1600438377.1144605	Log_Type.RECOGNIZED_WORDS	right	men emma hade hemma
09/18/2020 04:13:01 PM 	 1600438381.1442657	Log_Type.RECOGNIZED_WORDS	left	yes
09/18/2020 04:13:02 PM 	 1600438382.214218	Log_Type.RECOGNIZED_WORDS	right	yes
09/18/2020 04:13:12 PM 	 1600438392.8079073	Log_Type.RECOGNIZED_WORDS	right	som du när du äter inte så vill du köpa någon förebild
09/18/2020 04:13:20 PM 	 1600438400.2136986	Log_Type.RECOGNIZED_WORDS	left	någonting fast
09/18/2020 04:13:24 PM 	 1600438404.5733786	Log_Type.RECOGNIZED_WORDS	right	annat
09/18/2020 04:13:29 PM 	 1600438409.5915682	Log_Type.RECOGNIZED_WORDS	left	när du sover
09/18/2020 04:13:34 PM 	 1600438414.611829	Log_Type.RECOGNIZED_WORDS	left	och du fastnar inte
09/18/2020 04:13:39 PM 	 1600438419.4852378	Log_Type.RECOGNIZED_WORDS	left	upplever någonting jätte hemskt
09/18/2020 04:13:44 PM 	 1600438424.336264	Log_Type.RECOGNIZED_WORDS	left	ditt sinne och sen vaknar upp
09/18/2020 04:13:49 PM 	 1600438429.010664	Log_Type.RECOGNIZED_WORDS	left	ja gråter du
09/18/2020 04:13:51 PM 	 1600438431.1874092	Log_Type.RECOGNIZED_WORDS	right	jätterädd så bjuder
09/18/2020 04:13:54 PM 	 1600438434.0334063	Log_Type.RECOGNIZED_WORDS	left	en dålig dröm
09/18/2020 04:13:58 PM 	 1600438438.7735236	Log_Type.RECOGNIZED_WORDS	left	yes
09/18/2020 04:14:03 PM 	 1600438443.4219224	Log_Type.RECOGNIZED_WORDS	left	ja
09/18/2020 04:14:08 PM 	 1600438448.9823275	Log_Type.RECOGNIZED_WORDS	right	lägger in dina kläder
09/18/2020 04:14:12 PM 	 1600438452.8810515	Log_Type.RECOGNIZED_WORDS	left	ja
09/18/2020 04:14:13 PM 	 1600438453.3301463	Log_Type.RECOGNIZED_WORDS	right	är det ett skåp till
09/18/2020 04:14:21 PM 	 1600438461.9975846	Log_Type.RECOGNIZED_WORDS	left	när du promenerar
09/18/2020 04:14:27 PM 	 1600438467.0385349	Log_Type.RECOGNIZED_WORDS	left	marken och dina skor
09/18/2020 04:14:31 PM 	 1600438471.7212331	Log_Type.RECOGNIZED_WORDS	left	markeringar på marken vad heter de
09/18/2020 04:14:33 PM 	 1600438473.8649535	Log_Type.RECOGNIZED_WORDS	right	markeringarna
09/18/2020 04:14:37 PM 	 1600438477.6324685	Log_Type.RECOGNIZED_WORDS	left	markera de saker som blir kvar
09/18/2020 04:14:47 PM 	 1600438487.2381313	Log_Type.RECOGNIZED_WORDS	left	ja precis
09/18/2020 04:14:52 PM 	 1600438492.4588857	Log_Type.RECOGNIZED_WORDS	left	en religiös
09/18/2020 04:14:57 PM 	 1600438497.3214898	Log_Type.RECOGNIZED_WORDS	left	en som ofta har ett stor
09/18/2020 04:15:02 PM 	 1600438502.167503	Log_Type.RECOGNIZED_WORDS	left	sticker upp som är spetsig
09/18/2020 04:15:06 PM 	 1600438506.9926612	Log_Type.RECOGNIZED_WORDS	left	längst upp vad heter den
09/18/2020 04:15:29 PM 	 1600438529.8576608	Log_Type.RECOGNIZED_WORDS	left	sammanslå
09/18/2020 04:15:35 PM 	 1600438535.63341	Log_Type.RECOGNIZED_WORDS	left	kan man säga
09/18/2020 04:15:35 PM 	 1600438535.6506786	Log_Type.RECOGNIZED_WORDS	right	icebugs
09/18/2020 04:15:49 PM 	 1600438549.3733306	Log_Type.RECOGNIZED_WORDS	right	instrument som vissa instrument på mig
09/18/2020 04:15:59 PM 	 1600438559.5157502	Log_Type.RECOGNIZED_WORDS	left	förlåt vad sa du ja
09/18/2020 04:16:04 PM 	 1600438564.3961666	Log_Type.RECOGNIZED_WORDS	left	2
09/18/2020 04:16:09 PM 	 1600438569.8056035	Log_Type.RECOGNIZED_WORDS	left	dennis får någonting
09/18/2020 04:16:14 PM 	 1600438574.7304263	Log_Type.RECOGNIZED_WORDS	left	kanske ofta
09/18/2020 04:16:19 PM 	 1600438579.6897984	Log_Type.RECOGNIZED_WORDS	left	religiöst som oj
09/18/2020 04:16:25 PM 	 1600438585.2745154	Log_Type.RECOGNIZED_WORDS	left	nej jag vet inte om det var
09/18/2020 04:16:34 PM 	 1600438594.7090416	Log_Type.RECOGNIZED_WORDS	left	jingle
09/18/2020 04:16:48 PM 	 1600438608.8566387	Log_Type.RECOGNIZED_WORDS	left	i början eller slutet av ett
09/18/2020 04:16:54 PM 	 1600438614.2856207	Log_Type.RECOGNIZED_WORDS	left	kommer det upp en liten musik bil som
09/18/2020 04:16:59 PM 	 1600438619.2286098	Log_Type.RECOGNIZED_WORDS	left	tv-serien
09/18/2020 04:17:04 PM 	 1600438624.1183205	Log_Type.RECOGNIZED_WORDS	left	den är speciell för varje tv-serie
09/18/2020 04:17:18 PM 	 1600438638.3954048	Log_Type.RECOGNIZED_WORDS	left	när du skriver
09/18/2020 04:17:18 PM 	 1600438638.4426482	Log_Type.RECOGNIZED_WORDS	right	när du vill det
09/18/2020 04:17:22 PM 	 1600438642.0394027	Log_Type.RECOGNIZED_WORDS	right	när du blir det tillräckliga
09/18/2020 04:17:27 PM 	 1600438647.3393455	Log_Type.RECOGNIZED_WORDS	right	om du är liksom inte
09/18/2020 04:17:28 PM 	 1600438648.005974	Log_Type.RECOGNIZED_WORDS	left	om du är inte
09/18/2020 04:17:33 PM 	 1600438653.0126636	Log_Type.RECOGNIZED_WORDS	left	nästan
09/18/2020 04:17:34 PM 	 1600438654.8490677	Log_Type.RECOGNIZED_WORDS	right	ja men jag tänker på tiden
09/18/2020 04:17:47 PM 	 1600438667.3913836	Log_Type.RECOGNIZED_WORDS	left	i din
09/18/2020 04:17:52 PM 	 1600438672.7545831	Log_Type.RECOGNIZED_WORDS	right	dn ställ celler
09/18/2020 04:17:56 PM 	 1600438676.6866002	Log_Type.RECOGNIZED_WORDS	left	ja
09/18/2020 04:18:06 PM 	 1600438686.35654	Log_Type.RECOGNIZED_WORDS	left	den röda vätskan i kroppen
09/18/2020 04:18:10 PM 	 1600438690.5575416	Log_Type.RECOGNIZED_WORDS	right	så om du blundar så kommer det
09/18/2020 04:18:12 PM 	 1600438692.109095	Log_Type.RECOGNIZED_WORDS	left	så kommer det här
09/18/2020 04:18:18 PM 	 1600438698.7482777	Log_Type.RECOGNIZED_WORDS	right	nej
09/18/2020 04:18:21 PM 	 1600438701.6809654	Log_Type.RECOGNIZED_WORDS	left	den provet
09/18/2020 04:18:31 PM 	 1600438711.259736	Log_Type.RECOGNIZED_WORDS	left	ja
09/18/2020 04:18:40 PM 	 1600438720.5220296	Log_Type.RECOGNIZED_WORDS	left	när man när man ska avgöra vad människor
09/18/2020 04:18:45 PM 	 1600438725.2125251	Log_Type.RECOGNIZED_WORDS	left	jag val-d'or man gå till special
09/18/2020 04:18:49 PM 	 1600438729.9047606	Log_Type.RECOGNIZED_WORDS	left	ja
09/18/2020 04:18:53 PM 	 1600438733.7262182	Log_Type.RECOGNIZED_WORDS	right	ja
09/18/2020 04:18:54 PM 	 1600438734.850233	Log_Type.RECOGNIZED_WORDS	left	lapp
09/18/2020 04:19:04 PM 	 1600438744.4963264	Log_Type.RECOGNIZED_WORDS	left	ovanför vatten som kopplar samman två öar
09/18/2020 04:19:11 PM 	 1600438751.9489093	Log_Type.RECOGNIZED_WORDS	right	krok eller krokar
09/18/2020 04:19:18 PM 	 1600438758.7021184	Log_Type.RECOGNIZED_WORDS	left	som man kan köra eller cykla på
09/18/2020 04:19:23 PM 	 1600438763.383658	Log_Type.RECOGNIZED_WORDS	right	över vattnet
09/18/2020 04:19:33 PM 	 1600438773.0175395	Log_Type.RECOGNIZED_WORDS	left	hacker
