09/21/2020 04:50:11 PM 	 1600699811.2333167	Log_Type.CONFIG	INIT_USER	left
09/21/2020 04:50:11 PM 	 1600699811.2396367	Log_Type.CONFIG	INIT_USER	right
09/21/2020 04:50:21 PM 	 1600699821.5364468	Log_Type.RECOGNIZED_WORDS	left	liknande en kung fast kvinna
09/21/2020 04:50:33 PM 	 1600699833.0718222	Log_Type.RECOGNIZED_WORDS	left	ja
09/21/2020 04:50:38 PM 	 1600699838.4998825	Log_Type.RECOGNIZED_WORDS	left	över landet monarki
09/21/2020 04:50:47 PM 	 1600699847.9006748	Log_Type.RECOGNIZED_WORDS	left	kommer från
09/21/2020 04:50:48 PM 	 1600699848.0071483	Log_Type.RECOGNIZED_WORDS	right	det kommer från
09/21/2020 04:50:51 PM 	 1600699851.651747	Log_Type.RECOGNIZED_WORDS	right	under stormar
09/21/2020 04:50:53 PM 	 1600699853.6060574	Log_Type.RECOGNIZED_WORDS	left	alarm
09/21/2020 04:50:57 PM 	 1600699857.7867503	Log_Type.RECOGNIZED_WORDS	right	ner i marken oftast med
09/21/2020 04:51:08 PM 	 1600699868.8640258	Log_Type.RECOGNIZED_WORDS	right	det här kommer upp
09/21/2020 04:51:11 PM 	 1600699871.8623462	Log_Type.RECOGNIZED_WORDS	left	fåglar
09/21/2020 04:51:14 PM 	 1600699874.9833436	Log_Type.RECOGNIZED_WORDS	right	man kan dra av dem
09/21/2020 04:51:27 PM 	 1600699887.299689	Log_Type.RECOGNIZED_WORDS	left	hur många anton på jakt
09/21/2020 04:51:32 PM 	 1600699892.180761	Log_Type.RECOGNIZED_WORDS	left	jättelätt
09/21/2020 04:51:36 PM 	 1600699896.3903182	Log_Type.RECOGNIZED_WORDS	right	de finns också i kuddar
09/21/2020 04:51:37 PM 	 1600699897.6929371	Log_Type.RECOGNIZED_WORDS	left	de finns också i kuddar
09/21/2020 04:51:42 PM 	 1600699902.3420427	Log_Type.RECOGNIZED_WORDS	left	ja
09/21/2020 04:51:47 PM 	 1600699907.046229	Log_Type.RECOGNIZED_WORDS	left	man kan använda det här för att
09/21/2020 04:51:51 PM 	 1600699911.9473925	Log_Type.RECOGNIZED_WORDS	left	16
09/21/2020 04:52:00 PM 	 1600699920.1060758	Log_Type.RECOGNIZED_WORDS	right	om man vill måla
09/21/2020 04:52:01 PM 	 1600699921.4930997	Log_Type.RECOGNIZED_WORDS	left	måla någonting
09/21/2020 04:52:17 PM 	 1600699937.6708653	Log_Type.RECOGNIZED_WORDS	right	de har någon som
09/21/2020 04:52:20 PM 	 1600699940.8096156	Log_Type.RECOGNIZED_WORDS	left	baka grejer till
09/21/2020 04:52:21 PM 	 1600699941.349222	Log_Type.RECOGNIZED_WORDS	right	kaféer
09/21/2020 04:52:25 PM 	 1600699945.7860444	Log_Type.RECOGNIZED_WORDS	left	bakelser
09/21/2020 04:52:30 PM 	 1600699950.668093	Log_Type.RECOGNIZED_WORDS	left	ja
09/21/2020 04:52:32 PM 	 1600699952.0370035	Log_Type.RECOGNIZED_WORDS	right	nån som bakar pepparkakor
09/21/2020 04:52:38 PM 	 1600699958.6486845	Log_Type.RECOGNIZED_WORDS	left	birka
09/21/2020 04:52:43 PM 	 1600699963.7238533	Log_Type.RECOGNIZED_WORDS	left	för
09/21/2020 04:52:53 PM 	 1600699973.512031	Log_Type.RECOGNIZED_WORDS	right	något som är billigt och
09/21/2020 04:52:54 PM 	 1600699974.019531	Log_Type.RECOGNIZED_WORDS	left	vitt och läsk
09/21/2020 04:52:59 PM 	 1600699979.811096	Log_Type.RECOGNIZED_WORDS	left	meteorologiskt bara
09/21/2020 04:53:03 PM 	 1600699983.9761813	Log_Type.RECOGNIZED_WORDS	right	död
09/21/2020 04:53:04 PM 	 1600699984.7433965	Log_Type.RECOGNIZED_WORDS	left	död
09/21/2020 04:53:12 PM 	 1600699992.2578177	Log_Type.RECOGNIZED_WORDS	right	egentligen men finns oftast skräckfilm
09/21/2020 04:53:12 PM 	 1600699992.8203351	Log_Type.RECOGNIZED_WORDS	left	egentligen
09/21/2020 04:53:22 PM 	 1600700002.6639545	Log_Type.RECOGNIZED_WORDS	left	ja
09/21/2020 04:53:27 PM 	 1600700007.3659441	Log_Type.RECOGNIZED_WORDS	left	påfågel
09/21/2020 04:53:32 PM 	 1600700012.1087728	Log_Type.RECOGNIZED_WORDS	left	liknar en katt
09/21/2020 04:53:34 PM 	 1600700014.5947745	Log_Type.RECOGNIZED_WORDS	right	under natten
09/21/2020 04:53:41 PM 	 1600700021.427769	Log_Type.RECOGNIZED_WORDS	left	uggla
09/21/2020 04:53:50 PM 	 1600700030.6897433	Log_Type.RECOGNIZED_WORDS	right	det är något som man sätter på post innan man ska
09/21/2020 04:53:52 PM 	 1600700032.5830393	Log_Type.RECOGNIZED_WORDS	left	post e-post eller
09/21/2020 04:53:57 PM 	 1600700037.3373103	Log_Type.RECOGNIZED_WORDS	right	de här nu
09/21/2020 04:54:05 PM 	 1600700045.5212114	Log_Type.RECOGNIZED_WORDS	right	han lyssnar på dig
09/21/2020 04:54:07 PM 	 1600700047.358165	Log_Type.RECOGNIZED_WORDS	left	frimärken
09/21/2020 04:54:12 PM 	 1600700052.3674781	Log_Type.RECOGNIZED_WORDS	left	det är någonting som
09/21/2020 04:54:17 PM 	 1600700057.49117	Log_Type.RECOGNIZED_WORDS	left	i skolan där en återkoppling fram
09/21/2020 04:54:22 PM 	 1600700062.614335	Log_Type.RECOGNIZED_WORDS	right	men använder du för att bedöma
09/21/2020 04:54:32 PM 	 1600700072.5071487	Log_Type.RECOGNIZED_WORDS	left	det är något som
09/21/2020 04:54:34 PM 	 1600700074.3275924	Log_Type.RECOGNIZED_WORDS	right	det är något som säljer medicin
09/21/2020 04:54:36 PM 	 1600700076.9219449	Log_Type.RECOGNIZED_WORDS	right	ja
09/21/2020 04:54:37 PM 	 1600700077.102881	Log_Type.RECOGNIZED_WORDS	left	ja
09/21/2020 04:54:46 PM 	 1600700086.9008594	Log_Type.RECOGNIZED_WORDS	left	butik som har många medicinska
09/21/2020 04:54:56 PM 	 1600700096.4529302	Log_Type.RECOGNIZED_WORDS	right	affärer
09/21/2020 04:54:57 PM 	 1600700097.385313	Log_Type.RECOGNIZED_WORDS	left	fiskaffär
09/21/2020 04:55:07 PM 	 1600700107.7032228	Log_Type.RECOGNIZED_WORDS	left	behöver man man brukar ha det på
09/21/2020 04:55:08 PM 	 1600700108.0850022	Log_Type.RECOGNIZED_WORDS	right	det är en typ av mat man brukar ha det på bröd
09/21/2020 04:55:12 PM 	 1600700112.3709636	Log_Type.RECOGNIZED_WORDS	left	skicka
09/21/2020 04:55:21 PM 	 1600700121.6696875	Log_Type.RECOGNIZED_WORDS	left	ett djur som har
09/21/2020 04:55:27 PM 	 1600700127.0387173	Log_Type.RECOGNIZED_WORDS	left	8 bilar
09/21/2020 04:55:27 PM 	 1600700127.8725934	Log_Type.RECOGNIZED_WORDS	right	en insekt som brukar
09/21/2020 04:55:32 PM 	 1600700132.3466432	Log_Type.RECOGNIZED_WORDS	left	men
09/21/2020 04:55:42 PM 	 1600700142.0515258	Log_Type.RECOGNIZED_WORDS	left	men det brukar äta ja
09/21/2020 04:55:50 PM 	 1600700150.328096	Log_Type.RECOGNIZED_WORDS	right	det är du som man ofta svaret
09/21/2020 04:55:51 PM 	 1600700151.9959373	Log_Type.RECOGNIZED_WORDS	left	hus där man kan duscha
09/21/2020 04:56:05 PM 	 1600700165.6321816	Log_Type.RECOGNIZED_WORDS	right	bada
09/21/2020 04:56:06 PM 	 1600700166.3330328	Log_Type.RECOGNIZED_WORDS	left	bada
09/21/2020 04:56:11 PM 	 1600700171.3244572	Log_Type.RECOGNIZED_WORDS	left	hur vanligt rum
09/21/2020 04:56:11 PM 	 1600700171.334632	Log_Type.RECOGNIZED_WORDS	right	vanligt rum i hus
09/21/2020 04:56:16 PM 	 1600700176.691648	Log_Type.RECOGNIZED_WORDS	left	toalett i den
09/21/2020 04:56:27 PM 	 1600700187.5719175	Log_Type.RECOGNIZED_WORDS	right	nötdjur som finns
09/21/2020 04:56:30 PM 	 1600700190.5620825	Log_Type.RECOGNIZED_WORDS	left	kalla klimat
09/21/2020 04:56:33 PM 	 1600700193.08091	Log_Type.RECOGNIZED_WORDS	right	björn
09/21/2020 04:56:47 PM 	 1600700207.4719877	Log_Type.RECOGNIZED_WORDS	left	1000 var jättestort och
09/21/2020 04:56:52 PM 	 1600700212.9341137	Log_Type.RECOGNIZED_WORDS	left	brukar ätas fisk 16
09/21/2020 04:56:57 PM 	 1600700217.98339	Log_Type.RECOGNIZED_WORDS	left	nej
09/21/2020 04:57:12 PM 	 1600700232.5419161	Log_Type.RECOGNIZED_WORDS	right	så
09/21/2020 04:57:15 PM 	 1600700235.5113819	Log_Type.RECOGNIZED_WORDS	right	det är
09/21/2020 04:57:16 PM 	 1600700236.343416	Log_Type.RECOGNIZED_WORDS	left	det är
09/21/2020 04:57:21 PM 	 1600700241.148254	Log_Type.RECOGNIZED_WORDS	left	farmor och farfar
09/21/2020 04:57:21 PM 	 1600700241.4599445	Log_Type.RECOGNIZED_WORDS	right	farmor och farfar
09/21/2020 04:57:25 PM 	 1600700245.9018023	Log_Type.RECOGNIZED_WORDS	left	barnbarn
09/21/2020 04:57:30 PM 	 1600700250.7852492	Log_Type.RECOGNIZED_WORDS	left	ja
09/21/2020 04:57:49 PM 	 1600700269.5377963	Log_Type.RECOGNIZED_WORDS	left	som är
09/21/2020 04:57:49 PM 	 1600700269.6112149	Log_Type.RECOGNIZED_WORDS	right	mat som är
09/21/2020 04:57:54 PM 	 1600700274.3532834	Log_Type.RECOGNIZED_WORDS	left	fast det går snabbt att laga
09/21/2020 04:57:54 PM 	 1600700274.5211718	Log_Type.RECOGNIZED_WORDS	right	det går snabbt att laga
09/21/2020 04:57:57 PM 	 1600700277.00025	Log_Type.RECOGNIZED_WORDS	right	restauranger
09/21/2020 04:58:13 PM 	 1600700293.2554216	Log_Type.RECOGNIZED_WORDS	left	det är något som
09/21/2020 04:58:14 PM 	 1600700294.776878	Log_Type.RECOGNIZED_WORDS	right	det är något som man får
09/21/2020 04:58:18 PM 	 1600700298.0935595	Log_Type.RECOGNIZED_WORDS	left	efternamn
09/21/2020 04:58:19 PM 	 1600700299.6506498	Log_Type.RECOGNIZED_WORDS	right	efter man har blivit begravd
09/21/2020 04:58:22 PM 	 1600700302.8171306	Log_Type.RECOGNIZED_WORDS	left	ja
09/21/2020 04:58:37 PM 	 1600700317.683035	Log_Type.RECOGNIZED_WORDS	left	det är någonting som man kan lämna
09/21/2020 04:58:47 PM 	 1600700327.7223523	Log_Type.RECOGNIZED_WORDS	left	atrix om man lämnar på gröten nämen
09/21/2020 04:58:55 PM 	 1600700335.2219229	Log_Type.RECOGNIZED_WORDS	right	nästan
09/21/2020 04:58:57 PM 	 1600700337.3194292	Log_Type.RECOGNIZED_WORDS	left	nästa
09/21/2020 04:58:59 PM 	 1600700339.7425358	Log_Type.RECOGNIZED_WORDS	right	ja
09/21/2020 04:59:05 PM 	 1600700345.7192457	Log_Type.RECOGNIZED_WORDS	right	det är något som man
09/21/2020 04:59:06 PM 	 1600700346.576447	Log_Type.RECOGNIZED_WORDS	left	det är något som man har
09/21/2020 04:59:11 PM 	 1600700351.3475225	Log_Type.RECOGNIZED_WORDS	left	ja men typ
09/21/2020 04:59:13 PM 	 1600700353.0623503	Log_Type.RECOGNIZED_WORDS	right	en typ av
09/21/2020 04:59:30 PM 	 1600700370.504509	Log_Type.RECOGNIZED_WORDS	left	spela tupac
09/21/2020 04:59:43 PM 	 1600700383.3858492	Log_Type.RECOGNIZED_WORDS	right	så ens
09/21/2020 04:59:44 PM 	 1600700384.6851	Log_Type.RECOGNIZED_WORDS	left	fars
09/21/2020 04:59:54 PM 	 1600700394.1138015	Log_Type.RECOGNIZED_WORDS	right	jaha
09/21/2020 04:59:58 PM 	 1600700398.6400023	Log_Type.RECOGNIZED_WORDS	left	det är
09/21/2020 05:00:03 PM 	 1600700403.741438	Log_Type.RECOGNIZED_WORDS	right	som man inte gillar för att den är väldigt lätt
09/21/2020 05:00:04 PM 	 1600700404.3044465	Log_Type.RECOGNIZED_WORDS	left	som man inte gillar att den är väldigt läskig
09/21/2020 05:00:13 PM 	 1600700413.8835003	Log_Type.RECOGNIZED_WORDS	left	nästan
09/21/2020 05:00:23 PM 	 1600700423.4274755	Log_Type.RECOGNIZED_WORDS	left	nämen använda
09/21/2020 05:00:28 PM 	 1600700428.4637887	Log_Type.RECOGNIZED_WORDS	left	försöker logga in
09/21/2020 05:00:35 PM 	 1600700435.9486797	Log_Type.RECOGNIZED_WORDS	right	så man använder för att låsa upp
09/21/2020 05:00:54 PM 	 1600700454.611517	Log_Type.RECOGNIZED_WORDS	right	det är något som man slår
09/21/2020 05:01:01 PM 	 1600700461.7328649	Log_Type.RECOGNIZED_WORDS	left	jag tror
09/21/2020 05:01:03 PM 	 1600700463.3273213	Log_Type.RECOGNIZED_WORDS	right	musik
09/21/2020 05:01:06 PM 	 1600700466.3830035	Log_Type.RECOGNIZED_WORDS	left	ja
09/21/2020 05:01:11 PM 	 1600700471.6426952	Log_Type.RECOGNIZED_WORDS	left	instrument som
09/21/2020 05:01:28 PM 	 1600700488.5028985	Log_Type.RECOGNIZED_WORDS	right	små djur som man
09/21/2020 05:01:30 PM 	 1600700490.5701973	Log_Type.RECOGNIZED_WORDS	left	brukar ha hemma
09/21/2020 05:01:38 PM 	 1600700498.61986	Log_Type.RECOGNIZED_WORDS	right	nej
09/21/2020 05:01:39 PM 	 1600700499.9548547	Log_Type.RECOGNIZED_WORDS	left	nej
09/21/2020 05:01:50 PM 	 1600700510.8528066	Log_Type.RECOGNIZED_WORDS	right	så rätten
09/21/2020 05:01:53 PM 	 1600700513.9544976	Log_Type.RECOGNIZED_WORDS	left	rätten att få rösta
09/21/2020 05:01:59 PM 	 1600700519.386154	Log_Type.RECOGNIZED_WORDS	left	den varianten
09/21/2020 05:02:08 PM 	 1600700528.768709	Log_Type.RECOGNIZED_WORDS	left	det är någonting som
09/21/2020 05:02:13 PM 	 1600700533.591716	Log_Type.RECOGNIZED_WORDS	left	funktionsnedsatta människor sitter i
09/21/2020 05:02:16 PM 	 1600700536.2795053	Log_Type.RECOGNIZED_WORDS	right	för att
09/21/2020 05:02:19 PM 	 1600700539.2389834	Log_Type.RECOGNIZED_WORDS	left	fett för att gå
09/21/2020 05:02:21 PM 	 1600700541.7625625	Log_Type.RECOGNIZED_WORDS	right	röra sig
09/21/2020 05:02:38 PM 	 1600700558.0955482	Log_Type.RECOGNIZED_WORDS	left	när man
09/21/2020 05:02:43 PM 	 1600700563.3316798	Log_Type.RECOGNIZED_WORDS	left	den väljer mannen
09/21/2020 05:02:59 PM 	 1600700579.0818467	Log_Type.RECOGNIZED_WORDS	right	univar s barn
09/21/2020 05:03:01 PM 	 1600700581.7699056	Log_Type.RECOGNIZED_WORDS	right	okej
09/21/2020 05:03:07 PM 	 1600700587.0217497	Log_Type.RECOGNIZED_WORDS	left	person som
09/21/2020 05:03:09 PM 	 1600700589.00932	Log_Type.RECOGNIZED_WORDS	right	person som står på ett ben
09/21/2020 05:03:21 PM 	 1600700601.1446817	Log_Type.RECOGNIZED_WORDS	left	när är
09/21/2020 05:03:24 PM 	 1600700604.3424299	Log_Type.RECOGNIZED_WORDS	right	här är ofta något som man sätter så att
09/21/2020 05:03:26 PM 	 1600700606.748596	Log_Type.RECOGNIZED_WORDS	left	underåriga inte kan skicka
09/21/2020 05:03:31 PM 	 1600700611.4885948	Log_Type.RECOGNIZED_WORDS	left	begränsning
09/21/2020 05:03:34 PM 	 1600700614.6732454	Log_Type.RECOGNIZED_WORDS	right	nästan ja
09/21/2020 05:03:45 PM 	 1600700625.3853095	Log_Type.RECOGNIZED_WORDS	left	va okej
09/21/2020 05:03:46 PM 	 1600700626.186705	Log_Type.RECOGNIZED_WORDS	right	den typ av musik
09/21/2020 05:03:50 PM 	 1600700630.3951795	Log_Type.RECOGNIZED_WORDS	left	brukar ha
09/21/2020 05:03:52 PM 	 1600700632.4102395	Log_Type.RECOGNIZED_WORDS	right	jaha så att man känner igen dem
09/21/2020 05:04:09 PM 	 1600700649.1470857	Log_Type.RECOGNIZED_WORDS	left	man får
09/21/2020 05:04:14 PM 	 1600700654.4205127	Log_Type.RECOGNIZED_WORDS	left	till exempel genom det här
09/21/2020 05:04:19 PM 	 1600700659.8325481	Log_Type.RECOGNIZED_WORDS	left	skriva ner
09/21/2020 05:04:24 PM 	 1600700664.6127887	Log_Type.RECOGNIZED_WORDS	left	folkomröstning
09/21/2020 05:04:38 PM 	 1600700678.1379356	Log_Type.RECOGNIZED_WORDS	right	det här är det typ av verk
09/21/2020 05:04:42 PM 	 1600700682.4922183	Log_Type.RECOGNIZED_WORDS	right	som man kan använda för att
09/21/2020 05:04:43 PM 	 1600700683.3458498	Log_Type.RECOGNIZED_WORDS	left	ja
09/21/2020 05:04:48 PM 	 1600700688.34875	Log_Type.RECOGNIZED_WORDS	right	göra eld kläder tror jag
09/21/2020 05:04:48 PM 	 1600700688.4097059	Log_Type.RECOGNIZED_WORDS	left	kläder tror jag
09/21/2020 05:04:58 PM 	 1600700698.2004576	Log_Type.RECOGNIZED_WORDS	left	något som
09/21/2020 05:04:59 PM 	 1600700699.3286786	Log_Type.RECOGNIZED_WORDS	right	men något som man använder för att
09/21/2020 05:05:02 PM 	 1600700702.4183881	Log_Type.RECOGNIZED_WORDS	right	exempel
09/21/2020 05:05:03 PM 	 1600700703.0150504	Log_Type.RECOGNIZED_WORDS	left	exempel
09/21/2020 05:05:12 PM 	 1600700712.4730601	Log_Type.RECOGNIZED_WORDS	left	det
09/21/2020 05:05:13 PM 	 1600700713.7499447	Log_Type.RECOGNIZED_WORDS	right	det är inte förrän
09/21/2020 05:05:26 PM 	 1600700726.0103655	Log_Type.RECOGNIZED_WORDS	right	fast
09/21/2020 05:05:31 PM 	 1600700731.9236405	Log_Type.RECOGNIZED_WORDS	left	det finns också kablar som
09/21/2020 05:05:32 PM 	 1600700732.1712747	Log_Type.RECOGNIZED_WORDS	right	kablar som
