09/25/2020 04:45:12 PM 	 1601045112.3958883	Log_Type.CONFIG	INIT_USER	left
09/25/2020 04:45:12 PM 	 1601045112.4019272	Log_Type.CONFIG	INIT_USER	right
09/25/2020 04:45:23 PM 	 1601045123.8869953	Log_Type.RECOGNIZED_WORDS	right	det man blir efter man har dött så många tror
09/25/2020 04:45:37 PM 	 1601045137.1564643	Log_Type.RECOGNIZED_WORDS	left	det här är något som många tror att
09/25/2020 04:45:37 PM 	 1601045137.8327715	Log_Type.RECOGNIZED_WORDS	right	det här är något som många tror att man blir
09/25/2020 04:45:51 PM 	 1601045151.4538996	Log_Type.RECOGNIZED_WORDS	left	det är
09/25/2020 04:45:56 PM 	 1601045156.1139557	Log_Type.RECOGNIZED_WORDS	left	kvinna från
09/25/2020 04:46:03 PM 	 1601045163.5858653	Log_Type.RECOGNIZED_WORDS	right	kvinna
09/25/2020 04:46:05 PM 	 1601045165.4494877	Log_Type.RECOGNIZED_WORDS	left	en kvinna i sverige
09/25/2020 04:46:09 PM 	 1601045169.8321521	Log_Type.RECOGNIZED_WORDS	right	prinsessan
09/25/2020 04:46:10 PM 	 1601045170.5584219	Log_Type.RECOGNIZED_WORDS	left	prinsessan
09/25/2020 04:46:14 PM 	 1601045174.562617	Log_Type.RECOGNIZED_WORDS	right	drottning
09/25/2020 04:46:22 PM 	 1601045182.108754	Log_Type.RECOGNIZED_WORDS	right	okej
09/25/2020 04:46:29 PM 	 1601045189.4007711	Log_Type.RECOGNIZED_WORDS	right	när börjar det regna
09/25/2020 04:46:29 PM 	 1601045189.5855484	Log_Type.RECOGNIZED_WORDS	left	det regnat kan du säga det
09/25/2020 04:46:36 PM 	 1601045196.2854598	Log_Type.RECOGNIZED_WORDS	right	kommer före en vi kommer för oss
09/25/2020 04:46:46 PM 	 1601045206.9223182	Log_Type.RECOGNIZED_WORDS	right	pris
09/25/2020 04:46:51 PM 	 1601045211.6746323	Log_Type.RECOGNIZED_WORDS	right	vad är en fågel
09/25/2020 04:46:53 PM 	 1601045213.0447311	Log_Type.RECOGNIZED_WORDS	left	det är en fågel
09/25/2020 04:47:02 PM 	 1601045222.1639652	Log_Type.RECOGNIZED_WORDS	right	är en fågel som
09/25/2020 04:47:07 PM 	 1601045227.0727873	Log_Type.RECOGNIZED_WORDS	right	kan snurra sig
09/25/2020 04:47:11 PM 	 1601045231.9470825	Log_Type.RECOGNIZED_WORDS	right	grader
09/25/2020 04:47:21 PM 	 1601045241.9492664	Log_Type.RECOGNIZED_WORDS	left	det här är något
09/25/2020 04:47:22 PM 	 1601045242.8734798	Log_Type.RECOGNIZED_WORDS	right	det här är något du vinner
09/25/2020 04:47:24 PM 	 1601045244.7865372	Log_Type.RECOGNIZED_WORDS	right	plats
09/25/2020 04:47:31 PM 	 1601045251.2949173	Log_Type.RECOGNIZED_WORDS	left	guld
09/25/2020 04:47:31 PM 	 1601045251.844592	Log_Type.RECOGNIZED_WORDS	right	guld
09/25/2020 04:47:34 PM 	 1601045254.5939047	Log_Type.RECOGNIZED_WORDS	right	mellan
09/25/2020 04:47:39 PM 	 1601045259.4572062	Log_Type.RECOGNIZED_WORDS	right	tillsammans
09/25/2020 04:47:45 PM 	 1601045265.9637992	Log_Type.RECOGNIZED_WORDS	left	när du när man
09/25/2020 04:47:47 PM 	 1601045267.040802	Log_Type.RECOGNIZED_WORDS	right	men du när man är
09/25/2020 04:47:49 PM 	 1601045269.812621	Log_Type.RECOGNIZED_WORDS	right	bra
09/25/2020 04:47:50 PM 	 1601045270.978148	Log_Type.RECOGNIZED_WORDS	left	studera bra
09/25/2020 04:47:55 PM 	 1601045275.6205618	Log_Type.RECOGNIZED_WORDS	left	bra
09/25/2020 04:48:09 PM 	 1601045289.9866178	Log_Type.RECOGNIZED_WORDS	left	en man
09/25/2020 04:48:14 PM 	 1601045294.9221652	Log_Type.RECOGNIZED_WORDS	left	som lagar mat
09/25/2020 04:48:15 PM 	 1601045295.0222654	Log_Type.RECOGNIZED_WORDS	right	hur börjar man
09/25/2020 04:48:26 PM 	 1601045306.9902298	Log_Type.RECOGNIZED_WORDS	right	broadcast
09/25/2020 04:48:28 PM 	 1601045308.9671633	Log_Type.RECOGNIZED_WORDS	left	sök fucker
09/25/2020 04:48:32 PM 	 1601045312.8287973	Log_Type.RECOGNIZED_WORDS	right	tandläkare dagen
09/25/2020 04:48:38 PM 	 1601045318.5148563	Log_Type.RECOGNIZED_WORDS	left	venture
09/25/2020 04:48:42 PM 	 1601045322.6035624	Log_Type.RECOGNIZED_WORDS	right	app
09/25/2020 04:48:43 PM 	 1601045323.8576717	Log_Type.RECOGNIZED_WORDS	left	fågelfjäder
09/25/2020 04:48:54 PM 	 1601045334.2578483	Log_Type.RECOGNIZED_WORDS	right	fåglar har många av dessa
09/25/2020 04:48:59 PM 	 1601045339.0066545	Log_Type.RECOGNIZED_WORDS	right	på utsidan
09/25/2020 04:49:14 PM 	 1601045354.5346227	Log_Type.RECOGNIZED_WORDS	right	när du sover
09/25/2020 04:49:16 PM 	 1601045356.9069977	Log_Type.RECOGNIZED_WORDS	left	vad händer saker i ditt huvud
09/25/2020 04:49:17 PM 	 1601045357.2431617	Log_Type.RECOGNIZED_WORDS	right	född
09/25/2020 04:49:33 PM 	 1601045373.9690084	Log_Type.RECOGNIZED_WORDS	right	beskriver det som en film som spelas
09/25/2020 04:49:44 PM 	 1601045384.2452304	Log_Type.RECOGNIZED_WORDS	left	pepe
09/25/2020 04:49:45 PM 	 1601045385.3479915	Log_Type.RECOGNIZED_WORDS	right	sätt
09/25/2020 04:49:55 PM 	 1601045395.2585711	Log_Type.RECOGNIZED_WORDS	right	kött från gris
09/25/2020 04:49:58 PM 	 1601045398.8727205	Log_Type.RECOGNIZED_WORDS	left	ja
09/25/2020 04:50:00 PM 	 1601045400.2999737	Log_Type.RECOGNIZED_WORDS	right	som man oftast har som pålägg på mackan
09/25/2020 04:50:03 PM 	 1601045403.7139587	Log_Type.RECOGNIZED_WORDS	left	skicka
09/25/2020 04:50:17 PM 	 1601045417.3915343	Log_Type.RECOGNIZED_WORDS	right	en liten insekt som
09/25/2020 04:50:17 PM 	 1601045417.9057848	Log_Type.RECOGNIZED_WORDS	left	en liten insekt som
09/25/2020 04:50:22 PM 	 1601045422.1686559	Log_Type.RECOGNIZED_WORDS	right	har åtta ben och som många är rädda
09/25/2020 04:50:22 PM 	 1601045422.9479952	Log_Type.RECOGNIZED_WORDS	left	många är rädda för
09/25/2020 04:50:41 PM 	 1601045441.400488	Log_Type.RECOGNIZED_WORDS	right	för dig
09/25/2020 04:50:41 PM 	 1601045441.6979725	Log_Type.RECOGNIZED_WORDS	left	du kan se du kan se dig
09/25/2020 04:50:46 PM 	 1601045446.916982	Log_Type.RECOGNIZED_WORDS	left	i detta objekt
09/25/2020 04:50:46 PM 	 1601045446.9445114	Log_Type.RECOGNIZED_WORDS	right	intressant uppgift
09/25/2020 04:50:56 PM 	 1601045456.4513772	Log_Type.RECOGNIZED_WORDS	right	skämt
09/25/2020 04:50:56 PM 	 1601045456.9782333	Log_Type.RECOGNIZED_WORDS	left	skämt
09/25/2020 04:51:01 PM 	 1601045461.9062357	Log_Type.RECOGNIZED_WORDS	left	fönster
09/25/2020 04:51:04 PM 	 1601045464.8614705	Log_Type.RECOGNIZED_WORDS	right	spel
09/25/2020 04:51:16 PM 	 1601045476.5011709	Log_Type.RECOGNIZED_WORDS	left	du kan köpa
09/25/2020 04:51:18 PM 	 1601045478.3335114	Log_Type.RECOGNIZED_WORDS	right	stoppa medicin
09/25/2020 04:51:31 PM 	 1601045491.3150089	Log_Type.RECOGNIZED_WORDS	left	en butik
09/25/2020 04:51:31 PM 	 1601045491.9310472	Log_Type.RECOGNIZED_WORDS	right	spela musik
09/25/2020 04:51:36 PM 	 1601045496.0032604	Log_Type.RECOGNIZED_WORDS	left	vad du kan köpa medicin
09/25/2020 04:51:37 PM 	 1601045497.6977224	Log_Type.RECOGNIZED_WORDS	right	var du kan köpa medicin
09/25/2020 04:51:54 PM 	 1601045514.405095	Log_Type.RECOGNIZED_WORDS	right	butik
09/25/2020 04:52:03 PM 	 1601045523.791942	Log_Type.RECOGNIZED_WORDS	left	när man sover inte så bra
09/25/2020 04:52:03 PM 	 1601045523.9598074	Log_Type.RECOGNIZED_WORDS	right	när man ska ha inte så bra
09/25/2020 04:52:07 PM 	 1601045527.0302722	Log_Type.RECOGNIZED_WORDS	right	hur säger man
09/25/2020 04:52:08 PM 	 1601045528.8320253	Log_Type.RECOGNIZED_WORDS	left	teman
09/25/2020 04:52:12 PM 	 1601045532.6882455	Log_Type.RECOGNIZED_WORDS	right	dålig dröm
09/25/2020 04:52:13 PM 	 1601045533.7253773	Log_Type.RECOGNIZED_WORDS	left	dålig dröm
09/25/2020 04:52:18 PM 	 1601045538.1359496	Log_Type.RECOGNIZED_WORDS	right	imorgon
09/25/2020 04:52:23 PM 	 1601045543.2188196	Log_Type.RECOGNIZED_WORDS	left	det här är en mört
09/25/2020 04:52:25 PM 	 1601045545.4464865	Log_Type.RECOGNIZED_WORDS	right	det här är en möbel som du har det
09/25/2020 04:52:29 PM 	 1601045549.251364	Log_Type.RECOGNIZED_WORDS	right	stäng
09/25/2020 04:52:37 PM 	 1601045557.1247544	Log_Type.RECOGNIZED_WORDS	left	skeppet med klä
09/25/2020 04:52:46 PM 	 1601045566.3773088	Log_Type.RECOGNIZED_WORDS	left	katten och
09/25/2020 04:52:48 PM 	 1601045568.2293828	Log_Type.RECOGNIZED_WORDS	right	allt om hundar
09/25/2020 04:52:56 PM 	 1601045576.5212355	Log_Type.RECOGNIZED_WORDS	left	duscha
09/25/2020 04:53:05 PM 	 1601045585.837271	Log_Type.RECOGNIZED_WORDS	left	som du har
09/25/2020 04:53:07 PM 	 1601045587.922458	Log_Type.RECOGNIZED_WORDS	right	djur som du har sällskap med
09/25/2020 04:53:15 PM 	 1601045595.131803	Log_Type.RECOGNIZED_WORDS	left	husdjur
09/25/2020 04:53:24 PM 	 1601045604.6201897	Log_Type.RECOGNIZED_WORDS	left	eller smörgås är
09/25/2020 04:53:25 PM 	 1601045605.051751	Log_Type.RECOGNIZED_WORDS	right	hamburgare eller smörgås
09/25/2020 04:53:38 PM 	 1601045618.4560409	Log_Type.RECOGNIZED_WORDS	left	du har ingen tid
09/25/2020 04:53:41 PM 	 1601045621.0299776	Log_Type.RECOGNIZED_WORDS	right	tid
09/25/2020 04:53:47 PM 	 1601045627.9400604	Log_Type.RECOGNIZED_WORDS	left	om du har svårt
09/25/2020 04:53:49 PM 	 1601045629.1228828	Log_Type.RECOGNIZED_WORDS	right	om du har svårt att gå
09/25/2020 04:53:56 PM 	 1601045636.993255	Log_Type.RECOGNIZED_WORDS	right	kan det oftas vara skönt att sitta i en sån
09/25/2020 04:54:03 PM 	 1601045643.3782477	Log_Type.RECOGNIZED_WORDS	right	röra dig framåt
09/25/2020 04:54:24 PM 	 1601045664.930901	Log_Type.RECOGNIZED_WORDS	left	är en typ av
09/25/2020 04:54:25 PM 	 1601045665.0221612	Log_Type.RECOGNIZED_WORDS	right	detta är en typ av instrument
09/25/2020 04:54:30 PM 	 1601045670.108234	Log_Type.RECOGNIZED_WORDS	left	jaha där du ofta använder
09/25/2020 04:54:30 PM 	 1601045670.8650935	Log_Type.RECOGNIZED_WORDS	right	jaha där du oftast använder
09/25/2020 04:54:34 PM 	 1601045674.791047	Log_Type.RECOGNIZED_WORDS	left	något för att
09/25/2020 04:54:35 PM 	 1601045675.7716324	Log_Type.RECOGNIZED_WORDS	right	något för att
09/25/2020 04:54:39 PM 	 1601045679.6004767	Log_Type.RECOGNIZED_WORDS	left	slå på för att få fram ljud
09/25/2020 04:54:39 PM 	 1601045679.9082913	Log_Type.RECOGNIZED_WORDS	right	slå på för att få fram ljud
09/25/2020 04:54:57 PM 	 1601045697.9581592	Log_Type.RECOGNIZED_WORDS	left	mormor har flera
09/25/2020 04:54:58 PM 	 1601045698.448992	Log_Type.RECOGNIZED_WORDS	right	snälla
09/25/2020 04:55:06 PM 	 1601045706.3477223	Log_Type.RECOGNIZED_WORDS	right	bomba
09/25/2020 04:55:07 PM 	 1601045707.3351543	Log_Type.RECOGNIZED_WORDS	left	ja
09/25/2020 04:55:14 PM 	 1601045714.6032884	Log_Type.RECOGNIZED_WORDS	right	det här
09/25/2020 04:55:18 PM 	 1601045718.3347344	Log_Type.RECOGNIZED_WORDS	right	ger dig
09/25/2020 04:55:21 PM 	 1601045721.5902855	Log_Type.RECOGNIZED_WORDS	left	möjlighet att påverka
09/25/2020 04:55:23 PM 	 1601045723.173647	Log_Type.RECOGNIZED_WORDS	right	tydlighet att påverka hur ditt
09/25/2020 04:55:25 PM 	 1601045725.608182	Log_Type.RECOGNIZED_WORDS	right	styrs
09/25/2020 04:55:40 PM 	 1601045740.0833526	Log_Type.RECOGNIZED_WORDS	left	open 2
09/25/2020 04:55:41 PM 	 1601045741.8945417	Log_Type.RECOGNIZED_WORDS	right	toppen på en religiös byggnad
09/25/2020 04:55:48 PM 	 1601045748.2494113	Log_Type.RECOGNIZED_WORDS	right	granen
09/25/2020 04:56:07 PM 	 1601045767.2016954	Log_Type.RECOGNIZED_WORDS	right	om man låter koda vara till
09/25/2020 04:56:08 PM 	 1601045768.2662213	Log_Type.RECOGNIZED_WORDS	left	bara tillräckligt länge
09/25/2020 04:56:10 PM 	 1601045770.6840115	Log_Type.RECOGNIZED_WORDS	right	så blir det hårt
09/25/2020 04:56:14 PM 	 1601045774.1368794	Log_Type.RECOGNIZED_WORDS	right	och blir till
09/25/2020 04:56:31 PM 	 1601045791.5442774	Log_Type.RECOGNIZED_WORDS	left	när man
09/25/2020 04:56:31 PM 	 1601045791.800192	Log_Type.RECOGNIZED_WORDS	right	när man
09/25/2020 04:56:34 PM 	 1601045794.500853	Log_Type.RECOGNIZED_WORDS	right	logga in
09/25/2020 04:56:36 PM 	 1601045796.0847003	Log_Type.RECOGNIZED_WORDS	left	logga in måste man
09/25/2020 04:56:39 PM 	 1601045799.1967692	Log_Type.RECOGNIZED_WORDS	right	stäng av tv:n
09/25/2020 04:56:40 PM 	 1601045800.801956	Log_Type.RECOGNIZED_WORDS	left	en
09/25/2020 04:56:59 PM 	 1601045819.321303	Log_Type.RECOGNIZED_WORDS	left	användarnamn
09/25/2020 04:56:59 PM 	 1601045819.819707	Log_Type.RECOGNIZED_WORDS	right	förutom användarnamn
09/25/2020 04:57:27 PM 	 1601045847.0888677	Log_Type.RECOGNIZED_WORDS	left	som är födda i januari
09/25/2020 04:57:28 PM 	 1601045848.7305255	Log_Type.RECOGNIZED_WORDS	right	folk som är födda i januari har de här stjärnorna
09/25/2020 04:57:45 PM 	 1601045865.581364	Log_Type.RECOGNIZED_WORDS	left	manligt syskon till din pappa
09/25/2020 04:57:45 PM 	 1601045865.776651	Log_Type.RECOGNIZED_WORDS	right	ett manligt syskon till din pappa
09/25/2020 04:58:10 PM 	 1601045890.3850563	Log_Type.RECOGNIZED_WORDS	right	oj vad sa du
09/25/2020 04:58:36 PM 	 1601045916.8266404	Log_Type.RECOGNIZED_WORDS	left	e-demokrati
09/25/2020 04:58:38 PM 	 1601045918.234224	Log_Type.RECOGNIZED_WORDS	right	väljs
09/25/2020 04:58:42 PM 	 1601045922.9280593	Log_Type.RECOGNIZED_WORDS	right	ut genom en vad
09/25/2020 04:58:55 PM 	 1601045935.5026963	Log_Type.RECOGNIZED_WORDS	left	politik
09/25/2020 04:59:00 PM 	 1601045940.2676945	Log_Type.RECOGNIZED_WORDS	left	vass
09/25/2020 04:59:09 PM 	 1601045949.42489	Log_Type.RECOGNIZED_WORDS	right	detta är ett
09/25/2020 04:59:09 PM 	 1601045949.7542143	Log_Type.RECOGNIZED_WORDS	left	är ett
09/25/2020 04:59:14 PM 	 1601045954.4686706	Log_Type.RECOGNIZED_WORDS	left	verktyg för
09/25/2020 04:59:15 PM 	 1601045955.346757	Log_Type.RECOGNIZED_WORDS	right	verktyg för att
09/25/2020 04:59:18 PM 	 1601045958.5754728	Log_Type.RECOGNIZED_WORDS	right	göra mattor
09/25/2020 04:59:38 PM 	 1601045978.2504067	Log_Type.RECOGNIZED_WORDS	left	en man som arbetar
09/25/2020 04:59:43 PM 	 1601045983.4432817	Log_Type.RECOGNIZED_WORDS	left	kyrka
09/25/2020 04:59:53 PM 	 1601045993.019912	Log_Type.RECOGNIZED_WORDS	left	biskop
09/25/2020 05:00:06 PM 	 1601046006.6782823	Log_Type.RECOGNIZED_WORDS	left	när du kan inte köpa en
09/25/2020 05:00:08 PM 	 1601046008.883799	Log_Type.RECOGNIZED_WORDS	right	varför kan inte köpa autosol
09/25/2020 05:00:11 PM 	 1601046011.3053408	Log_Type.RECOGNIZED_WORDS	left	ja
09/25/2020 05:00:16 PM 	 1601046016.0469744	Log_Type.RECOGNIZED_WORDS	left	du är inte
09/25/2020 05:00:20 PM 	 1601046020.2960877	Log_Type.RECOGNIZED_WORDS	right	absolut
09/25/2020 05:00:20 PM 	 1601046020.7110963	Log_Type.RECOGNIZED_WORDS	left	du är ful
09/25/2020 05:00:25 PM 	 1601046025.5275655	Log_Type.RECOGNIZED_WORDS	left	åldersgränser
09/25/2020 05:00:39 PM 	 1601046039.0662904	Log_Type.RECOGNIZED_WORDS	right	detta brukar oftast finnas
09/25/2020 05:00:39 PM 	 1601046039.1842394	Log_Type.RECOGNIZED_WORDS	left	brukar oftast finnas
09/25/2020 05:00:44 PM 	 1601046044.3214462	Log_Type.RECOGNIZED_WORDS	right	brukar vara en del av en bil
09/25/2020 05:00:44 PM 	 1601046044.372317	Log_Type.RECOGNIZED_WORDS	left	brukar vara en del av
09/25/2020 05:00:46 PM 	 1601046046.7741983	Log_Type.RECOGNIZED_WORDS	right	går över vatten
09/25/2020 05:00:49 PM 	 1601046049.4358163	Log_Type.RECOGNIZED_WORDS	left	ja
09/25/2020 05:01:12 PM 	 1601046072.5447626	Log_Type.RECOGNIZED_WORDS	right	dessert
09/25/2020 05:01:18 PM 	 1601046078.8472896	Log_Type.RECOGNIZED_WORDS	right	väldigt kända byggnader
09/25/2020 05:01:22 PM 	 1601046082.1451337	Log_Type.RECOGNIZED_WORDS	left	underverk
