09/21/2020 03:14:10 PM 	 1600694050.4928544	Log_Type.CONFIG	INIT_USER	left
09/21/2020 03:14:10 PM 	 1600694050.4993796	Log_Type.CONFIG	INIT_USER	right
09/21/2020 03:14:22 PM 	 1600694062.064167	Log_Type.RECOGNIZED_WORDS	left	okej
09/21/2020 03:14:24 PM 	 1600694064.2150495	Log_Type.RECOGNIZED_WORDS	right	men
09/21/2020 03:14:27 PM 	 1600694067.1990244	Log_Type.RECOGNIZED_WORDS	left	då det började
09/21/2020 03:14:33 PM 	 1600694073.698413	Log_Type.RECOGNIZED_WORDS	left	som är död
09/21/2020 03:14:39 PM 	 1600694079.7477696	Log_Type.RECOGNIZED_WORDS	left	en ande som går igen
09/21/2020 03:14:40 PM 	 1600694080.0417876	Log_Type.RECOGNIZED_WORDS	right	igen
09/21/2020 03:14:49 PM 	 1600694089.45598	Log_Type.RECOGNIZED_WORDS	right	ja
09/21/2020 03:14:54 PM 	 1600694094.240803	Log_Type.RECOGNIZED_WORDS	right	nej
09/21/2020 03:15:01 PM 	 1600694101.7463832	Log_Type.RECOGNIZED_WORDS	right	kan vi gå vidare
09/21/2020 03:15:02 PM 	 1600694102.2523603	Log_Type.RECOGNIZED_WORDS	left	vi går vidare nej men det var
09/21/2020 03:15:05 PM 	 1600694105.6542723	Log_Type.RECOGNIZED_WORDS	right	ursäkta
09/21/2020 03:15:12 PM 	 1600694112.0185542	Log_Type.RECOGNIZED_WORDS	left	okej någonting
09/21/2020 03:15:17 PM 	 1600694117.1537652	Log_Type.RECOGNIZED_WORDS	left	rund om man har den runt halsen
09/21/2020 03:15:22 PM 	 1600694122.1618044	Log_Type.RECOGNIZED_WORDS	left	på en vilken sort
09/21/2020 03:15:23 PM 	 1600694123.389589	Log_Type.RECOGNIZED_WORDS	right	ja
09/21/2020 03:15:26 PM 	 1600694126.9596043	Log_Type.RECOGNIZED_WORDS	left	ja
09/21/2020 03:15:34 PM 	 1600694134.6461394	Log_Type.RECOGNIZED_WORDS	left	någonting som kommer från en fågel
09/21/2020 03:15:35 PM 	 1600694135.2233338	Log_Type.RECOGNIZED_WORDS	right	någonting som kommer från en fågel
09/21/2020 03:15:40 PM 	 1600694140.2780287	Log_Type.RECOGNIZED_WORDS	right	en liten del av fågeln
09/21/2020 03:15:40 PM 	 1600694140.943232	Log_Type.RECOGNIZED_WORDS	left	fågelns skal
09/21/2020 03:15:45 PM 	 1600694145.5224786	Log_Type.RECOGNIZED_WORDS	right	ja det är rätt
09/21/2020 03:15:45 PM 	 1600694145.7921433	Log_Type.RECOGNIZED_WORDS	left	ja
09/21/2020 03:15:53 PM 	 1600694153.913547	Log_Type.RECOGNIZED_WORDS	left	nån som lagar bröd
09/21/2020 03:15:55 PM 	 1600694155.961179	Log_Type.RECOGNIZED_WORDS	right	dagar
09/21/2020 03:15:58 PM 	 1600694158.722744	Log_Type.RECOGNIZED_WORDS	left	och
09/21/2020 03:16:10 PM 	 1600694170.0338967	Log_Type.RECOGNIZED_WORDS	left	okej nån som lagar bröd och bullar
09/21/2020 03:16:27 PM 	 1600694187.1044552	Log_Type.RECOGNIZED_WORDS	right	någonstans där
09/21/2020 03:16:29 PM 	 1600694189.9103763	Log_Type.RECOGNIZED_WORDS	left	hur man kan tvätta sig
09/21/2020 03:16:34 PM 	 1600694194.9277632	Log_Type.RECOGNIZED_WORDS	left	det kan vara en lägenhet
09/21/2020 03:16:35 PM 	 1600694195.825264	Log_Type.RECOGNIZED_WORDS	right	lägenhet 1 rum
09/21/2020 03:16:44 PM 	 1600694204.2655919	Log_Type.RECOGNIZED_WORDS	left	badrummet ja det är bra
09/21/2020 03:16:44 PM 	 1600694204.7956254	Log_Type.RECOGNIZED_WORDS	right	ja det är bra
09/21/2020 03:16:49 PM 	 1600694209.157208	Log_Type.RECOGNIZED_WORDS	left	toalett
09/21/2020 03:16:54 PM 	 1600694214.0583153	Log_Type.RECOGNIZED_WORDS	left	första gång första gången
09/21/2020 03:16:55 PM 	 1600694215.9861226	Log_Type.RECOGNIZED_WORDS	right	hallå
09/21/2020 03:16:58 PM 	 1600694218.9245133	Log_Type.RECOGNIZED_WORDS	left	jaha
09/21/2020 03:17:03 PM 	 1600694223.7352796	Log_Type.RECOGNIZED_WORDS	left	kött från en gris
09/21/2020 03:17:08 PM 	 1600694228.3835087	Log_Type.RECOGNIZED_WORDS	left	hur många i sverige heter
09/21/2020 03:17:10 PM 	 1600694230.5052562	Log_Type.RECOGNIZED_WORDS	right	i sverige heter det här till jul
09/21/2020 03:17:18 PM 	 1600694238.0482051	Log_Type.RECOGNIZED_WORDS	left	måste vi vänta för
09/21/2020 03:17:23 PM 	 1600694243.21094	Log_Type.RECOGNIZED_WORDS	left	det här är någonting man kan sätta på ett
09/21/2020 03:17:24 PM 	 1600694244.1933844	Log_Type.RECOGNIZED_WORDS	right	är det någonting man kan sätta på ett brev när man vill
09/21/2020 03:17:32 PM 	 1600694252.7672417	Log_Type.RECOGNIZED_WORDS	left	har
09/21/2020 03:17:37 PM 	 1600694257.4829931	Log_Type.RECOGNIZED_WORDS	left	recept
09/21/2020 03:17:42 PM 	 1600694262.3422613	Log_Type.RECOGNIZED_WORDS	left	vitaminer
09/21/2020 03:17:47 PM 	 1600694267.0377207	Log_Type.RECOGNIZED_WORDS	left	ja
09/21/2020 03:17:55 PM 	 1600694275.1569831	Log_Type.RECOGNIZED_WORDS	right	sover så kan man uppleva det här idag
09/21/2020 03:17:56 PM 	 1600694276.3390555	Log_Type.RECOGNIZED_WORDS	left	kan man uppleva det här ibland
09/21/2020 03:18:01 PM 	 1600694281.277164	Log_Type.RECOGNIZED_WORDS	left	nej
09/21/2020 03:18:03 PM 	 1600694283.313476	Log_Type.RECOGNIZED_WORDS	right	nej det är någonting som man upplever en
09/21/2020 03:18:06 PM 	 1600694286.057963	Log_Type.RECOGNIZED_WORDS	left	ja
09/21/2020 03:18:11 PM 	 1600694291.0912519	Log_Type.RECOGNIZED_WORDS	left	och det händer när man dör
09/21/2020 03:18:25 PM 	 1600694305.415296	Log_Type.RECOGNIZED_WORDS	left	det här är någonting man kan hänga på väggen
09/21/2020 03:18:25 PM 	 1600694305.6107855	Log_Type.RECOGNIZED_WORDS	right	ja det är någonting man kan hänga på väggen
09/21/2020 03:18:30 PM 	 1600694310.27807	Log_Type.RECOGNIZED_WORDS	left	nej
09/21/2020 03:18:35 PM 	 1600694315.237076	Log_Type.RECOGNIZED_WORDS	left	görans glas
09/21/2020 03:18:40 PM 	 1600694320.0252137	Log_Type.RECOGNIZED_WORDS	left	sig själv i
09/21/2020 03:18:46 PM 	 1600694326.2527294	Log_Type.RECOGNIZED_WORDS	right	jadå helt
09/21/2020 03:19:03 PM 	 1600694343.7078102	Log_Type.RECOGNIZED_WORDS	left	verktyg
09/21/2020 03:19:05 PM 	 1600694345.2187746	Log_Type.RECOGNIZED_WORDS	right	ett verktyg ett redskap som
09/21/2020 03:19:08 PM 	 1600694348.3009205	Log_Type.RECOGNIZED_WORDS	left	ja
09/21/2020 03:19:10 PM 	 1600694350.760714	Log_Type.RECOGNIZED_WORDS	right	kan du visa vad är
09/21/2020 03:19:13 PM 	 1600694353.2239044	Log_Type.RECOGNIZED_WORDS	left	tippen
09/21/2020 03:19:17 PM 	 1600694357.3069696	Log_Type.RECOGNIZED_WORDS	right	ja
09/21/2020 03:19:17 PM 	 1600694357.9240637	Log_Type.RECOGNIZED_WORDS	left	borste
09/21/2020 03:19:27 PM 	 1600694367.173506	Log_Type.RECOGNIZED_WORDS	left	ja hon
09/21/2020 03:19:37 PM 	 1600694377.0190914	Log_Type.RECOGNIZED_WORDS	left	utan att säga att hon är macken med kungen
09/21/2020 03:19:41 PM 	 1600694381.9199753	Log_Type.RECOGNIZED_WORDS	left	nej
09/21/2020 03:19:45 PM 	 1600694385.2719128	Log_Type.RECOGNIZED_WORDS	right	maka till kungen
09/21/2020 03:19:50 PM 	 1600694390.4947784	Log_Type.RECOGNIZED_WORDS	right	under kungens hustru
09/21/2020 03:19:51 PM 	 1600694391.4760134	Log_Type.RECOGNIZED_WORDS	left	hustru
09/21/2020 03:19:56 PM 	 1600694396.44774	Log_Type.RECOGNIZED_WORDS	left	hon är drottning
09/21/2020 03:20:05 PM 	 1600694405.763579	Log_Type.RECOGNIZED_WORDS	right	det här är en fågel och
09/21/2020 03:20:05 PM 	 1600694405.863105	Log_Type.RECOGNIZED_WORDS	left	och den
09/21/2020 03:20:11 PM 	 1600694411.178584	Log_Type.RECOGNIZED_WORDS	left	kan röra på sitt huvud väldigt mycket
09/21/2020 03:20:11 PM 	 1600694411.6028857	Log_Type.RECOGNIZED_WORDS	right	kan röra på sitt huvud väldigt
09/21/2020 03:20:25 PM 	 1600694425.4079163	Log_Type.RECOGNIZED_WORDS	left	hej
09/21/2020 03:20:30 PM 	 1600694430.6581895	Log_Type.RECOGNIZED_WORDS	left	kanske kan
09/21/2020 03:20:35 PM 	 1600694435.5691917	Log_Type.RECOGNIZED_WORDS	left	att man får
09/21/2020 03:20:40 PM 	 1600694440.6451907	Log_Type.RECOGNIZED_WORDS	left	nej
09/21/2020 03:20:46 PM 	 1600694446.281409	Log_Type.RECOGNIZED_WORDS	left	får man force har man city
09/21/2020 03:20:53 PM 	 1600694453.6326883	Log_Type.RECOGNIZED_WORDS	right	alla får möjlighet att använda
09/21/2020 03:20:55 PM 	 1600694455.936416	Log_Type.RECOGNIZED_WORDS	left	så
09/21/2020 03:20:58 PM 	 1600694458.6403034	Log_Type.RECOGNIZED_WORDS	right	så kan man göra demokratiska val
09/21/2020 03:21:00 PM 	 1600694460.769202	Log_Type.RECOGNIZED_WORDS	left	demokratiska val
09/21/2020 03:21:05 PM 	 1600694465.8855681	Log_Type.RECOGNIZED_WORDS	left	demokrati att göra
09/21/2020 03:21:06 PM 	 1600694466.630279	Log_Type.RECOGNIZED_WORDS	right	demokrati att göra
09/21/2020 03:21:10 PM 	 1600694470.9215024	Log_Type.RECOGNIZED_WORDS	left	jag tror du sa den
09/21/2020 03:21:24 PM 	 1600694484.810679	Log_Type.RECOGNIZED_WORDS	left	ord för mig men
09/21/2020 03:21:28 PM 	 1600694488.813035	Log_Type.RECOGNIZED_WORDS	right	att göra
09/21/2020 03:21:29 PM 	 1600694489.709132	Log_Type.RECOGNIZED_WORDS	left	att göra
09/21/2020 03:21:33 PM 	 1600694493.8151476	Log_Type.RECOGNIZED_WORDS	right	instrument till ett eller flera instrument
09/21/2020 03:21:34 PM 	 1600694494.5335917	Log_Type.RECOGNIZED_WORDS	left	ett eller flera instrument
09/21/2020 03:21:37 PM 	 1600694497.8106112	Log_Type.RECOGNIZED_WORDS	right	ett eller flera musikinstrument
09/21/2020 03:21:39 PM 	 1600694499.3738875	Log_Type.RECOGNIZED_WORDS	left	musik instrument
09/21/2020 03:21:43 PM 	 1600694503.6667519	Log_Type.RECOGNIZED_WORDS	right	många
09/21/2020 03:21:44 PM 	 1600694504.3566322	Log_Type.RECOGNIZED_WORDS	left	och många
09/21/2020 03:21:48 PM 	 1600694508.5168362	Log_Type.RECOGNIZED_WORDS	right	precis
09/21/2020 03:21:49 PM 	 1600694509.142065	Log_Type.RECOGNIZED_WORDS	left	precis
09/21/2020 03:21:54 PM 	 1600694514.0786664	Log_Type.RECOGNIZED_WORDS	left	den den
09/21/2020 03:21:58 PM 	 1600694518.7579982	Log_Type.RECOGNIZED_WORDS	left	platsen när man
09/21/2020 03:22:03 PM 	 1600694523.6053548	Log_Type.RECOGNIZED_WORDS	left	man ligger när man dör
09/21/2020 03:22:09 PM 	 1600694529.1884136	Log_Type.RECOGNIZED_WORDS	left	nya på jobbet
09/21/2020 03:22:14 PM 	 1600694534.9068985	Log_Type.RECOGNIZED_WORDS	left	en slags sten
09/21/2020 03:22:20 PM 	 1600694540.0863707	Log_Type.RECOGNIZED_WORDS	left	en död människor ligger där
09/21/2020 03:22:21 PM 	 1600694541.3865352	Log_Type.RECOGNIZED_WORDS	right	jag vill
09/21/2020 03:22:28 PM 	 1600694548.6231375	Log_Type.RECOGNIZED_WORDS	right	det här är ett ord som jag
09/21/2020 03:22:29 PM 	 1600694549.5491135	Log_Type.RECOGNIZED_WORDS	left	det här är ett ord som jag behöver
09/21/2020 03:22:33 PM 	 1600694553.3688135	Log_Type.RECOGNIZED_WORDS	right	när jag ska logga in på en dator
09/21/2020 03:22:34 PM 	 1600694554.403959	Log_Type.RECOGNIZED_WORDS	left	dator
09/21/2020 03:22:38 PM 	 1600694558.559691	Log_Type.RECOGNIZED_WORDS	right	behöver nästa logga in på en telefon
09/21/2020 03:22:41 PM 	 1600694561.2793822	Log_Type.RECOGNIZED_WORDS	right	cykel
09/21/2020 03:22:46 PM 	 1600694566.209461	Log_Type.RECOGNIZED_WORDS	right	helt rätt
09/21/2020 03:22:48 PM 	 1600694568.4145858	Log_Type.RECOGNIZED_WORDS	left	här kan
09/21/2020 03:22:53 PM 	 1600694573.0901947	Log_Type.RECOGNIZED_WORDS	left	hänga kläder
09/21/2020 03:22:58 PM 	 1600694578.0141218	Log_Type.RECOGNIZED_WORDS	left	ja man brukar hänga kläder där inne
09/21/2020 03:23:07 PM 	 1600694587.3578317	Log_Type.RECOGNIZED_WORDS	left	det här är någonting som bildas
09/21/2020 03:23:09 PM 	 1600694589.0143995	Log_Type.RECOGNIZED_WORDS	right	det här är någonting som bildas när jag går i snö
09/21/2020 03:23:22 PM 	 1600694602.1889937	Log_Type.RECOGNIZED_WORDS	left	jag går med mina skor i snön
09/21/2020 03:23:26 PM 	 1600694606.0122051	Log_Type.RECOGNIZED_WORDS	right	vad är det för slags skor
09/21/2020 03:23:27 PM 	 1600694607.1934283	Log_Type.RECOGNIZED_WORDS	left	vad är det för slags spår
09/21/2020 03:23:33 PM 	 1600694613.022535	Log_Type.RECOGNIZED_WORDS	right	ring
09/21/2020 03:23:37 PM 	 1600694617.0412145	Log_Type.RECOGNIZED_WORDS	left	nej
09/21/2020 03:23:46 PM 	 1600694626.9617558	Log_Type.RECOGNIZED_WORDS	left	till exempel
09/21/2020 03:23:47 PM 	 1600694627.4868593	Log_Type.RECOGNIZED_WORDS	right	till exempel
09/21/2020 03:23:53 PM 	 1600694633.309589	Log_Type.RECOGNIZED_WORDS	left	om jag har en naken foto och går snön då ser man
09/21/2020 03:23:53 PM 	 1600694633.3454342	Log_Type.RECOGNIZED_WORDS	right	jag har en naken då ser man
09/21/2020 03:23:58 PM 	 1600694638.8513327	Log_Type.RECOGNIZED_WORDS	right	efter lumpen
09/21/2020 03:24:02 PM 	 1600694642.9928148	Log_Type.RECOGNIZED_WORDS	left	ja
09/21/2020 03:24:03 PM 	 1600694643.8411398	Log_Type.RECOGNIZED_WORDS	right	påsk
09/21/2020 03:24:12 PM 	 1600694652.1647015	Log_Type.RECOGNIZED_WORDS	left	den är
09/21/2020 03:24:16 PM 	 1600694656.988819	Log_Type.RECOGNIZED_WORDS	left	en björn som är vit
09/21/2020 03:24:22 PM 	 1600694662.555513	Log_Type.RECOGNIZED_WORDS	left	en vit ett vitt djur som bor i
09/21/2020 03:24:27 PM 	 1600694667.6310701	Log_Type.RECOGNIZED_WORDS	left	som äter andra djur
09/21/2020 03:24:33 PM 	 1600694673.1490798	Log_Type.RECOGNIZED_WORDS	right	ja
09/21/2020 03:24:37 PM 	 1600694677.903735	Log_Type.RECOGNIZED_WORDS	right	jaha det här är någonting
09/21/2020 03:24:43 PM 	 1600694683.1675806	Log_Type.RECOGNIZED_WORDS	right	det finns hemma
09/21/2020 03:24:52 PM 	 1600694692.0651417	Log_Type.RECOGNIZED_WORDS	left	levande tidning med inte
09/21/2020 03:24:56 PM 	 1600694696.2020295	Log_Type.RECOGNIZED_WORDS	right	animaliskt
09/21/2020 03:24:57 PM 	 1600694697.0033526	Log_Type.RECOGNIZED_WORDS	left	animaliskt
09/21/2020 03:25:01 PM 	 1600694701.9844604	Log_Type.RECOGNIZED_WORDS	left	vad sa du för hatt
09/21/2020 03:25:05 PM 	 1600694705.6187794	Log_Type.RECOGNIZED_WORDS	right	missade
09/21/2020 03:25:07 PM 	 1600694707.0830898	Log_Type.RECOGNIZED_WORDS	left	vad var det för ord du gissa där
09/21/2020 03:25:11 PM 	 1600694711.4318767	Log_Type.RECOGNIZED_WORDS	right	helt rätt
09/21/2020 03:25:11 PM 	 1600694711.8571615	Log_Type.RECOGNIZED_WORDS	left	oj
09/21/2020 03:25:16 PM 	 1600694716.7442493	Log_Type.RECOGNIZED_WORDS	left	den här är om du
09/21/2020 03:25:25 PM 	 1600694725.7531614	Log_Type.RECOGNIZED_WORDS	right	om du har en efterkommande
09/21/2020 03:25:26 PM 	 1600694726.3000364	Log_Type.RECOGNIZED_WORDS	left	amstaff
09/21/2020 03:25:33 PM 	 1600694733.2977414	Log_Type.RECOGNIZED_WORDS	right	ja det är rätt
09/21/2020 03:25:35 PM 	 1600694735.9007463	Log_Type.RECOGNIZED_WORDS	left	jaha
09/21/2020 03:25:38 PM 	 1600694738.3181388	Log_Type.RECOGNIZED_WORDS	right	jaha om jag vill komma högt
09/21/2020 03:25:40 PM 	 1600694740.616462	Log_Type.RECOGNIZED_WORDS	left	komma högt upp i luften
09/21/2020 03:25:50 PM 	 1600694750.2394211	Log_Type.RECOGNIZED_WORDS	left	det finns en gren i sporten
09/21/2020 03:25:52 PM 	 1600694752.8480241	Log_Type.RECOGNIZED_WORDS	right	gren i sporten som heter det här på det här ordet
09/21/2020 03:25:55 PM 	 1600694755.0628445	Log_Type.RECOGNIZED_WORDS	left	ja
09/21/2020 03:26:04 PM 	 1600694764.5553856	Log_Type.RECOGNIZED_WORDS	left	jaha
09/21/2020 03:26:09 PM 	 1600694769.6825233	Log_Type.RECOGNIZED_WORDS	left	japp
09/21/2020 03:26:14 PM 	 1600694774.782467	Log_Type.RECOGNIZED_WORDS	left	tex en smoothie
09/21/2020 03:26:19 PM 	 1600694779.7102723	Log_Type.RECOGNIZED_WORDS	left	nej
09/21/2020 03:26:21 PM 	 1600694781.3059988	Log_Type.RECOGNIZED_WORDS	right	ändring det kan du göra
09/21/2020 03:26:24 PM 	 1600694784.8319685	Log_Type.RECOGNIZED_WORDS	left	ja någonting är det
09/21/2020 03:26:27 PM 	 1600694787.3264666	Log_Type.RECOGNIZED_WORDS	right	någonting edelfelt irene ring
09/21/2020 03:26:29 PM 	 1600694789.6620378	Log_Type.RECOGNIZED_WORDS	left	det kostar inte så väldigt
09/21/2020 03:26:32 PM 	 1600694792.1458092	Log_Type.RECOGNIZED_WORDS	right	väldigt mycket pengar
09/21/2020 03:26:38 PM 	 1600694798.0260773	Log_Type.RECOGNIZED_WORDS	right	det från början från ett träd
09/21/2020 03:26:39 PM 	 1600694799.8785436	Log_Type.RECOGNIZED_WORDS	left	ja precis ja jag skulle säga
09/21/2020 03:26:42 PM 	 1600694802.6371274	Log_Type.RECOGNIZED_WORDS	right	ja
09/21/2020 03:26:49 PM 	 1600694809.1595166	Log_Type.RECOGNIZED_WORDS	left	det här
09/21/2020 03:26:53 PM 	 1600694813.8549035	Log_Type.RECOGNIZED_WORDS	left	en låt som som
09/21/2020 03:26:58 PM 	 1600694818.916775	Log_Type.RECOGNIZED_WORDS	left	någonting som en tv-serie eller
09/21/2020 03:27:04 PM 	 1600694824.0368204	Log_Type.RECOGNIZED_WORDS	left	eller ps
09/21/2020 03:27:12 PM 	 1600694832.3840108	Log_Type.RECOGNIZED_WORDS	right	från början och det handlar om
09/21/2020 03:27:13 PM 	 1600694833.5327408	Log_Type.RECOGNIZED_WORDS	left	det handlar om en björn
09/21/2020 03:27:16 PM 	 1600694836.3778086	Log_Type.RECOGNIZED_WORDS	right	nyheter honung
09/21/2020 03:27:23 PM 	 1600694843.5115337	Log_Type.RECOGNIZED_WORDS	left	ja
09/21/2020 03:27:23 PM 	 1600694843.8883264	Log_Type.RECOGNIZED_WORDS	right	ja det här kan innehålla en signaturmelodi
09/21/2020 03:27:33 PM 	 1600694853.1048462	Log_Type.RECOGNIZED_WORDS	left	ja
09/21/2020 03:27:38 PM 	 1600694858.129595	Log_Type.RECOGNIZED_WORDS	right	låter ungefär som
09/21/2020 03:27:43 PM 	 1600694863.0007944	Log_Type.RECOGNIZED_WORDS	left	det är inte
09/21/2020 03:27:47 PM 	 1600694867.8299901	Log_Type.RECOGNIZED_WORDS	right	ursäkta
09/21/2020 03:27:48 PM 	 1600694868.859527	Log_Type.RECOGNIZED_WORDS	left	du hade du hade rätt mängder okej men
09/21/2020 03:27:58 PM 	 1600694878.4079258	Log_Type.RECOGNIZED_WORDS	left	någonting som hänger mellan två platser
09/21/2020 03:27:58 PM 	 1600694878.7880354	Log_Type.RECOGNIZED_WORDS	right	nej det här är någonting som hänger mellan två platser
09/21/2020 03:28:03 PM 	 1600694883.3237216	Log_Type.RECOGNIZED_WORDS	left	åka bil eller gå på den
09/21/2020 03:28:03 PM 	 1600694883.8477988	Log_Type.RECOGNIZED_WORDS	right	åka bil eller gå på den
09/21/2020 03:28:08 PM 	 1600694888.216936	Log_Type.RECOGNIZED_WORDS	left	är de tog kan åka på den här
09/21/2020 03:28:08 PM 	 1600694888.3205879	Log_Type.RECOGNIZED_WORDS	right	elektronik kan åka på den här
09/21/2020 03:28:13 PM 	 1600694893.596344	Log_Type.RECOGNIZED_WORDS	left	under den här saken så
09/21/2020 03:28:14 PM 	 1600694894.8012493	Log_Type.RECOGNIZED_WORDS	right	under den här saken så kan det vara en rap
09/21/2020 03:28:23 PM 	 1600694903.3438168	Log_Type.RECOGNIZED_WORDS	left	nånting man kan ta sig över
09/21/2020 03:28:25 PM 	 1600694905.1175668	Log_Type.RECOGNIZED_WORDS	right	nånting man kan ta sig över mellan två höga platser
09/21/2020 03:28:41 PM 	 1600694921.7416084	Log_Type.RECOGNIZED_WORDS	right	demokrati igen
09/21/2020 03:28:41 PM 	 1600694921.9658124	Log_Type.RECOGNIZED_WORDS	left	demokrati
09/21/2020 03:28:46 PM 	 1600694926.6754663	Log_Type.RECOGNIZED_WORDS	right	vill du veta vad människorna tycker
09/21/2020 03:28:47 PM 	 1600694927.1249537	Log_Type.RECOGNIZED_WORDS	left	vill veta vad vad människorna tycker
09/21/2020 03:28:50 PM 	 1600694930.9562805	Log_Type.RECOGNIZED_WORDS	right	måste vi ha en sån här sak
09/21/2020 03:28:55 PM 	 1600694935.4465306	Log_Type.RECOGNIZED_WORDS	right	att göra
09/21/2020 03:29:01 PM 	 1600694941.2703524	Log_Type.RECOGNIZED_WORDS	left	för att
09/21/2020 03:29:03 PM 	 1600694943.7835848	Log_Type.RECOGNIZED_WORDS	right	är det här någonting man har för att få ett rätt beslut
09/21/2020 03:29:10 PM 	 1600694950.3272483	Log_Type.RECOGNIZED_WORDS	right	rösträtt att göra
09/21/2020 03:29:11 PM 	 1600694951.2422743	Log_Type.RECOGNIZED_WORDS	left	folket att
09/21/2020 03:29:16 PM 	 1600694956.1211157	Log_Type.RECOGNIZED_WORDS	left	ja
09/21/2020 03:29:17 PM 	 1600694957.3827198	Log_Type.RECOGNIZED_WORDS	right	ja bra
09/21/2020 03:29:25 PM 	 1600694965.72526	Log_Type.RECOGNIZED_WORDS	left	ja jag kan
09/21/2020 03:29:30 PM 	 1600694970.9876978	Log_Type.RECOGNIZED_WORDS	left	hur går det för sl
09/21/2020 03:29:35 PM 	 1600694975.8313162	Log_Type.RECOGNIZED_WORDS	left	det här
09/21/2020 03:29:39 PM 	 1600694979.5961766	Log_Type.RECOGNIZED_WORDS	right	det här är någonting som finns i kroppen som bromsar
09/21/2020 03:29:41 PM 	 1600694981.0652688	Log_Type.RECOGNIZED_WORDS	left	kroppen som rusar omkring i vårat
09/21/2020 03:29:46 PM 	 1600694986.1762626	Log_Type.RECOGNIZED_WORDS	left	och det är en mindre del
09/21/2020 03:29:48 PM 	 1600694988.3162484	Log_Type.RECOGNIZED_WORDS	right	en mindre del
09/21/2020 03:29:50 PM 	 1600694990.8423257	Log_Type.RECOGNIZED_WORDS	left	bra
09/21/2020 03:30:05 PM 	 1600695005.4442728	Log_Type.RECOGNIZED_WORDS	left	som är
09/21/2020 03:30:10 PM 	 1600695010.3672624	Log_Type.RECOGNIZED_WORDS	left	mat i kyrkan
09/21/2020 03:30:15 PM 	 1600695015.58312	Log_Type.RECOGNIZED_WORDS	left	och inte fräs trä
09/21/2020 03:30:20 PM 	 1600695020.29933	Log_Type.RECOGNIZED_WORDS	left	högre än präst
09/21/2020 03:30:24 PM 	 1600695024.1830678	Log_Type.RECOGNIZED_WORDS	right	det är en präst men det det innan högsta
09/21/2020 03:30:29 PM 	 1600695029.3665762	Log_Type.RECOGNIZED_WORDS	right	nej inte på
09/21/2020 03:30:30 PM 	 1600695030.0390038	Log_Type.RECOGNIZED_WORDS	left	nej
09/21/2020 03:30:35 PM 	 1600695035.4535494	Log_Type.RECOGNIZED_WORDS	left	under påven
09/21/2020 03:30:36 PM 	 1600695036.741102	Log_Type.RECOGNIZED_WORDS	right	om man har en sån
09/21/2020 03:30:40 PM 	 1600695040.8024516	Log_Type.RECOGNIZED_WORDS	left	nej den där
09/21/2020 03:30:46 PM 	 1600695046.830059	Log_Type.RECOGNIZED_WORDS	right	fan är är högre än
09/21/2020 03:30:56 PM 	 1600695056.6561177	Log_Type.RECOGNIZED_WORDS	right	ursäkta jag sa han
09/21/2020 03:31:00 PM 	 1600695060.26127	Log_Type.RECOGNIZED_WORDS	left	tack själv
09/21/2020 03:31:01 PM 	 1600695061.5787761	Log_Type.RECOGNIZED_WORDS	right	det var roligt hoppas att
