09/23/2020 12:57:03 PM 	 1600858623.2706804	Log_Type.CONFIG	INIT_USER	left
09/23/2020 12:57:03 PM 	 1600858623.282286	Log_Type.CONFIG	INIT_USER	right
09/23/2020 12:57:11 PM 	 1600858631.343824	Log_Type.RECOGNIZED_WORDS	left	vad sa du
09/23/2020 12:57:12 PM 	 1600858632.5965714	Log_Type.RECOGNIZED_WORDS	right	vad heter du
09/23/2020 12:57:17 PM 	 1600858637.3828998	Log_Type.RECOGNIZED_WORDS	left	nej
09/23/2020 12:57:17 PM 	 1600858637.5073981	Log_Type.RECOGNIZED_WORDS	right	matta
09/23/2020 12:57:22 PM 	 1600858642.1982002	Log_Type.RECOGNIZED_WORDS	right	ja ja
09/23/2020 12:57:22 PM 	 1600858642.5928137	Log_Type.RECOGNIZED_WORDS	left	ja
09/23/2020 12:57:31 PM 	 1600858651.1782176	Log_Type.RECOGNIZED_WORDS	right	skicka brev
09/23/2020 12:57:36 PM 	 1600858656.5086443	Log_Type.RECOGNIZED_WORDS	left	porto du behöver porto
09/23/2020 12:57:41 PM 	 1600858661.8069336	Log_Type.RECOGNIZED_WORDS	left	köper där portot i form av ett
09/23/2020 12:57:45 PM 	 1600858665.0159936	Log_Type.RECOGNIZED_WORDS	right	nej
09/23/2020 12:57:46 PM 	 1600858666.602533	Log_Type.RECOGNIZED_WORDS	left	nej
09/23/2020 12:57:51 PM 	 1600858671.4473307	Log_Type.RECOGNIZED_WORDS	left	ja
09/23/2020 12:57:56 PM 	 1600858676.2285898	Log_Type.RECOGNIZED_WORDS	left	kungens fru
09/23/2020 12:58:05 PM 	 1600858685.2021284	Log_Type.RECOGNIZED_WORDS	right	ja
09/23/2020 12:58:05 PM 	 1600858685.3653615	Log_Type.RECOGNIZED_WORDS	left	ja
09/23/2020 12:58:10 PM 	 1600858690.0159082	Log_Type.RECOGNIZED_WORDS	left	en kock som
09/23/2020 12:58:14 PM 	 1600858694.67713	Log_Type.RECOGNIZED_WORDS	left	lagar bullar
09/23/2020 12:58:23 PM 	 1600858703.8945932	Log_Type.RECOGNIZED_WORDS	left	nej jan
09/23/2020 12:58:28 PM 	 1600858708.4585323	Log_Type.RECOGNIZED_WORDS	left	jaha
09/23/2020 12:58:33 PM 	 1600858713.1919167	Log_Type.RECOGNIZED_WORDS	left	du ser dig din egen
09/23/2020 12:58:37 PM 	 1600858717.9625137	Log_Type.RECOGNIZED_WORDS	left	du ser dig själv i den här prylen
09/23/2020 12:58:47 PM 	 1600858727.349536	Log_Type.RECOGNIZED_WORDS	left	du ser din egen reflektion
09/23/2020 12:58:52 PM 	 1600858732.2258322	Log_Type.RECOGNIZED_WORDS	left	när du tittar i den här
09/23/2020 12:59:14 PM 	 1600858754.3453789	Log_Type.RECOGNIZED_WORDS	left	tar färg med den här och målar med det på
09/23/2020 12:59:19 PM 	 1600858759.0611308	Log_Type.RECOGNIZED_WORDS	left	det finns vattenbaserade
09/23/2020 12:59:28 PM 	 1600858768.813645	Log_Type.RECOGNIZED_WORDS	left	man kan måla ja nej
09/23/2020 12:59:37 PM 	 1600858777.9399598	Log_Type.RECOGNIZED_WORDS	left	ett rum där du tvättar dig och borsta tänderna
09/23/2020 12:59:42 PM 	 1600858782.7155402	Log_Type.RECOGNIZED_WORDS	left	ja
09/23/2020 12:59:47 PM 	 1600858787.4405642	Log_Type.RECOGNIZED_WORDS	left	nej
09/23/2020 12:59:52 PM 	 1600858792.0385122	Log_Type.RECOGNIZED_WORDS	left	ford
09/23/2020 12:59:56 PM 	 1600858796.699339	Log_Type.RECOGNIZED_WORDS	left	på huvudet
09/23/2020 01:00:01 PM 	 1600858801.4616337	Log_Type.RECOGNIZED_WORDS	left	har stora ögon och anses vara vit
09/23/2020 01:00:06 PM 	 1600858806.0073316	Log_Type.RECOGNIZED_WORDS	left	uggla
09/23/2020 01:00:07 PM 	 1600858807.7653887	Log_Type.RECOGNIZED_WORDS	right	haha
09/23/2020 01:00:10 PM 	 1600858810.7451768	Log_Type.RECOGNIZED_WORDS	left	jaha
09/23/2020 01:00:15 PM 	 1600858815.5902202	Log_Type.RECOGNIZED_WORDS	left	den som vinner får ett svar för
09/23/2020 01:00:20 PM 	 1600858820.4926572	Log_Type.RECOGNIZED_WORDS	left	åker man vinner när man ska
09/23/2020 01:00:25 PM 	 1600858825.1320515	Log_Type.RECOGNIZED_WORDS	left	kalla den här grejen för oss
09/23/2020 01:00:29 PM 	 1600858829.9873672	Log_Type.RECOGNIZED_WORDS	right	vita
09/23/2020 01:00:30 PM 	 1600858830.1570816	Log_Type.RECOGNIZED_WORDS	left	nej men ja
09/23/2020 01:00:34 PM 	 1600858834.7052948	Log_Type.RECOGNIZED_WORDS	left	ja
09/23/2020 01:00:39 PM 	 1600858839.4260802	Log_Type.RECOGNIZED_WORDS	left	guld
09/23/2020 01:00:44 PM 	 1600858844.1791763	Log_Type.RECOGNIZED_WORDS	left	guldmedalj
09/23/2020 01:00:47 PM 	 1600858847.4021022	Log_Type.RECOGNIZED_WORDS	right	ta det direkt
09/23/2020 01:00:53 PM 	 1600858853.787924	Log_Type.RECOGNIZED_WORDS	left	men det kan också vara en tanke när man
09/23/2020 01:01:03 PM 	 1600858863.015197	Log_Type.RECOGNIZED_WORDS	left	människor nej
09/23/2020 01:01:07 PM 	 1600858867.677608	Log_Type.RECOGNIZED_WORDS	left	ja
09/23/2020 01:01:12 PM 	 1600858872.6099021	Log_Type.RECOGNIZED_WORDS	left	jaha
09/23/2020 01:01:17 PM 	 1600858877.2839253	Log_Type.RECOGNIZED_WORDS	left	insekt
09/23/2020 01:01:31 PM 	 1600858891.1200504	Log_Type.RECOGNIZED_WORDS	left	ja
09/23/2020 01:01:35 PM 	 1600858895.8211598	Log_Type.RECOGNIZED_WORDS	left	odöd
09/23/2020 01:01:40 PM 	 1600858900.5654905	Log_Type.RECOGNIZED_WORDS	left	en entitet som ler
09/23/2020 01:01:45 PM 	 1600858905.1947162	Log_Type.RECOGNIZED_WORDS	left	efter man har dött odöd
09/23/2020 01:01:54 PM 	 1600858914.3509836	Log_Type.RECOGNIZED_WORDS	left	ja
09/23/2020 01:01:59 PM 	 1600858919.0444946	Log_Type.RECOGNIZED_WORDS	left	statisk elektricitet i himlen
09/23/2020 01:02:08 PM 	 1600858928.3900158	Log_Type.RECOGNIZED_WORDS	left	regn nej
09/23/2020 01:02:13 PM 	 1600858933.109687	Log_Type.RECOGNIZED_WORDS	left	energi explosioner
09/23/2020 01:02:17 PM 	 1600858937.696602	Log_Type.RECOGNIZED_WORDS	left	nej
09/23/2020 01:02:27 PM 	 1600858947.0270977	Log_Type.RECOGNIZED_WORDS	left	kanin hamster
09/23/2020 01:02:31 PM 	 1600858951.7314823	Log_Type.RECOGNIZED_WORDS	left	sällskap
09/23/2020 01:02:36 PM 	 1600858956.3331807	Log_Type.RECOGNIZED_WORDS	left	hemmet
09/23/2020 01:02:45 PM 	 1600858965.5900173	Log_Type.RECOGNIZED_WORDS	left	ja
09/23/2020 01:02:54 PM 	 1600858974.8857691	Log_Type.RECOGNIZED_WORDS	left	obehagliga tankar när du sover
09/23/2020 01:03:13 PM 	 1600858993.252755	Log_Type.RECOGNIZED_WORDS	left	skåp ska du förvara kläder
09/23/2020 01:03:18 PM 	 1600858998.0732472	Log_Type.RECOGNIZED_WORDS	left	ja
09/23/2020 01:03:27 PM 	 1600859007.2313218	Log_Type.RECOGNIZED_WORDS	left	jaha
09/23/2020 01:03:28 PM 	 1600859008.1715913	Log_Type.RECOGNIZED_WORDS	right	men
09/23/2020 01:03:32 PM 	 1600859012.6411262	Log_Type.RECOGNIZED_WORDS	left	ja han hänger kläder in i det
09/23/2020 01:03:33 PM 	 1600859013.2347012	Log_Type.RECOGNIZED_WORDS	right	älskling
09/23/2020 01:03:36 PM 	 1600859016.7258296	Log_Type.RECOGNIZED_WORDS	right	hej
09/23/2020 01:03:37 PM 	 1600859017.2778497	Log_Type.RECOGNIZED_WORDS	left	ja
09/23/2020 01:03:41 PM 	 1600859021.9311297	Log_Type.RECOGNIZED_WORDS	left	1
09/23/2020 01:03:46 PM 	 1600859026.0523417	Log_Type.RECOGNIZED_WORDS	right	om man kan
09/23/2020 01:03:50 PM 	 1600859030.5714343	Log_Type.RECOGNIZED_WORDS	right	och att gå hem kan gå
09/23/2020 01:03:51 PM 	 1600859031.1762493	Log_Type.RECOGNIZED_WORDS	left	om man inte kan gå
09/23/2020 01:03:55 PM 	 1600859035.934301	Log_Type.RECOGNIZED_WORDS	left	ja
09/23/2020 01:04:05 PM 	 1600859045.0535226	Log_Type.RECOGNIZED_WORDS	left	ja snyggt
09/23/2020 01:04:10 PM 	 1600859050.147608	Log_Type.RECOGNIZED_WORDS	left	man är över 18
09/23/2020 01:04:14 PM 	 1600859054.7416277	Log_Type.RECOGNIZED_WORDS	left	riksdagspartier som ska leda den
09/23/2020 01:04:25 PM 	 1600859065.0215712	Log_Type.RECOGNIZED_WORDS	left	man får väl vara med och välja
09/23/2020 01:04:43 PM 	 1600859083.2529333	Log_Type.RECOGNIZED_WORDS	left	en get som lever i bergen
09/23/2020 01:04:57 PM 	 1600859097.3152843	Log_Type.RECOGNIZED_WORDS	left	den klättrar på bergska
09/23/2020 01:05:02 PM 	 1600859102.0009139	Log_Type.RECOGNIZED_WORDS	left	ja
09/23/2020 01:05:10 PM 	 1600859110.4363258	Log_Type.RECOGNIZED_WORDS	right	hemma
09/23/2020 01:05:11 PM 	 1600859111.289459	Log_Type.RECOGNIZED_WORDS	left	hemma i en hink i fönstret
09/23/2020 01:05:15 PM 	 1600859115.888404	Log_Type.RECOGNIZED_WORDS	left	jaha
09/23/2020 01:05:25 PM 	 1600859125.235124	Log_Type.RECOGNIZED_WORDS	left	blommor
09/23/2020 01:05:29 PM 	 1600859129.9395642	Log_Type.RECOGNIZED_WORDS	left	trädgården
09/23/2020 01:05:48 PM 	 1600859148.534697	Log_Type.RECOGNIZED_WORDS	left	byggnaden i guds hus
09/23/2020 01:05:57 PM 	 1600859157.7643085	Log_Type.RECOGNIZED_WORDS	left	högsta delen av kyrkan
09/23/2020 01:06:06 PM 	 1600859166.9551895	Log_Type.RECOGNIZED_WORDS	left	nej
09/23/2020 01:06:11 PM 	 1600859171.631953	Log_Type.RECOGNIZED_WORDS	left	högsta delen i i guds hus hänger
09/23/2020 01:06:16 PM 	 1600859176.578694	Log_Type.RECOGNIZED_WORDS	left	vad kallas den delen av guds hus där klockorna hänger
09/23/2020 01:06:21 PM 	 1600859181.4382827	Log_Type.RECOGNIZED_WORDS	left	ja
09/23/2020 01:06:30 PM 	 1600859190.7075434	Log_Type.RECOGNIZED_WORDS	left	blockstar du skriver
09/23/2020 01:06:35 PM 	 1600859195.4717045	Log_Type.RECOGNIZED_WORDS	left	och placerar vi graven
09/23/2020 01:06:58 PM 	 1600859218.7149842	Log_Type.RECOGNIZED_WORDS	left	ja
09/23/2020 01:07:08 PM 	 1600859228.0293338	Log_Type.RECOGNIZED_WORDS	left	när man går i snön så lämnar man ofta efter sig
09/23/2020 01:07:12 PM 	 1600859232.9528143	Log_Type.RECOGNIZED_WORDS	left	markeringar i snön när man har gått vad kallas de
09/23/2020 01:07:26 PM 	 1600859246.7094228	Log_Type.RECOGNIZED_WORDS	left	jaha
09/23/2020 01:07:40 PM 	 1600859260.6990702	Log_Type.RECOGNIZED_WORDS	left	högt upp som möjligt
09/23/2020 01:07:45 PM 	 1600859265.323984	Log_Type.RECOGNIZED_WORDS	left	ja
09/23/2020 01:07:50 PM 	 1600859270.0367475	Log_Type.RECOGNIZED_WORDS	left	jaha
09/23/2020 01:07:54 PM 	 1600859274.7670894	Log_Type.RECOGNIZED_WORDS	left	min dotter är mammas
09/23/2020 01:08:03 PM 	 1600859283.8854322	Log_Type.RECOGNIZED_WORDS	left	min mamma hon är barn med mitt barns
09/23/2020 01:08:08 PM 	 1600859288.6418145	Log_Type.RECOGNIZED_WORDS	left	farmor men vad är barnet för farmor
09/23/2020 01:08:13 PM 	 1600859293.2398014	Log_Type.RECOGNIZED_WORDS	left	ja
09/23/2020 01:08:21 PM 	 1600859301.5562773	Log_Type.RECOGNIZED_WORDS	right	oliver i
09/23/2020 01:08:22 PM 	 1600859302.425208	Log_Type.RECOGNIZED_WORDS	left	0
09/23/2020 01:08:27 PM 	 1600859307.1306412	Log_Type.RECOGNIZED_WORDS	left	nordpolen
09/23/2020 01:08:36 PM 	 1600859316.4881673	Log_Type.RECOGNIZED_WORDS	left	anses vara värd
09/23/2020 01:08:41 PM 	 1600859321.0627196	Log_Type.RECOGNIZED_WORDS	left	farligaste djur bor på nordpolen
09/23/2020 01:08:45 PM 	 1600859325.6989868	Log_Type.RECOGNIZED_WORDS	left	och
09/23/2020 01:08:50 PM 	 1600859330.3715498	Log_Type.RECOGNIZED_WORDS	left	nej
09/23/2020 01:08:54 PM 	 1600859334.913309	Log_Type.RECOGNIZED_WORDS	left	ja
09/23/2020 01:08:59 PM 	 1600859339.4781299	Log_Type.RECOGNIZED_WORDS	left	en byggnad som byggs inte
09/23/2020 01:09:04 PM 	 1600859344.3159704	Log_Type.RECOGNIZED_WORDS	left	det hem som sitter ihop
09/23/2020 01:09:22 PM 	 1600859362.7479103	Log_Type.RECOGNIZED_WORDS	left	golden gate
09/23/2020 01:09:27 PM 	 1600859367.4771757	Log_Type.RECOGNIZED_WORDS	left	ja
09/23/2020 01:09:32 PM 	 1600859372.0155287	Log_Type.RECOGNIZED_WORDS	left	konstruktion som binder samman två och
09/23/2020 01:09:37 PM 	 1600859377.4874532	Log_Type.RECOGNIZED_WORDS	left	sidor av ett sund så vi kan köra
09/23/2020 01:09:42 PM 	 1600859382.255344	Log_Type.RECOGNIZED_WORDS	left	klart
09/23/2020 01:09:46 PM 	 1600859386.970198	Log_Type.RECOGNIZED_WORDS	left	kyrkans överhuvud
09/23/2020 01:09:51 PM 	 1600859391.5621457	Log_Type.RECOGNIZED_WORDS	left	ledare i sverige
09/23/2020 01:10:05 PM 	 1600859405.389182	Log_Type.RECOGNIZED_WORDS	left	nej
09/23/2020 01:10:10 PM 	 1600859410.1145992	Log_Type.RECOGNIZED_WORDS	left	ledare för kyrkan
09/23/2020 01:10:14 PM 	 1600859414.8166096	Log_Type.RECOGNIZED_WORDS	left	distrikts ledare för kyrkan
09/23/2020 01:10:19 PM 	 1600859419.5159512	Log_Type.RECOGNIZED_WORDS	left	högt uppsatt
09/23/2020 01:10:24 PM 	 1600859424.1026773	Log_Type.RECOGNIZED_WORDS	left	mirakel
09/23/2020 01:10:28 PM 	 1600859428.7853494	Log_Type.RECOGNIZED_WORDS	left	det finns
09/23/2020 01:10:42 PM 	 1600859442.410219	Log_Type.RECOGNIZED_WORDS	left	nej
09/23/2020 01:10:47 PM 	 1600859447.3252127	Log_Type.RECOGNIZED_WORDS	left	det finns sju det finns sju
09/23/2020 01:10:52 PM 	 1600859452.2161396	Log_Type.RECOGNIZED_WORDS	left	i historien om världen
09/23/2020 01:10:57 PM 	 1600859457.1891263	Log_Type.RECOGNIZED_WORDS	left	pyramiderna babylons hängande trädgårdar
09/23/2020 01:11:01 PM 	 1600859461.9379911	Log_Type.RECOGNIZED_WORDS	left	huset i alexandria
09/23/2020 01:11:06 PM 	 1600859466.5931125	Log_Type.RECOGNIZED_WORDS	left	mirakel i världen
09/23/2020 01:11:11 PM 	 1600859471.4012935	Log_Type.RECOGNIZED_WORDS	left	ja
09/23/2020 01:11:16 PM 	 1600859476.0139213	Log_Type.RECOGNIZED_WORDS	left	songs
09/23/2020 01:11:20 PM 	 1600859480.6188385	Log_Type.RECOGNIZED_WORDS	left	identifierar
09/23/2020 01:11:25 PM 	 1600859485.61442	Log_Type.RECOGNIZED_WORDS	left	sång som identifierar en
09/23/2020 01:11:43 PM 	 1600859503.860539	Log_Type.RECOGNIZED_WORDS	left	ett stort verktyg
09/23/2020 01:11:49 PM 	 1600859509.235905	Log_Type.RECOGNIZED_WORDS	left	kläder med du gör matte
09/23/2020 01:11:54 PM 	 1600859514.0096233	Log_Type.RECOGNIZED_WORDS	left	den här stora verktyget
09/23/2020 01:12:03 PM 	 1600859523.12307	Log_Type.RECOGNIZED_WORDS	left	det var så lite så
