09/28/2020 04:41:07 PM 	 1601304067.8430526	Log_Type.CONFIG	INIT_USER	left
09/28/2020 04:41:07 PM 	 1601304067.8494022	Log_Type.CONFIG	INIT_USER	right
09/28/2020 04:41:18 PM 	 1601304078.7012024	Log_Type.RECOGNIZED_WORDS	left	det är någon som
09/28/2020 04:41:20 PM 	 1601304080.2072237	Log_Type.RECOGNIZED_WORDS	right	det är någon som gör
09/28/2020 04:41:24 PM 	 1601304084.5064452	Log_Type.RECOGNIZED_WORDS	left	bröd
09/28/2020 04:41:27 PM 	 1601304087.746868	Log_Type.RECOGNIZED_WORDS	right	som det är ens jobb
09/28/2020 04:41:28 PM 	 1601304088.2389412	Log_Type.RECOGNIZED_WORDS	left	jaha
09/28/2020 04:41:34 PM 	 1601304094.7708063	Log_Type.RECOGNIZED_WORDS	right	vad heter den personen
09/28/2020 04:41:36 PM 	 1601304096.3672268	Log_Type.RECOGNIZED_WORDS	left	ja
09/28/2020 04:41:41 PM 	 1601304101.8133857	Log_Type.RECOGNIZED_WORDS	right	vill du följa med
09/28/2020 04:41:46 PM 	 1601304106.0530615	Log_Type.RECOGNIZED_WORDS	left	bagare
09/28/2020 04:41:46 PM 	 1601304106.2645938	Log_Type.RECOGNIZED_WORDS	right	nej
09/28/2020 04:41:51 PM 	 1601304111.2147155	Log_Type.RECOGNIZED_WORDS	left	man har detta
09/28/2020 04:41:56 PM 	 1601304116.2870305	Log_Type.RECOGNIZED_WORDS	left	en typ av mat som man har på
09/28/2020 04:42:01 PM 	 1601304121.5947168	Log_Type.RECOGNIZED_WORDS	left	kött det är kött
09/28/2020 04:42:06 PM 	 1601304126.6353674	Log_Type.RECOGNIZED_WORDS	left	har man på en macka
09/28/2020 04:42:11 PM 	 1601304131.521705	Log_Type.RECOGNIZED_WORDS	left	ja
09/28/2020 04:42:14 PM 	 1601304134.936759	Log_Type.RECOGNIZED_WORDS	right	så där
09/28/2020 04:42:16 PM 	 1601304136.8038967	Log_Type.RECOGNIZED_WORDS	right	googla har
09/28/2020 04:42:22 PM 	 1601304142.1176348	Log_Type.RECOGNIZED_WORDS	right	bodde hjälper dem flyga
09/28/2020 04:42:29 PM 	 1601304149.2985904	Log_Type.RECOGNIZED_WORDS	left	det är ett ställe i huset
09/28/2020 04:42:34 PM 	 1601304154.4893875	Log_Type.RECOGNIZED_WORDS	left	borsta tänderna gå på toa tvätt
09/28/2020 04:42:41 PM 	 1601304161.7177896	Log_Type.RECOGNIZED_WORDS	left	badrum
09/28/2020 04:42:48 PM 	 1601304168.6502404	Log_Type.RECOGNIZED_WORDS	right	det händer
09/28/2020 04:42:52 PM 	 1601304172.383644	Log_Type.RECOGNIZED_WORDS	right	vädret i vällingby
09/28/2020 04:42:57 PM 	 1601304177.3207202	Log_Type.RECOGNIZED_WORDS	right	jättemycket ser väl
09/28/2020 04:43:01 PM 	 1601304181.2537568	Log_Type.RECOGNIZED_WORDS	right	ljust
09/28/2020 04:43:04 PM 	 1601304184.7803419	Log_Type.RECOGNIZED_WORDS	left	ja
09/28/2020 04:43:09 PM 	 1601304189.402937	Log_Type.RECOGNIZED_WORDS	left	det är inte
09/28/2020 04:43:14 PM 	 1601304194.0976534	Log_Type.RECOGNIZED_WORDS	left	man kan se sig själv i
09/28/2020 04:43:23 PM 	 1601304203.4896586	Log_Type.RECOGNIZED_WORDS	left	fönster
09/28/2020 04:43:32 PM 	 1601304212.4553115	Log_Type.RECOGNIZED_WORDS	right	diet djur ett litet djur
09/28/2020 04:43:37 PM 	 1601304217.6345458	Log_Type.RECOGNIZED_WORDS	left	överallt
09/28/2020 04:43:37 PM 	 1601304217.6613572	Log_Type.RECOGNIZED_WORDS	right	som finns överallt i sverige
09/28/2020 04:43:45 PM 	 1601304225.1346803	Log_Type.RECOGNIZED_WORDS	right	skaparen
09/28/2020 04:43:47 PM 	 1601304227.3597696	Log_Type.RECOGNIZED_WORDS	left	det är någonting med
09/28/2020 04:43:52 PM 	 1601304232.1024282	Log_Type.RECOGNIZED_WORDS	left	jaha
09/28/2020 04:43:57 PM 	 1601304237.1079638	Log_Type.RECOGNIZED_WORDS	left	när man ser bilder i huvud
09/28/2020 04:44:11 PM 	 1601304251.290835	Log_Type.RECOGNIZED_WORDS	left	vad gör man
09/28/2020 04:44:21 PM 	 1601304261.096965	Log_Type.RECOGNIZED_WORDS	right	de här personer är
09/28/2020 04:44:25 PM 	 1601304265.275802	Log_Type.RECOGNIZED_WORDS	left	benny
09/28/2020 04:44:28 PM 	 1601304268.4444942	Log_Type.RECOGNIZED_WORDS	right	väldigt har väl
09/28/2020 04:44:30 PM 	 1601304270.9300158	Log_Type.RECOGNIZED_WORDS	right	storbritannien
09/28/2020 04:44:34 PM 	 1601304274.5865958	Log_Type.RECOGNIZED_WORDS	left	nej
09/28/2020 04:44:38 PM 	 1601304278.7371945	Log_Type.RECOGNIZED_WORDS	right	nej eller kanske inte storbritannien bara
09/28/2020 04:44:43 PM 	 1601304283.4843218	Log_Type.RECOGNIZED_WORDS	right	nej ja
09/28/2020 04:44:48 PM 	 1601304288.6658869	Log_Type.RECOGNIZED_WORDS	left	någonting man sätta på ett brev när man
09/28/2020 04:44:51 PM 	 1601304291.1067357	Log_Type.RECOGNIZED_WORDS	left	ja
09/28/2020 04:45:00 PM 	 1601304300.1578586	Log_Type.RECOGNIZED_WORDS	left	vad sätter man på ett brev för att kunna skicka iväg det
09/28/2020 04:45:09 PM 	 1601304309.464237	Log_Type.RECOGNIZED_WORDS	left	namn
09/28/2020 04:45:16 PM 	 1601304316.8526459	Log_Type.RECOGNIZED_WORDS	right	där ett verktyg
09/28/2020 04:45:20 PM 	 1601304320.3091145	Log_Type.RECOGNIZED_WORDS	right	för att till exempel måla
09/28/2020 04:45:22 PM 	 1601304322.536608	Log_Type.RECOGNIZED_WORDS	right	väggen
09/28/2020 04:45:23 PM 	 1601304323.2344975	Log_Type.RECOGNIZED_WORDS	left	ja
09/28/2020 04:45:37 PM 	 1601304337.14262	Log_Type.RECOGNIZED_WORDS	left	kan jag kalla detta något som
09/28/2020 04:45:42 PM 	 1601304342.1075165	Log_Type.RECOGNIZED_WORDS	left	något som har dött så brukar de
09/28/2020 04:45:47 PM 	 1601304347.8365843	Log_Type.RECOGNIZED_WORDS	left	är efterblivet eller det verkliga livet
09/28/2020 04:45:59 PM 	 1601304359.3804832	Log_Type.RECOGNIZED_WORDS	right	ett sätt att utvärdera
09/28/2020 04:46:04 PM 	 1601304364.5900307	Log_Type.RECOGNIZED_WORDS	right	kanske någon idé
09/28/2020 04:46:06 PM 	 1601304366.4141374	Log_Type.RECOGNIZED_WORDS	left	skolan
09/28/2020 04:46:09 PM 	 1601304369.8157432	Log_Type.RECOGNIZED_WORDS	right	man får
09/28/2020 04:46:20 PM 	 1601304380.6790938	Log_Type.RECOGNIZED_WORDS	left	man vill
09/28/2020 04:46:26 PM 	 1601304386.0681891	Log_Type.RECOGNIZED_WORDS	left	första plats till exempel i
09/28/2020 04:46:35 PM 	 1601304395.4507527	Log_Type.RECOGNIZED_WORDS	left	guld
09/28/2020 04:46:40 PM 	 1601304400.5254219	Log_Type.RECOGNIZED_WORDS	left	precis
09/28/2020 04:46:45 PM 	 1601304405.4764547	Log_Type.RECOGNIZED_WORDS	right	fågel som
09/28/2020 04:46:50 PM 	 1601304410.7475193	Log_Type.RECOGNIZED_WORDS	right	det är vacker under
09/28/2020 04:46:54 PM 	 1601304414.8731916	Log_Type.RECOGNIZED_WORDS	left	ja
09/28/2020 04:46:56 PM 	 1601304416.5578918	Log_Type.RECOGNIZED_WORDS	right	har stora ögon
09/28/2020 04:47:04 PM 	 1601304424.1220307	Log_Type.RECOGNIZED_WORDS	left	det är
09/28/2020 04:47:09 PM 	 1601304429.0117455	Log_Type.RECOGNIZED_WORDS	left	där man kan köpa mediciner
09/28/2020 04:47:18 PM 	 1601304438.4841146	Log_Type.RECOGNIZED_WORDS	left	men
09/28/2020 04:47:23 PM 	 1601304443.5047858	Log_Type.RECOGNIZED_WORDS	left	istället för att hämta sina mediciner
09/28/2020 04:47:28 PM 	 1601304448.1555095	Log_Type.RECOGNIZED_WORDS	left	apotea
09/28/2020 04:47:29 PM 	 1601304449.0404627	Log_Type.RECOGNIZED_WORDS	right	apoteket
09/28/2020 04:47:36 PM 	 1601304456.3543355	Log_Type.RECOGNIZED_WORDS	right	där
09/28/2020 04:47:41 PM 	 1601304461.4293995	Log_Type.RECOGNIZED_WORDS	right	många många människor har vänner
09/28/2020 04:47:42 PM 	 1601304462.206476	Log_Type.RECOGNIZED_WORDS	left	emma
09/28/2020 04:47:44 PM 	 1601304464.3800824	Log_Type.RECOGNIZED_WORDS	right	som inte är människor
09/28/2020 04:47:51 PM 	 1601304471.4362178	Log_Type.RECOGNIZED_WORDS	left	en människa som
09/28/2020 04:47:56 PM 	 1601304476.850108	Log_Type.RECOGNIZED_WORDS	left	boka lämna detta efter sig till x
09/28/2020 04:48:10 PM 	 1601304490.4664688	Log_Type.RECOGNIZED_WORDS	right	det är julsång
09/28/2020 04:48:13 PM 	 1601304493.1692924	Log_Type.RECOGNIZED_WORDS	right	lever
09/28/2020 04:48:16 PM 	 1601304496.8969429	Log_Type.RECOGNIZED_WORDS	right	det är väldigt kallt
09/28/2020 04:48:20 PM 	 1601304500.420192	Log_Type.RECOGNIZED_WORDS	left	ja och
09/28/2020 04:48:20 PM 	 1601304500.6737354	Log_Type.RECOGNIZED_WORDS	right	och
09/28/2020 04:48:23 PM 	 1601304503.3205228	Log_Type.RECOGNIZED_WORDS	right	det är väldigt stort
09/28/2020 04:48:26 PM 	 1601304506.5540617	Log_Type.RECOGNIZED_WORDS	right	vit
09/28/2020 04:48:34 PM 	 1601304514.1557026	Log_Type.RECOGNIZED_WORDS	left	den lever på land
09/28/2020 04:48:52 PM 	 1601304532.7976286	Log_Type.RECOGNIZED_WORDS	left	så en
09/28/2020 04:48:57 PM 	 1601304537.6936338	Log_Type.RECOGNIZED_WORDS	left	farmor farfar har detta
09/28/2020 04:49:11 PM 	 1601304551.7402227	Log_Type.RECOGNIZED_WORDS	left	så
09/28/2020 04:49:12 PM 	 1601304552.088675	Log_Type.RECOGNIZED_WORDS	right	vattenhögtalare
09/28/2020 04:49:17 PM 	 1601304557.0558157	Log_Type.RECOGNIZED_WORDS	left	en viss byggnad där en religiös byggnad
09/28/2020 04:49:22 PM 	 1601304562.2059212	Log_Type.RECOGNIZED_WORDS	left	ett väldigt stort
09/28/2020 04:49:27 PM 	 1601304567.3644495	Log_Type.RECOGNIZED_WORDS	left	typ av dig
09/28/2020 04:49:41 PM 	 1601304581.118498	Log_Type.RECOGNIZED_WORDS	right	så
09/28/2020 04:49:44 PM 	 1601304584.6097925	Log_Type.RECOGNIZED_WORDS	right	en släkting
09/28/2020 04:49:45 PM 	 1601304585.6234791	Log_Type.RECOGNIZED_WORDS	left	en släkting
09/28/2020 04:49:55 PM 	 1601304595.1881187	Log_Type.RECOGNIZED_WORDS	right	som är syskon till en förälder
09/28/2020 04:50:07 PM 	 1601304607.510856	Log_Type.RECOGNIZED_WORDS	right	nej
09/28/2020 04:50:09 PM 	 1601304609.3945982	Log_Type.RECOGNIZED_WORDS	left	man brukade kalla
09/28/2020 04:50:14 PM 	 1601304614.6900048	Log_Type.RECOGNIZED_WORDS	left	men detta innan om man har inte det
09/28/2020 04:50:24 PM 	 1601304624.1137464	Log_Type.RECOGNIZED_WORDS	right	man
09/28/2020 04:50:33 PM 	 1601304633.548151	Log_Type.RECOGNIZED_WORDS	left	hänger in dina kläder i detta
09/28/2020 04:50:38 PM 	 1601304638.3579135	Log_Type.RECOGNIZED_WORDS	left	ja
09/28/2020 04:50:43 PM 	 1601304643.8726068	Log_Type.RECOGNIZED_WORDS	left	det stort objekt så där du lägga
09/28/2020 04:50:48 PM 	 1601304648.6717875	Log_Type.RECOGNIZED_WORDS	left	dina skjortor
09/28/2020 04:50:53 PM 	 1601304653.481962	Log_Type.RECOGNIZED_WORDS	left	nej
09/28/2020 04:51:01 PM 	 1601304661.6835248	Log_Type.RECOGNIZED_WORDS	right	en person
09/28/2020 04:51:08 PM 	 1601304668.298171	Log_Type.RECOGNIZED_WORDS	right	ligger man under
09/28/2020 04:51:10 PM 	 1601304670.50563	Log_Type.RECOGNIZED_WORDS	right	ovanpå
09/28/2020 04:51:15 PM 	 1601304675.9965866	Log_Type.RECOGNIZED_WORDS	right	en sak som
09/28/2020 04:51:19 PM 	 1601304679.7421558	Log_Type.RECOGNIZED_WORDS	right	vila
09/28/2020 04:51:26 PM 	 1601304686.1145332	Log_Type.RECOGNIZED_WORDS	left	granit sten
09/28/2020 04:51:33 PM 	 1601304693.700876	Log_Type.RECOGNIZED_WORDS	right	berätta en sport
09/28/2020 04:51:35 PM 	 1601304695.4959857	Log_Type.RECOGNIZED_WORDS	left	sport som utövas
09/28/2020 04:51:55 PM 	 1601304715.9804387	Log_Type.RECOGNIZED_WORDS	right	djur
09/28/2020 04:51:58 PM 	 1601304718.6010735	Log_Type.RECOGNIZED_WORDS	right	har
09/28/2020 04:51:58 PM 	 1601304718.6084542	Log_Type.RECOGNIZED_WORDS	left	jaha
09/28/2020 04:52:05 PM 	 1601304725.8018022	Log_Type.RECOGNIZED_WORDS	right	om du vill inte hjälpa mig
09/28/2020 04:52:08 PM 	 1601304728.4498286	Log_Type.RECOGNIZED_WORDS	left	det här djuret går
09/28/2020 04:52:13 PM 	 1601304733.3257015	Log_Type.RECOGNIZED_WORDS	left	det är också en ett stjärntecken
09/28/2020 04:52:27 PM 	 1601304747.8378649	Log_Type.RECOGNIZED_WORDS	left	det är någonting så många har hemma
09/28/2020 04:52:28 PM 	 1601304748.7791464	Log_Type.RECOGNIZED_WORDS	right	det är någonting som många har hemma för att
09/28/2020 04:52:33 PM 	 1601304753.746002	Log_Type.RECOGNIZED_WORDS	right	som lite natur
09/28/2020 04:52:37 PM 	 1601304757.6711264	Log_Type.RECOGNIZED_WORDS	right	jag tror att
09/28/2020 04:52:42 PM 	 1601304762.0016444	Log_Type.RECOGNIZED_WORDS	left	nej
09/28/2020 04:52:43 PM 	 1601304763.563452	Log_Type.RECOGNIZED_WORDS	right	nej inom inomhus
09/28/2020 04:52:47 PM 	 1601304767.0281463	Log_Type.RECOGNIZED_WORDS	left	ja
09/28/2020 04:52:49 PM 	 1601304769.0712526	Log_Type.RECOGNIZED_WORDS	right	små blommor presenter
09/28/2020 04:53:10 PM 	 1601304790.479738	Log_Type.RECOGNIZED_WORDS	left	om detta är tillåtet då får
09/28/2020 04:53:15 PM 	 1601304795.6030145	Log_Type.RECOGNIZED_WORDS	left	viss mängd av utvalda män
09/28/2020 04:53:20 PM 	 1601304800.298339	Log_Type.RECOGNIZED_WORDS	left	i samhället
09/28/2020 04:53:25 PM 	 1601304805.1330142	Log_Type.RECOGNIZED_WORDS	left	detta är
09/28/2020 04:53:25 PM 	 1601304805.823712	Log_Type.RECOGNIZED_WORDS	right	detta är
09/28/2020 04:53:31 PM 	 1601304811.7695026	Log_Type.RECOGNIZED_WORDS	right	någonting du använder
09/28/2020 04:53:36 PM 	 1601304816.5990434	Log_Type.RECOGNIZED_WORDS	right	logga in i din google account
09/28/2020 04:53:38 PM 	 1601304818.8061984	Log_Type.RECOGNIZED_WORDS	right	och
09/28/2020 04:53:41 PM 	 1601304821.616155	Log_Type.RECOGNIZED_WORDS	right	hemligt
09/28/2020 04:53:43 PM 	 1601304823.6856432	Log_Type.RECOGNIZED_WORDS	left	lösenord
09/28/2020 04:53:48 PM 	 1601304828.298427	Log_Type.RECOGNIZED_WORDS	left	så
09/28/2020 04:53:53 PM 	 1601304833.1644454	Log_Type.RECOGNIZED_WORDS	left	uppsatt person inom kyrkan
09/28/2020 04:53:57 PM 	 1601304837.8602774	Log_Type.RECOGNIZED_WORDS	left	vad är detta
09/28/2020 04:54:05 PM 	 1601304845.7279432	Log_Type.RECOGNIZED_WORDS	right	högre
09/28/2020 04:54:07 PM 	 1601304847.6631603	Log_Type.RECOGNIZED_WORDS	left	de har en
09/28/2020 04:54:14 PM 	 1601304854.2103245	Log_Type.RECOGNIZED_WORDS	right	är
09/28/2020 04:54:19 PM 	 1601304859.0073462	Log_Type.RECOGNIZED_WORDS	right	hur gör man när man vill
09/28/2020 04:54:21 PM 	 1601304861.9111907	Log_Type.RECOGNIZED_WORDS	left	människor
09/28/2020 04:54:23 PM 	 1601304863.818047	Log_Type.RECOGNIZED_WORDS	right	människor i ett land ska bäst
09/28/2020 04:54:25 PM 	 1601304865.7646224	Log_Type.RECOGNIZED_WORDS	right	fråga
09/28/2020 04:54:34 PM 	 1601304874.1297617	Log_Type.RECOGNIZED_WORDS	right	euro eller inte
09/28/2020 04:54:45 PM 	 1601304885.561487	Log_Type.RECOGNIZED_WORDS	left	objekt man använder för att korsa vatten
09/28/2020 04:54:50 PM 	 1601304890.7988687	Log_Type.RECOGNIZED_WORDS	left	genom att gå eller med bilar
09/28/2020 04:54:55 PM 	 1601304895.6492195	Log_Type.RECOGNIZED_WORDS	left	men den den har också
09/28/2020 04:55:00 PM 	 1601304900.4230452	Log_Type.RECOGNIZED_WORDS	left	utseende
09/28/2020 04:55:05 PM 	 1601304905.2834063	Log_Type.RECOGNIZED_WORDS	left	golden gate bron golden gate bron
09/28/2020 04:55:19 PM 	 1601304919.02873	Log_Type.RECOGNIZED_WORDS	right	det finns i
09/28/2020 04:55:19 PM 	 1601304919.2550569	Log_Type.RECOGNIZED_WORDS	left	i
09/28/2020 04:55:28 PM 	 1601304928.8284547	Log_Type.RECOGNIZED_WORDS	right	en del av vad de här vätskan som du har i min
09/28/2020 04:55:34 PM 	 1601304934.375484	Log_Type.RECOGNIZED_WORDS	right	och det är små saker som
09/28/2020 04:55:36 PM 	 1601304936.3460453	Log_Type.RECOGNIZED_WORDS	right	nej
09/28/2020 04:55:38 PM 	 1601304938.0972617	Log_Type.RECOGNIZED_WORDS	left	de hjälper till att syre
09/28/2020 04:55:51 PM 	 1601304951.7762067	Log_Type.RECOGNIZED_WORDS	left	detta är
09/28/2020 04:55:56 PM 	 1601304956.3163614	Log_Type.RECOGNIZED_WORDS	left	en typ av
09/28/2020 04:56:05 PM 	 1601304965.7867095	Log_Type.RECOGNIZED_WORDS	left	att förbjuda unga
09/28/2020 04:56:10 PM 	 1601304970.5667193	Log_Type.RECOGNIZED_WORDS	left	använda vissa saker exempelvis alkohol
09/28/2020 04:56:15 PM 	 1601304975.318913	Log_Type.RECOGNIZED_WORDS	left	köra bil
09/28/2020 04:56:19 PM 	 1601304979.9826512	Log_Type.RECOGNIZED_WORDS	left	begränsning
09/28/2020 04:56:24 PM 	 1601304984.7045271	Log_Type.RECOGNIZED_WORDS	left	baserat på deras
09/28/2020 04:56:31 PM 	 1601304991.9640462	Log_Type.RECOGNIZED_WORDS	right	där
09/28/2020 04:56:37 PM 	 1601304997.4945967	Log_Type.RECOGNIZED_WORDS	right	en byggnad eller en
09/28/2020 04:56:42 PM 	 1601305002.7577553	Log_Type.RECOGNIZED_WORDS	right	vad finns i världen som människor har gjort
09/28/2020 04:56:47 PM 	 1601305007.627324	Log_Type.RECOGNIZED_WORDS	right	som många tycker du är väldigt
09/28/2020 04:56:52 PM 	 1601305012.6290672	Log_Type.RECOGNIZED_WORDS	left	nej det är
09/28/2020 04:56:54 PM 	 1601305014.5629842	Log_Type.RECOGNIZED_WORDS	right	nej det är ibland tex
09/28/2020 04:57:02 PM 	 1601305022.174996	Log_Type.RECOGNIZED_WORDS	left	tack själv
09/28/2020 04:57:02 PM 	 1601305022.806147	Log_Type.RECOGNIZED_WORDS	right	tack
