09/25/2020 04:07:00 PM 	 1601042820.701368	Log_Type.CONFIG	INIT_USER	left
09/25/2020 04:07:00 PM 	 1601042820.7109547	Log_Type.CONFIG	INIT_USER	right
09/25/2020 04:07:09 PM 	 1601042829.4743729	Log_Type.RECOGNIZED_WORDS	right	skolan som bevis på att du
09/25/2020 04:07:18 PM 	 1601042838.4651015	Log_Type.RECOGNIZED_WORDS	right	går det på ett papper på provet
09/25/2020 04:07:18 PM 	 1601042838.5588808	Log_Type.RECOGNIZED_WORDS	left	vad är det för papper på provet
09/25/2020 04:07:23 PM 	 1601042843.8899212	Log_Type.RECOGNIZED_WORDS	right	ja ja är ett av dem
09/25/2020 04:07:23 PM 	 1601042843.984412	Log_Type.RECOGNIZED_WORDS	left	jag är ett av dem
09/25/2020 04:07:27 PM 	 1601042847.6621573	Log_Type.RECOGNIZED_WORDS	right	ikea
09/25/2020 04:07:29 PM 	 1601042849.4960105	Log_Type.RECOGNIZED_WORDS	left	ja
09/25/2020 04:07:34 PM 	 1601042854.2701917	Log_Type.RECOGNIZED_WORDS	left	nej det är
09/25/2020 04:07:34 PM 	 1601042854.3548906	Log_Type.RECOGNIZED_WORDS	right	nej det är
09/25/2020 04:07:39 PM 	 1601042859.3076878	Log_Type.RECOGNIZED_WORDS	right	du kan du kan söka till högskolan
09/25/2020 04:07:43 PM 	 1601042863.6757405	Log_Type.RECOGNIZED_WORDS	left	nästa
09/25/2020 04:07:44 PM 	 1601042864.679104	Log_Type.RECOGNIZED_WORDS	right	nästa
09/25/2020 04:07:48 PM 	 1601042868.4657671	Log_Type.RECOGNIZED_WORDS	left	du har en
09/25/2020 04:07:49 PM 	 1601042869.5806553	Log_Type.RECOGNIZED_WORDS	right	helt korrekt
09/25/2020 04:07:59 PM 	 1601042879.401189	Log_Type.RECOGNIZED_WORDS	right	det här priset som du får om du har
09/25/2020 04:08:03 PM 	 1601042883.3771148	Log_Type.RECOGNIZED_WORDS	left	idrottstävling
09/25/2020 04:08:04 PM 	 1601042884.2144263	Log_Type.RECOGNIZED_WORDS	right	idrottstävling
09/25/2020 04:08:08 PM 	 1601042888.4503093	Log_Type.RECOGNIZED_WORDS	left	jag och 1 april
09/25/2020 04:08:08 PM 	 1601042888.5202944	Log_Type.RECOGNIZED_WORDS	right	ja och första pris
09/25/2020 04:08:13 PM 	 1601042893.380766	Log_Type.RECOGNIZED_WORDS	left	så du har
09/25/2020 04:08:15 PM 	 1601042895.7429512	Log_Type.RECOGNIZED_WORDS	right	det finns
09/25/2020 04:08:21 PM 	 1601042901.0529819	Log_Type.RECOGNIZED_WORDS	right	tidigare det finns brons silver och det bästa är
09/25/2020 04:08:27 PM 	 1601042907.6424243	Log_Type.RECOGNIZED_WORDS	left	nej
09/25/2020 04:08:27 PM 	 1601042907.982872	Log_Type.RECOGNIZED_WORDS	right	nej
09/25/2020 04:08:32 PM 	 1601042912.312572	Log_Type.RECOGNIZED_WORDS	left	ja
09/25/2020 04:08:32 PM 	 1601042912.7207274	Log_Type.RECOGNIZED_WORDS	right	helt rätt
09/25/2020 04:08:46 PM 	 1601042926.9341993	Log_Type.RECOGNIZED_WORDS	right	det är
09/25/2020 04:08:56 PM 	 1601042936.8181822	Log_Type.RECOGNIZED_WORDS	right	mamma till en prinsessa
09/25/2020 04:09:04 PM 	 1601042944.368294	Log_Type.RECOGNIZED_WORDS	left	sam den
09/25/2020 04:09:09 PM 	 1601042949.1439831	Log_Type.RECOGNIZED_WORDS	left	är gifta med
09/25/2020 04:09:13 PM 	 1601042953.9995983	Log_Type.RECOGNIZED_WORDS	left	nej nej
09/25/2020 04:09:15 PM 	 1601042955.7842562	Log_Type.RECOGNIZED_WORDS	right	nej
09/25/2020 04:09:18 PM 	 1601042958.800018	Log_Type.RECOGNIZED_WORDS	left	drottning ja precis
09/25/2020 04:09:20 PM 	 1601042960.4691026	Log_Type.RECOGNIZED_WORDS	right	ja helt rätt
09/25/2020 04:09:23 PM 	 1601042963.6463113	Log_Type.RECOGNIZED_WORDS	left	okej
09/25/2020 04:09:24 PM 	 1601042964.632205	Log_Type.RECOGNIZED_WORDS	right	okej
09/25/2020 04:09:28 PM 	 1601042968.7278452	Log_Type.RECOGNIZED_WORDS	left	det här är en
09/25/2020 04:09:29 PM 	 1601042969.4356208	Log_Type.RECOGNIZED_WORDS	right	det här är en
09/25/2020 04:09:33 PM 	 1601042973.8612266	Log_Type.RECOGNIZED_WORDS	left	billigt kakel du kan köpa
09/25/2020 04:09:34 PM 	 1601042974.531892	Log_Type.RECOGNIZED_WORDS	right	billigt baka du kan köpa du det är
09/25/2020 04:09:39 PM 	 1601042979.0228736	Log_Type.RECOGNIZED_WORDS	left	när du ligger i
09/25/2020 04:09:39 PM 	 1601042979.3564987	Log_Type.RECOGNIZED_WORDS	right	leva när du ligger i
09/25/2020 04:09:43 PM 	 1601042983.8200548	Log_Type.RECOGNIZED_WORDS	left	människor
09/25/2020 04:09:44 PM 	 1601042984.1169722	Log_Type.RECOGNIZED_WORDS	right	människor
09/25/2020 04:09:48 PM 	 1601042988.7492654	Log_Type.RECOGNIZED_WORDS	left	nej
09/25/2020 04:09:49 PM 	 1601042989.3117054	Log_Type.RECOGNIZED_WORDS	right	nej men upplevelsen när du sov
09/25/2020 04:09:51 PM 	 1601042991.8229032	Log_Type.RECOGNIZED_WORDS	right	visuella intryck
09/25/2020 04:09:53 PM 	 1601042993.4169462	Log_Type.RECOGNIZED_WORDS	left	tryck
09/25/2020 04:09:58 PM 	 1601042998.214279	Log_Type.RECOGNIZED_WORDS	right	korrekt
09/25/2020 04:10:01 PM 	 1601043001.8160048	Log_Type.RECOGNIZED_WORDS	right	insekt med åtta ben
09/25/2020 04:10:05 PM 	 1601043005.7997334	Log_Type.RECOGNIZED_WORDS	right	katarina
09/25/2020 04:10:12 PM 	 1601043012.6639562	Log_Type.RECOGNIZED_WORDS	right	spinnrock annat
09/25/2020 04:10:21 PM 	 1601043021.4350822	Log_Type.RECOGNIZED_WORDS	left	nej på nätet
09/25/2020 04:10:21 PM 	 1601043021.6878617	Log_Type.RECOGNIZED_WORDS	right	nej
09/25/2020 04:10:26 PM 	 1601043026.7690408	Log_Type.RECOGNIZED_WORDS	right	fånga råtta flugor i nät
09/25/2020 04:10:30 PM 	 1601043030.9926417	Log_Type.RECOGNIZED_WORDS	left	8
09/25/2020 04:10:31 PM 	 1601043031.8328893	Log_Type.RECOGNIZED_WORDS	right	småkryp som ofta fångar
09/25/2020 04:10:41 PM 	 1601043041.5638168	Log_Type.RECOGNIZED_WORDS	right	helt korrekt
09/25/2020 04:10:49 PM 	 1601043049.598802	Log_Type.RECOGNIZED_WORDS	left	oscar
09/25/2020 04:10:49 PM 	 1601043049.6692371	Log_Type.RECOGNIZED_WORDS	right	detta sker vid åska
09/25/2020 04:11:01 PM 	 1601043061.730983	Log_Type.RECOGNIZED_WORDS	right	elektricitet som avger ljus och som kan vara
09/25/2020 04:11:06 PM 	 1601043066.50485	Log_Type.RECOGNIZED_WORDS	right	älskling
09/25/2020 04:11:13 PM 	 1601043073.2417538	Log_Type.RECOGNIZED_WORDS	left	det här är
09/25/2020 04:11:15 PM 	 1601043075.7599227	Log_Type.RECOGNIZED_WORDS	right	det här är någonting som sitter på fåglar
09/25/2020 04:11:17 PM 	 1601043077.9544272	Log_Type.RECOGNIZED_WORDS	left	fåglar som de
09/25/2020 04:11:21 PM 	 1601043081.1854258	Log_Type.RECOGNIZED_WORDS	right	som de har funnits i chile
09/25/2020 04:11:30 PM 	 1601043090.5575297	Log_Type.RECOGNIZED_WORDS	right	du använda för att måla
09/25/2020 04:11:31 PM 	 1601043091.9117646	Log_Type.RECOGNIZED_WORDS	left	jaha
09/25/2020 04:11:36 PM 	 1601043096.9443784	Log_Type.RECOGNIZED_WORDS	left	konstmålare
09/25/2020 04:11:39 PM 	 1601043099.1593413	Log_Type.RECOGNIZED_WORDS	right	msn
09/25/2020 04:11:46 PM 	 1601043106.4173322	Log_Type.RECOGNIZED_WORDS	left	konst
09/25/2020 04:11:51 PM 	 1601043111.447593	Log_Type.RECOGNIZED_WORDS	left	du behöver papperen du behöver också
09/25/2020 04:11:56 PM 	 1601043116.6179013	Log_Type.RECOGNIZED_WORDS	right	ja det är en sak till borste som du målar med
09/25/2020 04:11:57 PM 	 1601043117.386685	Log_Type.RECOGNIZED_WORDS	left	som du målar med
09/25/2020 04:12:01 PM 	 1601043121.8550298	Log_Type.RECOGNIZED_WORDS	right	carspect
09/25/2020 04:12:02 PM 	 1601043122.0138938	Log_Type.RECOGNIZED_WORDS	left	ja precis
09/25/2020 04:12:08 PM 	 1601043128.044171	Log_Type.RECOGNIZED_WORDS	right	en person
09/25/2020 04:12:10 PM 	 1601043130.9500751	Log_Type.RECOGNIZED_WORDS	right	att göra bröd
09/25/2020 04:12:11 PM 	 1601043131.3181567	Log_Type.RECOGNIZED_WORDS	left	bröd
09/25/2020 04:12:14 PM 	 1601043134.3958566	Log_Type.RECOGNIZED_WORDS	right	bakelser
09/25/2020 04:12:16 PM 	 1601043136.1505616	Log_Type.RECOGNIZED_WORDS	left	bakelser
09/25/2020 04:12:22 PM 	 1601043142.997497	Log_Type.RECOGNIZED_WORDS	right	hjältedikt
09/25/2020 04:12:30 PM 	 1601043150.5960824	Log_Type.RECOGNIZED_WORDS	left	söderglas
09/25/2020 04:12:35 PM 	 1601043155.2872488	Log_Type.RECOGNIZED_WORDS	right	ja
09/25/2020 04:12:36 PM 	 1601043156.4924448	Log_Type.RECOGNIZED_WORDS	left	next song
09/25/2020 04:12:40 PM 	 1601043160.0747151	Log_Type.RECOGNIZED_WORDS	right	du kan också se det själv
09/25/2020 04:12:42 PM 	 1601043162.087849	Log_Type.RECOGNIZED_WORDS	left	du kan också se dig själv i anna
09/25/2020 04:12:51 PM 	 1601043171.572964	Log_Type.RECOGNIZED_WORDS	left	sten
09/25/2020 04:12:52 PM 	 1601043172.623917	Log_Type.RECOGNIZED_WORDS	right	nej
09/25/2020 04:12:56 PM 	 1601043176.4466157	Log_Type.RECOGNIZED_WORDS	left	nej
09/25/2020 04:12:58 PM 	 1601043178.015522	Log_Type.RECOGNIZED_WORDS	right	glas på silver på baksidan
09/25/2020 04:13:01 PM 	 1601043181.3455226	Log_Type.RECOGNIZED_WORDS	left	du ser själv idag
09/25/2020 04:13:03 PM 	 1601043183.0467665	Log_Type.RECOGNIZED_WORDS	right	du ser dig själv i danne
09/25/2020 04:13:04 PM 	 1601043184.6988556	Log_Type.RECOGNIZED_WORDS	right	badrummet
09/25/2020 04:13:06 PM 	 1601043186.5450683	Log_Type.RECOGNIZED_WORDS	left	badrummet
09/25/2020 04:13:09 PM 	 1601043189.652088	Log_Type.RECOGNIZED_WORDS	right	jag är trött
09/25/2020 04:13:16 PM 	 1601043196.1098838	Log_Type.RECOGNIZED_WORDS	left	brev
09/25/2020 04:13:17 PM 	 1601043197.2049115	Log_Type.RECOGNIZED_WORDS	right	du har detta på brev för att visa
09/25/2020 04:13:25 PM 	 1601043205.0925553	Log_Type.RECOGNIZED_WORDS	right	nej du kan samla detta
09/25/2020 04:13:30 PM 	 1601043210.2986307	Log_Type.RECOGNIZED_WORDS	left	nej nej
09/25/2020 04:13:32 PM 	 1601043212.5892677	Log_Type.RECOGNIZED_WORDS	right	nej det ligger längst upp i hörnet på ett brev
09/25/2020 04:13:39 PM 	 1601043219.3722672	Log_Type.RECOGNIZED_WORDS	right	starbucks fast ändå så trist är det
09/25/2020 04:13:48 PM 	 1601043228.87628	Log_Type.RECOGNIZED_WORDS	left	när är människor kan in
09/25/2020 04:13:53 PM 	 1601043233.6710691	Log_Type.RECOGNIZED_WORDS	left	promenad
09/25/2020 04:13:58 PM 	 1601043238.3435104	Log_Type.RECOGNIZED_WORDS	left	du
09/25/2020 04:13:59 PM 	 1601043239.6960092	Log_Type.RECOGNIZED_WORDS	right	nära till detta
09/25/2020 04:14:03 PM 	 1601043243.1360147	Log_Type.RECOGNIZED_WORDS	left	rullstol
09/25/2020 04:14:05 PM 	 1601043245.0233843	Log_Type.RECOGNIZED_WORDS	right	helt rätt
09/25/2020 04:14:11 PM 	 1601043251.8417885	Log_Type.RECOGNIZED_WORDS	right	lämna det här bakom dig när du när du har gått i snö eller sand
09/25/2020 04:14:20 PM 	 1601043260.5538075	Log_Type.RECOGNIZED_WORDS	right	du kan också använda detta för att spåra
09/25/2020 04:14:21 PM 	 1601043261.9455256	Log_Type.RECOGNIZED_WORDS	left	spåra
09/25/2020 04:14:26 PM 	 1601043266.9553132	Log_Type.RECOGNIZED_WORDS	left	fotboll
09/25/2020 04:14:27 PM 	 1601043267.5129359	Log_Type.RECOGNIZED_WORDS	right	det är helt korrekt så använder jag
09/25/2020 04:14:36 PM 	 1601043276.114191	Log_Type.RECOGNIZED_WORDS	left	ja
09/25/2020 04:14:36 PM 	 1601043276.5359347	Log_Type.RECOGNIZED_WORDS	right	okej
09/25/2020 04:14:40 PM 	 1601043280.82582	Log_Type.RECOGNIZED_WORDS	left	vad är jag till min farmor
09/25/2020 04:14:42 PM 	 1601043282.8875494	Log_Type.RECOGNIZED_WORDS	right	vad är jag till min farmor eller till min farfar
09/25/2020 04:14:50 PM 	 1601043290.5177794	Log_Type.RECOGNIZED_WORDS	right	ett steg ner
09/25/2020 04:14:59 PM 	 1601043299.1675303	Log_Type.RECOGNIZED_WORDS	right	deserve this
09/25/2020 04:15:04 PM 	 1601043304.6095078	Log_Type.RECOGNIZED_WORDS	left	ja precis
09/25/2020 04:15:17 PM 	 1601043317.8092306	Log_Type.RECOGNIZED_WORDS	right	du har detta i fönster
09/25/2020 04:15:18 PM 	 1601043318.8907962	Log_Type.RECOGNIZED_WORDS	left	fönstret
09/25/2020 04:15:23 PM 	 1601043323.6769092	Log_Type.RECOGNIZED_WORDS	right	du kan det kanske vara en blomma
09/25/2020 04:15:28 PM 	 1601043328.6252503	Log_Type.RECOGNIZED_WORDS	left	nej
09/25/2020 04:15:28 PM 	 1601043328.6401072	Log_Type.RECOGNIZED_WORDS	right	nej trädgård
09/25/2020 04:15:32 PM 	 1601043332.2986913	Log_Type.RECOGNIZED_WORDS	right	den är utomhus
09/25/2020 04:15:38 PM 	 1601043338.224947	Log_Type.RECOGNIZED_WORDS	left	nej det är grön
09/25/2020 04:15:40 PM 	 1601043340.3283026	Log_Type.RECOGNIZED_WORDS	right	det kan vara en blomma men det kan också vara en krydda
09/25/2020 04:15:44 PM 	 1601043344.88623	Log_Type.RECOGNIZED_WORDS	right	helt rätt
09/25/2020 04:15:52 PM 	 1601043352.9055996	Log_Type.RECOGNIZED_WORDS	left	romme du har dina kläder
09/25/2020 04:15:57 PM 	 1601043357.9070346	Log_Type.RECOGNIZED_WORDS	left	i
09/25/2020 04:16:05 PM 	 1601043365.7937326	Log_Type.RECOGNIZED_WORDS	right	du behöver fylla i detta på en hemsida
09/25/2020 04:16:07 PM 	 1601043367.4555256	Log_Type.RECOGNIZED_WORDS	left	hemsida logga in
09/25/2020 04:16:12 PM 	 1601043372.3239846	Log_Type.RECOGNIZED_WORDS	left	hemsida eller på dator
09/25/2020 04:16:21 PM 	 1601043381.7425773	Log_Type.RECOGNIZED_WORDS	left	när någon är
09/25/2020 04:16:26 PM 	 1601043386.8001425	Log_Type.RECOGNIZED_WORDS	left	på semester vid 3
09/25/2020 04:16:28 PM 	 1601043388.9246116	Log_Type.RECOGNIZED_WORDS	right	så
09/25/2020 04:16:32 PM 	 1601043392.3217692	Log_Type.RECOGNIZED_WORDS	left	så ställer du upp detta ovanför
09/25/2020 04:16:34 PM 	 1601043394.5923007	Log_Type.RECOGNIZED_WORDS	right	upp detta ovanför är det någon död ligger
09/25/2020 04:16:39 PM 	 1601043399.2195144	Log_Type.RECOGNIZED_WORDS	right	ja
09/25/2020 04:16:44 PM 	 1601043404.4683747	Log_Type.RECOGNIZED_WORDS	right	du har detta hemma för sällskap det kan vara
09/25/2020 04:16:46 PM 	 1601043406.4958792	Log_Type.RECOGNIZED_WORDS	left	kaniner
09/25/2020 04:16:54 PM 	 1601043414.84763	Log_Type.RECOGNIZED_WORDS	right	nej jag söker super typen av detta
09/25/2020 04:16:56 PM 	 1601043416.863582	Log_Type.RECOGNIZED_WORDS	left	jag söker super detta
09/25/2020 04:16:59 PM 	 1601043419.9363098	Log_Type.RECOGNIZED_WORDS	right	helt rätt
09/25/2020 04:17:11 PM 	 1601043431.1492248	Log_Type.RECOGNIZED_WORDS	left	trummor
09/25/2020 04:17:11 PM 	 1601043431.6771412	Log_Type.RECOGNIZED_WORDS	right	instrument det innefattar trumma
09/25/2020 04:17:18 PM 	 1601043438.623222	Log_Type.RECOGNIZED_WORDS	right	helt rätt
09/25/2020 04:17:23 PM 	 1601043443.4265058	Log_Type.RECOGNIZED_WORDS	right	här är
09/25/2020 04:17:26 PM 	 1601043446.0285683	Log_Type.RECOGNIZED_WORDS	left	det här är stort vitt djur som lever på nordpolen
09/25/2020 04:17:35 PM 	 1601043455.2977257	Log_Type.RECOGNIZED_WORDS	left	större
09/25/2020 04:17:39 PM 	 1601043459.354283	Log_Type.RECOGNIZED_WORDS	right	det här är också det här är ett
09/25/2020 04:17:40 PM 	 1601043460.4092484	Log_Type.RECOGNIZED_WORDS	left	det här är är vit
09/25/2020 04:17:44 PM 	 1601043464.2810621	Log_Type.RECOGNIZED_WORDS	right	släkt med många marklevande däggdjur
09/25/2020 04:17:45 PM 	 1601043465.2264822	Log_Type.RECOGNIZED_WORDS	left	däggdjur
09/25/2020 04:17:53 PM 	 1601043473.7797508	Log_Type.RECOGNIZED_WORDS	right	helt rätt
09/25/2020 04:18:07 PM 	 1601043487.2657256	Log_Type.RECOGNIZED_WORDS	right	det här är viktigt demokrati
09/25/2020 04:18:08 PM 	 1601043488.3431132	Log_Type.RECOGNIZED_WORDS	left	demokrati
09/25/2020 04:18:11 PM 	 1601043491.8752377	Log_Type.RECOGNIZED_WORDS	right	bestämma
09/25/2020 04:18:13 PM 	 1601043493.4102254	Log_Type.RECOGNIZED_WORDS	left	kvinnliga
09/25/2020 04:18:16 PM 	 1601043496.7897596	Log_Type.RECOGNIZED_WORDS	right	detta infördes i sverige år 1921
09/25/2020 04:18:22 PM 	 1601043502.9247572	Log_Type.RECOGNIZED_WORDS	left	vi kommer att göra
09/25/2020 04:18:24 PM 	 1601043504.2435586	Log_Type.RECOGNIZED_WORDS	right	de har vänstertrafik att göra
09/25/2020 04:18:30 PM 	 1601043510.5815701	Log_Type.RECOGNIZED_WORDS	right	helt korrekt
09/25/2020 04:18:37 PM 	 1601043517.1179166	Log_Type.RECOGNIZED_WORDS	left	på natten när du
09/25/2020 04:18:42 PM 	 1601043522.185478	Log_Type.RECOGNIZED_WORDS	left	sova du
09/25/2020 04:18:47 PM 	 1601043527.0724564	Log_Type.RECOGNIZED_WORDS	left	för att du är
09/25/2020 04:18:48 PM 	 1601043528.059866	Log_Type.RECOGNIZED_WORDS	right	helt rätt
09/25/2020 04:18:56 PM 	 1601043536.5128841	Log_Type.RECOGNIZED_WORDS	right	det här är en sport
09/25/2020 04:18:56 PM 	 1601043536.7380228	Log_Type.RECOGNIZED_WORDS	left	det här är en sport
09/25/2020 04:19:01 PM 	 1601043541.5563447	Log_Type.RECOGNIZED_WORDS	right	det går inte att du ska ta det
09/25/2020 04:19:08 PM 	 1601043548.628887	Log_Type.RECOGNIZED_WORDS	right	nästan
09/25/2020 04:19:13 PM 	 1601043553.355604	Log_Type.RECOGNIZED_WORDS	right	din kropp
09/25/2020 04:19:19 PM 	 1601043559.6532435	Log_Type.RECOGNIZED_WORDS	right	helt rätt
09/25/2020 04:19:25 PM 	 1601043565.1105506	Log_Type.RECOGNIZED_WORDS	left	det här
09/25/2020 04:19:26 PM 	 1601043566.6486535	Log_Type.RECOGNIZED_WORDS	right	det här är en sorts mycket
09/25/2020 04:19:29 PM 	 1601043569.986101	Log_Type.RECOGNIZED_WORDS	left	skapas av
09/25/2020 04:19:31 PM 	 1601043571.5384068	Log_Type.RECOGNIZED_WORDS	right	skapas av kåda som
09/25/2020 04:19:35 PM 	 1601043575.1696947	Log_Type.RECOGNIZED_WORDS	left	den har en orange färg
09/25/2020 04:19:36 PM 	 1601043576.3768673	Log_Type.RECOGNIZED_WORDS	right	du har en orange färg är ganska klar
09/25/2020 04:19:40 PM 	 1601043580.8009179	Log_Type.RECOGNIZED_WORDS	right	nej
09/25/2020 04:19:44 PM 	 1601043584.7042785	Log_Type.RECOGNIZED_WORDS	left	träd
09/25/2020 04:19:45 PM 	 1601043585.4281068	Log_Type.RECOGNIZED_WORDS	right	den ska passa framförallt i träd
09/25/2020 04:19:49 PM 	 1601043589.547352	Log_Type.RECOGNIZED_WORDS	left	usa
09/25/2020 04:19:50 PM 	 1601043590.5215445	Log_Type.RECOGNIZED_WORDS	right	usa är anders
09/25/2020 04:19:56 PM 	 1601043596.6297956	Log_Type.RECOGNIZED_WORDS	right	ja
09/25/2020 04:20:12 PM 	 1601043612.3053892	Log_Type.RECOGNIZED_WORDS	right	här är en person som hanterar ett slagverk
09/25/2020 04:20:13 PM 	 1601043613.485858	Log_Type.RECOGNIZED_WORDS	left	en person som hanterar slagverks
09/25/2020 04:20:28 PM 	 1601043628.6299646	Log_Type.RECOGNIZED_WORDS	left	resa berlin december
09/25/2020 04:20:33 PM 	 1601043633.3675663	Log_Type.RECOGNIZED_WORDS	left	militärer
09/25/2020 04:20:33 PM 	 1601043633.641608	Log_Type.RECOGNIZED_WORDS	right	vad är batterist
09/25/2020 04:20:38 PM 	 1601043638.3534317	Log_Type.RECOGNIZED_WORDS	right	helt rätt
09/25/2020 04:20:42 PM 	 1601043642.6640635	Log_Type.RECOGNIZED_WORDS	left	ifall om
09/25/2020 04:20:43 PM 	 1601043643.3007271	Log_Type.RECOGNIZED_WORDS	right	ifall av
09/25/2020 04:20:45 PM 	 1601043645.6281824	Log_Type.RECOGNIZED_WORDS	right	frågor
09/25/2020 04:20:50 PM 	 1601043650.7293653	Log_Type.RECOGNIZED_WORDS	right	så behövs en sådan här
09/25/2020 04:20:52 PM 	 1601043652.0367017	Log_Type.RECOGNIZED_WORDS	left	du kan inte
09/25/2020 04:20:56 PM 	 1601043656.9880981	Log_Type.RECOGNIZED_WORDS	right	de hanteras av politiker på toppen nu så där måste hanteras
09/25/2020 04:20:57 PM 	 1601043657.0437932	Log_Type.RECOGNIZED_WORDS	left	måste hanteras av alarmet
09/25/2020 04:21:11 PM 	 1601043671.8259816	Log_Type.RECOGNIZED_WORDS	left	nej
09/25/2020 04:21:11 PM 	 1601043671.8862762	Log_Type.RECOGNIZED_WORDS	right	demokratiskt beslut ja
09/25/2020 04:21:21 PM 	 1601043681.0663512	Log_Type.RECOGNIZED_WORDS	left	the catalyst
09/25/2020 04:21:25 PM 	 1601043685.9217067	Log_Type.RECOGNIZED_WORDS	left	högst figur
09/25/2020 04:21:33 PM 	 1601043693.7280843	Log_Type.RECOGNIZED_WORDS	right	det här är en högsta figurerna i den katolska
09/25/2020 04:21:38 PM 	 1601043698.62205	Log_Type.RECOGNIZED_WORDS	right	under påven
09/25/2020 04:21:45 PM 	 1601043705.6432185	Log_Type.RECOGNIZED_WORDS	right	nej det är det finns oftast en sån här i varje
09/25/2020 04:21:45 PM 	 1601043705.840128	Log_Type.RECOGNIZED_WORDS	left	det är en sån här i sverige
09/25/2020 04:21:53 PM 	 1601043713.8331287	Log_Type.RECOGNIZED_WORDS	right	ovan där
09/25/2020 04:22:01 PM 	 1601043721.911384	Log_Type.RECOGNIZED_WORDS	right	det är en
09/25/2020 04:22:04 PM 	 1601043724.9665446	Log_Type.RECOGNIZED_WORDS	left	nej
09/25/2020 04:22:07 PM 	 1601043727.3005097	Log_Type.RECOGNIZED_WORDS	right	det här är en löpare
09/25/2020 04:22:09 PM 	 1601043729.8749666	Log_Type.RECOGNIZED_WORDS	left	fuck
09/25/2020 04:22:15 PM 	 1601043735.0007944	Log_Type.RECOGNIZED_WORDS	left	öppna spotify
09/25/2020 04:22:15 PM 	 1601043735.32387	Log_Type.RECOGNIZED_WORDS	right	ja nej tyvärr
09/25/2020 04:22:24 PM 	 1601043744.3902926	Log_Type.RECOGNIZED_WORDS	left	okej du använder
09/25/2020 04:22:24 PM 	 1601043744.9092224	Log_Type.RECOGNIZED_WORDS	right	okej du använder den här för
09/25/2020 04:22:29 PM 	 1601043749.9406486	Log_Type.RECOGNIZED_WORDS	right	tyger och i vissa fall även motor
09/25/2020 04:22:30 PM 	 1601043750.391671	Log_Type.RECOGNIZED_WORDS	left	tyger och
09/25/2020 04:22:42 PM 	 1601043762.4690642	Log_Type.RECOGNIZED_WORDS	right	det andra ordet är korrekt
09/25/2020 04:22:49 PM 	 1601043769.1530478	Log_Type.RECOGNIZED_WORDS	left	okej
09/25/2020 04:22:54 PM 	 1601043774.1947243	Log_Type.RECOGNIZED_WORDS	left	malmö copenhagen det finns en
09/25/2020 04:22:55 PM 	 1601043775.0529742	Log_Type.RECOGNIZED_WORDS	right	iphone 11
09/25/2020 04:23:11 PM 	 1601043791.2230048	Log_Type.RECOGNIZED_WORDS	right	det är korrekt men det finns inte mellan malmö och köpenhamn
09/25/2020 04:23:15 PM 	 1601043795.9602702	Log_Type.RECOGNIZED_WORDS	right	tack detsamma
