09/24/2020 04:00:43 PM 	 1600956043.551617	Log_Type.CONFIG	INIT_USER	left
09/24/2020 04:00:43 PM 	 1600956043.5590677	Log_Type.CONFIG	INIT_USER	right
09/24/2020 04:00:51 PM 	 1600956051.0499225	Log_Type.RECOGNIZED_WORDS	right	det är nånting för att måla med
09/24/2020 04:00:55 PM 	 1600956055.6292048	Log_Type.RECOGNIZED_WORDS	right	måla på en vägg
09/24/2020 04:01:02 PM 	 1600956062.2177083	Log_Type.RECOGNIZED_WORDS	left	måste vi spela tillsammans
09/24/2020 04:01:06 PM 	 1600956066.943258	Log_Type.RECOGNIZED_WORDS	right	jaha
09/24/2020 04:01:11 PM 	 1600956071.5560796	Log_Type.RECOGNIZED_WORDS	left	men
09/24/2020 04:01:12 PM 	 1600956072.6524508	Log_Type.RECOGNIZED_WORDS	right	står det så att vi har
09/24/2020 04:01:17 PM 	 1600956077.8390772	Log_Type.RECOGNIZED_WORDS	right	precis
09/24/2020 04:01:26 PM 	 1600956086.0134614	Log_Type.RECOGNIZED_WORDS	left	det är plats inomhus där
09/24/2020 04:01:34 PM 	 1600956094.3976922	Log_Type.RECOGNIZED_WORDS	right	eller gå på toaletten
09/24/2020 04:01:35 PM 	 1600956095.439929	Log_Type.RECOGNIZED_WORDS	left	badrummet
09/24/2020 04:01:44 PM 	 1600956104.5704155	Log_Type.RECOGNIZED_WORDS	left	de är kakor
09/24/2020 04:01:50 PM 	 1600956110.093958	Log_Type.RECOGNIZED_WORDS	left	det är en typ av kakor men också när
09/24/2020 04:01:55 PM 	 1600956115.2810862	Log_Type.RECOGNIZED_WORDS	left	hur många av dem
09/24/2020 04:01:57 PM 	 1600956117.425564	Log_Type.RECOGNIZED_WORDS	right	kolakakor
09/24/2020 04:02:02 PM 	 1600956122.4719775	Log_Type.RECOGNIZED_WORDS	right	nej ganska hårda kakor och små
09/24/2020 04:02:04 PM 	 1600956124.5460536	Log_Type.RECOGNIZED_WORDS	left	ja
09/24/2020 04:02:09 PM 	 1600956129.2948472	Log_Type.RECOGNIZED_WORDS	left	ja
09/24/2020 04:02:18 PM 	 1600956138.647301	Log_Type.RECOGNIZED_WORDS	left	mycket bra i klassen då får man
09/24/2020 04:02:25 PM 	 1600956145.2377326	Log_Type.RECOGNIZED_WORDS	right	om man sedan lägger lära på lite extra fast du är
09/24/2020 04:02:32 PM 	 1600956152.5133197	Log_Type.RECOGNIZED_WORDS	right	ja men det är ett visst betyg
09/24/2020 04:02:38 PM 	 1600956158.1613183	Log_Type.RECOGNIZED_WORDS	right	men ändå högre om lärare jättenöjda med
09/24/2020 04:02:47 PM 	 1600956167.9237456	Log_Type.RECOGNIZED_WORDS	left	när det finns oskar det finns också
09/24/2020 04:02:55 PM 	 1600956175.3410373	Log_Type.RECOGNIZED_WORDS	right	det blir ljus från och med tillsammans med åskan
09/24/2020 04:02:57 PM 	 1600956177.4499896	Log_Type.RECOGNIZED_WORDS	left	jysk
09/24/2020 04:03:01 PM 	 1600956181.016191	Log_Type.RECOGNIZED_WORDS	right	de kommer på över himlen lyser
09/24/2020 04:03:04 PM 	 1600956184.6052318	Log_Type.RECOGNIZED_WORDS	right	när kommer åskan
09/24/2020 04:03:15 PM 	 1600956195.784072	Log_Type.RECOGNIZED_WORDS	left	barnkanalen titta på sig själv
09/24/2020 04:03:20 PM 	 1600956200.766499	Log_Type.RECOGNIZED_WORDS	right	glas
09/24/2020 04:03:24 PM 	 1600956204.0470674	Log_Type.RECOGNIZED_WORDS	right	softa badrum
09/24/2020 04:03:25 PM 	 1600956205.2533197	Log_Type.RECOGNIZED_WORDS	left	badrum
09/24/2020 04:03:29 PM 	 1600956209.1197963	Log_Type.RECOGNIZED_WORDS	right	du kan vara stor att sitta på väggen
09/24/2020 04:03:46 PM 	 1600956226.6044846	Log_Type.RECOGNIZED_WORDS	right	flugor den gör ett nät
09/24/2020 04:03:53 PM 	 1600956233.872139	Log_Type.RECOGNIZED_WORDS	left	det är inte en insekt med
09/24/2020 04:03:56 PM 	 1600956236.2567189	Log_Type.RECOGNIZED_WORDS	right	insekt men den ser ungefär ut som en sådan
09/24/2020 04:04:03 PM 	 1600956243.4444652	Log_Type.RECOGNIZED_WORDS	left	han heller
09/24/2020 04:04:08 PM 	 1600956248.1253889	Log_Type.RECOGNIZED_WORDS	left	skapar bröd till exempel
09/24/2020 04:04:12 PM 	 1600956252.8541973	Log_Type.RECOGNIZED_WORDS	left	kakor
09/24/2020 04:04:14 PM 	 1600956254.0427718	Log_Type.RECOGNIZED_WORDS	right	dockor
09/24/2020 04:04:17 PM 	 1600956257.6159887	Log_Type.RECOGNIZED_WORDS	left	mycket speciellt
09/24/2020 04:04:19 PM 	 1600956259.0313191	Log_Type.RECOGNIZED_WORDS	right	mycket speciell typ hantverkare som jobbar
09/24/2020 04:04:23 PM 	 1600956263.9038944	Log_Type.RECOGNIZED_WORDS	right	kanske lite socker jäst
09/24/2020 04:04:28 PM 	 1600956268.717116	Log_Type.RECOGNIZED_WORDS	right	för att jag är bröd
09/24/2020 04:04:31 PM 	 1600956271.751252	Log_Type.RECOGNIZED_WORDS	left	speciellt
09/24/2020 04:04:33 PM 	 1600956273.8411536	Log_Type.RECOGNIZED_WORDS	right	det speciellt ställe som
09/24/2020 04:04:37 PM 	 1600956277.1642733	Log_Type.RECOGNIZED_WORDS	left	de ser ju den där ju
09/24/2020 04:04:38 PM 	 1600956278.7238839	Log_Type.RECOGNIZED_WORDS	right	färskt bröd i jobbar en sådan
09/24/2020 04:04:44 PM 	 1600956284.07519	Log_Type.RECOGNIZED_WORDS	right	deg som ska jäsa
09/24/2020 04:04:46 PM 	 1600956286.113555	Log_Type.RECOGNIZED_WORDS	right	ugnen
09/24/2020 04:04:55 PM 	 1600956295.730978	Log_Type.RECOGNIZED_WORDS	left	den finns inte
09/24/2020 04:05:01 PM 	 1600956301.1784034	Log_Type.RECOGNIZED_WORDS	left	tro på dem de bor
09/24/2020 04:05:06 PM 	 1600956306.0161533	Log_Type.RECOGNIZED_WORDS	left	jätte gamla hus
09/24/2020 04:05:09 PM 	 1600956309.2819023	Log_Type.RECOGNIZED_WORDS	right	eller kyrkogårdar
09/24/2020 04:05:16 PM 	 1600956316.7532873	Log_Type.RECOGNIZED_WORDS	right	skrämma folk
09/24/2020 04:05:20 PM 	 1600956320.5192475	Log_Type.RECOGNIZED_WORDS	left	ja ja det fanns en film
09/24/2020 04:05:31 PM 	 1600956331.1790285	Log_Type.RECOGNIZED_WORDS	right	om man inte vill ha bröd
09/24/2020 04:05:37 PM 	 1600956337.0099046	Log_Type.RECOGNIZED_WORDS	right	köpa någonting som man ändå ska ta i munnen väldigt lite
09/24/2020 04:05:38 PM 	 1600956338.8615217	Log_Type.RECOGNIZED_WORDS	left	dålig
09/24/2020 04:05:42 PM 	 1600956342.122522	Log_Type.RECOGNIZED_WORDS	right	vart går man då då går man till den
09/24/2020 04:05:48 PM 	 1600956348.637372	Log_Type.RECOGNIZED_WORDS	right	nej det
09/24/2020 04:05:53 PM 	 1600956353.4214258	Log_Type.RECOGNIZED_WORDS	right	hur många dålig jag har ont i huvudet
09/24/2020 04:05:58 PM 	 1600956358.3954027	Log_Type.RECOGNIZED_WORDS	right	kan man köpa små pupiller
09/24/2020 04:06:02 PM 	 1600956362.5088983	Log_Type.RECOGNIZED_WORDS	left	nej det här är en det finns på riktigt
09/24/2020 04:06:03 PM 	 1600956363.5850143	Log_Type.RECOGNIZED_WORDS	right	nej
09/24/2020 04:06:11 PM 	 1600956371.8821588	Log_Type.RECOGNIZED_WORDS	left	kungens fru
09/24/2020 04:06:17 PM 	 1600956377.4255588	Log_Type.RECOGNIZED_WORDS	right	ja kungens kurva
09/24/2020 04:06:22 PM 	 1600956382.2908125	Log_Type.RECOGNIZED_WORDS	right	kronan vara
09/24/2020 04:06:26 PM 	 1600956386.188644	Log_Type.RECOGNIZED_WORDS	left	elisabeth
09/24/2020 04:06:27 PM 	 1600956387.2994747	Log_Type.RECOGNIZED_WORDS	right	elizabeth den andra i storbritannien son
09/24/2020 04:06:36 PM 	 1600956396.2848067	Log_Type.RECOGNIZED_WORDS	left	jag tror att det finns en van som kallas för
09/24/2020 04:06:41 PM 	 1600956401.1537254	Log_Type.RECOGNIZED_WORDS	left	kanske
09/24/2020 04:06:42 PM 	 1600956402.0360625	Log_Type.RECOGNIZED_WORDS	right	ja det stämmer vägen uppkallad efter
09/24/2020 04:06:47 PM 	 1600956407.0905747	Log_Type.RECOGNIZED_WORDS	right	hade du bett denna position is
09/24/2020 04:06:50 PM 	 1600956410.7682664	Log_Type.RECOGNIZED_WORDS	left	ja
09/24/2020 04:06:51 PM 	 1600956411.9516292	Log_Type.RECOGNIZED_WORDS	right	högsta positionen i sverige
09/24/2020 04:06:55 PM 	 1600956415.8356092	Log_Type.RECOGNIZED_WORDS	left	kommer det bli hon kan inte gå ut
09/24/2020 04:06:55 PM 	 1600956415.962184	Log_Type.RECOGNIZED_WORDS	right	bli
09/24/2020 04:07:00 PM 	 1600956420.5352058	Log_Type.RECOGNIZED_WORDS	right	mamma du är prins
09/24/2020 04:07:00 PM 	 1600956420.7068517	Log_Type.RECOGNIZED_WORDS	left	mamma
09/24/2020 04:07:09 PM 	 1600956429.9281871	Log_Type.RECOGNIZED_WORDS	left	om man går på mcdonald's till exempel
09/24/2020 04:07:14 PM 	 1600956434.9673858	Log_Type.RECOGNIZED_WORDS	left	äter man men vilket typ av mat
09/24/2020 04:07:20 PM 	 1600956440.1755135	Log_Type.RECOGNIZED_WORDS	left	äta that inte långsamt
09/24/2020 04:07:23 PM 	 1600956443.5244505	Log_Type.RECOGNIZED_WORDS	right	korvkiosk
09/24/2020 04:07:24 PM 	 1600956444.9898975	Log_Type.RECOGNIZED_WORDS	left	ja
09/24/2020 04:07:28 PM 	 1600956448.338444	Log_Type.RECOGNIZED_WORDS	right	om man går i snön så kan vi
09/24/2020 04:07:33 PM 	 1600956453.6324553	Log_Type.RECOGNIZED_WORDS	right	fina spa man gått vad kallas det
09/24/2020 04:07:39 PM 	 1600956459.0655954	Log_Type.RECOGNIZED_WORDS	right	men vad för slags på förut vilka spår som helst
09/24/2020 04:07:43 PM 	 1600956463.732747	Log_Type.RECOGNIZED_WORDS	right	om man går
09/24/2020 04:07:44 PM 	 1600956464.1553254	Log_Type.RECOGNIZED_WORDS	left	om man går inte med händerna
09/24/2020 04:07:55 PM 	 1600956475.9082963	Log_Type.RECOGNIZED_WORDS	right	som går inte en bil som har kört just nu då blev
09/24/2020 04:07:59 PM 	 1600956479.2178903	Log_Type.RECOGNIZED_WORDS	right	per person
09/24/2020 04:08:05 PM 	 1600956485.326764	Log_Type.RECOGNIZED_WORDS	left	jaha
09/24/2020 04:08:09 PM 	 1600956489.9847186	Log_Type.RECOGNIZED_WORDS	left	vilda djur de bo
09/24/2020 04:08:14 PM 	 1600956494.8810582	Log_Type.RECOGNIZED_WORDS	left	antarktik
09/24/2020 04:08:19 PM 	 1600956499.8157327	Log_Type.RECOGNIZED_WORDS	left	stora och de äter
09/24/2020 04:08:23 PM 	 1600956503.1934884	Log_Type.RECOGNIZED_WORDS	right	säl ja
09/24/2020 04:08:28 PM 	 1600956508.3613966	Log_Type.RECOGNIZED_WORDS	right	och det här är maten som man ser
09/24/2020 04:08:29 PM 	 1600956509.540387	Log_Type.RECOGNIZED_WORDS	left	om man tittar
09/24/2020 04:08:33 PM 	 1600956513.5341644	Log_Type.RECOGNIZED_WORDS	right	från det här huset kan vara säkert se några
09/24/2020 04:08:38 PM 	 1600956518.7777598	Log_Type.RECOGNIZED_WORDS	right	sticker upp över de andra husen
09/24/2020 04:08:44 PM 	 1600956524.1161928	Log_Type.RECOGNIZED_WORDS	right	och inte vilket hus som helst det religiöst
09/24/2020 04:08:53 PM 	 1600956533.4758565	Log_Type.RECOGNIZED_WORDS	left	jaha så det finns
09/24/2020 04:08:58 PM 	 1600956538.3221354	Log_Type.RECOGNIZED_WORDS	left	i andra länder i alla länder till exempel
09/24/2020 04:09:03 PM 	 1600956543.1747825	Log_Type.RECOGNIZED_WORDS	left	behöver man ha
09/24/2020 04:09:12 PM 	 1600956552.4640453	Log_Type.RECOGNIZED_WORDS	right	ett smycke
09/24/2020 04:09:12 PM 	 1600956552.5565202	Log_Type.RECOGNIZED_WORDS	left	eller
09/24/2020 04:09:17 PM 	 1600956557.5609272	Log_Type.RECOGNIZED_WORDS	right	en grej som man kan göra smycken av
09/24/2020 04:09:22 PM 	 1600956562.3575375	Log_Type.RECOGNIZED_WORDS	left	genomskinlig gul eller guld
09/24/2020 04:09:22 PM 	 1600956562.6301281	Log_Type.RECOGNIZED_WORDS	right	genomskinlig gul eller gulbrun
09/24/2020 04:09:25 PM 	 1600956565.7110362	Log_Type.RECOGNIZED_WORDS	right	det finns en del
09/24/2020 04:09:30 PM 	 1600956570.727472	Log_Type.RECOGNIZED_WORDS	right	från östersjön att de baseras på kort
09/24/2020 04:09:31 PM 	 1600956571.840256	Log_Type.RECOGNIZED_WORDS	left	2 koda
09/24/2020 04:09:35 PM 	 1600956575.5841846	Log_Type.RECOGNIZED_WORDS	right	spotify nej kod
09/24/2020 04:09:36 PM 	 1600956576.9041462	Log_Type.RECOGNIZED_WORDS	left	nej kåda från träden som
09/24/2020 04:09:40 PM 	 1600956580.612834	Log_Type.RECOGNIZED_WORDS	right	har blivit uttryck då får denna
09/24/2020 04:09:41 PM 	 1600956581.5929205	Log_Type.RECOGNIZED_WORDS	left	form
09/24/2020 04:09:46 PM 	 1600956586.4934735	Log_Type.RECOGNIZED_WORDS	left	ja
09/24/2020 04:09:51 PM 	 1600956591.380453	Log_Type.RECOGNIZED_WORDS	left	det här är djur
09/24/2020 04:09:56 PM 	 1600956596.5777664	Log_Type.RECOGNIZED_WORDS	right	ja
09/24/2020 04:09:56 PM 	 1600956596.670694	Log_Type.RECOGNIZED_WORDS	left	samuel kan hoppa högt tror jag
09/24/2020 04:10:01 PM 	 1600956601.2518327	Log_Type.RECOGNIZED_WORDS	right	ofta i bergstrakter kanske alperna
09/24/2020 04:10:06 PM 	 1600956606.3270974	Log_Type.RECOGNIZED_WORDS	left	va då
09/24/2020 04:10:09 PM 	 1600956609.79967	Log_Type.RECOGNIZED_WORDS	right	horn
09/24/2020 04:10:14 PM 	 1600956614.508677	Log_Type.RECOGNIZED_WORDS	right	det är
09/24/2020 04:10:15 PM 	 1600956615.5976412	Log_Type.RECOGNIZED_WORDS	left	det är
09/24/2020 04:10:19 PM 	 1600956619.474369	Log_Type.RECOGNIZED_WORDS	right	man kan ha
09/24/2020 04:10:24 PM 	 1600956624.7252955	Log_Type.RECOGNIZED_WORDS	right	om en söner och döttrar på våra söner dött
09/24/2020 04:10:34 PM 	 1600956634.4220464	Log_Type.RECOGNIZED_WORDS	left	där har du dina
09/24/2020 04:10:39 PM 	 1600956639.298119	Log_Type.RECOGNIZED_WORDS	left	ja det här är något i dina
09/24/2020 04:10:44 PM 	 1600956644.2152412	Log_Type.RECOGNIZED_WORDS	left	där du ha kläder
09/24/2020 04:10:47 PM 	 1600956647.7223418	Log_Type.RECOGNIZED_WORDS	right	ett slags skåp men just för kläder
09/24/2020 04:10:49 PM 	 1600956649.0356312	Log_Type.RECOGNIZED_WORDS	left	ja
09/24/2020 04:10:50 PM 	 1600956650.692442	Log_Type.RECOGNIZED_WORDS	right	vad heter det
09/24/2020 04:10:53 PM 	 1600956653.768075	Log_Type.RECOGNIZED_WORDS	left	möbler
09/24/2020 04:11:00 PM 	 1600956660.1822555	Log_Type.RECOGNIZED_WORDS	right	en äldre man
09/24/2020 04:11:03 PM 	 1600956663.5356238	Log_Type.RECOGNIZED_WORDS	left	vad kallas anmälan
09/24/2020 04:11:08 PM 	 1600956668.6499853	Log_Type.RECOGNIZED_WORDS	left	släckt skärm
09/24/2020 04:11:08 PM 	 1600956668.955743	Log_Type.RECOGNIZED_WORDS	right	men det kan också vara släkt term
09/24/2020 04:11:13 PM 	 1600956673.455746	Log_Type.RECOGNIZED_WORDS	left	nej det blir inte ligga
09/24/2020 04:11:13 PM 	 1600956673.8731747	Log_Type.RECOGNIZED_WORDS	right	nej det blir ytterligare liksom
09/24/2020 04:11:18 PM 	 1600956678.7321103	Log_Type.RECOGNIZED_WORDS	right	äldre man
09/24/2020 04:11:18 PM 	 1600956678.9433498	Log_Type.RECOGNIZED_WORDS	left	han här
09/24/2020 04:11:23 PM 	 1600956683.6487951	Log_Type.RECOGNIZED_WORDS	right	nej
09/24/2020 04:11:23 PM 	 1600956683.7075963	Log_Type.RECOGNIZED_WORDS	left	han är syskon till din pappa
09/24/2020 04:11:28 PM 	 1600956688.4718516	Log_Type.RECOGNIZED_WORDS	left	ja
09/24/2020 04:11:33 PM 	 1600956693.2863026	Log_Type.RECOGNIZED_WORDS	right	det här är håkan också bara vi kyrka
09/24/2020 04:11:37 PM 	 1600956697.7678833	Log_Type.RECOGNIZED_WORDS	left	lika högt också
09/24/2020 04:11:38 PM 	 1600956698.1045823	Log_Type.RECOGNIZED_WORDS	right	men inte lika högt också
09/24/2020 04:11:42 PM 	 1600956702.4771492	Log_Type.RECOGNIZED_WORDS	left	gräsmatta
09/24/2020 04:11:44 PM 	 1600956704.0219283	Log_Type.RECOGNIZED_WORDS	right	hur ofta från en gräsmatta eller någon snö
09/24/2020 04:11:47 PM 	 1600956707.246993	Log_Type.RECOGNIZED_WORDS	left	ja det finns döda med
09/24/2020 04:11:54 PM 	 1600956714.845669	Log_Type.RECOGNIZED_WORDS	right	det här har man 40k
09/24/2020 04:11:57 PM 	 1600956717.124008	Log_Type.RECOGNIZED_WORDS	right	hemma
09/24/2020 04:12:02 PM 	 1600956722.8501768	Log_Type.RECOGNIZED_WORDS	right	de växer har ganska lite ju
09/24/2020 04:12:10 PM 	 1600956730.424831	Log_Type.RECOGNIZED_WORDS	left	ja man kan
09/24/2020 04:12:16 PM 	 1600956736.5526123	Log_Type.RECOGNIZED_WORDS	right	slå är det
09/24/2020 04:12:21 PM 	 1600956741.9615796	Log_Type.RECOGNIZED_WORDS	right	mormor är en typ bara där så kan man ha symboler
09/24/2020 04:12:24 PM 	 1600956744.5345085	Log_Type.RECOGNIZED_WORDS	left	triangel
09/24/2020 04:12:27 PM 	 1600956747.1986356	Log_Type.RECOGNIZED_WORDS	right	och lite annat vad kallas denna grupp på musikinstrument
09/24/2020 04:12:34 PM 	 1600956754.1456761	Log_Type.RECOGNIZED_WORDS	left	höjdhopp
09/24/2020 04:12:39 PM 	 1600956759.03196	Log_Type.RECOGNIZED_WORDS	left	det här är en idrott där man måste gå upp
09/24/2020 04:12:43 PM 	 1600956763.9527729	Log_Type.RECOGNIZED_WORDS	left	överens
09/24/2020 04:12:46 PM 	 1600956766.9725926	Log_Type.RECOGNIZED_WORDS	right	klippa
09/24/2020 04:12:54 PM 	 1600956774.4352336	Log_Type.RECOGNIZED_WORDS	right	nu är vi tillbaka på
09/24/2020 04:12:57 PM 	 1600956777.5269423	Log_Type.RECOGNIZED_WORDS	left	och då
09/24/2020 04:12:59 PM 	 1600956779.385101	Log_Type.RECOGNIZED_WORDS	right	getterna och då kan man uppleva
09/24/2020 04:13:02 PM 	 1600956782.415431	Log_Type.RECOGNIZED_WORDS	left	riktigt hemska saker sover
09/24/2020 04:13:03 PM 	 1600956783.7407053	Log_Type.RECOGNIZED_WORDS	right	saker när var sover
09/24/2020 04:13:07 PM 	 1600956787.340462	Log_Type.RECOGNIZED_WORDS	left	ofta barnen har du om hon
09/24/2020 04:13:12 PM 	 1600956792.2113705	Log_Type.RECOGNIZED_WORDS	left	mamma efter
09/24/2020 04:13:17 PM 	 1600956797.1774726	Log_Type.RECOGNIZED_WORDS	left	bra men dålig
09/24/2020 04:13:17 PM 	 1600956797.6383524	Log_Type.RECOGNIZED_WORDS	right	men det är dålig
09/24/2020 04:13:26 PM 	 1600956806.8854244	Log_Type.RECOGNIZED_WORDS	right	om man ska
09/24/2020 04:13:32 PM 	 1600956812.0277643	Log_Type.RECOGNIZED_WORDS	right	gå på krogen och dricka då finns det
09/24/2020 04:13:44 PM 	 1600956824.7285872	Log_Type.RECOGNIZED_WORDS	left	de här musik
09/24/2020 04:13:50 PM 	 1600956830.004872	Log_Type.RECOGNIZED_WORDS	left	som spelar musik du är dum
09/24/2020 04:13:57 PM 	 1600956837.838227	Log_Type.RECOGNIZED_WORDS	right	man kan bo
09/24/2020 04:13:59 PM 	 1600956839.445831	Log_Type.RECOGNIZED_WORDS	left	och
09/24/2020 04:14:03 PM 	 1600956843.2017906	Log_Type.RECOGNIZED_WORDS	right	och det är flera stycken
09/24/2020 04:14:08 PM 	 1600956848.738696	Log_Type.RECOGNIZED_WORDS	right	tätt inpå varandra så att de är uppbyggda men det är
09/24/2020 04:14:08 PM 	 1600956848.9766617	Log_Type.RECOGNIZED_WORDS	left	men det är
09/24/2020 04:14:13 PM 	 1600956853.6190834	Log_Type.RECOGNIZED_WORDS	right	väder men då
09/24/2020 04:14:13 PM 	 1600956853.8123455	Log_Type.RECOGNIZED_WORDS	left	hus
09/24/2020 04:14:15 PM 	 1600956855.370388	Log_Type.RECOGNIZED_WORDS	right	ligger
09/24/2020 04:14:19 PM 	 1600956859.3202949	Log_Type.RECOGNIZED_WORDS	right	och är uppbyggda
09/24/2020 04:14:23 PM 	 1600956863.6382592	Log_Type.RECOGNIZED_WORDS	left	det finns många till exempel i usa
09/24/2020 04:14:37 PM 	 1600956877.7523718	Log_Type.RECOGNIZED_WORDS	left	att välja politiker brukar man
09/24/2020 04:14:42 PM 	 1600956882.555251	Log_Type.RECOGNIZED_WORDS	left	speciell
09/24/2020 04:14:43 PM 	 1600956883.1891131	Log_Type.RECOGNIZED_WORDS	right	men här är speciellt här är en
09/24/2020 04:14:47 PM 	 1600956887.3749168	Log_Type.RECOGNIZED_WORDS	left	schweiz
09/24/2020 04:14:48 PM 	 1600956888.2288158	Log_Type.RECOGNIZED_WORDS	right	ställer till alla medborgare schweiz
09/24/2020 04:14:52 PM 	 1600956892.6991787	Log_Type.RECOGNIZED_WORDS	left	göra ofta såna här frågor
09/24/2020 04:14:53 PM 	 1600956893.2217767	Log_Type.RECOGNIZED_WORDS	right	göra ofta såna här frågor
09/24/2020 04:14:57 PM 	 1600956897.9605162	Log_Type.RECOGNIZED_WORDS	left	vanliga vad det är
09/24/2020 04:14:58 PM 	 1600956898.4444678	Log_Type.RECOGNIZED_WORDS	right	sätt inte vanliga vad det är ska
09/24/2020 04:15:03 PM 	 1600956903.1282868	Log_Type.RECOGNIZED_WORDS	left	kärnkraftsolycka vintersäkrat
09/24/2020 04:15:04 PM 	 1600956904.0947034	Log_Type.RECOGNIZED_WORDS	right	ska vi ha kärnkraft eller ska vi ut och käkar ska vi ha
09/24/2020 04:15:17 PM 	 1600956917.5337496	Log_Type.RECOGNIZED_WORDS	left	krossa angie pennström
09/24/2020 04:15:22 PM 	 1600956922.3884072	Log_Type.RECOGNIZED_WORDS	left	med bilen då behöver man
09/24/2020 04:15:27 PM 	 1600956927.049127	Log_Type.RECOGNIZED_WORDS	right	vägen
09/24/2020 04:15:27 PM 	 1600956927.0880678	Log_Type.RECOGNIZED_WORDS	left	infrastruktur
09/24/2020 04:15:32 PM 	 1600956932.2011266	Log_Type.RECOGNIZED_WORDS	right	vikersund
09/24/2020 04:15:32 PM 	 1600956932.344226	Log_Type.RECOGNIZED_WORDS	left	ett sund
09/24/2020 04:15:37 PM 	 1600956937.9852312	Log_Type.RECOGNIZED_WORDS	left	kallas vägen eller infrastruktur man använda
09/24/2020 04:15:43 PM 	 1600956943.0883512	Log_Type.RECOGNIZED_WORDS	left	över strömmen inte idag
09/24/2020 04:15:48 PM 	 1600956948.014407	Log_Type.RECOGNIZED_WORDS	left	ja
09/24/2020 04:15:54 PM 	 1600956954.6421545	Log_Type.RECOGNIZED_WORDS	right	nu har jag också på konstruktion
09/24/2020 04:15:59 PM 	 1600956959.327506	Log_Type.RECOGNIZED_WORDS	right	om sju stycken
09/24/2020 04:16:03 PM 	 1600956963.9935448	Log_Type.RECOGNIZED_WORDS	right	människan hade gjort riktigt fina
09/24/2020 04:16:07 PM 	 1600956967.3397536	Log_Type.RECOGNIZED_WORDS	left	fina byggnader
09/24/2020 04:16:17 PM 	 1600956977.0243301	Log_Type.RECOGNIZED_WORDS	left	man använder that för att få tyget
09/24/2020 04:16:21 PM 	 1600956981.842269	Log_Type.RECOGNIZED_WORDS	left	ja
09/24/2020 04:16:21 PM 	 1600956981.964006	Log_Type.RECOGNIZED_WORDS	right	den maskin
09/24/2020 04:16:27 PM 	 1600956987.1521587	Log_Type.RECOGNIZED_WORDS	right	läste varianten gör med allting för hand
09/24/2020 04:16:31 PM 	 1600956991.9337847	Log_Type.RECOGNIZED_WORDS	right	motormännen
09/24/2020 04:16:36 PM 	 1600956996.0416024	Log_Type.RECOGNIZED_WORDS	left	på tråden att gå mellan
09/24/2020 04:16:36 PM 	 1600956996.9401667	Log_Type.RECOGNIZED_WORDS	right	på tråden att gå mellan olika trådar
09/24/2020 04:16:40 PM 	 1600957000.4718082	Log_Type.RECOGNIZED_WORDS	right	tyg
09/24/2020 04:16:43 PM 	 1600957003.2428071	Log_Type.RECOGNIZED_WORDS	right	nej
09/24/2020 04:16:46 PM 	 1600957006.2619872	Log_Type.RECOGNIZED_WORDS	left	gamla sturmark
09/24/2020 04:16:50 PM 	 1600957010.9588213	Log_Type.RECOGNIZED_WORDS	left	eller hur
09/24/2020 04:16:51 PM 	 1600957011.0226321	Log_Type.RECOGNIZED_WORDS	right	nej det är för att kunna göra
09/24/2020 04:16:53 PM 	 1600957013.0857074	Log_Type.RECOGNIZED_WORDS	right	ihop
09/24/2020 04:17:06 PM 	 1600957026.3951974	Log_Type.RECOGNIZED_WORDS	left	gör det
