09/23/2020 05:27:08 PM 	 1600874828.6631062	Log_Type.CONFIG	INIT_USER	left
09/23/2020 05:27:08 PM 	 1600874828.6729684	Log_Type.CONFIG	INIT_USER	right
09/23/2020 05:27:20 PM 	 1600874840.6352036	Log_Type.RECOGNIZED_WORDS	right	en insekt med
09/23/2020 05:27:48 PM 	 1600874868.9959843	Log_Type.RECOGNIZED_WORDS	right	hur många ben den bygger nät
09/23/2020 05:27:49 PM 	 1600874869.9848006	Log_Type.RECOGNIZED_WORDS	left	ja
09/23/2020 05:28:06 PM 	 1600874886.572974	Log_Type.RECOGNIZED_WORDS	left	imse vimse
09/23/2020 05:28:07 PM 	 1600874887.0005438	Log_Type.RECOGNIZED_WORDS	right	finns ingen låt imse vimse
09/23/2020 05:28:12 PM 	 1600874892.7271724	Log_Type.RECOGNIZED_WORDS	right	pensel
09/23/2020 05:28:22 PM 	 1600874902.497192	Log_Type.RECOGNIZED_WORDS	right	jag tror det
09/23/2020 05:28:24 PM 	 1600874904.3475523	Log_Type.RECOGNIZED_WORDS	left	ja okej
09/23/2020 05:28:27 PM 	 1600874907.5715814	Log_Type.RECOGNIZED_WORDS	right	att du att vi kan säga saker
09/23/2020 05:28:34 PM 	 1600874914.2395427	Log_Type.RECOGNIZED_WORDS	left	nej
09/23/2020 05:28:35 PM 	 1600874915.1554909	Log_Type.RECOGNIZED_WORDS	right	ja jag tror det
09/23/2020 05:28:38 PM 	 1600874918.8678522	Log_Type.RECOGNIZED_WORDS	left	jag vet inte vad är
09/23/2020 05:28:39 PM 	 1600874919.158036	Log_Type.RECOGNIZED_WORDS	right	pensel
09/23/2020 05:28:43 PM 	 1600874923.650746	Log_Type.RECOGNIZED_WORDS	left	nu är jag penser
09/23/2020 05:28:45 PM 	 1600874925.9372883	Log_Type.RECOGNIZED_WORDS	right	okej
09/23/2020 05:28:52 PM 	 1600874932.707392	Log_Type.RECOGNIZED_WORDS	right	ja okej ja jag tror jag ska säga
09/23/2020 05:28:57 PM 	 1600874937.2399564	Log_Type.RECOGNIZED_WORDS	left	ja
09/23/2020 05:28:57 PM 	 1600874937.7325647	Log_Type.RECOGNIZED_WORDS	right	när man målar mer än ett verktyg för att
09/23/2020 05:29:05 PM 	 1600874945.457097	Log_Type.RECOGNIZED_WORDS	right	ja
09/23/2020 05:29:15 PM 	 1600874955.4185035	Log_Type.RECOGNIZED_WORDS	left	ja
09/23/2020 05:29:20 PM 	 1600874960.2397046	Log_Type.RECOGNIZED_WORDS	left	de finns bara i
09/23/2020 05:29:24 PM 	 1600874964.9718292	Log_Type.RECOGNIZED_WORDS	left	barn
09/23/2020 05:29:29 PM 	 1600874969.2693176	Log_Type.RECOGNIZED_WORDS	right	ja
09/23/2020 05:29:29 PM 	 1600874969.8080554	Log_Type.RECOGNIZED_WORDS	left	och många barn är
09/23/2020 05:29:34 PM 	 1600874974.549357	Log_Type.RECOGNIZED_WORDS	left	kan du skriva det
09/23/2020 05:29:39 PM 	 1600874979.1190784	Log_Type.RECOGNIZED_WORDS	left	också
09/23/2020 05:29:43 PM 	 1600874983.954923	Log_Type.RECOGNIZED_WORDS	left	en små namn
09/23/2020 05:29:48 PM 	 1600874988.539932	Log_Type.RECOGNIZED_WORDS	right	nej men sätter du på
09/23/2020 05:29:53 PM 	 1600874993.0965247	Log_Type.RECOGNIZED_WORDS	left	ja
09/23/2020 05:29:57 PM 	 1600874997.8221407	Log_Type.RECOGNIZED_WORDS	left	adress
09/23/2020 05:30:01 PM 	 1600875001.8170097	Log_Type.RECOGNIZED_WORDS	right	en lite ja
09/23/2020 05:30:10 PM 	 1600875010.5381367	Log_Type.RECOGNIZED_WORDS	right	en fågel en stor fågel
09/23/2020 05:30:16 PM 	 1600875016.0536985	Log_Type.RECOGNIZED_WORDS	right	ja
09/23/2020 05:30:16 PM 	 1600875016.055506	Log_Type.RECOGNIZED_WORDS	left	med stora ögonen
09/23/2020 05:30:20 PM 	 1600875020.702361	Log_Type.RECOGNIZED_WORDS	right	kan vrida huvudet
09/23/2020 05:30:20 PM 	 1600875020.849191	Log_Type.RECOGNIZED_WORDS	left	fåglar
09/23/2020 05:30:24 PM 	 1600875024.0313208	Log_Type.RECOGNIZED_WORDS	right	det är en typ av fågel
09/23/2020 05:30:27 PM 	 1600875027.3686016	Log_Type.RECOGNIZED_WORDS	right	ska vrida huvudet
09/23/2020 05:30:32 PM 	 1600875032.9672298	Log_Type.RECOGNIZED_WORDS	right	den ses ofta som är klok i sagor
09/23/2020 05:30:44 PM 	 1600875044.0746074	Log_Type.RECOGNIZED_WORDS	left	om du
09/23/2020 05:30:49 PM 	 1600875049.143223	Log_Type.RECOGNIZED_WORDS	left	först först innan tävling
09/23/2020 05:30:54 PM 	 1600875054.157474	Log_Type.RECOGNIZED_WORDS	left	and
09/23/2020 05:30:57 PM 	 1600875057.574888	Log_Type.RECOGNIZED_WORDS	right	det första första pris
09/23/2020 05:31:00 PM 	 1600875060.4795291	Log_Type.RECOGNIZED_WORDS	right	silver inte brons
09/23/2020 05:31:05 PM 	 1600875065.9405916	Log_Type.RECOGNIZED_WORDS	right	men den också
09/23/2020 05:31:13 PM 	 1600875073.4745257	Log_Type.RECOGNIZED_WORDS	right	man kan hänga den runt halsen
09/23/2020 05:31:17 PM 	 1600875077.373204	Log_Type.RECOGNIZED_WORDS	left	nej
09/23/2020 05:31:20 PM 	 1600875080.1723335	Log_Type.RECOGNIZED_WORDS	right	nej jag hörde inte vad du sa
09/23/2020 05:31:21 PM 	 1600875081.9366522	Log_Type.RECOGNIZED_WORDS	left	jaha jaha
09/23/2020 05:31:24 PM 	 1600875084.8841474	Log_Type.RECOGNIZED_WORDS	right	precis jag
09/23/2020 05:31:32 PM 	 1600875092.4707112	Log_Type.RECOGNIZED_WORDS	right	fåglar har de på sig
09/23/2020 05:31:35 PM 	 1600875095.5231125	Log_Type.RECOGNIZED_WORDS	left	ja
09/23/2020 05:31:36 PM 	 1600875096.2079623	Log_Type.RECOGNIZED_WORDS	right	endräkt
09/23/2020 05:31:47 PM 	 1600875107.4899049	Log_Type.RECOGNIZED_WORDS	right	det kan man kan använda det för att cykla
09/23/2020 05:31:52 PM 	 1600875112.3143845	Log_Type.RECOGNIZED_WORDS	right	för att cykla något mer
09/23/2020 05:31:54 PM 	 1600875114.336671	Log_Type.RECOGNIZED_WORDS	left	eller till skriva
09/23/2020 05:31:57 PM 	 1600875117.354105	Log_Type.RECOGNIZED_WORDS	right	ja inte nu
09/23/2020 05:31:59 PM 	 1600875119.292153	Log_Type.RECOGNIZED_WORDS	right	en grej som
09/23/2020 05:32:02 PM 	 1600875122.0570364	Log_Type.RECOGNIZED_WORDS	right	ja
09/23/2020 05:32:07 PM 	 1600875127.9592535	Log_Type.RECOGNIZED_WORDS	right	ja ja precis
09/23/2020 05:32:12 PM 	 1600875132.7074094	Log_Type.RECOGNIZED_WORDS	left	en person som jobbar
09/23/2020 05:32:17 PM 	 1600875137.3299716	Log_Type.RECOGNIZED_WORDS	left	som gör bröd
09/23/2020 05:32:18 PM 	 1600875138.6432245	Log_Type.RECOGNIZED_WORDS	right	bakelser
09/23/2020 05:32:33 PM 	 1600875153.992039	Log_Type.RECOGNIZED_WORDS	right	bakar
09/23/2020 05:32:40 PM 	 1600875160.2489789	Log_Type.RECOGNIZED_WORDS	left	ens
09/23/2020 05:32:44 PM 	 1600875164.9213507	Log_Type.RECOGNIZED_WORDS	left	bra
09/23/2020 05:32:48 PM 	 1600875168.5968964	Log_Type.RECOGNIZED_WORDS	right	ja man kan ha på smörgås
09/23/2020 05:32:53 PM 	 1600875173.643885	Log_Type.RECOGNIZED_WORDS	right	ja
09/23/2020 05:32:54 PM 	 1600875174.0836673	Log_Type.RECOGNIZED_WORDS	left	aha
09/23/2020 05:32:58 PM 	 1600875178.6366603	Log_Type.RECOGNIZED_WORDS	left	en
09/23/2020 05:33:03 PM 	 1600875183.2405038	Log_Type.RECOGNIZED_WORDS	left	som är
09/23/2020 05:33:08 PM 	 1600875188.2258086	Log_Type.RECOGNIZED_WORDS	left	pro
09/23/2020 05:33:13 PM 	 1600875193.1273758	Log_Type.RECOGNIZED_WORDS	left	kungens fru
09/23/2020 05:33:15 PM 	 1600875195.5758884	Log_Type.RECOGNIZED_WORDS	right	ja
09/23/2020 05:33:26 PM 	 1600875206.8865278	Log_Type.RECOGNIZED_WORDS	left	ja
09/23/2020 05:33:31 PM 	 1600875211.3619716	Log_Type.RECOGNIZED_WORDS	left	drottning
09/23/2020 05:33:45 PM 	 1600875225.0570493	Log_Type.RECOGNIZED_WORDS	right	något man får i skolan
09/23/2020 05:33:45 PM 	 1600875225.2299774	Log_Type.RECOGNIZED_WORDS	left	man får i skolan
09/23/2020 05:33:49 PM 	 1600875229.9304144	Log_Type.RECOGNIZED_WORDS	right	man kan få a i
09/23/2020 05:33:55 PM 	 1600875235.1562245	Log_Type.RECOGNIZED_WORDS	right	allergi eller
09/23/2020 05:34:09 PM 	 1600875249.0941947	Log_Type.RECOGNIZED_WORDS	left	i din badrummet och to
09/23/2020 05:34:13 PM 	 1600875253.8985395	Log_Type.RECOGNIZED_WORDS	left	se dig själv i den
09/23/2020 05:34:18 PM 	 1600875258.4446344	Log_Type.RECOGNIZED_WORDS	left	dusch
09/23/2020 05:34:23 PM 	 1600875263.1580038	Log_Type.RECOGNIZED_WORDS	left	nej
09/23/2020 05:34:27 PM 	 1600875267.258176	Log_Type.RECOGNIZED_WORDS	right	svårt det var
09/23/2020 05:34:27 PM 	 1600875267.8510945	Log_Type.RECOGNIZED_WORDS	left	aha
09/23/2020 05:34:37 PM 	 1600875277.4610496	Log_Type.RECOGNIZED_WORDS	right	jag sa en kaksorter är det
09/23/2020 05:34:37 PM 	 1600875277.5182164	Log_Type.RECOGNIZED_WORDS	left	sort
09/23/2020 05:34:42 PM 	 1600875282.3015852	Log_Type.RECOGNIZED_WORDS	left	också
09/23/2020 05:34:43 PM 	 1600875283.3902938	Log_Type.RECOGNIZED_WORDS	right	en kaksorter
09/23/2020 05:34:46 PM 	 1600875286.990414	Log_Type.RECOGNIZED_WORDS	left	när man
09/23/2020 05:34:47 PM 	 1600875287.174929	Log_Type.RECOGNIZED_WORDS	right	när man
09/23/2020 05:34:56 PM 	 1600875296.2566884	Log_Type.RECOGNIZED_WORDS	left	människor
09/23/2020 05:35:00 PM 	 1600875300.8198326	Log_Type.RECOGNIZED_WORDS	left	ja
09/23/2020 05:35:01 PM 	 1600875301.3293803	Log_Type.RECOGNIZED_WORDS	right	ja
09/23/2020 05:35:06 PM 	 1600875306.8595078	Log_Type.RECOGNIZED_WORDS	right	kallar du fantasi när man man har när man sover
09/23/2020 05:35:09 PM 	 1600875309.727544	Log_Type.RECOGNIZED_WORDS	right	gör man det här
09/23/2020 05:35:09 PM 	 1600875309.9232714	Log_Type.RECOGNIZED_WORDS	left	gör man här
09/23/2020 05:35:14 PM 	 1600875314.9014547	Log_Type.RECOGNIZED_WORDS	left	ofta
09/23/2020 05:35:14 PM 	 1600875314.9175022	Log_Type.RECOGNIZED_WORDS	right	komplicerad ofta
09/23/2020 05:35:30 PM 	 1600875330.5313556	Log_Type.RECOGNIZED_WORDS	right	en
09/23/2020 05:35:33 PM 	 1600875333.6166682	Log_Type.RECOGNIZED_WORDS	left	mormor är morfar till dem
09/23/2020 05:35:44 PM 	 1600875344.0275857	Log_Type.RECOGNIZED_WORDS	right	men ett steg till så du
09/23/2020 05:35:48 PM 	 1600875348.8078296	Log_Type.RECOGNIZED_WORDS	right	din sons avkomma
09/23/2020 05:35:49 PM 	 1600875349.2020566	Log_Type.RECOGNIZED_WORDS	left	,
09/23/2020 05:35:58 PM 	 1600875358.4511948	Log_Type.RECOGNIZED_WORDS	left	nej
09/23/2020 05:36:08 PM 	 1600875368.6780398	Log_Type.RECOGNIZED_WORDS	right	temperatur jobba nu
09/23/2020 05:36:14 PM 	 1600875374.0487292	Log_Type.RECOGNIZED_WORDS	right	men något du måste slå in
09/23/2020 05:36:18 PM 	 1600875378.5773091	Log_Type.RECOGNIZED_WORDS	right	mail
09/23/2020 05:36:20 PM 	 1600875380.0428622	Log_Type.RECOGNIZED_WORDS	right	kanske
09/23/2020 05:36:21 PM 	 1600875381.3962948	Log_Type.RECOGNIZED_WORDS	left	kanske
09/23/2020 05:36:30 PM 	 1600875390.729422	Log_Type.RECOGNIZED_WORDS	left	när vi
09/23/2020 05:36:33 PM 	 1600875393.8801858	Log_Type.RECOGNIZED_WORDS	right	pratade om kak så
09/23/2020 05:36:38 PM 	 1600875398.8258061	Log_Type.RECOGNIZED_WORDS	right	jag menar har du ett minne
09/23/2020 05:36:53 PM 	 1600875413.1895592	Log_Type.RECOGNIZED_WORDS	right	man lägger sina kläder där
09/23/2020 05:36:58 PM 	 1600875418.4193666	Log_Type.RECOGNIZED_WORDS	right	eller hänger upp sina kläder eller lägger sina kläder
09/23/2020 05:37:12 PM 	 1600875432.600481	Log_Type.RECOGNIZED_WORDS	left	kylskåp
09/23/2020 05:37:14 PM 	 1600875434.4442215	Log_Type.RECOGNIZED_WORDS	right	det skåp
09/23/2020 05:37:21 PM 	 1600875441.8842862	Log_Type.RECOGNIZED_WORDS	left	en blomma som har
09/23/2020 05:37:23 PM 	 1600875443.8056278	Log_Type.RECOGNIZED_WORDS	right	en blomma som man har inomhus
09/23/2020 05:37:30 PM 	 1600875450.4239197	Log_Type.RECOGNIZED_WORDS	right	en blomma som man har inomhus
09/23/2020 05:37:31 PM 	 1600875451.0356348	Log_Type.RECOGNIZED_WORDS	left	till exempel
09/23/2020 05:37:35 PM 	 1600875455.958709	Log_Type.RECOGNIZED_WORDS	left	eller
09/23/2020 05:37:40 PM 	 1600875460.586721	Log_Type.RECOGNIZED_WORDS	left	men
09/23/2020 05:37:45 PM 	 1600875465.5338588	Log_Type.RECOGNIZED_WORDS	right	ja
09/23/2020 05:37:54 PM 	 1600875474.1676097	Log_Type.RECOGNIZED_WORDS	left	om man kan
09/23/2020 05:37:58 PM 	 1600875478.6940317	Log_Type.RECOGNIZED_WORDS	left	gå
09/23/2020 05:38:07 PM 	 1600875487.9611533	Log_Type.RECOGNIZED_WORDS	right	snygg
09/23/2020 05:38:12 PM 	 1600875492.34246	Log_Type.RECOGNIZED_WORDS	left	jaha
09/23/2020 05:38:23 PM 	 1600875503.5094879	Log_Type.RECOGNIZED_WORDS	right	vänta
09/23/2020 05:38:34 PM 	 1600875514.801729	Log_Type.RECOGNIZED_WORDS	right	precis
09/23/2020 05:38:36 PM 	 1600875516.4474823	Log_Type.RECOGNIZED_WORDS	right	call
09/23/2020 05:38:41 PM 	 1600875521.2039568	Log_Type.RECOGNIZED_WORDS	right	då väljer man
09/23/2020 05:38:44 PM 	 1600875524.0989232	Log_Type.RECOGNIZED_WORDS	left	jaha
09/23/2020 05:38:46 PM 	 1600875526.6543074	Log_Type.RECOGNIZED_WORDS	right	jag tror du jag spelat med förut
09/23/2020 05:38:51 PM 	 1600875531.4809892	Log_Type.RECOGNIZED_WORDS	right	föda som går snabbt
09/23/2020 05:38:53 PM 	 1600875533.2278364	Log_Type.RECOGNIZED_WORDS	left	föda som går snabbt
09/23/2020 05:38:57 PM 	 1600875537.9090145	Log_Type.RECOGNIZED_WORDS	left	hamburger hamburgare
09/23/2020 05:39:02 PM 	 1600875542.5923061	Log_Type.RECOGNIZED_WORDS	left	och coca-cola
09/23/2020 05:39:07 PM 	 1600875547.4967961	Log_Type.RECOGNIZED_WORDS	left	köper dem på fast
09/23/2020 05:39:10 PM 	 1600875550.0648286	Log_Type.RECOGNIZED_WORDS	right	säg det igen
09/23/2020 05:39:12 PM 	 1600875552.0590935	Log_Type.RECOGNIZED_WORDS	left	jaha
09/23/2020 05:39:12 PM 	 1600875552.7665389	Log_Type.RECOGNIZED_WORDS	right	vad sa du för något
09/23/2020 05:39:16 PM 	 1600875556.8611083	Log_Type.RECOGNIZED_WORDS	right	vad sa du för något
09/23/2020 05:39:25 PM 	 1600875565.7406764	Log_Type.RECOGNIZED_WORDS	left	hur blir man begravd
09/23/2020 05:39:26 PM 	 1600875566.4247148	Log_Type.RECOGNIZED_WORDS	right	när man dör så blir man begravd och då får man
09/23/2020 05:39:30 PM 	 1600875570.5044758	Log_Type.RECOGNIZED_WORDS	left	begravning
09/23/2020 05:39:36 PM 	 1600875576.0809789	Log_Type.RECOGNIZED_WORDS	right	en sak man sätter ovanpå
09/23/2020 05:39:45 PM 	 1600875585.7875147	Log_Type.RECOGNIZED_WORDS	right	det är som en uggla
09/23/2020 05:39:58 PM 	 1600875598.0318477	Log_Type.RECOGNIZED_WORDS	left	money horse
09/23/2020 05:40:03 PM 	 1600875603.1127384	Log_Type.RECOGNIZED_WORDS	left	sambo med dig
09/23/2020 05:40:09 PM 	 1600875609.1096418	Log_Type.RECOGNIZED_WORDS	right	jag vill ha en katt eller hund
09/23/2020 05:40:30 PM 	 1600875630.875004	Log_Type.RECOGNIZED_WORDS	right	öppna man gore-tex i snö så lämnar man
09/23/2020 05:40:42 PM 	 1600875642.0995152	Log_Type.RECOGNIZED_WORDS	right	precis och
09/23/2020 05:40:45 PM 	 1600875645.7311797	Log_Type.RECOGNIZED_WORDS	right	ja
09/23/2020 05:40:53 PM 	 1600875653.1489475	Log_Type.RECOGNIZED_WORDS	left	nej
09/23/2020 05:41:02 PM 	 1600875662.5921721	Log_Type.RECOGNIZED_WORDS	left	en del av
09/23/2020 05:41:07 PM 	 1600875667.1536036	Log_Type.RECOGNIZED_WORDS	left	byggnads
09/23/2020 05:41:08 PM 	 1600875668.2275953	Log_Type.RECOGNIZED_WORDS	right	ja
09/23/2020 05:41:16 PM 	 1600875676.2256026	Log_Type.RECOGNIZED_WORDS	left	stor långpanna
09/23/2020 05:41:19 PM 	 1600875679.6063972	Log_Type.RECOGNIZED_WORDS	right	ja
09/23/2020 05:41:20 PM 	 1600875680.9698856	Log_Type.RECOGNIZED_WORDS	left	a&a
09/23/2020 05:41:24 PM 	 1600875684.3714294	Log_Type.RECOGNIZED_WORDS	right	hahaha
09/23/2020 05:41:44 PM 	 1600875704.016926	Log_Type.RECOGNIZED_WORDS	left	det här är en del
09/23/2020 05:41:44 PM 	 1600875704.6416605	Log_Type.RECOGNIZED_WORDS	right	det här är en del av
09/23/2020 05:41:47 PM 	 1600875707.4932523	Log_Type.RECOGNIZED_WORDS	right	den som transporterar
09/23/2020 05:41:48 PM 	 1600875708.5873246	Log_Type.RECOGNIZED_WORDS	left	transporterar
09/23/2020 05:41:52 PM 	 1600875712.139862	Log_Type.RECOGNIZED_WORDS	right	järn
09/23/2020 05:41:56 PM 	 1600875716.910504	Log_Type.RECOGNIZED_WORDS	right	vi har ja de är små
09/23/2020 05:41:58 PM 	 1600875718.0771036	Log_Type.RECOGNIZED_WORDS	left	ja de är små
09/23/2020 05:42:02 PM 	 1600875722.2046115	Log_Type.RECOGNIZED_WORDS	right	ja tack
09/23/2020 05:42:18 PM 	 1600875738.1099486	Log_Type.RECOGNIZED_WORDS	right	när
09/23/2020 05:42:27 PM 	 1600875747.947418	Log_Type.RECOGNIZED_WORDS	right	när
09/23/2020 05:42:29 PM 	 1600875749.770733	Log_Type.RECOGNIZED_WORDS	left	när man åker på semester
09/23/2020 05:42:29 PM 	 1600875749.8832872	Log_Type.RECOGNIZED_WORDS	right	på semester
09/23/2020 05:42:35 PM 	 1600875755.1281693	Log_Type.RECOGNIZED_WORDS	right	cerise vit man åker
09/23/2020 05:42:47 PM 	 1600875767.8423073	Log_Type.RECOGNIZED_WORDS	left	en jätteviktig person
09/23/2020 05:42:52 PM 	 1600875772.5443244	Log_Type.RECOGNIZED_WORDS	left	inte präst
09/23/2020 05:43:05 PM 	 1600875785.4680166	Log_Type.RECOGNIZED_WORDS	right	om
09/23/2020 05:43:10 PM 	 1600875790.902435	Log_Type.RECOGNIZED_WORDS	right	om man vill
09/23/2020 05:43:15 PM 	 1600875795.4554417	Log_Type.RECOGNIZED_WORDS	left	om man vill att hela befolkningen
09/23/2020 05:43:15 PM 	 1600875795.7240584	Log_Type.RECOGNIZED_WORDS	right	om man vill att hela befolkningen
09/23/2020 05:43:19 PM 	 1600875799.3788295	Log_Type.RECOGNIZED_WORDS	right	ta ställning i en fråga
09/23/2020 05:43:20 PM 	 1600875800.0068555	Log_Type.RECOGNIZED_WORDS	left	fråga
09/23/2020 05:43:29 PM 	 1600875809.7781568	Log_Type.RECOGNIZED_WORDS	right	man har ett särskilt urval
09/23/2020 05:43:37 PM 	 1600875817.0555995	Log_Type.RECOGNIZED_WORDS	right	alla
09/23/2020 05:43:52 PM 	 1600875832.1954646	Log_Type.RECOGNIZED_WORDS	left	det är något
09/23/2020 05:43:56 PM 	 1600875836.9433525	Log_Type.RECOGNIZED_WORDS	left	och kan
09/23/2020 05:44:11 PM 	 1600875851.122846	Log_Type.RECOGNIZED_WORDS	left	spara 7
09/23/2020 05:44:12 PM 	 1600875852.8743854	Log_Type.RECOGNIZED_WORDS	right	ja
09/23/2020 05:44:15 PM 	 1600875855.827012	Log_Type.RECOGNIZED_WORDS	left	och de är
09/23/2020 05:44:20 PM 	 1600875860.3108985	Log_Type.RECOGNIZED_WORDS	left	fina
09/23/2020 05:44:25 PM 	 1600875865.598812	Log_Type.RECOGNIZED_WORDS	right	ja
09/23/2020 05:44:31 PM 	 1600875871.1170206	Log_Type.RECOGNIZED_WORDS	right	sju stycken byggnader
09/23/2020 05:44:41 PM 	 1600875881.645129	Log_Type.RECOGNIZED_WORDS	right	hej
09/23/2020 05:44:51 PM 	 1600875891.9297364	Log_Type.RECOGNIZED_WORDS	left	okej tack
