09/25/2020 01:45:24 PM 	 1601034324.7193525	Log_Type.CONFIG	INIT_USER	left
09/25/2020 01:45:24 PM 	 1601034324.7281566	Log_Type.CONFIG	INIT_USER	right
09/25/2020 01:45:31 PM 	 1601034331.606721	Log_Type.RECOGNIZED_WORDS	left	det är en del av en
09/25/2020 01:45:39 PM 	 1601034339.0540998	Log_Type.RECOGNIZED_WORDS	right	teckna frågan
09/25/2020 01:45:42 PM 	 1601034342.5679839	Log_Type.RECOGNIZED_WORDS	left	fast påfåglar
09/25/2020 01:45:48 PM 	 1601034348.0932162	Log_Type.RECOGNIZED_WORDS	left	nde de kan mjukt jag har en hård
09/25/2020 01:45:53 PM 	 1601034353.197479	Log_Type.RECOGNIZED_WORDS	left	var kan jag ändra de jag
09/25/2020 01:45:55 PM 	 1601034355.6388745	Log_Type.RECOGNIZED_WORDS	right	ja det är det
09/25/2020 01:46:02 PM 	 1601034362.3746216	Log_Type.RECOGNIZED_WORDS	right	man blir ett sånt
09/25/2020 01:46:03 PM 	 1601034363.1251957	Log_Type.RECOGNIZED_WORDS	left	man blir ett sånt assa dörren
09/25/2020 01:46:08 PM 	 1601034368.7959335	Log_Type.RECOGNIZED_WORDS	left	de kan vara genomskinliga eller de kanske
09/25/2020 01:46:14 PM 	 1601034374.1090143	Log_Type.RECOGNIZED_WORDS	left	de rassla med kedjor
09/25/2020 01:46:18 PM 	 1601034378.9510756	Log_Type.RECOGNIZED_WORDS	left	ja det stämmer
09/25/2020 01:46:23 PM 	 1601034383.7510667	Log_Type.RECOGNIZED_WORDS	right	man man måla med det
09/25/2020 01:46:23 PM 	 1601034383.859998	Log_Type.RECOGNIZED_WORDS	left	måla måla väggar eller
09/25/2020 01:46:29 PM 	 1601034389.7301939	Log_Type.RECOGNIZED_WORDS	left	och då har du sån här i handen
09/25/2020 01:46:34 PM 	 1601034394.6498325	Log_Type.RECOGNIZED_WORDS	left	när du går i skolan eller så
09/25/2020 01:46:40 PM 	 1601034400.3831666	Log_Type.RECOGNIZED_WORDS	left	så kommer läraren att sätta det här påsen
09/25/2020 01:46:45 PM 	 1601034405.281773	Log_Type.RECOGNIZED_WORDS	left	ett annat ord
09/25/2020 01:46:47 PM 	 1601034407.8179643	Log_Type.RECOGNIZED_WORDS	right	ja
09/25/2020 01:46:50 PM 	 1601034410.0868442	Log_Type.RECOGNIZED_WORDS	left	ja
09/25/2020 01:46:53 PM 	 1601034413.5781612	Log_Type.RECOGNIZED_WORDS	right	när man sover
09/25/2020 01:46:54 PM 	 1601034414.673132	Log_Type.RECOGNIZED_WORDS	left	ja
09/25/2020 01:46:58 PM 	 1601034418.0954418	Log_Type.RECOGNIZED_WORDS	right	vad gör man då
09/25/2020 01:46:59 PM 	 1601034419.8793192	Log_Type.RECOGNIZED_WORDS	left	och så då tänker man saker i sömnen
09/25/2020 01:47:03 PM 	 1601034423.2300878	Log_Type.RECOGNIZED_WORDS	right	vad säger bilder
09/25/2020 01:47:04 PM 	 1601034424.701615	Log_Type.RECOGNIZED_WORDS	left	just det
09/25/2020 01:47:05 PM 	 1601034425.4058828	Log_Type.RECOGNIZED_WORDS	right	färger
09/25/2020 01:47:09 PM 	 1601034429.645614	Log_Type.RECOGNIZED_WORDS	left	och så finns det en kaka som heter samma sak
09/25/2020 01:47:17 PM 	 1601034437.493362	Log_Type.RECOGNIZED_WORDS	right	spela nytt från skåne
09/25/2020 01:47:18 PM 	 1601034438.8946428	Log_Type.RECOGNIZED_WORDS	left	laddning från molnen
09/25/2020 01:47:23 PM 	 1601034443.7131903	Log_Type.RECOGNIZED_WORDS	left	när det regnar
09/25/2020 01:47:25 PM 	 1601034445.2289057	Log_Type.RECOGNIZED_WORDS	right	när är regnar starkt så handlar det här i månen
09/25/2020 01:47:28 PM 	 1601034448.7783432	Log_Type.RECOGNIZED_WORDS	left	felicia väska
09/25/2020 01:47:33 PM 	 1601034453.44774	Log_Type.RECOGNIZED_WORDS	left	ja
09/25/2020 01:47:38 PM 	 1601034458.374684	Log_Type.RECOGNIZED_WORDS	left	lägenheten
09/25/2020 01:47:38 PM 	 1601034458.5343764	Log_Type.RECOGNIZED_WORDS	right	man tvättar sig i det här delen av lägenheten
09/25/2020 01:47:43 PM 	 1601034463.353844	Log_Type.RECOGNIZED_WORDS	left	det finns toaletter
09/25/2020 01:47:48 PM 	 1601034468.0261402	Log_Type.RECOGNIZED_WORDS	left	en dusch
09/25/2020 01:47:51 PM 	 1601034471.373905	Log_Type.RECOGNIZED_WORDS	right	ja
09/25/2020 01:47:53 PM 	 1601034473.332468	Log_Type.RECOGNIZED_WORDS	left	kakla golv eller linoleumgolv och
09/25/2020 01:47:58 PM 	 1601034478.1841445	Log_Type.RECOGNIZED_WORDS	left	du
09/25/2020 01:47:58 PM 	 1601034478.9051604	Log_Type.RECOGNIZED_WORDS	right	man har det här runt
09/25/2020 01:48:01 PM 	 1601034481.3024404	Log_Type.RECOGNIZED_WORDS	right	hänga
09/25/2020 01:48:03 PM 	 1601034483.08106	Log_Type.RECOGNIZED_WORDS	left	guld
09/25/2020 01:48:07 PM 	 1601034487.9721336	Log_Type.RECOGNIZED_WORDS	left	men du kan
09/25/2020 01:48:08 PM 	 1601034488.041468	Log_Type.RECOGNIZED_WORDS	right	inte riktigt delat hänga
09/25/2020 01:48:12 PM 	 1601034492.8744805	Log_Type.RECOGNIZED_WORDS	left	guld eller silver eller brons
09/25/2020 01:48:18 PM 	 1601034498.0235226	Log_Type.RECOGNIZED_WORDS	left	ja oj då jag redan sagt det
09/25/2020 01:48:23 PM 	 1601034503.4864402	Log_Type.RECOGNIZED_WORDS	right	men vad är andra delen av ordet
09/25/2020 01:48:27 PM 	 1601034507.9246342	Log_Type.RECOGNIZED_WORDS	left	om du springer ett lopp och så får du kommer du på
09/25/2020 01:48:33 PM 	 1601034513.639104	Log_Type.RECOGNIZED_WORDS	right	man köper
09/25/2020 01:48:37 PM 	 1601034517.4218965	Log_Type.RECOGNIZED_WORDS	right	medicin där
09/25/2020 01:48:40 PM 	 1601034520.2125528	Log_Type.RECOGNIZED_WORDS	right	medicin
09/25/2020 01:48:42 PM 	 1601034522.8780296	Log_Type.RECOGNIZED_WORDS	right	recept
09/25/2020 01:48:52 PM 	 1601034532.8557217	Log_Type.RECOGNIZED_WORDS	right	nej
09/25/2020 01:48:55 PM 	 1601034535.6021812	Log_Type.RECOGNIZED_WORDS	left	det finns
09/25/2020 01:48:58 PM 	 1601034538.73633	Log_Type.RECOGNIZED_WORDS	right	läkaren skriver utan recept och man köper
09/25/2020 01:49:01 PM 	 1601034541.3923554	Log_Type.RECOGNIZED_WORDS	right	det här affären
09/25/2020 01:49:05 PM 	 1601034545.3314722	Log_Type.RECOGNIZED_WORDS	left	ja
09/25/2020 01:49:10 PM 	 1601034550.4737868	Log_Type.RECOGNIZED_WORDS	left	rovfågel som jagar möss den kan den
09/25/2020 01:49:16 PM 	 1601034556.1534371	Log_Type.RECOGNIZED_WORDS	left	arter kan vrida på huvudet medellångt tiden
09/25/2020 01:49:17 PM 	 1601034557.4752328	Log_Type.RECOGNIZED_WORDS	right	det är på natten
09/25/2020 01:49:25 PM 	 1601034565.8996036	Log_Type.RECOGNIZED_WORDS	left	en styckdetalj man äter en
09/25/2020 01:49:30 PM 	 1601034570.9245844	Log_Type.RECOGNIZED_WORDS	left	och det är bakaxeln
09/25/2020 01:49:34 PM 	 1601034574.4319472	Log_Type.RECOGNIZED_WORDS	right	oftast under jultid
09/25/2020 01:49:40 PM 	 1601034580.530457	Log_Type.RECOGNIZED_WORDS	left	rumpan på grisen
09/25/2020 01:49:43 PM 	 1601034583.3179328	Log_Type.RECOGNIZED_WORDS	right	det är kött
09/25/2020 01:49:45 PM 	 1601034585.4604092	Log_Type.RECOGNIZED_WORDS	left	kött
09/25/2020 01:49:47 PM 	 1601034587.2433517	Log_Type.RECOGNIZED_WORDS	right	en del
09/25/2020 01:49:54 PM 	 1601034594.2860053	Log_Type.RECOGNIZED_WORDS	right	ser insekt
09/25/2020 01:49:54 PM 	 1601034594.9990745	Log_Type.RECOGNIZED_WORDS	left	litet djur med 8 ben
09/25/2020 01:49:59 PM 	 1601034599.6924162	Log_Type.RECOGNIZED_WORDS	left	och bygga
09/25/2020 01:50:01 PM 	 1601034601.063211	Log_Type.RECOGNIZED_WORDS	right	och bygga nätverk
09/25/2020 01:50:04 PM 	 1601034604.5253968	Log_Type.RECOGNIZED_WORDS	left	vad sa du
09/25/2020 01:50:09 PM 	 1601034609.3851497	Log_Type.RECOGNIZED_WORDS	left	förlåt vad sa du
09/25/2020 01:50:15 PM 	 1601034615.427227	Log_Type.RECOGNIZED_WORDS	left	litet djur som bygger nät vad fan är flugor
09/25/2020 01:50:20 PM 	 1601034620.1568983	Log_Type.RECOGNIZED_WORDS	left	nej
09/25/2020 01:50:21 PM 	 1601034621.8577569	Log_Type.RECOGNIZED_WORDS	right	flyga och de äter myror också
09/25/2020 01:50:29 PM 	 1601034629.8346777	Log_Type.RECOGNIZED_WORDS	right	när man tittar i den och säger sig själv
09/25/2020 01:50:34 PM 	 1601034634.5416024	Log_Type.RECOGNIZED_WORDS	left	den hänger på väggen
09/25/2020 01:50:39 PM 	 1601034639.214865	Log_Type.RECOGNIZED_WORDS	left	nej
09/25/2020 01:50:41 PM 	 1601034641.1395605	Log_Type.RECOGNIZED_WORDS	right	man tittar sig själv
09/25/2020 01:50:49 PM 	 1601034649.6067045	Log_Type.RECOGNIZED_WORDS	left	den är det glas och säger det silver på baksidan
09/25/2020 01:50:58 PM 	 1601034658.5563157	Log_Type.RECOGNIZED_WORDS	right	man klistrar på på blodprov
09/25/2020 01:50:58 PM 	 1601034658.957859	Log_Type.RECOGNIZED_WORDS	left	brev kuvert
09/25/2020 01:51:03 PM 	 1601034663.3588572	Log_Type.RECOGNIZED_WORDS	right	innan skickade man klistrar på
09/25/2020 01:51:09 PM 	 1601034669.7840953	Log_Type.RECOGNIZED_WORDS	left	du betalar för det du ska skicka
09/25/2020 01:51:12 PM 	 1601034672.0103478	Log_Type.RECOGNIZED_WORDS	right	spellista
09/25/2020 01:51:18 PM 	 1601034678.9820886	Log_Type.RECOGNIZED_WORDS	right	det är frun till kungen
09/25/2020 01:51:24 PM 	 1601034684.0222523	Log_Type.RECOGNIZED_WORDS	left	jag en
09/25/2020 01:51:33 PM 	 1601034693.546206	Log_Type.RECOGNIZED_WORDS	left	i sverige heter de silvia
09/25/2020 01:51:38 PM 	 1601034698.8734112	Log_Type.RECOGNIZED_WORDS	right	vem är frun askungen
09/25/2020 01:51:52 PM 	 1601034712.5170152	Log_Type.RECOGNIZED_WORDS	left	krona ja det är rätt
09/25/2020 01:51:56 PM 	 1601034716.5941844	Log_Type.RECOGNIZED_WORDS	right	ranger kläder
09/25/2020 01:51:57 PM 	 1601034717.4411373	Log_Type.RECOGNIZED_WORDS	left	lärare
09/25/2020 01:52:02 PM 	 1601034722.3403306	Log_Type.RECOGNIZED_WORDS	left	det är en möbel
09/25/2020 01:52:07 PM 	 1601034727.100109	Log_Type.RECOGNIZED_WORDS	left	tyst ja
09/25/2020 01:52:11 PM 	 1601034731.7840083	Log_Type.RECOGNIZED_WORDS	left	saker som du äter kallas för
09/25/2020 01:52:17 PM 	 1601034737.3371127	Log_Type.RECOGNIZED_WORDS	left	det
09/25/2020 01:52:22 PM 	 1601034742.4927444	Log_Type.RECOGNIZED_WORDS	left	jag och de andra delarna ordet
09/25/2020 01:52:27 PM 	 1601034747.3304727	Log_Type.RECOGNIZED_WORDS	left	det kan vara
09/25/2020 01:52:32 PM 	 1601034752.4022193	Log_Type.RECOGNIZED_WORDS	left	om man vill ha om vi får äta
09/25/2020 01:52:37 PM 	 1601034757.7299964	Log_Type.RECOGNIZED_WORDS	left	jaha ja den är ofta onyttig
09/25/2020 01:52:42 PM 	 1601034762.6669433	Log_Type.RECOGNIZED_WORDS	left	ja
09/25/2020 01:52:47 PM 	 1601034767.4683704	Log_Type.RECOGNIZED_WORDS	left	de största stjärntecken
09/25/2020 01:52:47 PM 	 1601034767.8530517	Log_Type.RECOGNIZED_WORDS	right	det är första stjärntecken
09/25/2020 01:52:52 PM 	 1601034772.1557057	Log_Type.RECOGNIZED_WORDS	left	jaha
09/25/2020 01:52:57 PM 	 1601034777.2495518	Log_Type.RECOGNIZED_WORDS	left	vi pratade om såna här förut det som hände
09/25/2020 01:53:02 PM 	 1601034782.2510374	Log_Type.RECOGNIZED_WORDS	left	men om det är en obehaglig
09/25/2020 01:53:11 PM 	 1601034791.6517735	Log_Type.RECOGNIZED_WORDS	left	när man fyller 18 så kan man göra det
09/25/2020 01:53:11 PM 	 1601034791.8259385	Log_Type.RECOGNIZED_WORDS	right	när man fyller 18 så kan man göra det
09/25/2020 01:53:21 PM 	 1601034801.1265855	Log_Type.RECOGNIZED_WORDS	left	du
09/25/2020 01:53:26 PM 	 1601034806.3332572	Log_Type.RECOGNIZED_WORDS	left	du får göra ett val
09/25/2020 01:53:30 PM 	 1601034810.5428946	Log_Type.RECOGNIZED_WORDS	right	alla som har fyllt 18
09/25/2020 01:53:31 PM 	 1601034811.017932	Log_Type.RECOGNIZED_WORDS	left	som har det här
09/25/2020 01:53:36 PM 	 1601034816.2751844	Log_Type.RECOGNIZED_WORDS	left	politik kan vara men om ni om man är en
09/25/2020 01:53:41 PM 	 1601034821.4342506	Log_Type.RECOGNIZED_WORDS	left	och så ska man bestämma någonting demokratiskt
09/25/2020 01:53:46 PM 	 1601034826.2596104	Log_Type.RECOGNIZED_WORDS	left	alla sa du
09/25/2020 01:53:49 PM 	 1601034829.5405035	Log_Type.RECOGNIZED_WORDS	right	ja
09/25/2020 01:53:50 PM 	 1601034830.9940372	Log_Type.RECOGNIZED_WORDS	left	1
09/25/2020 01:53:55 PM 	 1601034835.879737	Log_Type.RECOGNIZED_WORDS	left	gubbe det kan också
09/25/2020 01:53:58 PM 	 1601034838.626416	Log_Type.RECOGNIZED_WORDS	right	bror
09/25/2020 01:54:00 PM 	 1601034840.8050687	Log_Type.RECOGNIZED_WORDS	left	bror
09/25/2020 01:54:01 PM 	 1601034841.2794144	Log_Type.RECOGNIZED_WORDS	right	pappas bror
09/25/2020 01:54:07 PM 	 1601034847.04086	Log_Type.RECOGNIZED_WORDS	right	bror
09/25/2020 01:54:10 PM 	 1601034850.1170309	Log_Type.RECOGNIZED_WORDS	left	jaha
09/25/2020 01:54:23 PM 	 1601034863.8892334	Log_Type.RECOGNIZED_WORDS	left	utan en annan levande
09/25/2020 01:54:29 PM 	 1601034869.7983456	Log_Type.RECOGNIZED_WORDS	left	var är sig ofta gröna
09/25/2020 01:54:34 PM 	 1601034874.6927862	Log_Type.RECOGNIZED_WORDS	left	ja
09/25/2020 01:54:39 PM 	 1601034879.664361	Log_Type.RECOGNIZED_WORDS	right	ja
09/25/2020 01:54:40 PM 	 1601034880.0674982	Log_Type.RECOGNIZED_WORDS	left	det är rätt
09/25/2020 01:54:44 PM 	 1601034884.6611273	Log_Type.RECOGNIZED_WORDS	right	man lämna
09/25/2020 01:54:45 PM 	 1601034885.1352637	Log_Type.RECOGNIZED_WORDS	left	ja
09/25/2020 01:54:49 PM 	 1601034889.692295	Log_Type.RECOGNIZED_WORDS	right	idag på marken
09/25/2020 01:54:50 PM 	 1601034890.4492981	Log_Type.RECOGNIZED_WORDS	left	majken
09/25/2020 01:54:56 PM 	 1601034896.4527931	Log_Type.RECOGNIZED_WORDS	left	nu ska vi se var något jag kunde följa med
09/25/2020 01:55:01 PM 	 1601034901.3438861	Log_Type.RECOGNIZED_WORDS	left	om du ska
09/25/2020 01:55:06 PM 	 1601034906.166829	Log_Type.RECOGNIZED_WORDS	left	en friidrottsgren
09/25/2020 01:55:11 PM 	 1601034911.3052144	Log_Type.RECOGNIZED_WORDS	left	som går ut på att
09/25/2020 01:55:16 PM 	 1601034916.0910068	Log_Type.RECOGNIZED_WORDS	left	över en ribba
09/25/2020 01:55:21 PM 	 1601034921.2171888	Log_Type.RECOGNIZED_WORDS	right	ibland är det två tre fyra meter högt också
09/25/2020 01:55:30 PM 	 1601034930.482644	Log_Type.RECOGNIZED_WORDS	left	är en kristen byggnad
09/25/2020 01:55:35 PM 	 1601034935.5169017	Log_Type.RECOGNIZED_WORDS	left	liksom plats för
09/25/2020 01:55:40 PM 	 1601034940.4131367	Log_Type.RECOGNIZED_WORDS	left	så och den kallas för
09/25/2020 01:55:45 PM 	 1601034945.4118197	Log_Type.RECOGNIZED_WORDS	left	ja det är rätt
09/25/2020 01:55:55 PM 	 1601034955.249316	Log_Type.RECOGNIZED_WORDS	left	deras bilar
09/25/2020 01:56:00 PM 	 1601034960.0203001	Log_Type.RECOGNIZED_WORDS	left	ja
09/25/2020 01:56:01 PM 	 1601034961.4680338	Log_Type.RECOGNIZED_WORDS	right	dn förhårdnat sten
09/25/2020 01:56:06 PM 	 1601034966.3608239	Log_Type.RECOGNIZED_WORDS	right	insekter och andra spår av levande i det
09/25/2020 01:56:11 PM 	 1601034971.612985	Log_Type.RECOGNIZED_WORDS	right	genomskinlig
09/25/2020 01:56:18 PM 	 1601034978.9361045	Log_Type.RECOGNIZED_WORDS	right	någonstans
09/25/2020 01:56:19 PM 	 1601034979.7213726	Log_Type.RECOGNIZED_WORDS	left	om du ska komma in någonstans där man bara vill släppa
09/25/2020 01:56:24 PM 	 1601034984.7312975	Log_Type.RECOGNIZED_WORDS	left	så kan du behöva säga eller uppge
09/25/2020 01:56:29 PM 	 1601034989.866939	Log_Type.RECOGNIZED_WORDS	left	det är vanligt på internet och i datorer
09/25/2020 01:56:35 PM 	 1601034995.016949	Log_Type.RECOGNIZED_WORDS	left	för att komma vidare
09/25/2020 01:56:39 PM 	 1601034999.4597108	Log_Type.RECOGNIZED_WORDS	right	vem är inte här till exempel ben
09/25/2020 01:56:44 PM 	 1601035004.1691945	Log_Type.RECOGNIZED_WORDS	right	och sen kan man
09/25/2020 01:56:44 PM 	 1601035004.8227649	Log_Type.RECOGNIZED_WORDS	left	kan man
09/25/2020 01:56:49 PM 	 1601035009.6144388	Log_Type.RECOGNIZED_WORDS	left	var sitter den
09/25/2020 01:56:55 PM 	 1601035015.056296	Log_Type.RECOGNIZED_WORDS	left	han är väl inte växter utan de andra
09/25/2020 01:57:04 PM 	 1601035024.9467773	Log_Type.RECOGNIZED_WORDS	left	det var inte lätt men de kan vara
09/25/2020 01:57:06 PM 	 1601035026.6638176	Log_Type.RECOGNIZED_WORDS	right	ja
09/25/2020 01:57:10 PM 	 1601035030.244304	Log_Type.RECOGNIZED_WORDS	left	domesticerad
09/25/2020 01:57:15 PM 	 1601035035.3531213	Log_Type.RECOGNIZED_WORDS	left	alltså det är okej
09/25/2020 01:57:15 PM 	 1601035035.40712	Log_Type.RECOGNIZED_WORDS	right	okej
09/25/2020 01:57:22 PM 	 1601035042.1308246	Log_Type.RECOGNIZED_WORDS	right	mitt barns mitt barnbarn
09/25/2020 01:57:29 PM 	 1601035049.8960905	Log_Type.RECOGNIZED_WORDS	left	det här är ett rovdjur
09/25/2020 01:57:35 PM 	 1601035055.2439132	Log_Type.RECOGNIZED_WORDS	left	på nordpolen
09/25/2020 01:57:38 PM 	 1601035058.5752647	Log_Type.RECOGNIZED_WORDS	right	münchen
09/25/2020 01:57:40 PM 	 1601035060.0788743	Log_Type.RECOGNIZED_WORDS	left	svalbard och det
09/25/2020 01:57:43 PM 	 1601035063.9994771	Log_Type.RECOGNIZED_WORDS	right	vit päls
09/25/2020 01:57:48 PM 	 1601035068.128976	Log_Type.RECOGNIZED_WORDS	right	stora och jagar andra djur
09/25/2020 01:57:49 PM 	 1601035069.4547453	Log_Type.RECOGNIZED_WORDS	left	ja
09/25/2020 01:57:54 PM 	 1601035074.5052443	Log_Type.RECOGNIZED_WORDS	left	tycker du om att jaga
09/25/2020 01:58:00 PM 	 1601035080.1874974	Log_Type.RECOGNIZED_WORDS	left	nej det annars landlevande
09/25/2020 01:58:09 PM 	 1601035089.7027152	Log_Type.RECOGNIZED_WORDS	left	konstruktion för att ta sig över till exempel
09/25/2020 01:58:12 PM 	 1601035092.7925808	Log_Type.RECOGNIZED_WORDS	right	läger
09/25/2020 01:58:14 PM 	 1601035094.65761	Log_Type.RECOGNIZED_WORDS	left	drag eller vägar
09/25/2020 01:58:24 PM 	 1601035104.6124434	Log_Type.RECOGNIZED_WORDS	left	det är en regel som säger att du måste ha uppnått
09/25/2020 01:58:29 PM 	 1601035109.9487467	Log_Type.RECOGNIZED_WORDS	left	tillräckligt länge för att få göra något
09/25/2020 01:58:35 PM 	 1601035115.1805015	Log_Type.RECOGNIZED_WORDS	left	ja
09/25/2020 01:58:39 PM 	 1601035119.8437738	Log_Type.RECOGNIZED_WORDS	left	vinjettmusik
09/25/2020 01:58:44 PM 	 1601035124.7733352	Log_Type.RECOGNIZED_WORDS	left	det är om du börjar tv programmet
09/25/2020 01:58:49 PM 	 1601035129.8682992	Log_Type.RECOGNIZED_WORDS	left	så kanske ja just det
09/25/2020 01:58:56 PM 	 1601035136.268048	Log_Type.RECOGNIZED_WORDS	right	eller det är en viktig person
09/25/2020 01:59:03 PM 	 1601035143.9522731	Log_Type.RECOGNIZED_WORDS	left	och har en hög hatt
09/25/2020 01:59:07 PM 	 1601035147.5087285	Log_Type.RECOGNIZED_WORDS	right	och oftast är det i guldfärg
09/25/2020 01:59:18 PM 	 1601035158.0200524	Log_Type.RECOGNIZED_WORDS	left	så kan du säga jag ska besöka det
09/25/2020 01:59:23 PM 	 1601035163.203029	Log_Type.RECOGNIZED_WORDS	left	de här platsen är vinna
09/25/2020 01:59:28 PM 	 1601035168.3240192	Log_Type.RECOGNIZED_WORDS	left	någonting
09/25/2020 01:59:33 PM 	 1601035173.7485967	Log_Type.RECOGNIZED_WORDS	right	det kan vara storstad men behöver ett annat ord för det
09/25/2020 01:59:37 PM 	 1601035177.6410565	Log_Type.RECOGNIZED_WORDS	left	ja
09/25/2020 01:59:38 PM 	 1601035178.4971726	Log_Type.RECOGNIZED_WORDS	right	att åka iväg
09/25/2020 01:59:42 PM 	 1601035182.5773659	Log_Type.RECOGNIZED_WORDS	left	det här är en 11
09/25/2020 01:59:47 PM 	 1601035187.4291904	Log_Type.RECOGNIZED_WORDS	left	klädtyger och mattor
09/25/2020 01:59:48 PM 	 1601035188.877633	Log_Type.RECOGNIZED_WORDS	right	till exempel
09/25/2020 01:59:52 PM 	 1601035192.7163725	Log_Type.RECOGNIZED_WORDS	left	de tar mycket plats de dunkar i år
09/25/2020 01:59:57 PM 	 1601035197.8411856	Log_Type.RECOGNIZED_WORDS	left	inte så här att nej men det
09/25/2020 02:00:02 PM 	 1601035202.6236534	Log_Type.RECOGNIZED_WORDS	left	ja
09/25/2020 02:00:07 PM 	 1601035207.3816345	Log_Type.RECOGNIZED_WORDS	left	om det politiskt beslut
09/25/2020 02:00:12 PM 	 1601035212.5048394	Log_Type.RECOGNIZED_WORDS	left	men väldigt viktigt väldigt avgörande så kan man ut
09/25/2020 02:00:18 PM 	 1601035218.67534	Log_Type.RECOGNIZED_WORDS	left	när sverige skulle bli utsläppen
09/25/2020 02:00:23 PM 	 1601035223.4171698	Log_Type.RECOGNIZED_WORDS	left	vadå för något
09/25/2020 02:00:25 PM 	 1601035225.5835238	Log_Type.RECOGNIZED_WORDS	right	när hela sverige
09/25/2020 02:00:32 PM 	 1601035232.733598	Log_Type.RECOGNIZED_WORDS	left	oj
09/25/2020 02:00:37 PM 	 1601035237.5960014	Log_Type.RECOGNIZED_WORDS	left	någonting som är nästan
09/25/2020 02:00:42 PM 	 1601035242.6896813	Log_Type.RECOGNIZED_WORDS	left	någonting har hänt som nästan inte borde kunna hända
09/25/2020 02:00:47 PM 	 1601035247.5197296	Log_Type.RECOGNIZED_WORDS	left	i världen
09/25/2020 02:00:47 PM 	 1601035247.757486	Log_Type.RECOGNIZED_WORDS	right	mattias solna i världen
09/25/2020 02:00:52 PM 	 1601035252.1835618	Log_Type.RECOGNIZED_WORDS	left	jag antar ett
09/25/2020 02:01:03 PM 	 1601035263.6735065	Log_Type.RECOGNIZED_WORDS	right	av vår vätska
09/25/2020 02:01:08 PM 	 1601035268.7116232	Log_Type.RECOGNIZED_WORDS	right	det hjälper att
09/25/2020 02:01:14 PM 	 1601035274.24419	Log_Type.RECOGNIZED_WORDS	right	ha syra i kroppen genom det här
09/25/2020 02:01:21 PM 	 1601035281.3032966	Log_Type.RECOGNIZED_WORDS	right	koldioxid
09/25/2020 02:01:23 PM 	 1601035283.9225113	Log_Type.RECOGNIZED_WORDS	left	nej den röda vätskan som flyter i
09/25/2020 02:01:25 PM 	 1601035285.9639547	Log_Type.RECOGNIZED_WORDS	right	ja
09/25/2020 02:01:28 PM 	 1601035288.7728467	Log_Type.RECOGNIZED_WORDS	left	jaha
09/25/2020 02:01:33 PM 	 1601035293.5859728	Log_Type.RECOGNIZED_WORDS	left	tack för
