09/26/2020 01:39:09 PM 	 1601120349.761691	Log_Type.CONFIG	INIT_USER	left
09/26/2020 01:39:09 PM 	 1601120349.7728097	Log_Type.CONFIG	INIT_USER	right
09/26/2020 01:39:15 PM 	 1601120355.55119	Log_Type.RECOGNIZED_WORDS	left	söta kakor
09/26/2020 01:39:22 PM 	 1601120362.3109357	Log_Type.RECOGNIZED_WORDS	left	som smular väldigt mycket när man knäcker dom
09/26/2020 01:39:28 PM 	 1601120368.894843	Log_Type.RECOGNIZED_WORDS	left	de har saker vanilj oftast
09/26/2020 01:39:33 PM 	 1601120373.6767385	Log_Type.RECOGNIZED_WORDS	left	ja
09/26/2020 01:39:44 PM 	 1601120384.1738207	Log_Type.RECOGNIZED_WORDS	right	flyga
09/26/2020 01:39:50 PM 	 1601120390.6404586	Log_Type.RECOGNIZED_WORDS	left	fågel som har ett väldigt disney
09/26/2020 01:39:54 PM 	 1601120394.387439	Log_Type.RECOGNIZED_WORDS	right	pink läte
09/26/2020 01:39:56 PM 	 1601120396.2181675	Log_Type.RECOGNIZED_WORDS	left	så när släpper ut det låter
09/26/2020 01:40:01 PM 	 1601120401.1335077	Log_Type.RECOGNIZED_WORDS	left	snyggt
09/26/2020 01:40:05 PM 	 1601120405.9040446	Log_Type.RECOGNIZED_WORDS	right	man måste köpa den för att skicka brev
09/26/2020 01:40:11 PM 	 1601120411.1263955	Log_Type.RECOGNIZED_WORDS	left	klistra fast den på ett brev
09/26/2020 01:40:16 PM 	 1601120416.9529161	Log_Type.RECOGNIZED_WORDS	left	klicka på christer och fastän
09/26/2020 01:40:21 PM 	 1601120421.1189885	Log_Type.RECOGNIZED_WORDS	right	nej
09/26/2020 01:40:22 PM 	 1601120422.0197737	Log_Type.RECOGNIZED_WORDS	left	nej oftast inte nej
09/26/2020 01:40:28 PM 	 1601120428.5075588	Log_Type.RECOGNIZED_WORDS	right	eller
09/26/2020 01:40:32 PM 	 1601120432.1722393	Log_Type.RECOGNIZED_WORDS	left	som som
09/26/2020 01:40:37 PM 	 1601120437.0140333	Log_Type.RECOGNIZED_WORDS	left	på brevet för att betala
09/26/2020 01:40:41 PM 	 1601120441.9236364	Log_Type.RECOGNIZED_WORDS	left	ja
09/26/2020 01:40:50 PM 	 1601120450.2219074	Log_Type.RECOGNIZED_WORDS	right	över nätet
09/26/2020 01:40:51 PM 	 1601120451.4130964	Log_Type.RECOGNIZED_WORDS	left	hon väver nät
09/26/2020 01:40:53 PM 	 1601120453.406816	Log_Type.RECOGNIZED_WORDS	right	hur många tycker inte om den
09/26/2020 01:40:58 PM 	 1601120458.628279	Log_Type.RECOGNIZED_WORDS	left	de lever på flugor och andra insekter som
09/26/2020 01:40:59 PM 	 1601120459.5429733	Log_Type.RECOGNIZED_WORDS	right	lever på flugor och andra insekter
09/26/2020 01:41:04 PM 	 1601120464.1906564	Log_Type.RECOGNIZED_WORDS	left	hur många av olika olika arterna i
09/26/2020 01:41:05 PM 	 1601120465.6869986	Log_Type.RECOGNIZED_WORDS	right	hur många olika arter giftiga
09/26/2020 01:41:09 PM 	 1601120469.172588	Log_Type.RECOGNIZED_WORDS	left	uppsättning filmer från
09/26/2020 01:41:11 PM 	 1601120471.505082	Log_Type.RECOGNIZED_WORDS	right	fortsättning filmer från marvel
09/26/2020 01:41:14 PM 	 1601120474.7667267	Log_Type.RECOGNIZED_WORDS	left	person för och sen
09/26/2020 01:41:22 PM 	 1601120482.0306735	Log_Type.RECOGNIZED_WORDS	right	när man går på skolan eller 40 till 3
09/26/2020 01:41:27 PM 	 1601120487.221894	Log_Type.RECOGNIZED_WORDS	right	någonting
09/26/2020 01:41:35 PM 	 1601120495.4467702	Log_Type.RECOGNIZED_WORDS	left	när uppstår
09/26/2020 01:41:40 PM 	 1601120500.180413	Log_Type.RECOGNIZED_WORDS	left	elektrisk potential mellan himlen
09/26/2020 01:41:45 PM 	 1601120505.0963736	Log_Type.RECOGNIZED_WORDS	left	ja
09/26/2020 01:41:51 PM 	 1601120511.0518904	Log_Type.RECOGNIZED_WORDS	right	se
09/26/2020 01:41:56 PM 	 1601120516.5597973	Log_Type.RECOGNIZED_WORDS	right	jag kommer använda en
09/26/2020 01:42:00 PM 	 1601120520.938997	Log_Type.RECOGNIZED_WORDS	right	på vardagsrummet
09/26/2020 01:42:05 PM 	 1601120525.6467266	Log_Type.RECOGNIZED_WORDS	right	ja men vi kanske
09/26/2020 01:42:08 PM 	 1601120528.7706623	Log_Type.RECOGNIZED_WORDS	left	ja
09/26/2020 01:42:13 PM 	 1601120533.7044177	Log_Type.RECOGNIZED_WORDS	left	usch
09/26/2020 01:42:18 PM 	 1601120538.0193439	Log_Type.RECOGNIZED_WORDS	right	nej men
09/26/2020 01:42:19 PM 	 1601120539.4816813	Log_Type.RECOGNIZED_WORDS	left	nästan för den gjord av glas men det brukar vara silver och
09/26/2020 01:42:24 PM 	 1601120544.2524993	Log_Type.RECOGNIZED_WORDS	left	ja
09/26/2020 01:42:29 PM 	 1601120549.2723687	Log_Type.RECOGNIZED_WORDS	left	äter det julafton på jul
09/26/2020 01:42:34 PM 	 1601120554.6293812	Log_Type.RECOGNIZED_WORDS	left	så att vi någonting som han brukar krydda med
09/26/2020 01:42:36 PM 	 1601120556.1848798	Log_Type.RECOGNIZED_WORDS	right	sedan
09/26/2020 01:42:39 PM 	 1601120559.6501765	Log_Type.RECOGNIZED_WORDS	left	brödsmulor och sen
09/26/2020 01:42:49 PM 	 1601120569.5053349	Log_Type.RECOGNIZED_WORDS	left	som en gris
09/26/2020 01:42:54 PM 	 1601120574.4364238	Log_Type.RECOGNIZED_WORDS	left	kött från gris
09/26/2020 01:42:56 PM 	 1601120576.9794092	Log_Type.RECOGNIZED_WORDS	right	fortsätt från en gris
09/26/2020 01:42:59 PM 	 1601120579.1732445	Log_Type.RECOGNIZED_WORDS	left	ja
09/26/2020 01:43:02 PM 	 1601120582.0716395	Log_Type.RECOGNIZED_WORDS	right	men måste ha den ugn
09/26/2020 01:43:04 PM 	 1601120584.249709	Log_Type.RECOGNIZED_WORDS	left	ja
09/26/2020 01:43:13 PM 	 1601120593.949831	Log_Type.RECOGNIZED_WORDS	left	det är det rummet som har toalett
09/26/2020 01:43:18 PM 	 1601120598.7840405	Log_Type.RECOGNIZED_WORDS	left	dusch
09/26/2020 01:43:18 PM 	 1601120598.9590762	Log_Type.RECOGNIZED_WORDS	right	f
09/26/2020 01:43:23 PM 	 1601120603.8154306	Log_Type.RECOGNIZED_WORDS	right	mango
09/26/2020 01:43:28 PM 	 1601120608.2601552	Log_Type.RECOGNIZED_WORDS	left	borsta tänderna
09/26/2020 01:43:31 PM 	 1601120611.3611581	Log_Type.RECOGNIZED_WORDS	right	tvätta händerna
09/26/2020 01:43:37 PM 	 1601120617.8211093	Log_Type.RECOGNIZED_WORDS	left	ja
09/26/2020 01:43:38 PM 	 1601120618.1486745	Log_Type.RECOGNIZED_WORDS	right	det gör man inte precis
09/26/2020 01:43:42 PM 	 1601120622.689355	Log_Type.RECOGNIZED_WORDS	left	när man målar så doppar man ett föremål i färg
09/26/2020 01:43:48 PM 	 1601120628.6357303	Log_Type.RECOGNIZED_WORDS	left	trycker man där över direkt eller
09/26/2020 01:43:52 PM 	 1601120632.4274492	Log_Type.RECOGNIZED_WORDS	right	demenssjuka
09/26/2020 01:43:57 PM 	 1601120637.4204295	Log_Type.RECOGNIZED_WORDS	right	speciell affär
09/26/2020 01:44:01 PM 	 1601120641.891203	Log_Type.RECOGNIZED_WORDS	right	läkemedel
09/26/2020 01:44:03 PM 	 1601120643.3026402	Log_Type.RECOGNIZED_WORDS	left	ja
09/26/2020 01:44:08 PM 	 1601120648.5537727	Log_Type.RECOGNIZED_WORDS	right	de de varmaste
09/26/2020 01:44:16 PM 	 1601120656.3521268	Log_Type.RECOGNIZED_WORDS	right	nej
09/26/2020 01:44:18 PM 	 1601120658.2258308	Log_Type.RECOGNIZED_WORDS	left	finns det finns också på nätet men en app
09/26/2020 01:44:31 PM 	 1601120671.778876	Log_Type.RECOGNIZED_WORDS	right	tänd pris från gränsen
09/26/2020 01:44:32 PM 	 1601120672.9077349	Log_Type.RECOGNIZED_WORDS	left	får man hänga runt halsen när man har vunnit en tävling gjord av
09/26/2020 01:44:37 PM 	 1601120677.0165396	Log_Type.RECOGNIZED_WORDS	right	den första
09/26/2020 01:44:42 PM 	 1601120682.9586084	Log_Type.RECOGNIZED_WORDS	left	alltså det känns som orden är
09/26/2020 01:44:52 PM 	 1601120692.8919573	Log_Type.RECOGNIZED_WORDS	right	lära sig svetsa
09/26/2020 01:44:56 PM 	 1601120696.3707657	Log_Type.RECOGNIZED_WORDS	right	finns perfekta livet
09/26/2020 01:45:02 PM 	 1601120702.2419686	Log_Type.RECOGNIZED_WORDS	left	filmen filmen casper
09/26/2020 01:45:02 PM 	 1601120702.983118	Log_Type.RECOGNIZED_WORDS	right	filmen casper
09/26/2020 01:45:07 PM 	 1601120707.23394	Log_Type.RECOGNIZED_WORDS	left	handlar om en sån här
09/26/2020 01:45:18 PM 	 1601120718.5839312	Log_Type.RECOGNIZED_WORDS	right	många gillar
09/26/2020 01:45:21 PM 	 1601120721.1513364	Log_Type.RECOGNIZED_WORDS	right	någonting hemma
09/26/2020 01:45:31 PM 	 1601120731.7279193	Log_Type.RECOGNIZED_WORDS	right	men inte bana där ingen riktig
09/26/2020 01:45:35 PM 	 1601120735.9940536	Log_Type.RECOGNIZED_WORDS	left	om man bor ensam i lägenhet så kan bli tråkig
09/26/2020 01:45:40 PM 	 1601120740.143272	Log_Type.RECOGNIZED_WORDS	right	andra arter
09/26/2020 01:45:41 PM 	 1601120741.014331	Log_Type.RECOGNIZED_WORDS	left	andra arter i sitt hem som
09/26/2020 01:45:50 PM 	 1601120750.5326023	Log_Type.RECOGNIZED_WORDS	left	en
09/26/2020 01:45:55 PM 	 1601120755.2613325	Log_Type.RECOGNIZED_WORDS	left	hittas med hjälp av avtrycket från
09/26/2020 01:46:01 PM 	 1601120761.1922894	Log_Type.RECOGNIZED_WORDS	right	men kan du säga det
09/26/2020 01:46:04 PM 	 1601120764.8015144	Log_Type.RECOGNIZED_WORDS	left	trycka på stranden
09/26/2020 01:46:05 PM 	 1601120765.9448097	Log_Type.RECOGNIZED_WORDS	right	på stranden eller
09/26/2020 01:46:09 PM 	 1601120769.7230842	Log_Type.RECOGNIZED_WORDS	left	ja
09/26/2020 01:46:13 PM 	 1601120773.0970423	Log_Type.RECOGNIZED_WORDS	right	stäng av
09/26/2020 01:46:19 PM 	 1601120779.534817	Log_Type.RECOGNIZED_WORDS	left	spiror som sträcker sig upp i luften från
09/26/2020 01:46:29 PM 	 1601120789.2472146	Log_Type.RECOGNIZED_WORDS	left	ja
09/26/2020 01:46:38 PM 	 1601120798.574553	Log_Type.RECOGNIZED_WORDS	left	en planta som
09/26/2020 01:46:43 PM 	 1601120803.8414748	Log_Type.RECOGNIZED_WORDS	left	halsey en sorts keramik
09/26/2020 01:46:48 PM 	 1601120808.6466105	Log_Type.RECOGNIZED_WORDS	left	vad ska man säga
09/26/2020 01:46:50 PM 	 1601120810.8018937	Log_Type.RECOGNIZED_WORDS	right	första delen av året
09/26/2020 01:46:53 PM 	 1601120813.742614	Log_Type.RECOGNIZED_WORDS	left	så keramik skål med
09/26/2020 01:46:54 PM 	 1601120814.326266	Log_Type.RECOGNIZED_WORDS	right	keramik skål jotex
09/26/2020 01:47:02 PM 	 1601120822.4183238	Log_Type.RECOGNIZED_WORDS	right	är det någonting man kan ha på mat
09/26/2020 01:47:08 PM 	 1601120828.5814202	Log_Type.RECOGNIZED_WORDS	left	generellt ja exakt alltså
09/26/2020 01:47:20 PM 	 1601120840.851323	Log_Type.RECOGNIZED_WORDS	right	gös som lever på
09/26/2020 01:47:23 PM 	 1601120843.0512578	Log_Type.RECOGNIZED_WORDS	left	is it
09/26/2020 01:47:32 PM 	 1601120852.2034154	Log_Type.RECOGNIZED_WORDS	right	det finns mycket snö
09/26/2020 01:47:37 PM 	 1601120857.774448	Log_Type.RECOGNIZED_WORDS	left	de stod
09/26/2020 01:47:40 PM 	 1601120860.741815	Log_Type.RECOGNIZED_WORDS	right	lyssnar
09/26/2020 01:47:42 PM 	 1601120862.5808003	Log_Type.RECOGNIZED_WORDS	left	vita a
09/26/2020 01:47:52 PM 	 1601120872.1883094	Log_Type.RECOGNIZED_WORDS	left	man brukar där man dansar
09/26/2020 01:47:57 PM 	 1601120877.0099282	Log_Type.RECOGNIZED_WORDS	left	blocket
09/26/2020 01:48:02 PM 	 1601120882.3826554	Log_Type.RECOGNIZED_WORDS	right	block of research online
09/26/2020 01:48:02 PM 	 1601120882.86091	Log_Type.RECOGNIZED_WORDS	left	quartz som har namn karvade in i sig som
09/26/2020 01:48:07 PM 	 1601120887.9463906	Log_Type.RECOGNIZED_WORDS	left	ja
09/26/2020 01:48:10 PM 	 1601120890.3579288	Log_Type.RECOGNIZED_WORDS	right	vet du vad är det
09/26/2020 01:48:16 PM 	 1601120896.1998084	Log_Type.RECOGNIZED_WORDS	right	döda personer
09/26/2020 01:48:17 PM 	 1601120897.9648461	Log_Type.RECOGNIZED_WORDS	left	tala
09/26/2020 01:48:20 PM 	 1601120900.2081518	Log_Type.RECOGNIZED_WORDS	right	inte precis
09/26/2020 01:48:22 PM 	 1601120902.6764412	Log_Type.RECOGNIZED_WORDS	left	ja
09/26/2020 01:48:32 PM 	 1601120912.2480576	Log_Type.RECOGNIZED_WORDS	left	när man sover så
09/26/2020 01:48:35 PM 	 1601120915.7183433	Log_Type.RECOGNIZED_WORDS	right	inställningar
09/26/2020 01:48:36 PM 	 1601120916.9393268	Log_Type.RECOGNIZED_WORDS	left	får läskiga föreställningar
09/26/2020 01:48:42 PM 	 1601120922.0672228	Log_Type.RECOGNIZED_WORDS	left	i sitt eget huvud liksom
09/26/2020 01:48:46 PM 	 1601120926.9372642	Log_Type.RECOGNIZED_WORDS	left	ja men
09/26/2020 01:48:48 PM 	 1601120928.71827	Log_Type.RECOGNIZED_WORDS	right	speciellt
09/26/2020 01:48:52 PM 	 1601120932.3732312	Log_Type.RECOGNIZED_WORDS	left	sort
09/26/2020 01:48:57 PM 	 1601120937.3428798	Log_Type.RECOGNIZED_WORDS	left	oj en
09/26/2020 01:48:58 PM 	 1601120938.0941665	Log_Type.RECOGNIZED_WORDS	right	instrument
09/26/2020 01:49:02 PM 	 1601120942.254781	Log_Type.RECOGNIZED_WORDS	left	använder sina händer för att spela
09/26/2020 01:49:03 PM 	 1601120943.1140523	Log_Type.RECOGNIZED_WORDS	right	spela destinationer från spela
09/26/2020 01:49:13 PM 	 1601120953.3660805	Log_Type.RECOGNIZED_WORDS	right	typ
09/26/2020 01:49:16 PM 	 1601120956.7757182	Log_Type.RECOGNIZED_WORDS	left	ja
09/26/2020 01:49:23 PM 	 1601120963.607015	Log_Type.RECOGNIZED_WORDS	right	moster
09/26/2020 01:49:26 PM 	 1601120966.068337	Log_Type.RECOGNIZED_WORDS	left	till moster
09/26/2020 01:49:26 PM 	 1601120966.7230864	Log_Type.RECOGNIZED_WORDS	right	ja
09/26/2020 01:49:31 PM 	 1601120971.0521495	Log_Type.RECOGNIZED_WORDS	left	när när
09/26/2020 01:49:33 PM 	 1601120973.2488015	Log_Type.RECOGNIZED_WORDS	right	jaha
09/26/2020 01:49:35 PM 	 1601120975.9458356	Log_Type.RECOGNIZED_WORDS	left	ja
09/26/2020 01:49:40 PM 	 1601120980.7246625	Log_Type.RECOGNIZED_WORDS	left	som en
09/26/2020 01:49:45 PM 	 1601120985.9389057	Log_Type.RECOGNIZED_WORDS	right	men kan inte gå kanske
09/26/2020 01:49:50 PM 	 1601120990.3151395	Log_Type.RECOGNIZED_WORDS	left	operation
09/26/2020 01:49:55 PM 	 1601120995.6426325	Log_Type.RECOGNIZED_WORDS	left	får man sitta vid search
09/26/2020 01:50:01 PM 	 1601121001.7857406	Log_Type.RECOGNIZED_WORDS	left	inte kryckor utan det är liksom att det var sitter i åsele jul på vadå
09/26/2020 01:50:06 PM 	 1601121006.6010501	Log_Type.RECOGNIZED_WORDS	left	ja precis
09/26/2020 01:50:11 PM 	 1601121011.5757573	Log_Type.RECOGNIZED_WORDS	left	en gren i
09/26/2020 01:50:16 PM 	 1601121016.483401	Log_Type.RECOGNIZED_WORDS	left	när man ska enbart
09/26/2020 01:50:21 PM 	 1601121021.7620945	Log_Type.RECOGNIZED_WORDS	left	enbart sin egen sin egna
09/26/2020 01:50:26 PM 	 1601121026.1091592	Log_Type.RECOGNIZED_WORDS	right	snövägen 10
09/26/2020 01:50:26 PM 	 1601121026.7932403	Log_Type.RECOGNIZED_WORDS	left	över en pinne utan att riva ner den
09/26/2020 01:50:31 PM 	 1601121031.719541	Log_Type.RECOGNIZED_WORDS	left	ja
09/26/2020 01:50:36 PM 	 1601121036.5894728	Log_Type.RECOGNIZED_WORDS	left	det ske
09/26/2020 01:50:37 PM 	 1601121037.1869566	Log_Type.RECOGNIZED_WORDS	right	stjärntecken
09/26/2020 01:50:41 PM 	 1601121041.3551311	Log_Type.RECOGNIZED_WORDS	left	och det är en sorts
09/26/2020 01:50:43 PM 	 1601121043.4686337	Log_Type.RECOGNIZED_WORDS	right	get
09/26/2020 01:50:46 PM 	 1601121046.2975197	Log_Type.RECOGNIZED_WORDS	left	har långa horn som
09/26/2020 01:50:48 PM 	 1601121048.9405918	Log_Type.RECOGNIZED_WORDS	right	var lever de
09/26/2020 01:51:05 PM 	 1601121065.4035835	Log_Type.RECOGNIZED_WORDS	left	namnet
09/26/2020 01:51:08 PM 	 1601121068.7358456	Log_Type.RECOGNIZED_WORDS	right	elektricitet
09/26/2020 01:51:10 PM 	 1601121070.6839404	Log_Type.RECOGNIZED_WORDS	left	något elektricitet kommer från grekiska
09/26/2020 01:51:20 PM 	 1601121080.5507505	Log_Type.RECOGNIZED_WORDS	left	kåda
09/26/2020 01:51:20 PM 	 1601121080.7112215	Log_Type.RECOGNIZED_WORDS	right	nej
09/26/2020 01:51:30 PM 	 1601121090.326654	Log_Type.RECOGNIZED_WORDS	left	ja liksom ja precis
09/26/2020 01:51:39 PM 	 1601121099.5129964	Log_Type.RECOGNIZED_WORDS	left	när regeringen eller den staten
09/26/2020 01:51:40 PM 	 1601121100.3549747	Log_Type.RECOGNIZED_WORDS	right	navigering om staten
09/26/2020 01:51:43 PM 	 1601121103.04373	Log_Type.RECOGNIZED_WORDS	right	landet
09/26/2020 01:51:44 PM 	 1601121104.3325174	Log_Type.RECOGNIZED_WORDS	left	människorna i landet att bestämma
09/26/2020 01:51:49 PM 	 1601121109.56293	Log_Type.RECOGNIZED_WORDS	left	så får han liksom samla så
09/26/2020 01:51:50 PM 	 1601121110.232521	Log_Type.RECOGNIZED_WORDS	right	samlas
09/26/2020 01:51:54 PM 	 1601121114.3981664	Log_Type.RECOGNIZED_WORDS	left	what
09/26/2020 01:51:56 PM 	 1601121116.0220768	Log_Type.RECOGNIZED_WORDS	right	alla kan anonymsms
09/26/2020 01:51:59 PM 	 1601121119.6051352	Log_Type.RECOGNIZED_WORDS	left	meddela alla de vem de vill
09/26/2020 01:52:01 PM 	 1601121121.2260554	Log_Type.RECOGNIZED_WORDS	right	vem de behöver som bestämma något eller
09/26/2020 01:52:05 PM 	 1601121125.472869	Log_Type.RECOGNIZED_WORDS	right	jo
09/26/2020 01:52:09 PM 	 1601121129.3512893	Log_Type.RECOGNIZED_WORDS	left	ja
09/26/2020 01:52:19 PM 	 1601121139.0945737	Log_Type.RECOGNIZED_WORDS	left	de destinationen för
09/26/2020 01:52:19 PM 	 1601121139.5118752	Log_Type.RECOGNIZED_WORDS	right	för
09/26/2020 01:52:23 PM 	 1601121143.9855385	Log_Type.RECOGNIZED_WORDS	left	semester utflykt
09/26/2020 01:52:28 PM 	 1601121148.877221	Log_Type.RECOGNIZED_WORDS	left	alltså det stället man åker
09/26/2020 01:52:29 PM 	 1601121149.684169	Log_Type.RECOGNIZED_WORDS	right	istället för åker
09/26/2020 01:52:33 PM 	 1601121153.9882076	Log_Type.RECOGNIZED_WORDS	left	eller när man gör en utflykt
09/26/2020 01:52:35 PM 	 1601121155.2006764	Log_Type.RECOGNIZED_WORDS	right	när vi vill gå
09/26/2020 01:52:38 PM 	 1601121158.7353058	Log_Type.RECOGNIZED_WORDS	left	ja
09/26/2020 01:52:43 PM 	 1601121163.537994	Log_Type.RECOGNIZED_WORDS	left	ja
09/26/2020 01:52:53 PM 	 1601121173.4007435	Log_Type.RECOGNIZED_WORDS	right	tv det finns serie
09/26/2020 01:52:57 PM 	 1601121177.2977278	Log_Type.RECOGNIZED_WORDS	right	att hon känner till
09/26/2020 01:53:07 PM 	 1601121187.1895711	Log_Type.RECOGNIZED_WORDS	left	de identifierar den här filmen eller serien
09/26/2020 01:53:11 PM 	 1601121191.8599012	Log_Type.RECOGNIZED_WORDS	right	men bara hör den
09/26/2020 01:53:16 PM 	 1601121196.785562	Log_Type.RECOGNIZED_WORDS	left	så
09/26/2020 01:53:21 PM 	 1601121201.5245528	Log_Type.RECOGNIZED_WORDS	left	ja
09/26/2020 01:53:26 PM 	 1601121206.5625498	Log_Type.RECOGNIZED_WORDS	left	det finns sju av dem
09/26/2020 01:53:30 PM 	 1601121210.921591	Log_Type.RECOGNIZED_WORDS	right	jesus
09/26/2020 01:53:31 PM 	 1601121211.4224093	Log_Type.RECOGNIZED_WORDS	left	en av dem är jesusstatyn i
09/26/2020 01:53:36 PM 	 1601121216.8768451	Log_Type.RECOGNIZED_WORDS	left	rio översätt
09/26/2020 01:53:42 PM 	 1601121222.8265352	Log_Type.RECOGNIZED_WORDS	left	det var det jag trodde
09/26/2020 01:53:47 PM 	 1601121227.647557	Log_Type.RECOGNIZED_WORDS	left	en
09/26/2020 01:53:52 PM 	 1601121232.8024077	Log_Type.RECOGNIZED_WORDS	left	gäng som har massvis med trådar
09/26/2020 01:53:58 PM 	 1601121238.0397599	Log_Type.RECOGNIZED_WORDS	left	förr i tiden eller kanske också nu
09/26/2020 01:54:03 PM 	 1601121243.3194327	Log_Type.RECOGNIZED_WORDS	left	läder eller tyg
09/26/2020 01:54:08 PM 	 1601121248.1432085	Log_Type.RECOGNIZED_WORDS	left	ja
09/26/2020 01:54:16 PM 	 1601121256.3772626	Log_Type.RECOGNIZED_WORDS	right	en person som är
09/26/2020 01:54:18 PM 	 1601121258.0140584	Log_Type.RECOGNIZED_WORDS	left	som är ganska
09/26/2020 01:54:21 PM 	 1601121261.274064	Log_Type.RECOGNIZED_WORDS	right	position på kyrkan
09/26/2020 01:54:26 PM 	 1601121266.961534	Log_Type.RECOGNIZED_WORDS	right	han har en hatt och
09/26/2020 01:54:27 PM 	 1601121267.9211597	Log_Type.RECOGNIZED_WORDS	left	han är under påven
09/26/2020 01:54:32 PM 	 1601121272.8854423	Log_Type.RECOGNIZED_WORDS	left	ja
09/26/2020 01:54:42 PM 	 1601121282.5680087	Log_Type.RECOGNIZED_WORDS	left	dö
