09/30/2020 05:30:23 PM 	 1601479823.5626233	Log_Type.CONFIG	INIT_USER	left
09/30/2020 05:30:23 PM 	 1601479823.5692418	Log_Type.CONFIG	INIT_USER	right
09/30/2020 05:30:35 PM 	 1601479835.1069555	Log_Type.RECOGNIZED_WORDS	left	jag vet inte vad det är
09/30/2020 05:30:38 PM 	 1601479838.220513	Log_Type.RECOGNIZED_WORDS	right	en person som som skapar
09/30/2020 05:30:41 PM 	 1601479841.7926593	Log_Type.RECOGNIZED_WORDS	left	saker som man kan rita med
09/30/2020 05:30:43 PM 	 1601479843.7802446	Log_Type.RECOGNIZED_WORDS	right	saker som man kan äta med typ bullar och
09/30/2020 05:30:48 PM 	 1601479848.6738577	Log_Type.RECOGNIZED_WORDS	right	gjorda av big
09/30/2020 05:30:51 PM 	 1601479851.5461175	Log_Type.RECOGNIZED_WORDS	left	bakelse
09/30/2020 05:30:57 PM 	 1601479857.0775893	Log_Type.RECOGNIZED_WORDS	right	ja det var korrekt
09/30/2020 05:31:03 PM 	 1601479863.5075734	Log_Type.RECOGNIZED_WORDS	right	elisabeth youtube
09/30/2020 05:31:05 PM 	 1601479865.688874	Log_Type.RECOGNIZED_WORDS	left	om man ska hämta
09/30/2020 05:31:10 PM 	 1601479870.459941	Log_Type.RECOGNIZED_WORDS	left	så går man till
09/30/2020 05:31:15 PM 	 1601479875.508786	Log_Type.RECOGNIZED_WORDS	left	nä
09/30/2020 05:31:20 PM 	 1601479880.486016	Log_Type.RECOGNIZED_WORDS	left	jag är på plats
09/30/2020 05:31:25 PM 	 1601479885.6771016	Log_Type.RECOGNIZED_WORDS	left	recept om man ska hämta medicin
09/30/2020 05:31:35 PM 	 1601479895.182452	Log_Type.RECOGNIZED_WORDS	left	rätt
09/30/2020 05:31:39 PM 	 1601479899.797267	Log_Type.RECOGNIZED_WORDS	right	ja jag kan
09/30/2020 05:31:39 PM 	 1601479899.9674451	Log_Type.RECOGNIZED_WORDS	left	ja
09/30/2020 05:31:44 PM 	 1601479904.5259686	Log_Type.RECOGNIZED_WORDS	right	nej
09/30/2020 05:31:49 PM 	 1601479909.5162718	Log_Type.RECOGNIZED_WORDS	right	den grejen som
09/30/2020 05:31:50 PM 	 1601479910.016192	Log_Type.RECOGNIZED_WORDS	left	den grejen som
09/30/2020 05:31:54 PM 	 1601479914.8226757	Log_Type.RECOGNIZED_WORDS	left	strömavbrott kronor
09/30/2020 05:31:55 PM 	 1601479915.3930466	Log_Type.RECOGNIZED_WORDS	right	är den ström av objekt
09/30/2020 05:32:00 PM 	 1601479920.692135	Log_Type.RECOGNIZED_WORDS	right	till jorden vad heter den
09/30/2020 05:32:04 PM 	 1601479924.4450302	Log_Type.RECOGNIZED_WORDS	left	ja
09/30/2020 05:32:13 PM 	 1601479933.7458575	Log_Type.RECOGNIZED_WORDS	left	korrekt
09/30/2020 05:32:14 PM 	 1601479934.1194005	Log_Type.RECOGNIZED_WORDS	right	det andra var korrekt
09/30/2020 05:32:18 PM 	 1601479938.7593043	Log_Type.RECOGNIZED_WORDS	left	från en höna
09/30/2020 05:32:19 PM 	 1601479939.3057423	Log_Type.RECOGNIZED_WORDS	right	från en höna
09/30/2020 05:32:23 PM 	 1601479943.3758671	Log_Type.RECOGNIZED_WORDS	right	en höna har varit toppen
09/30/2020 05:32:23 PM 	 1601479943.809501	Log_Type.RECOGNIZED_WORDS	left	en höna har vad på kroppen
09/30/2020 05:32:28 PM 	 1601479948.5579286	Log_Type.RECOGNIZED_WORDS	left	korrekt
09/30/2020 05:32:28 PM 	 1601479948.840461	Log_Type.RECOGNIZED_WORDS	right	väder
09/30/2020 05:32:33 PM 	 1601479953.7558155	Log_Type.RECOGNIZED_WORDS	left	ändra
09/30/2020 05:32:33 PM 	 1601479953.9284763	Log_Type.RECOGNIZED_WORDS	right	ändra det är en bit
09/30/2020 05:32:38 PM 	 1601479958.6314583	Log_Type.RECOGNIZED_WORDS	left	metall
09/30/2020 05:32:39 PM 	 1601479959.1709244	Log_Type.RECOGNIZED_WORDS	right	glass oftast med metall bakom
09/30/2020 05:32:43 PM 	 1601479963.1690216	Log_Type.RECOGNIZED_WORDS	right	seashell
09/30/2020 05:32:47 PM 	 1601479967.9839375	Log_Type.RECOGNIZED_WORDS	left	korrekt
09/30/2020 05:32:52 PM 	 1601479972.6999016	Log_Type.RECOGNIZED_WORDS	right	maträtter
09/30/2020 05:32:52 PM 	 1601479972.8557465	Log_Type.RECOGNIZED_WORDS	left	det är en maträtt
09/30/2020 05:32:57 PM 	 1601479977.5419984	Log_Type.RECOGNIZED_WORDS	left	gris
09/30/2020 05:32:59 PM 	 1601479979.0776167	Log_Type.RECOGNIZED_WORDS	right	var är du
09/30/2020 05:33:02 PM 	 1601479982.3706977	Log_Type.RECOGNIZED_WORDS	left	vad är det för något
09/30/2020 05:33:05 PM 	 1601479985.9258294	Log_Type.RECOGNIZED_WORDS	right	smörgås
09/30/2020 05:33:07 PM 	 1601479987.2758422	Log_Type.RECOGNIZED_WORDS	left	man kan ha det på smörgås
09/30/2020 05:33:09 PM 	 1601479989.1333632	Log_Type.RECOGNIZED_WORDS	right	på julbord också
09/30/2020 05:33:16 PM 	 1601479996.8548274	Log_Type.RECOGNIZED_WORDS	left	korrekt
09/30/2020 05:33:22 PM 	 1601480002.2663066	Log_Type.RECOGNIZED_WORDS	right	men ändra grejen
09/30/2020 05:33:24 PM 	 1601480004.7277093	Log_Type.RECOGNIZED_WORDS	right	när man
09/30/2020 05:33:30 PM 	 1601480010.1966398	Log_Type.RECOGNIZED_WORDS	right	dör så kan man komma tillbaka och skriker
09/30/2020 05:33:35 PM 	 1601480015.9556484	Log_Type.RECOGNIZED_WORDS	left	de
09/30/2020 05:33:40 PM 	 1601480020.6082942	Log_Type.RECOGNIZED_WORDS	right	de har ofta vita lakan på sig
09/30/2020 05:33:40 PM 	 1601480020.7337606	Log_Type.RECOGNIZED_WORDS	left	lakan på sig
09/30/2020 05:33:45 PM 	 1601480025.5651083	Log_Type.RECOGNIZED_WORDS	left	korrekt
09/30/2020 05:33:55 PM 	 1601480035.3086693	Log_Type.RECOGNIZED_WORDS	left	utan den andra saker
09/30/2020 05:34:00 PM 	 1601480040.6433213	Log_Type.RECOGNIZED_WORDS	left	ja en sak men
09/30/2020 05:34:02 PM 	 1601480042.3323314	Log_Type.RECOGNIZED_WORDS	right	en sak på halsen
09/30/2020 05:34:05 PM 	 1601480045.7322989	Log_Type.RECOGNIZED_WORDS	left	som inte är gjort utav silver
09/30/2020 05:34:10 PM 	 1601480050.8697884	Log_Type.RECOGNIZED_WORDS	left	korrekt
09/30/2020 05:34:10 PM 	 1601480050.9012446	Log_Type.RECOGNIZED_WORDS	right	ja
09/30/2020 05:34:18 PM 	 1601480058.712943	Log_Type.RECOGNIZED_WORDS	right	känner du till är det inte
09/30/2020 05:34:20 PM 	 1601480060.5749202	Log_Type.RECOGNIZED_WORDS	left	imse vimse
09/30/2020 05:34:22 PM 	 1601480062.909769	Log_Type.RECOGNIZED_WORDS	right	klättra upp på tråd
09/30/2020 05:34:25 PM 	 1601480065.2710721	Log_Type.RECOGNIZED_WORDS	left	vem är det
09/30/2020 05:34:34 PM 	 1601480074.7186499	Log_Type.RECOGNIZED_WORDS	left	rätt
09/30/2020 05:34:39 PM 	 1601480079.4453864	Log_Type.RECOGNIZED_WORDS	left	när man vaknar på morgonen och
09/30/2020 05:34:43 PM 	 1601480083.5930617	Log_Type.RECOGNIZED_WORDS	right	hur får man till
09/30/2020 05:34:44 PM 	 1601480084.1791656	Log_Type.RECOGNIZED_WORDS	left	så går man till
09/30/2020 05:34:48 PM 	 1601480088.9987383	Log_Type.RECOGNIZED_WORDS	left	korrekt
09/30/2020 05:35:01 PM 	 1601480101.6842737	Log_Type.RECOGNIZED_WORDS	right	extrakt
09/30/2020 05:35:12 PM 	 1601480112.0878484	Log_Type.RECOGNIZED_WORDS	left	det är
09/30/2020 05:35:17 PM 	 1601480117.0908043	Log_Type.RECOGNIZED_WORDS	left	precis jag är lite osäker på om
09/30/2020 05:35:21 PM 	 1601480121.8635917	Log_Type.RECOGNIZED_WORDS	left	en kaka eller dem
09/30/2020 05:35:22 PM 	 1601480122.7647104	Log_Type.RECOGNIZED_WORDS	right	precis för att det kan vara på
09/30/2020 05:35:26 PM 	 1601480126.6109	Log_Type.RECOGNIZED_WORDS	left	kaka
09/30/2020 05:35:27 PM 	 1601480127.8052337	Log_Type.RECOGNIZED_WORDS	right	kaka
09/30/2020 05:35:31 PM 	 1601480131.3517172	Log_Type.RECOGNIZED_WORDS	left	är en kaka
09/30/2020 05:35:36 PM 	 1601480136.2489226	Log_Type.RECOGNIZED_WORDS	left	som något man har i huvudet när man
09/30/2020 05:35:41 PM 	 1601480141.0656798	Log_Type.RECOGNIZED_WORDS	left	korrekt
09/30/2020 05:35:49 PM 	 1601480149.094678	Log_Type.RECOGNIZED_WORDS	right	nnnd tafatt
09/30/2020 05:35:51 PM 	 1601480151.2164488	Log_Type.RECOGNIZED_WORDS	left	som man sätter på ett kuvert när man blir kittlad
09/30/2020 05:36:04 PM 	 1601480164.507989	Log_Type.RECOGNIZED_WORDS	right	papper som man klistrar
09/30/2020 05:36:05 PM 	 1601480165.4124815	Log_Type.RECOGNIZED_WORDS	left	korrekt
09/30/2020 05:36:10 PM 	 1601480170.1960409	Log_Type.RECOGNIZED_WORDS	left	på natten kan det vara en ford
09/30/2020 05:36:10 PM 	 1601480170.7577672	Log_Type.RECOGNIZED_WORDS	right	på natten kan det vara en fågel
09/30/2020 05:36:15 PM 	 1601480175.0988293	Log_Type.RECOGNIZED_WORDS	left	låter ho
09/30/2020 05:36:18 PM 	 1601480178.493417	Log_Type.RECOGNIZED_WORDS	right	vad är det för fågel
09/30/2020 05:36:19 PM 	 1601480179.7679	Log_Type.RECOGNIZED_WORDS	left	vad är det för fågel
09/30/2020 05:36:24 PM 	 1601480184.704048	Log_Type.RECOGNIZED_WORDS	left	kan vända huvudet 95 grader
09/30/2020 05:36:24 PM 	 1601480184.881256	Log_Type.RECOGNIZED_WORDS	right	kall vända huvudet
09/30/2020 05:36:29 PM 	 1601480189.6041925	Log_Type.RECOGNIZED_WORDS	left	korrekt
09/30/2020 05:36:29 PM 	 1601480189.8153436	Log_Type.RECOGNIZED_WORDS	right	uggla
09/30/2020 05:36:34 PM 	 1601480194.6312258	Log_Type.RECOGNIZED_WORDS	right	jaha
09/30/2020 05:36:39 PM 	 1601480199.437397	Log_Type.RECOGNIZED_WORDS	left	nej jag ska
09/30/2020 05:36:40 PM 	 1601480200.6788628	Log_Type.RECOGNIZED_WORDS	right	när när jag ska
09/30/2020 05:36:44 PM 	 1601480204.1844869	Log_Type.RECOGNIZED_WORDS	left	ska jag ta mitt barn
09/30/2020 05:36:45 PM 	 1601480205.4244726	Log_Type.RECOGNIZED_WORDS	right	on
09/30/2020 05:36:50 PM 	 1601480210.3697603	Log_Type.RECOGNIZED_WORDS	right	ja precis
09/30/2020 05:36:53 PM 	 1601480213.867313	Log_Type.RECOGNIZED_WORDS	left	vi
09/30/2020 05:36:55 PM 	 1601480215.8995955	Log_Type.RECOGNIZED_WORDS	right	nej vi måste skippa det här det var något
09/30/2020 05:36:58 PM 	 1601480218.7249467	Log_Type.RECOGNIZED_WORDS	left	vi råkade eller jag råkade säga ordet
09/30/2020 05:37:08 PM 	 1601480228.029652	Log_Type.RECOGNIZED_WORDS	left	jaha
09/30/2020 05:37:08 PM 	 1601480228.0373514	Log_Type.RECOGNIZED_WORDS	right	nyheter
09/30/2020 05:37:13 PM 	 1601480233.243756	Log_Type.RECOGNIZED_WORDS	left	nu söker vi bara
09/30/2020 05:37:13 PM 	 1601480233.2742712	Log_Type.RECOGNIZED_WORDS	right	det är bara att vänta tills
09/30/2020 05:37:18 PM 	 1601480238.120502	Log_Type.RECOGNIZED_WORDS	left	ja
09/30/2020 05:37:19 PM 	 1601480239.4295452	Log_Type.RECOGNIZED_WORDS	right	säga att vi äter
09/30/2020 05:37:27 PM 	 1601480247.8664875	Log_Type.RECOGNIZED_WORDS	left	ja fast du är dum i huvudet
09/30/2020 05:37:37 PM 	 1601480257.4723897	Log_Type.RECOGNIZED_WORDS	left	nej
09/30/2020 05:37:38 PM 	 1601480258.267306	Log_Type.RECOGNIZED_WORDS	right	nej det var inget
09/30/2020 05:37:42 PM 	 1601480262.1614184	Log_Type.RECOGNIZED_WORDS	left	kyrka
09/30/2020 05:37:49 PM 	 1601480269.504541	Log_Type.RECOGNIZED_WORDS	right	det är en en del av en byggnad
09/30/2020 05:37:52 PM 	 1601480272.0701053	Log_Type.RECOGNIZED_WORDS	left	man går till nära
09/30/2020 05:37:54 PM 	 1601480274.6119237	Log_Type.RECOGNIZED_WORDS	right	gå till när man vill
09/30/2020 05:37:59 PM 	 1601480279.5386841	Log_Type.RECOGNIZED_WORDS	right	hur vet du det ja det var
09/30/2020 05:38:01 PM 	 1601480281.5574164	Log_Type.RECOGNIZED_WORDS	left	korrekt
09/30/2020 05:38:11 PM 	 1601480291.01516	Log_Type.RECOGNIZED_WORDS	left	om man går till ett ställe
09/30/2020 05:38:15 PM 	 1601480295.7088997	Log_Type.RECOGNIZED_WORDS	left	för att lämna något
09/30/2020 05:38:18 PM 	 1601480298.5726833	Log_Type.RECOGNIZED_WORDS	right	lämna något att göra ett val
09/30/2020 05:38:20 PM 	 1601480300.7188156	Log_Type.RECOGNIZED_WORDS	left	göra ett val vad betyder det
09/30/2020 05:38:24 PM 	 1601480304.2684631	Log_Type.RECOGNIZED_WORDS	right	eller vad sa du då
09/30/2020 05:38:25 PM 	 1601480305.5782657	Log_Type.RECOGNIZED_WORDS	left	vad har man
09/30/2020 05:38:30 PM 	 1601480310.2215254	Log_Type.RECOGNIZED_WORDS	right	folkomröstning
09/30/2020 05:38:30 PM 	 1601480310.2457638	Log_Type.RECOGNIZED_WORDS	left	folkomröstning
09/30/2020 05:38:35 PM 	 1601480315.0352378	Log_Type.RECOGNIZED_WORDS	left	korrekt
09/30/2020 05:38:39 PM 	 1601480319.9368308	Log_Type.RECOGNIZED_WORDS	left	visa
09/30/2020 05:38:41 PM 	 1601480321.1768308	Log_Type.RECOGNIZED_WORDS	right	vissa personer har
09/30/2020 05:38:46 PM 	 1601480326.4754143	Log_Type.RECOGNIZED_WORDS	right	vad heter
09/30/2020 05:38:50 PM 	 1601480330.4204981	Log_Type.RECOGNIZED_WORDS	right	ja
09/30/2020 05:38:55 PM 	 1601480335.6172242	Log_Type.RECOGNIZED_WORDS	right	det är ett djur
09/30/2020 05:38:58 PM 	 1601480338.4348764	Log_Type.RECOGNIZED_WORDS	left	djur med horn
09/30/2020 05:39:03 PM 	 1601480343.5329258	Log_Type.RECOGNIZED_WORDS	left	går på berg
09/30/2020 05:39:03 PM 	 1601480343.6655614	Log_Type.RECOGNIZED_WORDS	right	går på berg
09/30/2020 05:39:08 PM 	 1601480348.9994516	Log_Type.RECOGNIZED_WORDS	right	nrj
09/30/2020 05:39:13 PM 	 1601480352.9998732	Log_Type.RECOGNIZED_WORDS	left	korrekt
09/30/2020 05:39:13 PM 	 1601480353.746917	Log_Type.RECOGNIZED_WORDS	right	hermelin
09/30/2020 05:39:24 PM 	 1601480364.616375	Log_Type.RECOGNIZED_WORDS	right	en bit av inredning som man kan använda för att
09/30/2020 05:39:29 PM 	 1601480369.5238085	Log_Type.RECOGNIZED_WORDS	right	oftast
09/30/2020 05:39:31 PM 	 1601480371.6346276	Log_Type.RECOGNIZED_WORDS	left	connect
09/30/2020 05:39:44 PM 	 1601480384.581397	Log_Type.RECOGNIZED_WORDS	right	en familjemedlem som som är två
09/30/2020 05:39:46 PM 	 1601480386.2119486	Log_Type.RECOGNIZED_WORDS	left	hotmail
09/30/2020 05:39:50 PM 	 1601480390.1849058	Log_Type.RECOGNIZED_WORDS	right	är av manligt kön
09/30/2020 05:39:50 PM 	 1601480390.8762197	Log_Type.RECOGNIZED_WORDS	left	ja
09/30/2020 05:40:00 PM 	 1601480400.3350368	Log_Type.RECOGNIZED_WORDS	left	syskon
09/30/2020 05:40:02 PM 	 1601480402.3711863	Log_Type.RECOGNIZED_WORDS	right	generationer
09/30/2020 05:40:07 PM 	 1601480407.8083932	Log_Type.RECOGNIZED_WORDS	right	inte samma ålder är oftast äldre än
09/30/2020 05:40:10 PM 	 1601480410.134446	Log_Type.RECOGNIZED_WORDS	left	vilka är bäst
09/30/2020 05:40:13 PM 	 1601480413.5248585	Log_Type.RECOGNIZED_WORDS	right	ja
09/30/2020 05:40:24 PM 	 1601480424.2282913	Log_Type.RECOGNIZED_WORDS	left	om man ska
09/30/2020 05:40:24 PM 	 1601480424.5743198	Log_Type.RECOGNIZED_WORDS	right	om man ska logga in
09/30/2020 05:40:28 PM 	 1601480428.87302	Log_Type.RECOGNIZED_WORDS	left	en dator så behövs det ett
09/30/2020 05:40:32 PM 	 1601480432.4657798	Log_Type.RECOGNIZED_WORDS	right	nu är jag
09/30/2020 05:40:34 PM 	 1601480434.4311342	Log_Type.RECOGNIZED_WORDS	left	något något
09/30/2020 05:40:39 PM 	 1601480439.645786	Log_Type.RECOGNIZED_WORDS	left	lägg på lösenord
09/30/2020 05:40:52 PM 	 1601480452.734884	Log_Type.RECOGNIZED_WORDS	right	när man är väldigt hungrig på natten
09/30/2020 05:40:57 PM 	 1601480457.796568	Log_Type.RECOGNIZED_WORDS	right	är är stängda
09/30/2020 05:40:57 PM 	 1601480457.9018383	Log_Type.RECOGNIZED_WORDS	left	då
09/30/2020 05:41:02 PM 	 1601480462.745371	Log_Type.RECOGNIZED_WORDS	left	ja
09/30/2020 05:41:07 PM 	 1601480467.3487554	Log_Type.RECOGNIZED_WORDS	left	när man
09/30/2020 05:41:08 PM 	 1601480468.7879136	Log_Type.RECOGNIZED_WORDS	right	när man sover
09/30/2020 05:41:11 PM 	 1601480471.9486847	Log_Type.RECOGNIZED_WORDS	left	så kan man ibland vakna upp
09/30/2020 05:41:17 PM 	 1601480477.0657523	Log_Type.RECOGNIZED_WORDS	left	ur något hemskt man tänkte på
09/30/2020 05:41:17 PM 	 1601480477.5532897	Log_Type.RECOGNIZED_WORDS	right	hemskt
09/30/2020 05:41:21 PM 	 1601480481.8926673	Log_Type.RECOGNIZED_WORDS	left	korrekt
09/30/2020 05:41:30 PM 	 1601480490.799403	Log_Type.RECOGNIZED_WORDS	right	det här är en något som man kan ha på
09/30/2020 05:41:35 PM 	 1601480495.9145546	Log_Type.RECOGNIZED_WORDS	right	till exempel för att fräscha upp lokaler
09/30/2020 05:41:38 PM 	 1601480498.4991653	Log_Type.RECOGNIZED_WORDS	right	jaha
09/30/2020 05:41:40 PM 	 1601480500.968769	Log_Type.RECOGNIZED_WORDS	left	jaha
09/30/2020 05:41:46 PM 	 1601480506.5542862	Log_Type.RECOGNIZED_WORDS	right	den här oftast
09/30/2020 05:41:59 PM 	 1601480519.5742633	Log_Type.RECOGNIZED_WORDS	left	ja tänk
09/30/2020 05:42:01 PM 	 1601480521.725207	Log_Type.RECOGNIZED_WORDS	right	lod
09/30/2020 05:42:04 PM 	 1601480524.4339714	Log_Type.RECOGNIZED_WORDS	left	nordpolen eller antarktis
09/30/2020 05:42:06 PM 	 1601480526.4483259	Log_Type.RECOGNIZED_WORDS	right	jag tror det
09/30/2020 05:42:09 PM 	 1601480529.297613	Log_Type.RECOGNIZED_WORDS	left	ett stort djur
09/30/2020 05:42:17 PM 	 1601480537.9903693	Log_Type.RECOGNIZED_WORDS	right	isbjörn
09/30/2020 05:42:18 PM 	 1601480538.839617	Log_Type.RECOGNIZED_WORDS	left	ja
09/30/2020 05:42:28 PM 	 1601480548.0840037	Log_Type.RECOGNIZED_WORDS	left	när man går så lämnar man
09/30/2020 05:42:33 PM 	 1601480553.4276981	Log_Type.RECOGNIZED_WORDS	left	om det är snö
09/30/2020 05:42:36 PM 	 1601480556.1009753	Log_Type.RECOGNIZED_WORDS	right	om det är snö och om man går på snön
09/30/2020 05:42:38 PM 	 1601480558.262672	Log_Type.RECOGNIZED_WORDS	left	sätt på snön så lämnar man avtryck
09/30/2020 05:42:43 PM 	 1601480563.076185	Log_Type.RECOGNIZED_WORDS	left	precis
09/30/2020 05:42:46 PM 	 1601480566.015625	Log_Type.RECOGNIZED_WORDS	right	ja
09/30/2020 05:42:51 PM 	 1601480571.6269426	Log_Type.RECOGNIZED_WORDS	right	ja det är en ren
09/30/2020 05:42:52 PM 	 1601480572.9110744	Log_Type.RECOGNIZED_WORDS	left	en regel som man har till exempel på
09/30/2020 05:42:56 PM 	 1601480576.6208239	Log_Type.RECOGNIZED_WORDS	right	gubbar och sånt som gör att
09/30/2020 05:42:58 PM 	 1601480578.2968729	Log_Type.RECOGNIZED_WORDS	left	som gör att personer
09/30/2020 05:43:01 PM 	 1601480581.887893	Log_Type.RECOGNIZED_WORDS	right	för för unga kan inte
09/30/2020 05:43:03 PM 	 1601480583.2983956	Log_Type.RECOGNIZED_WORDS	left	dricka
09/30/2020 05:43:08 PM 	 1601480588.0441387	Log_Type.RECOGNIZED_WORDS	left	precis
09/30/2020 05:43:17 PM 	 1601480597.6456084	Log_Type.RECOGNIZED_WORDS	left	om man ska
09/30/2020 05:43:22 PM 	 1601480602.4203966	Log_Type.RECOGNIZED_WORDS	left	sims
09/30/2020 05:43:26 PM 	 1601480606.595773	Log_Type.RECOGNIZED_WORDS	right	om man ska välja parti
09/30/2020 05:43:27 PM 	 1601480607.4318004	Log_Type.RECOGNIZED_WORDS	left	parti i ett land
09/30/2020 05:43:44 PM 	 1601480624.1015267	Log_Type.RECOGNIZED_WORDS	right	man kan bo i den
09/30/2020 05:43:46 PM 	 1601480626.4113042	Log_Type.RECOGNIZED_WORDS	left	den är kopplad till andra liknande byggnader
09/30/2020 05:43:47 PM 	 1601480627.3104904	Log_Type.RECOGNIZED_WORDS	right	ja
09/30/2020 05:43:51 PM 	 1601480631.1217973	Log_Type.RECOGNIZED_WORDS	right	det var lite diffust
09/30/2020 05:43:55 PM 	 1601480635.9000242	Log_Type.RECOGNIZED_WORDS	left	radhus
09/30/2020 05:44:10 PM 	 1601480650.0452113	Log_Type.RECOGNIZED_WORDS	left	det är en religiös person
09/30/2020 05:44:10 PM 	 1601480650.627945	Log_Type.RECOGNIZED_WORDS	right	är en religiös person
09/30/2020 05:44:14 PM 	 1601480654.8102083	Log_Type.RECOGNIZED_WORDS	left	en stor hatt vad heter
09/30/2020 05:44:19 PM 	 1601480659.4907067	Log_Type.RECOGNIZED_WORDS	left	nej nu
09/30/2020 05:44:24 PM 	 1601480664.103972	Log_Type.RECOGNIZED_WORDS	left	nej
09/30/2020 05:44:25 PM 	 1601480665.264798	Log_Type.RECOGNIZED_WORDS	right	lite högre upp i hierarkin
09/30/2020 05:44:28 PM 	 1601480668.8726428	Log_Type.RECOGNIZED_WORDS	left	ja precis
09/30/2020 05:44:43 PM 	 1601480683.4478223	Log_Type.RECOGNIZED_WORDS	left	många hundra år sedan som byggde
09/30/2020 05:44:43 PM 	 1601480683.4546316	Log_Type.RECOGNIZED_WORDS	right	för många 100 år sedan så byggde
09/30/2020 05:44:48 PM 	 1601480688.7652895	Log_Type.RECOGNIZED_WORDS	right	stora byggnader som som alla ser upp till
09/30/2020 05:44:49 PM 	 1601480689.097545	Log_Type.RECOGNIZED_WORDS	left	stora byggnader som som alla ser upp till
09/30/2020 05:44:52 PM 	 1601480692.3709729	Log_Type.RECOGNIZED_WORDS	right	vilken dag och
09/30/2020 05:44:59 PM 	 1601480699.091218	Log_Type.RECOGNIZED_WORDS	left	hur många underverk
09/30/2020 05:44:59 PM 	 1601480699.3977134	Log_Type.RECOGNIZED_WORDS	right	hur många hundar
09/30/2020 05:45:13 PM 	 1601480713.2994182	Log_Type.RECOGNIZED_WORDS	left	det instrument
09/30/2020 05:45:13 PM 	 1601480713.3037186	Log_Type.RECOGNIZED_WORDS	right	instrument
09/30/2020 05:45:18 PM 	 1601480718.479793	Log_Type.RECOGNIZED_WORDS	left	som man har på kroppen och man är
09/30/2020 05:45:19 PM 	 1601480719.795124	Log_Type.RECOGNIZED_WORDS	right	jag har fått en och någon annan
09/30/2020 05:45:23 PM 	 1601480723.1984136	Log_Type.RECOGNIZED_WORDS	left	för att göra musiken av
09/30/2020 05:45:30 PM 	 1601480730.5216422	Log_Type.RECOGNIZED_WORDS	right	uppsalahem
09/30/2020 05:45:37 PM 	 1601480737.419664	Log_Type.RECOGNIZED_WORDS	right	ja men det var
09/30/2020 05:45:42 PM 	 1601480742.2071333	Log_Type.RECOGNIZED_WORDS	right	sätt
09/30/2020 05:45:47 PM 	 1601480747.2212713	Log_Type.RECOGNIZED_WORDS	right	det här är ett verktyg som används för att skapa
09/30/2020 05:45:51 PM 	 1601480751.3298333	Log_Type.RECOGNIZED_WORDS	right	vad heter den
09/30/2020 05:46:01 PM 	 1601480761.1984518	Log_Type.RECOGNIZED_WORDS	right	ja men då hela tiden
09/30/2020 05:46:01 PM 	 1601480761.2101262	Log_Type.RECOGNIZED_WORDS	left	nämen tack
