09/29/2020 12:12:44 PM 	 1601374364.6194997	Log_Type.CONFIG	INIT_USER	left
09/29/2020 12:12:44 PM 	 1601374364.6253881	Log_Type.CONFIG	INIT_USER	right
09/29/2020 12:12:54 PM 	 1601374374.8582106	Log_Type.RECOGNIZED_WORDS	left	något du får när du sover
09/29/2020 12:13:04 PM 	 1601374384.3792677	Log_Type.RECOGNIZED_WORDS	left	det är också en typ av
09/29/2020 12:13:07 PM 	 1601374387.3013349	Log_Type.RECOGNIZED_WORDS	right	mca kassettband
09/29/2020 12:13:09 PM 	 1601374389.2540493	Log_Type.RECOGNIZED_WORDS	left	fikabröd som kakor
09/29/2020 12:13:14 PM 	 1601374394.295073	Log_Type.RECOGNIZED_WORDS	left	inte människor som människor gör när de sover då
09/29/2020 12:13:19 PM 	 1601374399.3673873	Log_Type.RECOGNIZED_WORDS	left	nej det har de inte
09/29/2020 12:13:24 PM 	 1601374404.0383925	Log_Type.RECOGNIZED_WORDS	left	vad gör man när man sover
09/29/2020 12:13:29 PM 	 1601374409.1414518	Log_Type.RECOGNIZED_WORDS	left	det är rätt
09/29/2020 12:13:34 PM 	 1601374414.2235444	Log_Type.RECOGNIZED_WORDS	left	snyggt
09/29/2020 12:13:38 PM 	 1601374418.965628	Log_Type.RECOGNIZED_WORDS	left	okej
09/29/2020 12:13:40 PM 	 1601374420.2973852	Log_Type.RECOGNIZED_WORDS	right	okej
09/29/2020 12:13:43 PM 	 1601374423.7329326	Log_Type.RECOGNIZED_WORDS	left	när vinner en tävling så kanske du får en
09/29/2020 12:13:45 PM 	 1601374425.2071872	Log_Type.RECOGNIZED_WORDS	right	erling så kanske du får en
09/29/2020 12:13:49 PM 	 1601374429.106134	Log_Type.RECOGNIZED_WORDS	left	nu kom på första plats som var ett pris
09/29/2020 12:13:53 PM 	 1601374433.9151363	Log_Type.RECOGNIZED_WORDS	left	ja
09/29/2020 12:13:58 PM 	 1601374438.6103466	Log_Type.RECOGNIZED_WORDS	left	ja
09/29/2020 12:14:01 PM 	 1601374441.9639976	Log_Type.RECOGNIZED_WORDS	right	oj
09/29/2020 12:14:06 PM 	 1601374446.2641654	Log_Type.RECOGNIZED_WORDS	right	hej mamma det med dig
09/29/2020 12:14:08 PM 	 1601374448.1308231	Log_Type.RECOGNIZED_WORDS	left	ja
09/29/2020 12:14:13 PM 	 1601374453.1744442	Log_Type.RECOGNIZED_WORDS	left	ja men vad gör det
09/29/2020 12:14:14 PM 	 1601374454.3922913	Log_Type.RECOGNIZED_WORDS	right	gör det
09/29/2020 12:14:17 PM 	 1601374457.8890386	Log_Type.RECOGNIZED_WORDS	left	när man inte använder pennor så kan man
09/29/2020 12:14:22 PM 	 1601374462.5614643	Log_Type.RECOGNIZED_WORDS	left	när man målar
09/29/2020 12:14:44 PM 	 1601374484.8035264	Log_Type.RECOGNIZED_WORDS	right	ventilbåge
09/29/2020 12:14:45 PM 	 1601374485.4551704	Log_Type.RECOGNIZED_WORDS	left	typ av fågel som
09/29/2020 12:14:50 PM 	 1601374490.4751403	Log_Type.RECOGNIZED_WORDS	left	elvis kanske den stora
09/29/2020 12:14:56 PM 	 1601374496.5276659	Log_Type.RECOGNIZED_WORDS	left	2 $ ja den typ av fågel
09/29/2020 12:15:15 PM 	 1601374515.2564995	Log_Type.RECOGNIZED_WORDS	left	havets djur
09/29/2020 12:15:20 PM 	 1601374520.0944192	Log_Type.RECOGNIZED_WORDS	left	ben
09/29/2020 12:15:25 PM 	 1601374525.3039765	Log_Type.RECOGNIZED_WORDS	left	eller
09/29/2020 12:15:30 PM 	 1601374530.0424368	Log_Type.RECOGNIZED_WORDS	left	jaha
09/29/2020 12:15:32 PM 	 1601374532.9347162	Log_Type.RECOGNIZED_WORDS	right	casper vare
09/29/2020 12:15:37 PM 	 1601374537.8623266	Log_Type.RECOGNIZED_WORDS	right	ja
09/29/2020 12:15:39 PM 	 1601374539.5055473	Log_Type.RECOGNIZED_WORDS	left	en läskig tjej som
09/29/2020 12:15:44 PM 	 1601374544.32003	Log_Type.RECOGNIZED_WORDS	left	casper johansson
09/29/2020 12:15:49 PM 	 1601374549.0559437	Log_Type.RECOGNIZED_WORDS	left	nästan som en ande
09/29/2020 12:15:53 PM 	 1601374553.8420293	Log_Type.RECOGNIZED_WORDS	left	lite annorlunda ibland kanske folk i lakan
09/29/2020 12:15:59 PM 	 1601374559.3899918	Log_Type.RECOGNIZED_WORDS	left	förvara som han vad sa du
09/29/2020 12:16:00 PM 	 1601374560.7387733	Log_Type.RECOGNIZED_WORDS	right	spöken
09/29/2020 12:16:04 PM 	 1601374564.1950934	Log_Type.RECOGNIZED_WORDS	left	snyggt
09/29/2020 12:16:08 PM 	 1601374568.9576013	Log_Type.RECOGNIZED_WORDS	left	jaha
09/29/2020 12:16:16 PM 	 1601374576.3406234	Log_Type.RECOGNIZED_WORDS	right	zona behöver man medicin
09/29/2020 12:16:18 PM 	 1601374578.4600494	Log_Type.RECOGNIZED_WORDS	left	i
09/29/2020 12:16:20 PM 	 1601374580.719813	Log_Type.RECOGNIZED_WORDS	right	apoteket
09/29/2020 12:16:27 PM 	 1601374587.8967252	Log_Type.RECOGNIZED_WORDS	left	när det åskar så
09/29/2020 12:16:28 PM 	 1601374588.8808706	Log_Type.RECOGNIZED_WORDS	right	när det åskar så hör man
09/29/2020 12:16:32 PM 	 1601374592.999369	Log_Type.RECOGNIZED_WORDS	left	högt ljud men innan där så ser man en
09/29/2020 12:16:37 PM 	 1601374597.8405735	Log_Type.RECOGNIZED_WORDS	left	kanske man gör
09/29/2020 12:16:42 PM 	 1601374602.690599	Log_Type.RECOGNIZED_WORDS	left	laddning
09/29/2020 12:16:52 PM 	 1601374612.440253	Log_Type.RECOGNIZED_WORDS	left	public ställe
09/29/2020 12:17:06 PM 	 1601374626.6410947	Log_Type.RECOGNIZED_WORDS	left	när går
09/29/2020 12:17:11 PM 	 1601374631.6762574	Log_Type.RECOGNIZED_WORDS	left	så får du det här för att de visar hur bra du är
09/29/2020 12:17:13 PM 	 1601374633.4126682	Log_Type.RECOGNIZED_WORDS	right	förstår du det här för någonting
09/29/2020 12:17:17 PM 	 1601374637.4610996	Log_Type.RECOGNIZED_WORDS	left	på svenska då får det väldigt högt sånt här det är bra på engelska
09/29/2020 12:17:23 PM 	 1601374643.1814756	Log_Type.RECOGNIZED_WORDS	left	är du dålig på någonting kanske på ett väldigt lågt som hänt
09/29/2020 12:17:24 PM 	 1601374644.2110531	Log_Type.RECOGNIZED_WORDS	right	fråga någonting
09/29/2020 12:17:41 PM 	 1601374661.1429183	Log_Type.RECOGNIZED_WORDS	left	är det här
09/29/2020 12:17:42 PM 	 1601374662.1738343	Log_Type.RECOGNIZED_WORDS	right	man kan duscha
09/29/2020 12:17:45 PM 	 1601374665.9538147	Log_Type.RECOGNIZED_WORDS	left	ja
09/29/2020 12:17:50 PM 	 1601374670.621112	Log_Type.RECOGNIZED_WORDS	left	badrummet
09/29/2020 12:17:59 PM 	 1601374679.9618976	Log_Type.RECOGNIZED_WORDS	left	en åsna
09/29/2020 12:18:03 PM 	 1601374683.7853374	Log_Type.RECOGNIZED_WORDS	right	hur man äter
09/29/2020 12:18:04 PM 	 1601374684.8952773	Log_Type.RECOGNIZED_WORDS	left	kött som kommer från grisar oftast som
09/29/2020 12:18:09 PM 	 1601374689.7577438	Log_Type.RECOGNIZED_WORDS	left	en gris
09/29/2020 12:18:22 PM 	 1601374702.7371395	Log_Type.RECOGNIZED_WORDS	right	när man skriver brev behövs
09/29/2020 12:18:33 PM 	 1601374713.253136	Log_Type.RECOGNIZED_WORDS	left	så måste du klistra på en sån här på ditt brev
09/29/2020 12:18:43 PM 	 1601374723.3597248	Log_Type.RECOGNIZED_WORDS	left	kan man bara skriva sitt förnamn här
09/29/2020 12:18:48 PM 	 1601374728.131779	Log_Type.RECOGNIZED_WORDS	left	i love me
09/29/2020 12:18:53 PM 	 1601374733.719666	Log_Type.RECOGNIZED_WORDS	left	det som är litet
09/29/2020 12:19:03 PM 	 1601374743.3189995	Log_Type.RECOGNIZED_WORDS	left	en sport
09/29/2020 12:19:06 PM 	 1601374746.5676656	Log_Type.RECOGNIZED_WORDS	right	inom friidrott
09/29/2020 12:19:07 PM 	 1601374747.9932637	Log_Type.RECOGNIZED_WORDS	left	inom friidrott
09/29/2020 12:19:11 PM 	 1601374751.926742	Log_Type.RECOGNIZED_WORDS	right	killer
09/29/2020 12:19:12 PM 	 1601374752.8718195	Log_Type.RECOGNIZED_WORDS	left	mot ett hinder som du sedan skutt
09/29/2020 12:19:38 PM 	 1601374778.6680686	Log_Type.RECOGNIZED_WORDS	right	en nära släkting
09/29/2020 12:19:40 PM 	 1601374780.7047784	Log_Type.RECOGNIZED_WORDS	left	nära släkting på vi
09/29/2020 12:19:43 PM 	 1601374783.7050564	Log_Type.RECOGNIZED_WORDS	right	sätt på min manliga förälder sida
09/29/2020 12:19:45 PM 	 1601374785.5936093	Log_Type.RECOGNIZED_WORDS	left	frida ett syskon
09/29/2020 12:19:59 PM 	 1601374799.6437285	Log_Type.RECOGNIZED_WORDS	left	jaha
09/29/2020 12:20:04 PM 	 1601374804.2239385	Log_Type.RECOGNIZED_WORDS	left	guld
09/29/2020 12:20:10 PM 	 1601374810.402009	Log_Type.RECOGNIZED_WORDS	right	mera
09/29/2020 12:20:15 PM 	 1601374815.1808968	Log_Type.RECOGNIZED_WORDS	right	orange
09/29/2020 12:20:19 PM 	 1601374819.1168492	Log_Type.RECOGNIZED_WORDS	left	ja
09/29/2020 12:20:23 PM 	 1601374823.871049	Log_Type.RECOGNIZED_WORDS	left	inter
09/29/2020 12:20:25 PM 	 1601374825.9052832	Log_Type.RECOGNIZED_WORDS	right	nej
09/29/2020 12:20:32 PM 	 1601374832.9010608	Log_Type.RECOGNIZED_WORDS	right	okej
09/29/2020 12:20:33 PM 	 1601374833.7258174	Log_Type.RECOGNIZED_WORDS	left	oscar algott
09/29/2020 12:20:38 PM 	 1601374838.4399383	Log_Type.RECOGNIZED_WORDS	left	tjej
09/29/2020 12:20:42 PM 	 1601374842.5800257	Log_Type.RECOGNIZED_WORDS	right	pratade om detta förut något människor
09/29/2020 12:20:43 PM 	 1601374843.3366632	Log_Type.RECOGNIZED_WORDS	left	detta förut något människor gör när de sover
09/29/2020 12:20:48 PM 	 1601374848.0908659	Log_Type.RECOGNIZED_WORDS	left	ja om du har en väldigt dålig
09/29/2020 12:20:51 PM 	 1601374851.2581086	Log_Type.RECOGNIZED_WORDS	right	dåligt
09/29/2020 12:20:53 PM 	 1601374853.4823978	Log_Type.RECOGNIZED_WORDS	left	du har sagt det det är läskigt sådant
09/29/2020 12:20:58 PM 	 1601374858.5504925	Log_Type.RECOGNIZED_WORDS	left	cool
09/29/2020 12:21:14 PM 	 1601374874.7267668	Log_Type.RECOGNIZED_WORDS	right	djur som är vit
09/29/2020 12:21:17 PM 	 1601374877.5724185	Log_Type.RECOGNIZED_WORDS	left	och stora
09/29/2020 12:21:19 PM 	 1601374879.7018046	Log_Type.RECOGNIZED_WORDS	right	stora och bar i
09/29/2020 12:21:33 PM 	 1601374893.318752	Log_Type.RECOGNIZED_WORDS	right	hundarna och
09/29/2020 12:21:36 PM 	 1601374896.0282905	Log_Type.RECOGNIZED_WORDS	left	ja
09/29/2020 12:21:45 PM 	 1601374905.5809681	Log_Type.RECOGNIZED_WORDS	right	vanlig dag som är
09/29/2020 12:21:45 PM 	 1601374905.8553936	Log_Type.RECOGNIZED_WORDS	left	är det vanligt att ha sån här
09/29/2020 12:21:51 PM 	 1601374911.0423021	Log_Type.RECOGNIZED_WORDS	left	hundar och katter äta såna
09/29/2020 12:21:51 PM 	 1601374911.353562	Log_Type.RECOGNIZED_WORDS	right	hundar och katter som man badar med dig
09/29/2020 12:21:58 PM 	 1601374918.0194733	Log_Type.RECOGNIZED_WORDS	right	ja men
09/29/2020 12:22:14 PM 	 1601374934.2205567	Log_Type.RECOGNIZED_WORDS	right	berätta något rör
09/29/2020 12:22:14 PM 	 1601374934.3736298	Log_Type.RECOGNIZED_WORDS	left	när någon dör att bli begravd
09/29/2020 12:22:19 PM 	 1601374939.2860649	Log_Type.RECOGNIZED_WORDS	left	lägger man dem i marken
09/29/2020 12:22:24 PM 	 1601374944.3448966	Log_Type.RECOGNIZED_WORDS	left	något där man laddar med märken som visar härlig
09/29/2020 12:22:29 PM 	 1601374949.509984	Log_Type.RECOGNIZED_WORDS	right	en bild
09/29/2020 12:22:33 PM 	 1601374953.7882383	Log_Type.RECOGNIZED_WORDS	left	snyggt
09/29/2020 12:22:43 PM 	 1601374963.8232596	Log_Type.RECOGNIZED_WORDS	left	prata med ett djur
09/29/2020 12:22:48 PM 	 1601374968.6247506	Log_Type.RECOGNIZED_WORDS	left	stjärntecken på svenska
09/29/2020 12:22:53 PM 	 1601374973.411012	Log_Type.RECOGNIZED_WORDS	left	ja
09/29/2020 12:22:57 PM 	 1601374977.1370816	Log_Type.RECOGNIZED_WORDS	right	vinterspår
09/29/2020 12:22:58 PM 	 1601374978.1441545	Log_Type.RECOGNIZED_WORDS	left	inte 2 år men en kille
09/29/2020 12:23:02 PM 	 1601374982.8396373	Log_Type.RECOGNIZED_WORDS	left	jag vet inte
09/29/2020 12:23:09 PM 	 1601374989.0202885	Log_Type.RECOGNIZED_WORDS	right	musik
09/29/2020 12:23:12 PM 	 1601374992.1293626	Log_Type.RECOGNIZED_WORDS	right	det kan
09/29/2020 12:23:12 PM 	 1601374992.270132	Log_Type.RECOGNIZED_WORDS	left	det kan
09/29/2020 12:23:17 PM 	 1601374997.0206468	Log_Type.RECOGNIZED_WORDS	left	ikea och
09/29/2020 12:23:17 PM 	 1601374997.1025443	Log_Type.RECOGNIZED_WORDS	right	fina i ikea och
09/29/2020 12:23:21 PM 	 1601375001.8385303	Log_Type.RECOGNIZED_WORDS	left	kläder
09/29/2020 12:23:22 PM 	 1601375002.1610818	Log_Type.RECOGNIZED_WORDS	right	man får sina kläder
09/29/2020 12:23:35 PM 	 1601375015.7353425	Log_Type.RECOGNIZED_WORDS	right	du är mormor eller morfar
09/29/2020 12:23:35 PM 	 1601375015.7363367	Log_Type.RECOGNIZED_WORDS	left	om du är en mormor eller morfar
09/29/2020 12:23:40 PM 	 1601375020.8766775	Log_Type.RECOGNIZED_WORDS	left	ja avkomma av dina
09/29/2020 12:23:44 PM 	 1601375024.2356772	Log_Type.RECOGNIZED_WORDS	right	avkomma
09/29/2020 12:23:47 PM 	 1601375027.2538712	Log_Type.RECOGNIZED_WORDS	right	flicka
09/29/2020 12:23:50 PM 	 1601375030.4872525	Log_Type.RECOGNIZED_WORDS	left	jag har
09/29/2020 12:23:53 PM 	 1601375033.4376633	Log_Type.RECOGNIZED_WORDS	right	jag har en jag
09/29/2020 12:24:04 PM 	 1601375044.2664516	Log_Type.RECOGNIZED_WORDS	left	det var
09/29/2020 12:24:07 PM 	 1601375047.9606006	Log_Type.RECOGNIZED_WORDS	right	okej
09/29/2020 12:24:13 PM 	 1601375053.5025904	Log_Type.RECOGNIZED_WORDS	left	på din dag
09/29/2020 12:24:18 PM 	 1601375058.7514608	Log_Type.RECOGNIZED_WORDS	left	har du ofta ett sånt här för att skydda andra från att komma in där
09/29/2020 12:24:23 PM 	 1601375063.767593	Log_Type.RECOGNIZED_WORDS	left	att skriva in ditt egna för att öppna datorn
09/29/2020 12:24:28 PM 	 1601375068.5979915	Log_Type.RECOGNIZED_WORDS	left	vad sa du
09/29/2020 12:24:33 PM 	 1601375073.3795652	Log_Type.RECOGNIZED_WORDS	left	lösenord
09/29/2020 12:24:46 PM 	 1601375086.5870953	Log_Type.RECOGNIZED_WORDS	right	det också finns i ikea
09/29/2020 12:24:50 PM 	 1601375090.291504	Log_Type.RECOGNIZED_WORDS	right	och
09/29/2020 12:24:56 PM 	 1601375096.9162931	Log_Type.RECOGNIZED_WORDS	left	organisk
09/29/2020 12:25:01 PM 	 1601375101.7385232	Log_Type.RECOGNIZED_WORDS	left	öppen
09/29/2020 12:25:06 PM 	 1601375106.7084324	Log_Type.RECOGNIZED_WORDS	left	ja
09/29/2020 12:25:09 PM 	 1601375109.006212	Log_Type.RECOGNIZED_WORDS	right	ja ja
09/29/2020 12:25:11 PM 	 1601375111.4546754	Log_Type.RECOGNIZED_WORDS	left	ja
09/29/2020 12:25:16 PM 	 1601375116.1288745	Log_Type.RECOGNIZED_WORDS	left	man bor
09/29/2020 12:25:17 PM 	 1601375117.5302749	Log_Type.RECOGNIZED_WORDS	right	boris
09/29/2020 12:25:25 PM 	 1601375125.1152148	Log_Type.RECOGNIZED_WORDS	right	hur många bor i
09/29/2020 12:25:25 PM 	 1601375125.9960902	Log_Type.RECOGNIZED_WORDS	left	så när man bor i
09/29/2020 12:25:31 PM 	 1601375131.1477892	Log_Type.RECOGNIZED_WORDS	left	villa är inte lägenhet
09/29/2020 12:25:36 PM 	 1601375136.4048507	Log_Type.RECOGNIZED_WORDS	left	vad är man bor i vad heter det
09/29/2020 12:25:41 PM 	 1601375141.0855062	Log_Type.RECOGNIZED_WORDS	left	ja
09/29/2020 12:25:42 PM 	 1601375142.2348423	Log_Type.RECOGNIZED_WORDS	right	kanske flera familjerum
09/29/2020 12:25:45 PM 	 1601375145.9855804	Log_Type.RECOGNIZED_WORDS	left	radhus
09/29/2020 12:25:56 PM 	 1601375156.1004283	Log_Type.RECOGNIZED_WORDS	right	när man väljer
09/29/2020 12:26:01 PM 	 1601375161.649706	Log_Type.RECOGNIZED_WORDS	right	president
09/29/2020 12:26:14 PM 	 1601375174.1167107	Log_Type.RECOGNIZED_WORDS	left	man frågar
09/29/2020 12:26:15 PM 	 1601375175.8174927	Log_Type.RECOGNIZED_WORDS	right	fråga folk i ett land
09/29/2020 12:26:19 PM 	 1601375179.0350413	Log_Type.RECOGNIZED_WORDS	left	vilken ledare de helst vill ha och sköta
09/29/2020 12:26:24 PM 	 1601375184.0831292	Log_Type.RECOGNIZED_WORDS	left	lappar att lägga i en låda och så räknar man
09/29/2020 12:26:29 PM 	 1601375189.049294	Log_Type.RECOGNIZED_WORDS	left	mannen
09/29/2020 12:26:29 PM 	 1601375189.840249	Log_Type.RECOGNIZED_WORDS	right	god morgon en podcast
09/29/2020 12:26:42 PM 	 1601375202.8616889	Log_Type.RECOGNIZED_WORDS	right	dn
09/29/2020 12:26:52 PM 	 1601375212.1664398	Log_Type.RECOGNIZED_WORDS	left	snyggt
09/29/2020 12:26:56 PM 	 1601375216.7738888	Log_Type.RECOGNIZED_WORDS	left	jaha
09/29/2020 12:27:01 PM 	 1601375221.9262745	Log_Type.RECOGNIZED_WORDS	left	de har såna här
09/29/2020 12:27:03 PM 	 1601375223.0052996	Log_Type.RECOGNIZED_WORDS	right	stopp
09/29/2020 12:27:06 PM 	 1601375226.8591561	Log_Type.RECOGNIZED_WORDS	left	i vätskan som flyter runt i dina ådror
09/29/2020 12:27:08 PM 	 1601375228.1740537	Log_Type.RECOGNIZED_WORDS	right	jade roller
09/29/2020 12:27:11 PM 	 1601375231.6752267	Log_Type.RECOGNIZED_WORDS	left	röda
09/29/2020 12:27:16 PM 	 1601375236.7774658	Log_Type.RECOGNIZED_WORDS	left	yeah
09/29/2020 12:27:21 PM 	 1601375241.4220853	Log_Type.RECOGNIZED_WORDS	right	okej
09/29/2020 12:27:21 PM 	 1601375241.4772024	Log_Type.RECOGNIZED_WORDS	left	okej
09/29/2020 12:27:23 PM 	 1601375243.495138	Log_Type.RECOGNIZED_WORDS	right	sår
09/29/2020 12:27:30 PM 	 1601375250.4604342	Log_Type.RECOGNIZED_WORDS	right	det är också fint på ikea
09/29/2020 12:27:36 PM 	 1601375256.1304348	Log_Type.RECOGNIZED_WORDS	right	spela det med
09/29/2020 12:27:40 PM 	 1601375260.7803965	Log_Type.RECOGNIZED_WORDS	right	tåg
09/29/2020 12:27:44 PM 	 1601375264.6816983	Log_Type.RECOGNIZED_WORDS	left	snyggt
09/29/2020 12:27:49 PM 	 1601375269.7648382	Log_Type.RECOGNIZED_WORDS	left	världen säger som
09/29/2020 12:27:54 PM 	 1601375274.408281	Log_Type.RECOGNIZED_WORDS	left	jaha okej
09/29/2020 12:27:56 PM 	 1601375276.9501345	Log_Type.RECOGNIZED_WORDS	right	en fin
09/29/2020 12:27:59 PM 	 1601375279.1450982	Log_Type.RECOGNIZED_WORDS	left	ja
09/29/2020 12:28:04 PM 	 1601375284.110484	Log_Type.RECOGNIZED_WORDS	left	nej inte riktigt
09/29/2020 12:28:06 PM 	 1601375286.7117481	Log_Type.RECOGNIZED_WORDS	right	tempel pyramiden
09/29/2020 12:28:08 PM 	 1601375288.5087607	Log_Type.RECOGNIZED_WORDS	right	ja
09/29/2020 12:28:08 PM 	 1601375288.7854831	Log_Type.RECOGNIZED_WORDS	left	stora byggnader
09/29/2020 12:28:18 PM 	 1601375298.17956	Log_Type.RECOGNIZED_WORDS	left	ja tack för att vi fick spela
