09/24/2020 05:33:22 PM 	 1600961602.611929	Log_Type.CONFIG	INIT_USER	left
09/24/2020 05:33:22 PM 	 1600961602.6177657	Log_Type.CONFIG	INIT_USER	right
09/24/2020 05:33:30 PM 	 1600961610.5033846	Log_Type.RECOGNIZED_WORDS	left	hon gift med kungen
09/24/2020 05:33:38 PM 	 1600961618.0529928	Log_Type.RECOGNIZED_WORDS	left	det är
09/24/2020 05:33:38 PM 	 1600961618.422508	Log_Type.RECOGNIZED_WORDS	right	äntligen
09/24/2020 05:33:42 PM 	 1600961622.9672637	Log_Type.RECOGNIZED_WORDS	left	hon är i ledningen i
09/24/2020 05:33:53 PM 	 1600961633.763906	Log_Type.RECOGNIZED_WORDS	left	mamma
09/24/2020 05:34:06 PM 	 1600961646.0657022	Log_Type.RECOGNIZED_WORDS	left	korrekt
09/24/2020 05:34:07 PM 	 1600961647.2365043	Log_Type.RECOGNIZED_WORDS	right	okej
09/24/2020 05:34:14 PM 	 1600961654.6636944	Log_Type.RECOGNIZED_WORDS	right	first kommer och åska
09/24/2020 05:34:23 PM 	 1600961663.1111815	Log_Type.RECOGNIZED_WORDS	left	nej de andra när det är mörka moln
09/24/2020 05:34:28 PM 	 1600961668.0894132	Log_Type.RECOGNIZED_WORDS	left	jag vet
09/24/2020 05:34:37 PM 	 1600961677.5342534	Log_Type.RECOGNIZED_WORDS	left	macka kan man ha det här som pålägg
09/24/2020 05:34:42 PM 	 1600961682.3983169	Log_Type.RECOGNIZED_WORDS	right	vegetarier tycker inte om det
09/24/2020 05:34:47 PM 	 1600961687.6171436	Log_Type.RECOGNIZED_WORDS	left	ja
09/24/2020 05:34:52 PM 	 1600961692.1561527	Log_Type.RECOGNIZED_WORDS	left	de här finns påfåglar
09/24/2020 05:35:01 PM 	 1600961701.69646	Log_Type.RECOGNIZED_WORDS	left	inte päls utan
09/24/2020 05:35:04 PM 	 1600961704.0175357	Log_Type.RECOGNIZED_WORDS	right	det är mjuk
09/24/2020 05:35:09 PM 	 1600961709.354393	Log_Type.RECOGNIZED_WORDS	left	man kan
09/24/2020 05:35:14 PM 	 1600961714.2341676	Log_Type.RECOGNIZED_WORDS	left	ja
09/24/2020 05:35:18 PM 	 1600961718.8979537	Log_Type.RECOGNIZED_WORDS	left	det här är ett kryp
09/24/2020 05:35:26 PM 	 1600961726.241402	Log_Type.RECOGNIZED_WORDS	left	som gör det
09/24/2020 05:35:39 PM 	 1600961739.6235592	Log_Type.RECOGNIZED_WORDS	left	inte än
09/24/2020 05:35:42 PM 	 1600961742.9140067	Log_Type.RECOGNIZED_WORDS	right	köket
09/24/2020 05:35:44 PM 	 1600961744.2468493	Log_Type.RECOGNIZED_WORDS	left	men han jobbar i köket
09/24/2020 05:35:51 PM 	 1600961751.153214	Log_Type.RECOGNIZED_WORDS	left	tandläkare
09/24/2020 05:36:00 PM 	 1600961760.600325	Log_Type.RECOGNIZED_WORDS	left	om du ska skicka brev
09/24/2020 05:36:07 PM 	 1600961767.8332975	Log_Type.RECOGNIZED_WORDS	right	ska köpa något för att skicka brev
09/24/2020 05:36:09 PM 	 1600961769.8396344	Log_Type.RECOGNIZED_WORDS	left	ja
09/24/2020 05:36:19 PM 	 1600961779.2127368	Log_Type.RECOGNIZED_WORDS	left	ja
09/24/2020 05:36:31 PM 	 1600961791.7780113	Log_Type.RECOGNIZED_WORDS	right	rummets var man kan
09/24/2020 05:36:32 PM 	 1600961792.9545772	Log_Type.RECOGNIZED_WORDS	left	kan
09/24/2020 05:36:38 PM 	 1600961798.016749	Log_Type.RECOGNIZED_WORDS	left	det rum i hus
09/24/2020 05:36:47 PM 	 1600961807.3487997	Log_Type.RECOGNIZED_WORDS	left	toalett
09/24/2020 05:36:49 PM 	 1600961809.1731057	Log_Type.RECOGNIZED_WORDS	right	om du kan duscha dig också
09/24/2020 05:36:51 PM 	 1600961811.9483848	Log_Type.RECOGNIZED_WORDS	left	ja
09/24/2020 05:36:56 PM 	 1600961816.7549326	Log_Type.RECOGNIZED_WORDS	left	ja
09/24/2020 05:37:06 PM 	 1600961826.14409	Log_Type.RECOGNIZED_WORDS	left	du ska måla någonting
09/24/2020 05:37:15 PM 	 1600961835.689736	Log_Type.RECOGNIZED_WORDS	left	för att
09/24/2020 05:37:21 PM 	 1600961841.065146	Log_Type.RECOGNIZED_WORDS	left	för att måla så behöver du färg och sen blir
09/24/2020 05:37:30 PM 	 1600961850.6870408	Log_Type.RECOGNIZED_WORDS	left	pendeln
09/24/2020 05:37:40 PM 	 1600961860.0985756	Log_Type.RECOGNIZED_WORDS	left	om du är sjuk
09/24/2020 05:37:40 PM 	 1600961860.1295452	Log_Type.RECOGNIZED_WORDS	right	om du är sjuk
09/24/2020 05:37:42 PM 	 1600961862.2915075	Log_Type.RECOGNIZED_WORDS	right	till
09/24/2020 05:37:49 PM 	 1600961869.7235055	Log_Type.RECOGNIZED_WORDS	left	läkare
09/24/2020 05:37:54 PM 	 1600961874.570338	Log_Type.RECOGNIZED_WORDS	left	butik
09/24/2020 05:37:55 PM 	 1600961875.3917148	Log_Type.RECOGNIZED_WORDS	right	om du
09/24/2020 05:38:01 PM 	 1600961881.1097093	Log_Type.RECOGNIZED_WORDS	right	om du behöver något för att att
09/24/2020 05:38:04 PM 	 1600961884.2493498	Log_Type.RECOGNIZED_WORDS	left	använda
09/24/2020 05:38:06 PM 	 1600961885.9999223	Log_Type.RECOGNIZED_WORDS	right	okej
09/24/2020 05:38:14 PM 	 1600961894.0437105	Log_Type.RECOGNIZED_WORDS	left	i en tävling så kan du få en sån här
09/24/2020 05:38:19 PM 	 1600961899.1354673	Log_Type.RECOGNIZED_WORDS	left	titta
09/24/2020 05:38:23 PM 	 1600961903.8974297	Log_Type.RECOGNIZED_WORDS	left	vad säger en speciell färg för vinnaren
09/24/2020 05:38:23 PM 	 1600961903.9241948	Log_Type.RECOGNIZED_WORDS	right	så
09/24/2020 05:38:29 PM 	 1600961909.5606713	Log_Type.RECOGNIZED_WORDS	left	så slår ihop de två
09/24/2020 05:38:29 PM 	 1600961909.5617268	Log_Type.RECOGNIZED_WORDS	right	okej ja
09/24/2020 05:38:34 PM 	 1600961914.6302521	Log_Type.RECOGNIZED_WORDS	left	ja
09/24/2020 05:38:43 PM 	 1600961923.8446302	Log_Type.RECOGNIZED_WORDS	left	hur många är rädd för de här om
09/24/2020 05:38:48 PM 	 1600961928.6667106	Log_Type.RECOGNIZED_WORDS	left	kan man bli en sån här
09/24/2020 05:38:52 PM 	 1600961932.8138585	Log_Type.RECOGNIZED_WORDS	right	man tycker att det är transparent
09/24/2020 05:38:54 PM 	 1600961934.155791	Log_Type.RECOGNIZED_WORDS	left	dansband
09/24/2020 05:38:55 PM 	 1600961935.121749	Log_Type.RECOGNIZED_WORDS	right	också
09/24/2020 05:38:58 PM 	 1600961938.8763325	Log_Type.RECOGNIZED_WORDS	left	tja
09/24/2020 05:39:03 PM 	 1600961943.796639	Log_Type.RECOGNIZED_WORDS	left	ja
09/24/2020 05:39:09 PM 	 1600961949.14711	Log_Type.RECOGNIZED_WORDS	left	om du gör ett prov så
09/24/2020 05:39:13 PM 	 1600961953.0140078	Log_Type.RECOGNIZED_WORDS	right	tänd
09/24/2020 05:39:18 PM 	 1600961958.4761353	Log_Type.RECOGNIZED_WORDS	left	ett annat ord för omdöme
09/24/2020 05:39:23 PM 	 1600961963.2245271	Log_Type.RECOGNIZED_WORDS	left	ja
09/24/2020 05:39:28 PM 	 1600961968.521787	Log_Type.RECOGNIZED_WORDS	right	det är en fågel som
09/24/2020 05:39:30 PM 	 1600961970.8422637	Log_Type.RECOGNIZED_WORDS	right	natten
09/24/2020 05:39:32 PM 	 1600961972.453955	Log_Type.RECOGNIZED_WORDS	left	jaha
09/24/2020 05:39:37 PM 	 1600961977.2837303	Log_Type.RECOGNIZED_WORDS	left	den kan vrida hela huvudet runt
09/24/2020 05:39:42 PM 	 1600961982.2587934	Log_Type.RECOGNIZED_WORDS	left	uggla
09/24/2020 05:39:46 PM 	 1600961986.9029582	Log_Type.RECOGNIZED_WORDS	left	jaha
09/24/2020 05:39:51 PM 	 1600961991.6686409	Log_Type.RECOGNIZED_WORDS	left	som lever bland bergen
09/24/2020 05:39:58 PM 	 1600961998.5943446	Log_Type.RECOGNIZED_WORDS	left	ja
09/24/2020 05:40:04 PM 	 1600962004.1905704	Log_Type.RECOGNIZED_WORDS	right	okej
09/24/2020 05:40:08 PM 	 1600962008.1111915	Log_Type.RECOGNIZED_WORDS	left	spanska först
09/24/2020 05:40:09 PM 	 1600962009.7482789	Log_Type.RECOGNIZED_WORDS	right	sportsbar man ska fest springa fort och
09/24/2020 05:40:15 PM 	 1600962015.7853246	Log_Type.RECOGNIZED_WORDS	right	något för att sticka i marken
09/24/2020 05:40:26 PM 	 1600962026.9329882	Log_Type.RECOGNIZED_WORDS	left	oj oj oj
09/24/2020 05:40:31 PM 	 1600962031.4679306	Log_Type.RECOGNIZED_WORDS	left	instrument för att göra musik
09/24/2020 05:40:41 PM 	 1600962041.37706	Log_Type.RECOGNIZED_WORDS	left	du ska
09/24/2020 05:40:43 PM 	 1600962043.1427877	Log_Type.RECOGNIZED_WORDS	right	mätt
09/24/2020 05:40:46 PM 	 1600962046.653437	Log_Type.RECOGNIZED_WORDS	left	det var det va
09/24/2020 05:40:51 PM 	 1600962051.550781	Log_Type.RECOGNIZED_WORDS	left	jaha
09/24/2020 05:40:56 PM 	 1600962056.1915736	Log_Type.RECOGNIZED_WORDS	left	farm
09/24/2020 05:41:00 PM 	 1600962060.9631045	Log_Type.RECOGNIZED_WORDS	left	morfar har det här
09/24/2020 05:41:10 PM 	 1600962070.4242308	Log_Type.RECOGNIZED_WORDS	left	ja
09/24/2020 05:41:18 PM 	 1600962078.1505818	Log_Type.RECOGNIZED_WORDS	right	går i
09/24/2020 05:41:19 PM 	 1600962079.8964427	Log_Type.RECOGNIZED_WORDS	left	i
09/24/2020 05:41:20 PM 	 1600962080.7588484	Log_Type.RECOGNIZED_WORDS	right	sant
09/24/2020 05:41:24 PM 	 1600962084.811449	Log_Type.RECOGNIZED_WORDS	left	jaha då lämnar
09/24/2020 05:41:27 PM 	 1600962087.4419103	Log_Type.RECOGNIZED_WORDS	right	så lämnar du något på marken
09/24/2020 05:41:29 PM 	 1600962089.8102727	Log_Type.RECOGNIZED_WORDS	left	ja
09/24/2020 05:41:30 PM 	 1600962090.4978464	Log_Type.RECOGNIZED_WORDS	right	vad är det
09/24/2020 05:41:34 PM 	 1600962094.7909415	Log_Type.RECOGNIZED_WORDS	left	ja
09/24/2020 05:41:44 PM 	 1600962104.0298343	Log_Type.RECOGNIZED_WORDS	left	man kan ha en hund eller en katt och
09/24/2020 05:41:58 PM 	 1600962118.1681702	Log_Type.RECOGNIZED_WORDS	left	en grupp för hund katt katt
09/24/2020 05:42:02 PM 	 1600962122.850405	Log_Type.RECOGNIZED_WORDS	left	ja
09/24/2020 05:42:18 PM 	 1600962138.5814831	Log_Type.RECOGNIZED_WORDS	left	platsen där du har massa gravstenar
09/24/2020 05:42:23 PM 	 1600962143.5017936	Log_Type.RECOGNIZED_WORDS	left	och toppen på den platsen
09/24/2020 05:42:27 PM 	 1600962147.885071	Log_Type.RECOGNIZED_WORDS	right	okej
09/24/2020 05:42:28 PM 	 1600962148.3453238	Log_Type.RECOGNIZED_WORDS	left	ja
09/24/2020 05:42:34 PM 	 1600962154.4644427	Log_Type.RECOGNIZED_WORDS	right	det är en en ett djur
09/24/2020 05:42:38 PM 	 1600962158.4049916	Log_Type.RECOGNIZED_WORDS	right	är vit och farligt
09/24/2020 05:42:42 PM 	 1600962162.8891213	Log_Type.RECOGNIZED_WORDS	left	ja
09/24/2020 05:42:43 PM 	 1600962163.107765	Log_Type.RECOGNIZED_WORDS	right	och som lever i norden
09/24/2020 05:42:48 PM 	 1600962168.609712	Log_Type.RECOGNIZED_WORDS	right	förekommer synonym
09/24/2020 05:42:56 PM 	 1600962176.1811888	Log_Type.RECOGNIZED_WORDS	right	de äter fisk
09/24/2020 05:42:56 PM 	 1600962176.8683026	Log_Type.RECOGNIZED_WORDS	left	ja
09/24/2020 05:43:18 PM 	 1600962198.939578	Log_Type.RECOGNIZED_WORDS	right	orange
09/24/2020 05:43:19 PM 	 1600962199.0558832	Log_Type.RECOGNIZED_WORDS	left	färgen är orange
09/24/2020 05:43:24 PM 	 1600962204.1640801	Log_Type.RECOGNIZED_WORDS	left	ja
09/24/2020 05:43:24 PM 	 1600962204.4416494	Log_Type.RECOGNIZED_WORDS	right	och det känns
09/24/2020 05:43:29 PM 	 1600962209.235915	Log_Type.RECOGNIZED_WORDS	left	man kan dela upp ordet i två delar
09/24/2020 05:43:34 PM 	 1600962214.109159	Log_Type.RECOGNIZED_WORDS	left	ja
09/24/2020 05:43:38 PM 	 1600962218.7762256	Log_Type.RECOGNIZED_WORDS	left	ja
09/24/2020 05:43:43 PM 	 1600962223.5056584	Log_Type.RECOGNIZED_WORDS	left	om du sover dåligt vaknar mitt i natten
09/24/2020 05:43:48 PM 	 1600962228.4276981	Log_Type.RECOGNIZED_WORDS	left	så kan du haft en
09/24/2020 05:43:53 PM 	 1600962233.1006663	Log_Type.RECOGNIZED_WORDS	left	ja
09/24/2020 05:44:05 PM 	 1600962245.90178	Log_Type.RECOGNIZED_WORDS	right	om du äter och det är ohälsosamt
09/24/2020 05:44:06 PM 	 1600962246.943247	Log_Type.RECOGNIZED_WORDS	left	jaha
09/24/2020 05:44:11 PM 	 1600962251.7023501	Log_Type.RECOGNIZED_WORDS	right	en typ av mat
09/24/2020 05:44:12 PM 	 1600962252.4414732	Log_Type.RECOGNIZED_WORDS	left	är ofta en typ av mat
09/24/2020 05:44:13 PM 	 1600962253.8522513	Log_Type.RECOGNIZED_WORDS	right	den typ
09/24/2020 05:44:17 PM 	 1600962257.4244988	Log_Type.RECOGNIZED_WORDS	left	till exempel pizza eller hamburgare
09/24/2020 05:44:22 PM 	 1600962262.388904	Log_Type.RECOGNIZED_WORDS	left	ja
09/24/2020 05:44:26 PM 	 1600962266.9397252	Log_Type.RECOGNIZED_WORDS	left	en planta som du
09/24/2020 05:44:31 PM 	 1600962271.7961419	Log_Type.RECOGNIZED_WORDS	left	hus
09/24/2020 05:44:36 PM 	 1600962276.4828558	Log_Type.RECOGNIZED_WORDS	left	som är grön
09/24/2020 05:44:41 PM 	 1600962281.2358086	Log_Type.RECOGNIZED_WORDS	left	klockan
09/24/2020 05:44:45 PM 	 1600962285.984563	Log_Type.RECOGNIZED_WORDS	left	nästan
09/24/2020 05:45:00 PM 	 1600962300.14337	Log_Type.RECOGNIZED_WORDS	left	jag inte säga ord
09/24/2020 05:45:04 PM 	 1600962304.9168754	Log_Type.RECOGNIZED_WORDS	left	dina kusiners
09/24/2020 05:45:19 PM 	 1600962319.03709	Log_Type.RECOGNIZED_WORDS	left	ja
09/24/2020 05:45:23 PM 	 1600962323.5792837	Log_Type.RECOGNIZED_WORDS	left	ja
09/24/2020 05:45:37 PM 	 1600962337.1231203	Log_Type.RECOGNIZED_WORDS	left	lag
09/24/2020 05:45:38 PM 	 1600962338.241535	Log_Type.RECOGNIZED_WORDS	right	inte ett lag
09/24/2020 05:45:42 PM 	 1600962342.228691	Log_Type.RECOGNIZED_WORDS	left	det gör det möjligt för dig att välja
09/24/2020 05:45:42 PM 	 1600962342.3990252	Log_Type.RECOGNIZED_WORDS	right	det gör det möjligt för att välja
09/24/2020 05:45:45 PM 	 1600962345.180919	Log_Type.RECOGNIZED_WORDS	right	president
09/24/2020 05:45:51 PM 	 1600962351.7628736	Log_Type.RECOGNIZED_WORDS	left	folkomröstning
09/24/2020 05:45:56 PM 	 1600962356.7142222	Log_Type.RECOGNIZED_WORDS	left	alla måste inte men
09/24/2020 05:46:01 PM 	 1600962361.50479	Log_Type.RECOGNIZED_WORDS	left	ja
09/24/2020 05:46:10 PM 	 1600962370.4073446	Log_Type.RECOGNIZED_WORDS	right	okej
09/24/2020 05:46:10 PM 	 1600962370.8231726	Log_Type.RECOGNIZED_WORDS	left	dennes
09/24/2020 05:46:15 PM 	 1600962375.7285335	Log_Type.RECOGNIZED_WORDS	left	fast en stor maskin för att
09/24/2020 05:46:21 PM 	 1600962381.0571902	Log_Type.RECOGNIZED_WORDS	left	göra något större
09/24/2020 05:46:26 PM 	 1600962386.8097005	Log_Type.RECOGNIZED_WORDS	right	man använder dig inte nu inte så
09/24/2020 05:46:32 PM 	 1600962392.3605785	Log_Type.RECOGNIZED_WORDS	right	där industriell nu
09/24/2020 05:46:35 PM 	 1600962395.3052795	Log_Type.RECOGNIZED_WORDS	left	ja
09/24/2020 05:46:52 PM 	 1600962412.4950936	Log_Type.RECOGNIZED_WORDS	right	om du är på semester
09/24/2020 05:46:56 PM 	 1600962416.6607344	Log_Type.RECOGNIZED_WORDS	right	jag vill åka
09/24/2020 05:46:58 PM 	 1600962418.3475113	Log_Type.RECOGNIZED_WORDS	left	någonstans
09/24/2020 05:47:00 PM 	 1600962420.7589357	Log_Type.RECOGNIZED_WORDS	right	de har det
09/24/2020 05:47:12 PM 	 1600962432.6445844	Log_Type.RECOGNIZED_WORDS	left	kroppen så har du det här
09/24/2020 05:47:17 PM 	 1600962437.6430535	Log_Type.RECOGNIZED_WORDS	left	i ditt hjärta
09/24/2020 05:47:32 PM 	 1600962452.0730731	Log_Type.RECOGNIZED_WORDS	left	det är rött
09/24/2020 05:47:37 PM 	 1600962457.260348	Log_Type.RECOGNIZED_WORDS	left	pumpas rött runt i
09/24/2020 05:47:38 PM 	 1600962458.0685973	Log_Type.RECOGNIZED_WORDS	right	och det är
09/24/2020 05:48:00 PM 	 1600962480.719291	Log_Type.RECOGNIZED_WORDS	right	det är en
09/24/2020 05:48:00 PM 	 1600962480.7211301	Log_Type.RECOGNIZED_WORDS	left	ja
09/24/2020 05:48:05 PM 	 1600962485.5203664	Log_Type.RECOGNIZED_WORDS	left	jaha
09/24/2020 05:48:07 PM 	 1600962487.3641086	Log_Type.RECOGNIZED_WORDS	right	byggverk
09/24/2020 05:48:11 PM 	 1600962491.7139544	Log_Type.RECOGNIZED_WORDS	right	som
09/24/2020 05:48:19 PM 	 1600962499.842889	Log_Type.RECOGNIZED_WORDS	left	ja det är visst många sådana
09/24/2020 05:48:23 PM 	 1600962503.0662284	Log_Type.RECOGNIZED_WORDS	right	underverk
09/24/2020 05:48:25 PM 	 1600962505.403128	Log_Type.RECOGNIZED_WORDS	left	jag trodde hon skulle säga det var helt rätt
09/24/2020 05:48:35 PM 	 1600962515.1492796	Log_Type.RECOGNIZED_WORDS	left	inte en präst men han hörs
09/24/2020 05:48:40 PM 	 1600962520.0024946	Log_Type.RECOGNIZED_WORDS	left	nej
09/24/2020 05:48:49 PM 	 1600962529.2811663	Log_Type.RECOGNIZED_WORDS	left	ja
09/24/2020 05:48:58 PM 	 1600962538.4780731	Log_Type.RECOGNIZED_WORDS	left	om man ska korsa
09/24/2020 05:49:03 PM 	 1600962543.6471725	Log_Type.RECOGNIZED_WORDS	left	bilen kan man åka på den här
09/24/2020 05:49:13 PM 	 1600962553.3119586	Log_Type.RECOGNIZED_WORDS	left	är vid vattnet
09/24/2020 05:49:18 PM 	 1600962558.0051224	Log_Type.RECOGNIZED_WORDS	left	men
09/24/2020 05:49:22 PM 	 1600962562.8902993	Log_Type.RECOGNIZED_WORDS	left	tack själv
