09/23/2020 02:38:53 PM 	 1600864733.2592711	Log_Type.CONFIG	INIT_USER	left
09/23/2020 02:38:53 PM 	 1600864733.2683086	Log_Type.CONFIG	INIT_USER	right
09/23/2020 02:38:56 PM 	 1600864736.86525	Log_Type.RECOGNIZED_WORDS	right	köping
09/23/2020 02:38:59 PM 	 1600864739.2280507	Log_Type.RECOGNIZED_WORDS	left	det är från
09/23/2020 02:39:03 PM 	 1600864743.2989683	Log_Type.RECOGNIZED_WORDS	right	från det strumpa
09/23/2020 02:39:03 PM 	 1600864743.5860832	Log_Type.RECOGNIZED_WORDS	left	shot
09/23/2020 02:39:07 PM 	 1600864747.3714566	Log_Type.RECOGNIZED_WORDS	right	man ofta lägger mackor
09/23/2020 02:39:08 PM 	 1600864748.3545103	Log_Type.RECOGNIZED_WORDS	left	mackor
09/23/2020 02:39:13 PM 	 1600864753.122641	Log_Type.RECOGNIZED_WORDS	left	julmat jul
09/23/2020 02:39:17 PM 	 1600864757.2828734	Log_Type.RECOGNIZED_WORDS	right	exakt det är ju mat som man brukar
09/23/2020 02:39:22 PM 	 1600864762.9283156	Log_Type.RECOGNIZED_WORDS	left	det är en bit
09/23/2020 02:39:27 PM 	 1600864767.326217	Log_Type.RECOGNIZED_WORDS	right	ja korrekt
09/23/2020 02:39:27 PM 	 1600864767.851133	Log_Type.RECOGNIZED_WORDS	left	det är mat perfekt
09/23/2020 02:39:33 PM 	 1600864773.1115208	Log_Type.RECOGNIZED_WORDS	left	det är prov för
09/23/2020 02:39:37 PM 	 1600864777.8652444	Log_Type.RECOGNIZED_WORDS	left	prinsessan
09/23/2020 02:39:40 PM 	 1600864780.9709241	Log_Type.RECOGNIZED_WORDS	right	nej det är den kvinnliga versionen
09/23/2020 02:39:43 PM 	 1600864783.0688617	Log_Type.RECOGNIZED_WORDS	left	kvinnliga versionen av en kung
09/23/2020 02:39:48 PM 	 1600864788.3952177	Log_Type.RECOGNIZED_WORDS	left	finns i schack finns kund och
09/23/2020 02:39:54 PM 	 1600864794.4223373	Log_Type.RECOGNIZED_WORDS	right	okej
09/23/2020 02:39:57 PM 	 1600864797.8928666	Log_Type.RECOGNIZED_WORDS	left	när du vinner
09/23/2020 02:40:00 PM 	 1600864800.1996522	Log_Type.RECOGNIZED_WORDS	right	när du vinner ett pris jag kommer första plats då
09/23/2020 02:40:05 PM 	 1600864805.8572016	Log_Type.RECOGNIZED_WORDS	left	runda
09/23/2020 02:40:10 PM 	 1600864810.6965	Log_Type.RECOGNIZED_WORDS	left	varg
09/23/2020 02:40:15 PM 	 1600864815.7927785	Log_Type.RECOGNIZED_WORDS	left	en bild av bingo
09/23/2020 02:40:20 PM 	 1600864820.5535042	Log_Type.RECOGNIZED_WORDS	right	det du har på nära håll
09/23/2020 02:40:20 PM 	 1600864820.6992896	Log_Type.RECOGNIZED_WORDS	left	någonting
09/23/2020 02:40:23 PM 	 1600864823.196491	Log_Type.RECOGNIZED_WORDS	right	för att det ska gå igenom
09/23/2020 02:40:32 PM 	 1600864832.6650681	Log_Type.RECOGNIZED_WORDS	left	det finns en film med casper
09/23/2020 02:40:37 PM 	 1600864837.601314	Log_Type.RECOGNIZED_WORDS	left	om en varelse
09/23/2020 02:40:40 PM 	 1600864840.509864	Log_Type.RECOGNIZED_WORDS	right	vad är det som kan gå igenom väggar ofta som är läskig
09/23/2020 02:40:43 PM 	 1600864843.2249303	Log_Type.RECOGNIZED_WORDS	right	gå igenom väggar
09/23/2020 02:40:48 PM 	 1600864848.3520215	Log_Type.RECOGNIZED_WORDS	right	ja
09/23/2020 02:40:53 PM 	 1600864853.5295804	Log_Type.RECOGNIZED_WORDS	left	där går på toaletten där
09/23/2020 02:40:54 PM 	 1600864854.001506	Log_Type.RECOGNIZED_WORDS	right	där du går på toaletten det är rätt
09/23/2020 02:40:59 PM 	 1600864859.0134554	Log_Type.RECOGNIZED_WORDS	left	du kan duscha säg det är det
09/23/2020 02:41:01 PM 	 1600864861.6518896	Log_Type.RECOGNIZED_WORDS	right	ja
09/23/2020 02:41:07 PM 	 1600864867.9009454	Log_Type.RECOGNIZED_WORDS	right	du får din medicin härifrån du kan köpa plåster
09/23/2020 02:41:08 PM 	 1600864868.6219904	Log_Type.RECOGNIZED_WORDS	left	tid
09/23/2020 02:41:13 PM 	 1600864873.3560834	Log_Type.RECOGNIZED_WORDS	left	nej det
09/23/2020 02:41:18 PM 	 1600864878.4554663	Log_Type.RECOGNIZED_WORDS	left	ja du hittar köper olika mediciner
09/23/2020 02:41:25 PM 	 1600864885.0608454	Log_Type.RECOGNIZED_WORDS	right	ja
09/23/2020 02:41:30 PM 	 1600864890.1116455	Log_Type.RECOGNIZED_WORDS	right	åh nej
09/23/2020 02:41:32 PM 	 1600864892.7072635	Log_Type.RECOGNIZED_WORDS	left	nej jag
09/23/2020 02:41:35 PM 	 1600864895.1253936	Log_Type.RECOGNIZED_WORDS	right	ja
09/23/2020 02:41:38 PM 	 1600864898.1547914	Log_Type.RECOGNIZED_WORDS	left	när de sover så visar de ser ut
09/23/2020 02:41:40 PM 	 1600864900.640105	Log_Type.RECOGNIZED_WORDS	right	så visar du ser du saker vad heter de sakerna
09/23/2020 02:41:43 PM 	 1600864903.0071287	Log_Type.RECOGNIZED_WORDS	left	drömmar
09/23/2020 02:41:46 PM 	 1600864906.2246265	Log_Type.RECOGNIZED_WORDS	right	okej
09/23/2020 02:41:49 PM 	 1600864909.282933	Log_Type.RECOGNIZED_WORDS	left	ja det är som du kan kolla på och sådär
09/23/2020 02:41:49 PM 	 1600864909.4073596	Log_Type.RECOGNIZED_WORDS	right	reflekterar ljusstrålar
09/23/2020 02:41:54 PM 	 1600864914.106994	Log_Type.RECOGNIZED_WORDS	left	du kan se sig i den
09/23/2020 02:41:59 PM 	 1600864919.3640008	Log_Type.RECOGNIZED_WORDS	left	kitten
09/23/2020 02:42:01 PM 	 1600864921.222022	Log_Type.RECOGNIZED_WORDS	right	ja
09/23/2020 02:42:04 PM 	 1600864924.1026154	Log_Type.RECOGNIZED_WORDS	left	en person som
09/23/2020 02:42:06 PM 	 1600864926.4377387	Log_Type.RECOGNIZED_WORDS	right	hon som gör bröd
09/23/2020 02:42:08 PM 	 1600864928.7703555	Log_Type.RECOGNIZED_WORDS	left	tårtor
09/23/2020 02:42:08 PM 	 1600864928.9907706	Log_Type.RECOGNIZED_WORDS	right	jobbar på ett konditori
09/23/2020 02:42:13 PM 	 1600864933.582158	Log_Type.RECOGNIZED_WORDS	left	jaha
09/23/2020 02:42:18 PM 	 1600864938.3688927	Log_Type.RECOGNIZED_WORDS	left	när du målar du har den
09/23/2020 02:42:23 PM 	 1600864943.3672714	Log_Type.RECOGNIZED_WORDS	left	stoppa dig i färger och du mår
09/23/2020 02:42:28 PM 	 1600864948.1745782	Log_Type.RECOGNIZED_WORDS	left	jaha
09/23/2020 02:42:29 PM 	 1600864949.8129613	Log_Type.RECOGNIZED_WORDS	right	det är
09/23/2020 02:42:33 PM 	 1600864953.7589748	Log_Type.RECOGNIZED_WORDS	left	det är 51 imse vimse
09/23/2020 02:42:34 PM 	 1600864954.367098	Log_Type.RECOGNIZED_WORDS	right	insekt med åtta ben
09/23/2020 02:42:38 PM 	 1600864958.5370264	Log_Type.RECOGNIZED_WORDS	left	ja som
09/23/2020 02:42:40 PM 	 1600864960.2082305	Log_Type.RECOGNIZED_WORDS	right	som kan skapa en nät
09/23/2020 02:42:43 PM 	 1600864963.3438015	Log_Type.RECOGNIZED_WORDS	left	ja
09/23/2020 02:42:48 PM 	 1600864968.12012	Log_Type.RECOGNIZED_WORDS	left	imse vimse
09/23/2020 02:42:52 PM 	 1600864972.443623	Log_Type.RECOGNIZED_WORDS	right	en elektrisk ljus
09/23/2020 02:42:53 PM 	 1600864973.3550286	Log_Type.RECOGNIZED_WORDS	left	elektrisk ljusstrålen
09/23/2020 02:42:56 PM 	 1600864976.2505505	Log_Type.RECOGNIZED_WORDS	right	när det stormar
09/23/2020 02:43:07 PM 	 1600864987.3331618	Log_Type.RECOGNIZED_WORDS	left	en fågel som som
09/23/2020 02:43:12 PM 	 1600864992.036755	Log_Type.RECOGNIZED_WORDS	right	va
09/23/2020 02:43:12 PM 	 1600864992.2353373	Log_Type.RECOGNIZED_WORDS	left	vad äter mossar
09/23/2020 02:43:15 PM 	 1600864995.2376769	Log_Type.RECOGNIZED_WORDS	right	ho ho
09/23/2020 02:43:18 PM 	 1600864998.8480444	Log_Type.RECOGNIZED_WORDS	right	anses vara visa
09/23/2020 02:43:20 PM 	 1600865000.2953968	Log_Type.RECOGNIZED_WORDS	left	bara visa att man fåglarna
09/23/2020 02:43:25 PM 	 1600865005.5010407	Log_Type.RECOGNIZED_WORDS	left	om man kan vara om man är uppe sent på kvällen
09/23/2020 02:43:26 PM 	 1600865006.3905804	Log_Type.RECOGNIZED_WORDS	right	om man kan vara om man är uppe sent på kvällen kan vara en
09/23/2020 02:43:30 PM 	 1600865010.405077	Log_Type.RECOGNIZED_WORDS	left	uggla
09/23/2020 02:43:44 PM 	 1600865024.9434705	Log_Type.RECOGNIZED_WORDS	left	det fungerar kanske det kvar
09/23/2020 02:43:47 PM 	 1600865027.7497654	Log_Type.RECOGNIZED_WORDS	right	uggla igen
09/23/2020 02:43:48 PM 	 1600865028.9120705	Log_Type.RECOGNIZED_WORDS	left	är du glad igen
09/23/2020 02:43:51 PM 	 1600865031.6757138	Log_Type.RECOGNIZED_WORDS	left	fågel
09/23/2020 02:43:56 PM 	 1600865036.7252104	Log_Type.RECOGNIZED_WORDS	left	tiden stannar också
09/23/2020 02:43:57 PM 	 1600865037.1194916	Log_Type.RECOGNIZED_WORDS	right	ska vi ska vi
09/23/2020 02:44:10 PM 	 1600865050.5248835	Log_Type.RECOGNIZED_WORDS	right	programmet verkar ha stannat upp
09/23/2020 02:44:11 PM 	 1600865051.0244856	Log_Type.RECOGNIZED_WORDS	left	vad är det hänt
09/23/2020 02:44:52 PM 	 1600865092.9383142	Log_Type.RECOGNIZED_WORDS	left	ska vi göra från början eller
09/23/2020 02:45:06 PM 	 1600865106.9235375	Log_Type.RECOGNIZED_WORDS	left	duschat
09/23/2020 02:45:10 PM 	 1600865110.1987286	Log_Type.RECOGNIZED_WORDS	right	idrottsgren
09/23/2020 02:45:11 PM 	 1600865111.9947307	Log_Type.RECOGNIZED_WORDS	left	idrottsgren
09/23/2020 02:45:12 PM 	 1600865112.6998696	Log_Type.RECOGNIZED_WORDS	right	där ska
09/23/2020 02:45:14 PM 	 1600865114.362416	Log_Type.RECOGNIZED_WORDS	right	ribba
09/23/2020 02:45:16 PM 	 1600865116.9719772	Log_Type.RECOGNIZED_WORDS	left	har du en rumpa
09/23/2020 02:45:19 PM 	 1600865119.9079483	Log_Type.RECOGNIZED_WORDS	right	os gren som stefan holm var bra på
09/23/2020 02:45:27 PM 	 1600865127.1995184	Log_Type.RECOGNIZED_WORDS	left	nej
09/23/2020 02:45:27 PM 	 1600865127.9314027	Log_Type.RECOGNIZED_WORDS	right	nej nästan
09/23/2020 02:45:32 PM 	 1600865132.4045267	Log_Type.RECOGNIZED_WORDS	left	det innehåller det andra ordet
09/23/2020 02:45:32 PM 	 1600865132.934369	Log_Type.RECOGNIZED_WORDS	right	det innehåller det andra ordet du sa
09/23/2020 02:45:36 PM 	 1600865136.67717	Log_Type.RECOGNIZED_WORDS	right	ja
09/23/2020 02:45:42 PM 	 1600865142.0664895	Log_Type.RECOGNIZED_WORDS	right	det här är en typ av musikinstrument
09/23/2020 02:45:42 PM 	 1600865142.6647127	Log_Type.RECOGNIZED_WORDS	left	det här är en typ av musikinstrument
09/23/2020 02:45:47 PM 	 1600865147.3229427	Log_Type.RECOGNIZED_WORDS	left	marimba
09/23/2020 02:45:47 PM 	 1600865147.3993032	Log_Type.RECOGNIZED_WORDS	right	med marimba xylofon
09/23/2020 02:45:51 PM 	 1600865151.0025887	Log_Type.RECOGNIZED_WORDS	right	de tillhör en
09/23/2020 02:45:54 PM 	 1600865154.6496031	Log_Type.RECOGNIZED_WORDS	right	ja
09/23/2020 02:45:56 PM 	 1600865156.9763427	Log_Type.RECOGNIZED_WORDS	left	ja
09/23/2020 02:45:59 PM 	 1600865159.2954283	Log_Type.RECOGNIZED_WORDS	right	om du inte kan gå
09/23/2020 02:46:02 PM 	 1600865162.2921703	Log_Type.RECOGNIZED_WORDS	left	om du inte kan gå själv så sitter jag
09/23/2020 02:46:05 PM 	 1600865165.2803054	Log_Type.RECOGNIZED_WORDS	right	så sitter jag som här så kan folk rulla runt i den
09/23/2020 02:46:08 PM 	 1600865168.334875	Log_Type.RECOGNIZED_WORDS	right	jag har två hjul
09/23/2020 02:46:11 PM 	 1600865171.9966693	Log_Type.RECOGNIZED_WORDS	left	ja
09/23/2020 02:46:16 PM 	 1600865176.6578698	Log_Type.RECOGNIZED_WORDS	left	handikapp
09/23/2020 02:46:21 PM 	 1600865181.9370975	Log_Type.RECOGNIZED_WORDS	right	mcdonald's har sån här
09/23/2020 02:46:27 PM 	 1600865187.6340156	Log_Type.RECOGNIZED_WORDS	right	sån här sån här foder
09/23/2020 02:46:32 PM 	 1600865192.4089816	Log_Type.RECOGNIZED_WORDS	right	för att
09/23/2020 02:46:35 PM 	 1600865195.7366261	Log_Type.RECOGNIZED_WORDS	right	för att komma in
09/23/2020 02:46:41 PM 	 1600865201.223903	Log_Type.RECOGNIZED_WORDS	left	konto david användarnamn och ett
09/23/2020 02:46:41 PM 	 1600865201.3706663	Log_Type.RECOGNIZED_WORDS	right	konto avbryt användarnamn och ett
09/23/2020 02:46:46 PM 	 1600865206.4213426	Log_Type.RECOGNIZED_WORDS	left	du behöver skriva användarnamn
09/23/2020 02:46:51 PM 	 1600865211.8726623	Log_Type.RECOGNIZED_WORDS	left	för att logga in sig i bankkonto till exempel
09/23/2020 02:47:02 PM 	 1600865222.2419724	Log_Type.RECOGNIZED_WORDS	left	det står nära fönstret där de är grön
09/23/2020 02:47:07 PM 	 1600865227.5918083	Log_Type.RECOGNIZED_WORDS	right	en planta som du har en liten behållare ofta i hemmet
09/23/2020 02:47:08 PM 	 1600865228.680021	Log_Type.RECOGNIZED_WORDS	left	en planta som har en liten behållare ofta i handen
09/23/2020 02:47:11 PM 	 1600865231.8444774	Log_Type.RECOGNIZED_WORDS	right	ja
09/23/2020 02:47:13 PM 	 1600865233.7259603	Log_Type.RECOGNIZED_WORDS	left	ja ja
09/23/2020 02:47:18 PM 	 1600865238.5791283	Log_Type.RECOGNIZED_WORDS	left	oj
09/23/2020 02:47:20 PM 	 1600865240.1986072	Log_Type.RECOGNIZED_WORDS	right	det här är ett djur med
09/23/2020 02:47:23 PM 	 1600865243.068174	Log_Type.RECOGNIZED_WORDS	right	vad brukar du göra på släpar
09/23/2020 02:47:24 PM 	 1600865244.2960448	Log_Type.RECOGNIZED_WORDS	left	med två horn på snoppar
09/23/2020 02:47:29 PM 	 1600865249.6099844	Log_Type.RECOGNIZED_WORDS	left	som jättelänge
09/23/2020 02:47:29 PM 	 1600865249.6276262	Log_Type.RECOGNIZED_WORDS	right	ja det är typ en get
09/23/2020 02:47:34 PM 	 1600865254.8184865	Log_Type.RECOGNIZED_WORDS	left	ja bor
09/23/2020 02:47:36 PM 	 1600865256.2452602	Log_Type.RECOGNIZED_WORDS	right	ja
09/23/2020 02:47:43 PM 	 1600865263.6099403	Log_Type.RECOGNIZED_WORDS	right	när har när du sover på natten
09/23/2020 02:47:44 PM 	 1600865264.5207198	Log_Type.RECOGNIZED_WORDS	left	på natten och
09/23/2020 02:47:49 PM 	 1600865269.8539069	Log_Type.RECOGNIZED_WORDS	left	speciellt
09/23/2020 02:47:50 PM 	 1600865270.3910303	Log_Type.RECOGNIZED_WORDS	right	har du ett ankracet läskiga eller dåliga du kan kalla mig någonting
09/23/2020 02:47:54 PM 	 1600865274.7040696	Log_Type.RECOGNIZED_WORDS	left	ja
09/23/2020 02:47:57 PM 	 1600865277.4669664	Log_Type.RECOGNIZED_WORDS	right	för att du ska kunna
09/23/2020 02:47:59 PM 	 1600865279.4428926	Log_Type.RECOGNIZED_WORDS	left	välja
09/23/2020 02:48:02 PM 	 1600865282.1808383	Log_Type.RECOGNIZED_WORDS	right	jag välja en person som styr till
09/23/2020 02:48:04 PM 	 1600865284.2197056	Log_Type.RECOGNIZED_WORDS	left	land
09/23/2020 02:48:05 PM 	 1600865285.0536075	Log_Type.RECOGNIZED_WORDS	right	då
09/23/2020 02:48:08 PM 	 1600865288.8890686	Log_Type.RECOGNIZED_WORDS	left	ja
09/23/2020 02:48:10 PM 	 1600865290.1408384	Log_Type.RECOGNIZED_WORDS	right	min
09/23/2020 02:48:13 PM 	 1600865293.477712	Log_Type.RECOGNIZED_WORDS	left	vad är jag till min mormor
09/23/2020 02:48:13 PM 	 1600865293.7116106	Log_Type.RECOGNIZED_WORDS	right	vad är jag till min mormor
09/23/2020 02:48:18 PM 	 1600865298.2482111	Log_Type.RECOGNIZED_WORDS	right	jag är mitt mormors
09/23/2020 02:48:18 PM 	 1600865298.465368	Log_Type.RECOGNIZED_WORDS	left	jag är mycket mormor
09/23/2020 02:48:28 PM 	 1600865308.2658243	Log_Type.RECOGNIZED_WORDS	left	nej
09/23/2020 02:48:28 PM 	 1600865308.729487	Log_Type.RECOGNIZED_WORDS	right	nej
09/23/2020 02:48:32 PM 	 1600865312.341195	Log_Type.RECOGNIZED_WORDS	right	ja
09/23/2020 02:48:37 PM 	 1600865317.8088887	Log_Type.RECOGNIZED_WORDS	right	1
09/23/2020 02:48:39 PM 	 1600865319.0948887	Log_Type.RECOGNIZED_WORDS	left	ange hon barn i andra generation
09/23/2020 02:48:43 PM 	 1600865323.9004836	Log_Type.RECOGNIZED_WORDS	left	men vad bra
09/23/2020 02:48:44 PM 	 1600865324.258181	Log_Type.RECOGNIZED_WORDS	right	när man dör
09/23/2020 02:48:49 PM 	 1600865329.5608387	Log_Type.RECOGNIZED_WORDS	right	platsen är kyrkogården
09/23/2020 02:48:54 PM 	 1600865334.2637007	Log_Type.RECOGNIZED_WORDS	left	vad står ens namn på en viss sak vad heter den
09/23/2020 02:48:54 PM 	 1600865334.2862885	Log_Type.RECOGNIZED_WORDS	right	hans namn på en viss sak vad heter denna saken
09/23/2020 02:48:58 PM 	 1600865338.9239614	Log_Type.RECOGNIZED_WORDS	right	ja
09/23/2020 02:49:04 PM 	 1600865344.918219	Log_Type.RECOGNIZED_WORDS	right	en monument där står i ditt namn när det blev
09/23/2020 02:49:09 PM 	 1600865349.0782065	Log_Type.RECOGNIZED_WORDS	left	gravsten
09/23/2020 02:49:13 PM 	 1600865353.768061	Log_Type.RECOGNIZED_WORDS	left	oj
09/23/2020 02:49:18 PM 	 1600865358.7963314	Log_Type.RECOGNIZED_WORDS	left	jag kommer att gå
09/23/2020 02:49:24 PM 	 1600865364.0387905	Log_Type.RECOGNIZED_WORDS	left	nånting på golvet efter dig
09/23/2020 02:49:27 PM 	 1600865367.651237	Log_Type.RECOGNIZED_WORDS	right	när du går på marken
09/23/2020 02:49:29 PM 	 1600865369.039644	Log_Type.RECOGNIZED_WORDS	left	på marken så lämna
09/23/2020 02:49:29 PM 	 1600865369.6610568	Log_Type.RECOGNIZED_WORDS	right	avtryck
09/23/2020 02:49:31 PM 	 1600865371.2880127	Log_Type.RECOGNIZED_WORDS	right	skor
09/23/2020 02:49:33 PM 	 1600865373.0848155	Log_Type.RECOGNIZED_WORDS	right	mina
09/23/2020 02:49:33 PM 	 1600865373.8593745	Log_Type.RECOGNIZED_WORDS	left	ja
09/23/2020 02:49:35 PM 	 1600865375.8030987	Log_Type.RECOGNIZED_WORDS	right	skor
09/23/2020 02:49:38 PM 	 1600865378.5285282	Log_Type.RECOGNIZED_WORDS	left	fotboll
09/23/2020 02:49:45 PM 	 1600865385.5389795	Log_Type.RECOGNIZED_WORDS	right	ja det här är en
09/23/2020 02:49:47 PM 	 1600865387.9862523	Log_Type.RECOGNIZED_WORDS	left	ja
09/23/2020 02:49:53 PM 	 1600865393.0898337	Log_Type.RECOGNIZED_WORDS	left	ja det kommer bli en dropp av
09/23/2020 02:49:58 PM 	 1600865398.2551827	Log_Type.RECOGNIZED_WORDS	left	från trä
09/23/2020 02:49:58 PM 	 1600865398.4006667	Log_Type.RECOGNIZED_WORDS	right	koda ja okej
09/23/2020 02:50:01 PM 	 1600865401.532942	Log_Type.RECOGNIZED_WORDS	right	min
09/23/2020 02:50:02 PM 	 1600865402.9987092	Log_Type.RECOGNIZED_WORDS	left	min pappa
09/23/2020 02:50:05 PM 	 1600865405.5484715	Log_Type.RECOGNIZED_WORDS	right	manliga syskon är min
09/23/2020 02:50:07 PM 	 1600865407.816191	Log_Type.RECOGNIZED_WORDS	left	är min
09/23/2020 02:50:12 PM 	 1600865412.4275947	Log_Type.RECOGNIZED_WORDS	right	den gamla en äldre man
09/23/2020 02:50:12 PM 	 1600865412.8052979	Log_Type.RECOGNIZED_WORDS	left	en äldre man
09/23/2020 02:50:15 PM 	 1600865415.5472023	Log_Type.RECOGNIZED_WORDS	right	äldre man som man känner
09/23/2020 02:50:24 PM 	 1600865424.757475	Log_Type.RECOGNIZED_WORDS	right	ett stort djur som lever på
09/23/2020 02:50:24 PM 	 1600865424.9101071	Log_Type.RECOGNIZED_WORDS	left	stort djur som lever på
09/23/2020 02:50:29 PM 	 1600865429.606304	Log_Type.RECOGNIZED_WORDS	left	avigt
09/23/2020 02:50:29 PM 	 1600865429.6615593	Log_Type.RECOGNIZED_WORDS	right	nord eller sydpolen kanske båda
09/23/2020 02:50:39 PM 	 1600865439.2154012	Log_Type.RECOGNIZED_WORDS	right	nej ett större djur ett djur med päls
09/23/2020 02:50:39 PM 	 1600865439.415189	Log_Type.RECOGNIZED_WORDS	left	päls
09/23/2020 02:50:44 PM 	 1600865444.1852186	Log_Type.RECOGNIZED_WORDS	left	vit päls
09/23/2020 02:50:49 PM 	 1600865449.84807	Log_Type.RECOGNIZED_WORDS	right	när är
09/23/2020 02:50:53 PM 	 1600865453.706769	Log_Type.RECOGNIZED_WORDS	left	domesticerade varelser
09/23/2020 02:50:53 PM 	 1600865453.8547356	Log_Type.RECOGNIZED_WORDS	right	domesticerad varelser
09/23/2020 02:50:58 PM 	 1600865458.562452	Log_Type.RECOGNIZED_WORDS	left	hundar eller katter
09/23/2020 02:50:58 PM 	 1600865458.6935863	Log_Type.RECOGNIZED_WORDS	right	som till exempel hundar eller katter
09/23/2020 02:51:03 PM 	 1600865463.5868843	Log_Type.RECOGNIZED_WORDS	left	ja vi kan kalla mig
09/23/2020 02:51:04 PM 	 1600865464.201049	Log_Type.RECOGNIZED_WORDS	right	vad kallar man liksom de
09/23/2020 02:51:07 PM 	 1600865467.4457855	Log_Type.RECOGNIZED_WORDS	right	var har vi våra hem
09/23/2020 02:51:08 PM 	 1600865468.792441	Log_Type.RECOGNIZED_WORDS	left	hem
09/23/2020 02:51:16 PM 	 1600865476.8944044	Log_Type.RECOGNIZED_WORDS	right	en
09/23/2020 02:51:18 PM 	 1600865478.0690494	Log_Type.RECOGNIZED_WORDS	left	i kyrkan men inte präst
09/23/2020 02:51:25 PM 	 1600865485.1613142	Log_Type.RECOGNIZED_WORDS	right	fest
09/23/2020 02:51:28 PM 	 1600865488.075647	Log_Type.RECOGNIZED_WORDS	left	qatarisk tjugo över
09/23/2020 02:51:30 PM 	 1600865490.0087905	Log_Type.RECOGNIZED_WORDS	right	katolska kyrkan
09/23/2020 02:51:35 PM 	 1600865495.2461228	Log_Type.RECOGNIZED_WORDS	right	det är saker du har
09/23/2020 02:51:37 PM 	 1600865497.8053706	Log_Type.RECOGNIZED_WORDS	left	i boliden
09/23/2020 02:51:40 PM 	 1600865500.6783707	Log_Type.RECOGNIZED_WORDS	right	ja ja
09/23/2020 02:51:42 PM 	 1600865502.7202783	Log_Type.RECOGNIZED_WORDS	left	precis
09/23/2020 02:51:45 PM 	 1600865505.8333397	Log_Type.RECOGNIZED_WORDS	right	men det har du olika saker
09/23/2020 02:51:55 PM 	 1600865515.4852896	Log_Type.RECOGNIZED_WORDS	right	när ska åka någonstans då säger du att det är rätt
09/23/2020 02:52:00 PM 	 1600865520.510417	Log_Type.RECOGNIZED_WORDS	right	resmål
09/23/2020 02:52:05 PM 	 1600865525.219036	Log_Type.RECOGNIZED_WORDS	right	1 typ av boende
09/23/2020 02:52:07 PM 	 1600865527.2072327	Log_Type.RECOGNIZED_WORDS	left	typ av boende där massa hus som ligger
09/23/2020 02:52:07 PM 	 1600865527.2192724	Log_Type.RECOGNIZED_WORDS	right	som ligger
09/23/2020 02:52:09 PM 	 1600865529.4094822	Log_Type.RECOGNIZED_WORDS	right	varandra
09/23/2020 02:52:13 PM 	 1600865533.5285301	Log_Type.RECOGNIZED_WORDS	left	lägg till vägg
09/23/2020 02:52:18 PM 	 1600865538.7367547	Log_Type.RECOGNIZED_WORDS	right	ja men inte kan inte längre
09/23/2020 02:52:26 PM 	 1600865546.7263298	Log_Type.RECOGNIZED_WORDS	right	när fick kolla på en tv-serie eller dylikt
09/23/2020 02:52:28 PM 	 1600865548.0554063	Log_Type.RECOGNIZED_WORDS	left	avsnittet med en låt
09/23/2020 02:52:30 PM 	 1600865550.9971666	Log_Type.RECOGNIZED_WORDS	right	ladda ner visa
09/23/2020 02:52:33 PM 	 1600865553.070334	Log_Type.RECOGNIZED_WORDS	left	visa
09/23/2020 02:52:34 PM 	 1600865554.2795486	Log_Type.RECOGNIZED_WORDS	right	den här
09/23/2020 02:52:37 PM 	 1600865557.441488	Log_Type.RECOGNIZED_WORDS	right	sången bryggan
09/23/2020 02:52:40 PM 	 1600865560.0209959	Log_Type.RECOGNIZED_WORDS	right	sången är den här
09/23/2020 02:52:43 PM 	 1600865563.4271529	Log_Type.RECOGNIZED_WORDS	right	det kallas någonting
09/23/2020 02:52:46 PM 	 1600865566.555974	Log_Type.RECOGNIZED_WORDS	right	man känner igen att det är ifrån
09/23/2020 02:52:47 PM 	 1600865567.7727747	Log_Type.RECOGNIZED_WORDS	left	härifrån
09/23/2020 02:52:57 PM 	 1600865577.1096706	Log_Type.RECOGNIZED_WORDS	left	om du om du får inte jag
09/23/2020 02:53:05 PM 	 1600865585.28286	Log_Type.RECOGNIZED_WORDS	right	gör någonting pga hur gammal du är
09/23/2020 02:53:06 PM 	 1600865586.5398962	Log_Type.RECOGNIZED_WORDS	left	hur gammal du är
09/23/2020 02:53:10 PM 	 1600865590.4700935	Log_Type.RECOGNIZED_WORDS	right	gå på bio eller köpa cigaretter då har de saknar
09/23/2020 02:53:11 PM 	 1600865591.3094852	Log_Type.RECOGNIZED_WORDS	left	de saknar
09/23/2020 02:53:15 PM 	 1600865595.9561634	Log_Type.RECOGNIZED_WORDS	right	vem är jag
09/23/2020 02:53:21 PM 	 1600865601.0959675	Log_Type.RECOGNIZED_WORDS	left	någonting som är byggt
09/23/2020 02:53:21 PM 	 1600865601.2526062	Log_Type.RECOGNIZED_WORDS	right	vem är någonting som är byggt
09/23/2020 02:53:24 PM 	 1600865604.1632352	Log_Type.RECOGNIZED_WORDS	right	storslaget
09/23/2020 02:53:25 PM 	 1600865605.769997	Log_Type.RECOGNIZED_WORDS	left	storslaget
09/23/2020 02:53:26 PM 	 1600865606.4748497	Log_Type.RECOGNIZED_WORDS	right	och lite
09/23/2020 02:53:30 PM 	 1600865610.6364975	Log_Type.RECOGNIZED_WORDS	left	pizza
09/23/2020 02:53:36 PM 	 1600865616.1972895	Log_Type.RECOGNIZED_WORDS	left	som är byggt längesen som är
09/23/2020 02:53:41 PM 	 1600865621.052798	Log_Type.RECOGNIZED_WORDS	right	ja ja
09/23/2020 02:53:41 PM 	 1600865621.210939	Log_Type.RECOGNIZED_WORDS	left	stor
09/23/2020 02:53:46 PM 	 1600865626.0961733	Log_Type.RECOGNIZED_WORDS	left	golden gate bridge
09/23/2020 02:53:47 PM 	 1600865627.5786033	Log_Type.RECOGNIZED_WORDS	right	golden gate bridge är en sån här
09/23/2020 02:54:00 PM 	 1600865640.265626	Log_Type.RECOGNIZED_WORDS	right	ja nu hoppas jag inte var
09/23/2020 02:54:04 PM 	 1600865644.7447069	Log_Type.RECOGNIZED_WORDS	left	ja
09/23/2020 02:54:08 PM 	 1600865648.5397415	Log_Type.RECOGNIZED_WORDS	right	när personer i ett samhälle ska bestämma om någonting
09/23/2020 02:54:09 PM 	 1600865649.7006109	Log_Type.RECOGNIZED_WORDS	left	samhälle ska bestämma om någonting så
09/23/2020 02:54:13 PM 	 1600865653.3142986	Log_Type.RECOGNIZED_WORDS	right	utförs en sån här
09/23/2020 02:54:14 PM 	 1600865654.5265822	Log_Type.RECOGNIZED_WORDS	left	folkomröstning
09/23/2020 02:54:19 PM 	 1600865659.55955	Log_Type.RECOGNIZED_WORDS	right	okej
09/23/2020 02:54:23 PM 	 1600865663.7578728	Log_Type.RECOGNIZED_WORDS	left	tack själv
09/23/2020 02:54:24 PM 	 1600865664.616066	Log_Type.RECOGNIZED_WORDS	right	tack
