09/29/2020 07:07:21 PM 	 1601399241.1524265	Log_Type.CONFIG	INIT_USER	left
09/29/2020 07:07:21 PM 	 1601399241.1583104	Log_Type.CONFIG	INIT_USER	right
09/29/2020 07:07:31 PM 	 1601399251.1109748	Log_Type.RECOGNIZED_WORDS	right	det är världen
09/29/2020 07:07:31 PM 	 1601399251.1597328	Log_Type.RECOGNIZED_WORDS	left	det är väl
09/29/2020 07:07:38 PM 	 1601399258.5164351	Log_Type.RECOGNIZED_WORDS	left	istället
09/29/2020 07:07:39 PM 	 1601399259.8620286	Log_Type.RECOGNIZED_WORDS	right	grekland
09/29/2020 07:07:48 PM 	 1601399268.573924	Log_Type.RECOGNIZED_WORDS	left	vinner en tävling kan man få det här
09/29/2020 07:08:02 PM 	 1601399282.8950996	Log_Type.RECOGNIZED_WORDS	right	som
09/29/2020 07:08:03 PM 	 1601399283.0575006	Log_Type.RECOGNIZED_WORDS	left	ja
09/29/2020 07:08:07 PM 	 1601399287.7254963	Log_Type.RECOGNIZED_WORDS	left	plats där man går in på morgonen
09/29/2020 07:08:13 PM 	 1601399293.0976887	Log_Type.RECOGNIZED_WORDS	left	gör sig iordning
09/29/2020 07:08:17 PM 	 1601399297.9395278	Log_Type.RECOGNIZED_WORDS	left	dusch badrum
09/29/2020 07:08:23 PM 	 1601399303.1399097	Log_Type.RECOGNIZED_WORDS	left	vill du trycka
09/29/2020 07:08:31 PM 	 1601399311.189874	Log_Type.RECOGNIZED_WORDS	right	detterfelt
09/29/2020 07:08:32 PM 	 1601399312.6220367	Log_Type.RECOGNIZED_WORDS	left	ja
09/29/2020 07:08:42 PM 	 1601399322.2219257	Log_Type.RECOGNIZED_WORDS	left	när man skickar
09/29/2020 07:08:47 PM 	 1601399327.1630118	Log_Type.RECOGNIZED_WORDS	left	så sätter man det här på brevet
09/29/2020 07:08:56 PM 	 1601399336.8272617	Log_Type.RECOGNIZED_WORDS	left	nej
09/29/2020 07:09:01 PM 	 1601399341.766865	Log_Type.RECOGNIZED_WORDS	left	han betalar på det här sättet
09/29/2020 07:09:06 PM 	 1601399346.5434873	Log_Type.RECOGNIZED_WORDS	left	ja
09/29/2020 07:09:12 PM 	 1601399352.3178606	Log_Type.RECOGNIZED_WORDS	right	det är
09/29/2020 07:09:20 PM 	 1601399360.215854	Log_Type.RECOGNIZED_WORDS	left	inte
09/29/2020 07:09:21 PM 	 1601399361.5264235	Log_Type.RECOGNIZED_WORDS	right	som inte
09/29/2020 07:09:27 PM 	 1601399367.168013	Log_Type.RECOGNIZED_WORDS	right	i världen
09/29/2020 07:09:29 PM 	 1601399369.3952894	Log_Type.RECOGNIZED_WORDS	left	ja
09/29/2020 07:09:34 PM 	 1601399374.3736742	Log_Type.RECOGNIZED_WORDS	left	bra man blir rädd
09/29/2020 07:09:34 PM 	 1601399374.7516103	Log_Type.RECOGNIZED_WORDS	right	arid
09/29/2020 07:09:44 PM 	 1601399384.2426164	Log_Type.RECOGNIZED_WORDS	left	hur kunde du veta det
09/29/2020 07:09:52 PM 	 1601399392.090701	Log_Type.RECOGNIZED_WORDS	right	när man är sjuk
09/29/2020 07:09:53 PM 	 1601399393.8748667	Log_Type.RECOGNIZED_WORDS	left	men
09/29/2020 07:09:56 PM 	 1601399396.9028783	Log_Type.RECOGNIZED_WORDS	right	gå till det
09/29/2020 07:10:01 PM 	 1601399401.9844522	Log_Type.RECOGNIZED_WORDS	right	att kuppa
09/29/2020 07:10:05 PM 	 1601399405.8936336	Log_Type.RECOGNIZED_WORDS	right	att
09/29/2020 07:10:13 PM 	 1601399413.8181314	Log_Type.RECOGNIZED_WORDS	left	apotek rätt
09/29/2020 07:10:18 PM 	 1601399418.5781493	Log_Type.RECOGNIZED_WORDS	left	fåglar
09/29/2020 07:10:32 PM 	 1601399432.6493723	Log_Type.RECOGNIZED_WORDS	left	hela kroppen har fåglar har det här på hela kroppen
09/29/2020 07:10:33 PM 	 1601399433.416695	Log_Type.RECOGNIZED_WORDS	right	på hela kroppen har fåglar på hela kroppen
09/29/2020 07:10:38 PM 	 1601399438.138484	Log_Type.RECOGNIZED_WORDS	left	men inte också
09/29/2020 07:10:38 PM 	 1601399438.555671	Log_Type.RECOGNIZED_WORDS	right	men kan också skriva med
09/29/2020 07:10:42 PM 	 1601399442.881751	Log_Type.RECOGNIZED_WORDS	left	ja
09/29/2020 07:10:47 PM 	 1601399447.5474238	Log_Type.RECOGNIZED_WORDS	left	ja
09/29/2020 07:10:52 PM 	 1601399452.191684	Log_Type.RECOGNIZED_WORDS	left	när man
09/29/2020 07:10:57 PM 	 1601399457.4412637	Log_Type.RECOGNIZED_WORDS	left	titta på den här så ser man sig själv
09/29/2020 07:11:07 PM 	 1601399467.019603	Log_Type.RECOGNIZED_WORDS	left	ansikte
09/29/2020 07:11:16 PM 	 1601399476.3529515	Log_Type.RECOGNIZED_WORDS	left	maria
09/29/2020 07:11:21 PM 	 1601399481.2337499	Log_Type.RECOGNIZED_WORDS	left	nej man
09/29/2020 07:11:24 PM 	 1601399484.9379482	Log_Type.RECOGNIZED_WORDS	right	man tittar i den här man ska raka sig
09/29/2020 07:11:26 PM 	 1601399486.1524942	Log_Type.RECOGNIZED_WORDS	left	när man ska raka sig
09/29/2020 07:11:35 PM 	 1601399495.8357348	Log_Type.RECOGNIZED_WORDS	left	alltså bra jobbat
09/29/2020 07:11:41 PM 	 1601399501.728828	Log_Type.RECOGNIZED_WORDS	right	hitta.se
09/29/2020 07:11:49 PM 	 1601399509.5119183	Log_Type.RECOGNIZED_WORDS	right	hugga i
09/29/2020 07:11:51 PM 	 1601399511.4473374	Log_Type.RECOGNIZED_WORDS	right	boozt
09/29/2020 07:11:56 PM 	 1601399516.9475548	Log_Type.RECOGNIZED_WORDS	right	att kolla ifall att du kan äta det
09/29/2020 07:11:59 PM 	 1601399519.5842745	Log_Type.RECOGNIZED_WORDS	left	ja just det
09/29/2020 07:12:04 PM 	 1601399524.4864945	Log_Type.RECOGNIZED_WORDS	left	ja bra
09/29/2020 07:12:05 PM 	 1601399525.788946	Log_Type.RECOGNIZED_WORDS	right	kungens fru
09/29/2020 07:12:12 PM 	 1601399532.4589458	Log_Type.RECOGNIZED_WORDS	right	vad heter kungens fru
09/29/2020 07:12:13 PM 	 1601399533.7605057	Log_Type.RECOGNIZED_WORDS	left	vad heter kungens fru
09/29/2020 07:12:27 PM 	 1601399547.6424174	Log_Type.RECOGNIZED_WORDS	left	drottning
09/29/2020 07:12:32 PM 	 1601399552.5433407	Log_Type.RECOGNIZED_WORDS	left	ja
09/29/2020 07:12:34 PM 	 1601399554.210957	Log_Type.RECOGNIZED_WORDS	right	det är för att
09/29/2020 07:12:37 PM 	 1601399557.078751	Log_Type.RECOGNIZED_WORDS	left	jaha
09/29/2020 07:12:37 PM 	 1601399557.657138	Log_Type.RECOGNIZED_WORDS	right	måla
09/29/2020 07:12:41 PM 	 1601399561.727539	Log_Type.RECOGNIZED_WORDS	left	ja
09/29/2020 07:12:59 PM 	 1601399579.9563406	Log_Type.RECOGNIZED_WORDS	left	ett djur med
09/29/2020 07:13:04 PM 	 1601399584.9841242	Log_Type.RECOGNIZED_WORDS	left	gräns som bor i ett nät
09/29/2020 07:13:17 PM 	 1601399597.4480152	Log_Type.RECOGNIZED_WORDS	right	vad är en djur
09/29/2020 07:13:23 PM 	 1601399603.497909	Log_Type.RECOGNIZED_WORDS	left	nej
09/29/2020 07:13:36 PM 	 1601399616.256836	Log_Type.RECOGNIZED_WORDS	right	det är en hus
09/29/2020 07:13:41 PM 	 1601399621.23835	Log_Type.RECOGNIZED_WORDS	right	du kan använda
09/29/2020 07:13:42 PM 	 1601399622.2917945	Log_Type.RECOGNIZED_WORDS	left	när
09/29/2020 07:13:46 PM 	 1601399626.2924519	Log_Type.RECOGNIZED_WORDS	right	värdet finns
09/29/2020 07:13:47 PM 	 1601399627.4812217	Log_Type.RECOGNIZED_WORDS	left	ja tack
09/29/2020 07:13:53 PM 	 1601399633.2572618	Log_Type.RECOGNIZED_WORDS	right	test
09/29/2020 07:14:01 PM 	 1601399641.6038334	Log_Type.RECOGNIZED_WORDS	left	håll käft
09/29/2020 07:14:06 PM 	 1601399646.4194658	Log_Type.RECOGNIZED_WORDS	left	kram
09/29/2020 07:14:14 PM 	 1601399654.304648	Log_Type.RECOGNIZED_WORDS	right	något obehagligt som händer när man sover
09/29/2020 07:14:15 PM 	 1601399655.8809562	Log_Type.RECOGNIZED_WORDS	left	det som händer när man sover
09/29/2020 07:14:39 PM 	 1601399679.1372173	Log_Type.RECOGNIZED_WORDS	left	not
09/29/2020 07:14:43 PM 	 1601399683.9654787	Log_Type.RECOGNIZED_WORDS	left	som man tänker på när man sover
09/29/2020 07:14:57 PM 	 1601399697.659663	Log_Type.RECOGNIZED_WORDS	right	tidlös nära
09/29/2020 07:14:57 PM 	 1601399697.7477303	Log_Type.RECOGNIZED_WORDS	left	ja
09/29/2020 07:15:01 PM 	 1601399701.3513548	Log_Type.RECOGNIZED_WORDS	right	men måste
09/29/2020 07:15:06 PM 	 1601399706.2707567	Log_Type.RECOGNIZED_WORDS	right	gå
09/29/2020 07:15:07 PM 	 1601399707.3999743	Log_Type.RECOGNIZED_WORDS	left	gå
09/29/2020 07:15:08 PM 	 1601399708.3633814	Log_Type.RECOGNIZED_WORDS	right	hägg
09/29/2020 07:15:11 PM 	 1601399711.6583443	Log_Type.RECOGNIZED_WORDS	right	världsrekord 2.45
09/29/2020 07:15:12 PM 	 1601399712.1792247	Log_Type.RECOGNIZED_WORDS	left	världsrekordet 2.45
09/29/2020 07:15:21 PM 	 1601399721.719508	Log_Type.RECOGNIZED_WORDS	left	djur som bor på svalbard
09/29/2020 07:15:29 PM 	 1601399729.4931395	Log_Type.RECOGNIZED_WORDS	right	djur
09/29/2020 07:15:31 PM 	 1601399731.0007024	Log_Type.RECOGNIZED_WORDS	left	isbjörn
09/29/2020 07:15:39 PM 	 1601399739.752396	Log_Type.RECOGNIZED_WORDS	right	när man kan inte
09/29/2020 07:15:40 PM 	 1601399740.1278079	Log_Type.RECOGNIZED_WORDS	left	kan inte
09/29/2020 07:15:41 PM 	 1601399741.3515718	Log_Type.RECOGNIZED_WORDS	right	okej
09/29/2020 07:15:44 PM 	 1601399744.6320992	Log_Type.RECOGNIZED_WORDS	left	okej
09/29/2020 07:15:47 PM 	 1601399747.9421833	Log_Type.RECOGNIZED_WORDS	right	okej men kan använda
09/29/2020 07:15:49 PM 	 1601399749.6500943	Log_Type.RECOGNIZED_WORDS	left	använda är det
09/29/2020 07:15:51 PM 	 1601399751.7690992	Log_Type.RECOGNIZED_WORDS	right	för att
09/29/2020 07:15:54 PM 	 1601399754.8681173	Log_Type.RECOGNIZED_WORDS	left	ja okej
09/29/2020 07:15:57 PM 	 1601399757.4409554	Log_Type.RECOGNIZED_WORDS	right	okej till en plats
09/29/2020 07:15:59 PM 	 1601399759.6973207	Log_Type.RECOGNIZED_WORDS	left	när man inte kan
09/29/2020 07:16:00 PM 	 1601399760.5678911	Log_Type.RECOGNIZED_WORDS	right	när man inte kan gå
09/29/2020 07:16:04 PM 	 1601399764.5455198	Log_Type.RECOGNIZED_WORDS	left	så kan man använda den här det här
09/29/2020 07:16:09 PM 	 1601399769.3279128	Log_Type.RECOGNIZED_WORDS	left	nej
09/29/2020 07:16:14 PM 	 1601399774.0019672	Log_Type.RECOGNIZED_WORDS	left	ja
09/29/2020 07:16:18 PM 	 1601399778.7255661	Log_Type.RECOGNIZED_WORDS	left	jag pratar samtidigt eller hur
09/29/2020 07:16:23 PM 	 1601399783.8872852	Log_Type.RECOGNIZED_WORDS	left	kommer du eller
09/29/2020 07:16:28 PM 	 1601399788.7518752	Log_Type.RECOGNIZED_WORDS	left	det är för att
09/29/2020 07:16:28 PM 	 1601399788.9567575	Log_Type.RECOGNIZED_WORDS	right	det är för att
09/29/2020 07:16:31 PM 	 1601399791.7955546	Log_Type.RECOGNIZED_WORDS	right	prydde
09/29/2020 07:16:33 PM 	 1601399793.5247722	Log_Type.RECOGNIZED_WORDS	left	1
09/29/2020 07:16:38 PM 	 1601399798.2779527	Log_Type.RECOGNIZED_WORDS	left	nord
09/29/2020 07:16:43 PM 	 1601399803.2105906	Log_Type.RECOGNIZED_WORDS	right	när man går
09/29/2020 07:16:43 PM 	 1601399803.4594257	Log_Type.RECOGNIZED_WORDS	left	de som syns på marken när man går
09/29/2020 07:16:48 PM 	 1601399808.618367	Log_Type.RECOGNIZED_WORDS	left	när man har gått där i snön till exempel
09/29/2020 07:16:50 PM 	 1601399810.527747	Log_Type.RECOGNIZED_WORDS	right	fotboll
09/29/2020 07:16:54 PM 	 1601399814.260231	Log_Type.RECOGNIZED_WORDS	left	jag tror vi får prata samtidigt
09/29/2020 07:17:01 PM 	 1601399821.1618793	Log_Type.RECOGNIZED_WORDS	right	min hobby
09/29/2020 07:17:03 PM 	 1601399823.8404105	Log_Type.RECOGNIZED_WORDS	left	min hobby
09/29/2020 07:17:13 PM 	 1601399833.3973234	Log_Type.RECOGNIZED_WORDS	left	ekonom veta det
09/29/2020 07:17:18 PM 	 1601399838.4168665	Log_Type.RECOGNIZED_WORDS	left	hur kunde du veta det
09/29/2020 07:17:22 PM 	 1601399842.9426672	Log_Type.RECOGNIZED_WORDS	right	jag vet inte
09/29/2020 07:17:26 PM 	 1601399846.9410229	Log_Type.RECOGNIZED_WORDS	right	att
09/29/2020 07:17:28 PM 	 1601399848.0134337	Log_Type.RECOGNIZED_WORDS	left	rösträtt att oj förlåt
09/29/2020 07:17:33 PM 	 1601399853.3593185	Log_Type.RECOGNIZED_WORDS	left	när man landet på
09/29/2020 07:17:38 PM 	 1601399858.1674194	Log_Type.RECOGNIZED_WORDS	left	president
09/29/2020 07:17:43 PM 	 1601399863.0783808	Log_Type.RECOGNIZED_WORDS	left	eller statsminister
09/29/2020 07:17:51 PM 	 1601399871.9512515	Log_Type.RECOGNIZED_WORDS	right	mcdonald's
09/29/2020 07:17:52 PM 	 1601399872.456227	Log_Type.RECOGNIZED_WORDS	left	finns på mcdonald's
09/29/2020 07:17:57 PM 	 1601399877.7299197	Log_Type.RECOGNIZED_WORDS	right	bumbo bumbo
09/29/2020 07:18:11 PM 	 1601399891.139658	Log_Type.RECOGNIZED_WORDS	left	levande varelser som man har
09/29/2020 07:18:12 PM 	 1601399892.4640338	Log_Type.RECOGNIZED_WORDS	right	levande varelser som man har hemma
09/29/2020 07:18:16 PM 	 1601399896.0097933	Log_Type.RECOGNIZED_WORDS	left	ja
09/29/2020 07:18:20 PM 	 1601399900.1903539	Log_Type.RECOGNIZED_WORDS	right	till exempel hund
09/29/2020 07:18:20 PM 	 1601399900.6845078	Log_Type.RECOGNIZED_WORDS	left	katter
09/29/2020 07:18:25 PM 	 1601399905.5656054	Log_Type.RECOGNIZED_WORDS	left	kanin
09/29/2020 07:18:30 PM 	 1601399910.1846144	Log_Type.RECOGNIZED_WORDS	left	hund
09/29/2020 07:18:31 PM 	 1601399911.446528	Log_Type.RECOGNIZED_WORDS	right	hund katt
09/29/2020 07:18:35 PM 	 1601399915.005456	Log_Type.RECOGNIZED_WORDS	left	när vi har dem hemma i huset
09/29/2020 07:18:35 PM 	 1601399915.08708	Log_Type.RECOGNIZED_WORDS	right	hemma i huset
09/29/2020 07:18:44 PM 	 1601399924.2984369	Log_Type.RECOGNIZED_WORDS	left	ja
09/29/2020 07:18:51 PM 	 1601399931.8787007	Log_Type.RECOGNIZED_WORDS	right	avbryt
09/29/2020 07:18:53 PM 	 1601399933.6458533	Log_Type.RECOGNIZED_WORDS	left	okej jag gjorde fel avbryt
09/29/2020 07:18:58 PM 	 1601399938.4373646	Log_Type.RECOGNIZED_WORDS	left	lösenord
09/29/2020 07:19:03 PM 	 1601399943.6955578	Log_Type.RECOGNIZED_WORDS	left	det är ett hemligt ord med moster
09/29/2020 07:19:08 PM 	 1601399948.6102517	Log_Type.RECOGNIZED_WORDS	left	program tex eller andra program
09/29/2020 07:19:11 PM 	 1601399951.067979	Log_Type.RECOGNIZED_WORDS	right	swedbank på internet
09/29/2020 07:19:13 PM 	 1601399953.7172425	Log_Type.RECOGNIZED_WORDS	left	på internet så måste man skriva in det här
09/29/2020 07:19:23 PM 	 1601399963.0191326	Log_Type.RECOGNIZED_WORDS	left	ja ja
09/29/2020 07:19:29 PM 	 1601399969.1813834	Log_Type.RECOGNIZED_WORDS	right	när öppnar nämen
09/29/2020 07:19:34 PM 	 1601399974.1540241	Log_Type.RECOGNIZED_WORDS	right	men gå
09/29/2020 07:19:36 PM 	 1601399976.9834728	Log_Type.RECOGNIZED_WORDS	left	tack
09/29/2020 07:19:39 PM 	 1601399979.9724789	Log_Type.RECOGNIZED_WORDS	right	detta sagt
09/29/2020 07:19:41 PM 	 1601399981.9079642	Log_Type.RECOGNIZED_WORDS	left	ja
09/29/2020 07:19:46 PM 	 1601399986.6216505	Log_Type.RECOGNIZED_WORDS	left	tavlan
09/29/2020 07:19:51 PM 	 1601399991.3756478	Log_Type.RECOGNIZED_WORDS	left	jaha
09/29/2020 07:19:55 PM 	 1601399995.9520879	Log_Type.RECOGNIZED_WORDS	left	oj
09/29/2020 07:20:00 PM 	 1601400000.8650544	Log_Type.RECOGNIZED_WORDS	left	sju sju vackra plats
09/29/2020 07:20:01 PM 	 1601400001.4530005	Log_Type.RECOGNIZED_WORDS	right	7 vackra platser som
09/29/2020 07:20:05 PM 	 1601400005.716728	Log_Type.RECOGNIZED_WORDS	left	som kanske beskrivs i bibeln
09/29/2020 07:20:10 PM 	 1601400010.4807303	Log_Type.RECOGNIZED_WORDS	left	nej jo nej inte från bibeln
09/29/2020 07:20:10 PM 	 1601400010.9851482	Log_Type.RECOGNIZED_WORDS	right	nej
09/29/2020 07:20:15 PM 	 1601400015.483451	Log_Type.RECOGNIZED_WORDS	left	de 7 vackraste platserna på jorden
09/29/2020 07:20:15 PM 	 1601400015.617488	Log_Type.RECOGNIZED_WORDS	right	de 7 vackraste platserna på jorden
09/29/2020 07:20:24 PM 	 1601400024.3177245	Log_Type.RECOGNIZED_WORDS	right	min hobby
09/29/2020 07:20:24 PM 	 1601400024.7751	Log_Type.RECOGNIZED_WORDS	left	min hobby
09/29/2020 07:20:43 PM 	 1601400043.5179608	Log_Type.RECOGNIZED_WORDS	left	sommar
09/29/2020 07:20:57 PM 	 1601400057.7304194	Log_Type.RECOGNIZED_WORDS	right	instrument som man slår på med pinnar
09/29/2020 07:20:57 PM 	 1601400057.813238	Log_Type.RECOGNIZED_WORDS	left	ett instrument som man slår på med pinnar
09/29/2020 07:21:02 PM 	 1601400062.8291752	Log_Type.RECOGNIZED_WORDS	right	personen som står på på
09/29/2020 07:21:02 PM 	 1601400062.9586236	Log_Type.RECOGNIZED_WORDS	left	och personen som står på på
09/29/2020 07:21:07 PM 	 1601400067.489645	Log_Type.RECOGNIZED_WORDS	right	rensa
09/29/2020 07:21:08 PM 	 1601400068.0983849	Log_Type.RECOGNIZED_WORDS	left	och instrumenten
09/29/2020 07:21:12 PM 	 1601400072.7944634	Log_Type.RECOGNIZED_WORDS	left	ja
09/29/2020 07:21:20 PM 	 1601400080.9610205	Log_Type.RECOGNIZED_WORDS	right	en person är en person som
09/29/2020 07:21:26 PM 	 1601400086.563825	Log_Type.RECOGNIZED_WORDS	right	inte en präst men
09/29/2020 07:21:33 PM 	 1601400093.9081461	Log_Type.RECOGNIZED_WORDS	right	i katedraler
09/29/2020 07:21:45 PM 	 1601400105.3438597	Log_Type.RECOGNIZED_WORDS	left	tjenare
09/29/2020 07:21:50 PM 	 1601400110.1714382	Log_Type.RECOGNIZED_WORDS	left	nej
09/29/2020 07:21:53 PM 	 1601400113.3741283	Log_Type.RECOGNIZED_WORDS	right	adressen
09/29/2020 07:21:57 PM 	 1601400117.488629	Log_Type.RECOGNIZED_WORDS	right	chef över pesten
09/29/2020 07:21:59 PM 	 1601400119.5142632	Log_Type.RECOGNIZED_WORDS	left	prästen
09/29/2020 07:22:08 PM 	 1601400128.9663048	Log_Type.RECOGNIZED_WORDS	left	en sång som man kan höra när ett
09/29/2020 07:22:10 PM 	 1601400130.321333	Log_Type.RECOGNIZED_WORDS	right	program börjar
09/29/2020 07:22:13 PM 	 1601400133.0218253	Log_Type.RECOGNIZED_WORDS	right	programledare
09/29/2020 07:22:13 PM 	 1601400133.989881	Log_Type.RECOGNIZED_WORDS	left	barnprogram början
09/29/2020 07:22:23 PM 	 1601400143.4175127	Log_Type.RECOGNIZED_WORDS	left	ja
09/29/2020 07:22:40 PM 	 1601400160.6500232	Log_Type.RECOGNIZED_WORDS	right	det är
09/29/2020 07:22:45 PM 	 1601400165.9077902	Log_Type.RECOGNIZED_WORDS	right	karakteristike om
09/29/2020 07:22:58 PM 	 1601400178.3706348	Log_Type.RECOGNIZED_WORDS	right	hur gammal är du
09/29/2020 07:23:01 PM 	 1601400181.0288293	Log_Type.RECOGNIZED_WORDS	left	hur gammal man är
09/29/2020 07:23:07 PM 	 1601400187.603082	Log_Type.RECOGNIZED_WORDS	right	skansen
09/29/2020 07:23:11 PM 	 1601400191.790603	Log_Type.RECOGNIZED_WORDS	right	tack
