09/23/2020 01:53:17 PM 	 1600861997.3389795	Log_Type.CONFIG	INIT_USER	left
09/23/2020 01:53:17 PM 	 1600861997.348689	Log_Type.CONFIG	INIT_USER	right
09/23/2020 01:53:25 PM 	 1600862005.9378755	Log_Type.RECOGNIZED_WORDS	right	någonting man målar med
09/23/2020 01:53:32 PM 	 1600862012.8890967	Log_Type.RECOGNIZED_WORDS	left	när du vill måla en väg
09/23/2020 01:53:41 PM 	 1600862021.2866197	Log_Type.RECOGNIZED_WORDS	right	mjuk ett mjukt verktyg att
09/23/2020 01:53:43 PM 	 1600862023.9238653	Log_Type.RECOGNIZED_WORDS	left	färg på en vägg
09/23/2020 01:53:49 PM 	 1600862029.0300276	Log_Type.RECOGNIZED_WORDS	left	det finns en
09/23/2020 01:53:54 PM 	 1600862034.0897295	Log_Type.RECOGNIZED_WORDS	left	av 3
09/23/2020 01:54:00 PM 	 1600862040.2494905	Log_Type.RECOGNIZED_WORDS	right	ett trähandtag och
09/23/2020 01:54:06 PM 	 1600862046.081465	Log_Type.RECOGNIZED_WORDS	right	tja
09/23/2020 01:54:08 PM 	 1600862048.7310712	Log_Type.RECOGNIZED_WORDS	left	ja
09/23/2020 01:54:19 PM 	 1600862059.0360463	Log_Type.RECOGNIZED_WORDS	left	okej
09/23/2020 01:54:23 PM 	 1600862063.9614897	Log_Type.RECOGNIZED_WORDS	left	någon man får när man
09/23/2020 01:54:28 PM 	 1600862068.8297904	Log_Type.RECOGNIZED_WORDS	left	uppsats till exempel
09/23/2020 01:54:33 PM 	 1600862073.5708647	Log_Type.RECOGNIZED_WORDS	left	uppdrag
09/23/2020 01:54:37 PM 	 1600862077.04031	Log_Type.RECOGNIZED_WORDS	right	betyg
09/23/2020 01:54:43 PM 	 1600862083.5919182	Log_Type.RECOGNIZED_WORDS	right	speciellt betyg
09/23/2020 01:54:47 PM 	 1600862087.2829463	Log_Type.RECOGNIZED_WORDS	right	om man är jätteduktig
09/23/2020 01:54:50 PM 	 1600862090.358602	Log_Type.RECOGNIZED_WORDS	right	gift en jättebra
09/23/2020 01:54:54 PM 	 1600862094.2107215	Log_Type.RECOGNIZED_WORDS	left	högst betyg
09/23/2020 01:55:08 PM 	 1600862108.4878945	Log_Type.RECOGNIZED_WORDS	left	jag sagt
09/23/2020 01:55:10 PM 	 1600862110.006446	Log_Type.RECOGNIZED_WORDS	right	ja
09/23/2020 01:55:13 PM 	 1600862113.3011088	Log_Type.RECOGNIZED_WORDS	left	okej
09/23/2020 01:55:16 PM 	 1600862116.308445	Log_Type.RECOGNIZED_WORDS	right	något man sätter på ett brev för att skicka
09/23/2020 01:55:18 PM 	 1600862118.021473	Log_Type.RECOGNIZED_WORDS	left	för att skicka det
09/23/2020 01:55:22 PM 	 1600862122.8800735	Log_Type.RECOGNIZED_WORDS	left	det är
09/23/2020 01:55:32 PM 	 1600862132.660742	Log_Type.RECOGNIZED_WORDS	left	frimärken ja
09/23/2020 01:55:33 PM 	 1600862133.1152964	Log_Type.RECOGNIZED_WORDS	right	ja
09/23/2020 01:55:42 PM 	 1600862142.1271346	Log_Type.RECOGNIZED_WORDS	left	fågel
09/23/2020 01:55:45 PM 	 1600862145.8145576	Log_Type.RECOGNIZED_WORDS	right	en fågel som
09/23/2020 01:55:47 PM 	 1600862147.1865625	Log_Type.RECOGNIZED_WORDS	left	fågel som
09/23/2020 01:55:50 PM 	 1600862150.6545095	Log_Type.RECOGNIZED_WORDS	right	finns på natten jaha
09/23/2020 01:55:51 PM 	 1600862151.9692926	Log_Type.RECOGNIZED_WORDS	left	tack
09/23/2020 01:56:01 PM 	 1600862161.858482	Log_Type.RECOGNIZED_WORDS	left	of honor
09/23/2020 01:56:06 PM 	 1600862166.8864064	Log_Type.RECOGNIZED_WORDS	left	skicka tack
09/23/2020 01:56:15 PM 	 1600862175.3422716	Log_Type.RECOGNIZED_WORDS	left	arbete
09/23/2020 01:56:16 PM 	 1600862176.3274367	Log_Type.RECOGNIZED_WORDS	right	eddie ett arbete
09/23/2020 01:56:20 PM 	 1600862180.5810912	Log_Type.RECOGNIZED_WORDS	left	en man eller en
09/23/2020 01:56:25 PM 	 1600862185.5079362	Log_Type.RECOGNIZED_WORDS	left	backa
09/23/2020 01:56:30 PM 	 1600862190.166816	Log_Type.RECOGNIZED_WORDS	left	ja
09/23/2020 01:56:39 PM 	 1600862199.479085	Log_Type.RECOGNIZED_WORDS	left	vinner
09/23/2020 01:56:44 PM 	 1600862204.399396	Log_Type.RECOGNIZED_WORDS	left	ava
09/23/2020 01:56:48 PM 	 1600862208.2227218	Log_Type.RECOGNIZED_WORDS	right	stor tävling så får man det
09/23/2020 01:56:51 PM 	 1600862211.170204	Log_Type.RECOGNIZED_WORDS	right	minne
09/23/2020 01:57:02 PM 	 1600862222.877203	Log_Type.RECOGNIZED_WORDS	left	som hjälper man att se
09/23/2020 01:57:08 PM 	 1600862228.0524514	Log_Type.RECOGNIZED_WORDS	right	man kan se en reflektion av sig själv i den
09/23/2020 01:57:08 PM 	 1600862228.7099607	Log_Type.RECOGNIZED_WORDS	left	reflektion om sig själv i den
09/23/2020 01:57:18 PM 	 1600862238.157527	Log_Type.RECOGNIZED_WORDS	left	nej det är
09/23/2020 01:57:22 PM 	 1600862242.9974272	Log_Type.RECOGNIZED_WORDS	left	glas
09/23/2020 01:57:24 PM 	 1600862244.9651341	Log_Type.RECOGNIZED_WORDS	right	japp
09/23/2020 01:57:32 PM 	 1600862252.3671567	Log_Type.RECOGNIZED_WORDS	left	platsa där man kan köpa
09/23/2020 01:57:37 PM 	 1600862257.045522	Log_Type.RECOGNIZED_WORDS	left	läkemedel
09/23/2020 01:57:40 PM 	 1600862260.301832	Log_Type.RECOGNIZED_WORDS	right	en affär där man köper läkemedel
09/23/2020 01:57:42 PM 	 1600862262.076685	Log_Type.RECOGNIZED_WORDS	left	läkemedel
09/23/2020 01:57:46 PM 	 1600862266.693134	Log_Type.RECOGNIZED_WORDS	left	ja
09/23/2020 01:57:49 PM 	 1600862269.4260187	Log_Type.RECOGNIZED_WORDS	right	ja
09/23/2020 01:58:00 PM 	 1600862280.7969446	Log_Type.RECOGNIZED_WORDS	left	de här många av dem
09/23/2020 01:58:04 PM 	 1600862284.1869898	Log_Type.RECOGNIZED_WORDS	right	men mjuka
09/23/2020 01:58:05 PM 	 1600862285.7302172	Log_Type.RECOGNIZED_WORDS	left	mjuka
09/23/2020 01:58:07 PM 	 1600862287.8698304	Log_Type.RECOGNIZED_WORDS	right	kan
09/23/2020 01:58:12 PM 	 1600862292.748135	Log_Type.RECOGNIZED_WORDS	right	flyga
09/23/2020 01:58:15 PM 	 1600862295.4787633	Log_Type.RECOGNIZED_WORDS	left	ja
09/23/2020 01:58:20 PM 	 1600862300.1075542	Log_Type.RECOGNIZED_WORDS	left	insekt med
09/23/2020 01:58:25 PM 	 1600862305.031043	Log_Type.RECOGNIZED_WORDS	left	åtta ben
09/23/2020 01:58:30 PM 	 1600862310.57296	Log_Type.RECOGNIZED_WORDS	left	det kan vara lite
09/23/2020 01:58:32 PM 	 1600862312.1590748	Log_Type.RECOGNIZED_WORDS	right	den kan vara liten den är ganska ofta ganska liten
09/23/2020 01:58:36 PM 	 1600862316.6461122	Log_Type.RECOGNIZED_WORDS	right	många är rädda för den
09/23/2020 01:58:40 PM 	 1600862320.2583501	Log_Type.RECOGNIZED_WORDS	left	den kan skaffa
09/23/2020 01:58:45 PM 	 1600862325.2189035	Log_Type.RECOGNIZED_WORDS	left	1 nät
09/23/2020 01:58:46 PM 	 1600862326.072637	Log_Type.RECOGNIZED_WORDS	right	ja
09/23/2020 01:58:54 PM 	 1600862334.4606082	Log_Type.RECOGNIZED_WORDS	right	nånting du går till om du behöver
09/23/2020 01:58:54 PM 	 1600862334.904254	Log_Type.RECOGNIZED_WORDS	left	vill du gå till om du behöver
09/23/2020 01:58:59 PM 	 1600862339.2740595	Log_Type.RECOGNIZED_WORDS	right	toaletten
09/23/2020 01:58:59 PM 	 1600862339.8508878	Log_Type.RECOGNIZED_WORDS	left	badrummet
09/23/2020 01:59:14 PM 	 1600862354.253581	Log_Type.RECOGNIZED_WORDS	left	som kan
09/23/2020 01:59:16 PM 	 1600862356.9109225	Log_Type.RECOGNIZED_WORDS	right	skrämma
09/23/2020 01:59:20 PM 	 1600862360.1008768	Log_Type.RECOGNIZED_WORDS	left	spräcka skrämma gammal
09/23/2020 01:59:25 PM 	 1600862365.684131	Log_Type.RECOGNIZED_WORDS	right	ja
09/23/2020 01:59:30 PM 	 1600862370.2472632	Log_Type.RECOGNIZED_WORDS	right	ett djur
09/23/2020 01:59:34 PM 	 1600862374.9656591	Log_Type.RECOGNIZED_WORDS	right	i arktis och antarktis
09/23/2020 01:59:38 PM 	 1600862378.8143427	Log_Type.RECOGNIZED_WORDS	left	ja
09/23/2020 01:59:43 PM 	 1600862383.4756024	Log_Type.RECOGNIZED_WORDS	right	ja
09/23/2020 01:59:43 PM 	 1600862383.534895	Log_Type.RECOGNIZED_WORDS	left	ja
09/23/2020 01:59:53 PM 	 1600862393.123782	Log_Type.RECOGNIZED_WORDS	left	en typ av tävling
09/23/2020 01:59:58 PM 	 1600862398.138459	Log_Type.RECOGNIZED_WORDS	left	när man använda en
09/23/2020 02:00:11 PM 	 1600862411.5864873	Log_Type.RECOGNIZED_WORDS	right	man hoppar upp högt över
09/23/2020 02:00:12 PM 	 1600862412.1996498	Log_Type.RECOGNIZED_WORDS	left	högt över
09/23/2020 02:00:16 PM 	 1600862416.3793364	Log_Type.RECOGNIZED_WORDS	right	hinder
09/23/2020 02:00:16 PM 	 1600862416.9532006	Log_Type.RECOGNIZED_WORDS	left	bilder
09/23/2020 02:00:26 PM 	 1600862426.5232701	Log_Type.RECOGNIZED_WORDS	left	okej
09/23/2020 02:00:31 PM 	 1600862431.695609	Log_Type.RECOGNIZED_WORDS	left	sover och man ser
09/23/2020 02:00:36 PM 	 1600862436.3816054	Log_Type.RECOGNIZED_WORDS	left	skrämmande i sömnen
09/23/2020 02:00:41 PM 	 1600862441.9307415	Log_Type.RECOGNIZED_WORDS	right	jaha
09/23/2020 02:00:55 PM 	 1600862455.3704565	Log_Type.RECOGNIZED_WORDS	left	äta men man har inte
09/23/2020 02:01:00 PM 	 1600862460.270716	Log_Type.RECOGNIZED_WORDS	left	man kan köpa
09/23/2020 02:01:05 PM 	 1600862465.1266825	Log_Type.RECOGNIZED_WORDS	left	mat
09/23/2020 02:01:09 PM 	 1600862469.5303493	Log_Type.RECOGNIZED_WORDS	right	det här är mer mat som
09/23/2020 02:01:10 PM 	 1600862470.036583	Log_Type.RECOGNIZED_WORDS	left	matsång
09/23/2020 02:01:14 PM 	 1600862474.4178646	Log_Type.RECOGNIZED_WORDS	right	ja
09/23/2020 02:01:25 PM 	 1600862485.1934247	Log_Type.RECOGNIZED_WORDS	right	grönt man
09/23/2020 02:01:33 PM 	 1600862493.3741693	Log_Type.RECOGNIZED_WORDS	left	som kan växa
09/23/2020 02:01:38 PM 	 1600862498.469476	Log_Type.RECOGNIZED_WORDS	right	typ som en blomma
09/23/2020 02:01:44 PM 	 1600862504.651478	Log_Type.RECOGNIZED_WORDS	right	fast utan blommor
09/23/2020 02:01:52 PM 	 1600862512.1300325	Log_Type.RECOGNIZED_WORDS	right	jaha
09/23/2020 02:01:52 PM 	 1600862512.6143532	Log_Type.RECOGNIZED_WORDS	left	munkar
09/23/2020 02:02:00 PM 	 1600862520.153998	Log_Type.RECOGNIZED_WORDS	right	min
09/23/2020 02:02:02 PM 	 1600862522.327521	Log_Type.RECOGNIZED_WORDS	left	min pappas syskon
09/23/2020 02:02:03 PM 	 1600862523.5704656	Log_Type.RECOGNIZED_WORDS	right	syskon
09/23/2020 02:02:07 PM 	 1600862527.3794632	Log_Type.RECOGNIZED_WORDS	left	som
09/23/2020 02:02:17 PM 	 1600862537.519373	Log_Type.RECOGNIZED_WORDS	right	jaha
09/23/2020 02:02:22 PM 	 1600862542.0865355	Log_Type.RECOGNIZED_WORDS	left	amman
09/23/2020 02:02:26 PM 	 1600862546.7599225	Log_Type.RECOGNIZED_WORDS	left	om jag har en son
09/23/2020 02:02:31 PM 	 1600862551.630211	Log_Type.RECOGNIZED_WORDS	left	nej
09/23/2020 02:02:36 PM 	 1600862556.8564677	Log_Type.RECOGNIZED_WORDS	left	min son är pappa det det betyder att
09/23/2020 02:02:45 PM 	 1600862565.0012708	Log_Type.RECOGNIZED_WORDS	right	kram
09/23/2020 02:02:46 PM 	 1600862566.4485273	Log_Type.RECOGNIZED_WORDS	left	ja
09/23/2020 02:02:49 PM 	 1600862569.7194033	Log_Type.RECOGNIZED_WORDS	right	när
09/23/2020 02:02:55 PM 	 1600862575.1477394	Log_Type.RECOGNIZED_WORDS	right	ute i snön så kan man
09/23/2020 02:02:56 PM 	 1600862576.0561163	Log_Type.RECOGNIZED_WORDS	left	ute i snön så kan man se sina
09/23/2020 02:03:02 PM 	 1600862582.629093	Log_Type.RECOGNIZED_WORDS	right	från vad har man på
09/23/2020 02:03:14 PM 	 1600862594.9380836	Log_Type.RECOGNIZED_WORDS	left	typ av
09/23/2020 02:03:24 PM 	 1600862604.8191097	Log_Type.RECOGNIZED_WORDS	left	ja faktiskt
09/23/2020 02:03:34 PM 	 1600862614.6081138	Log_Type.RECOGNIZED_WORDS	left	någonting
09/23/2020 02:03:36 PM 	 1600862616.589679	Log_Type.RECOGNIZED_WORDS	right	man har på en dator för
09/23/2020 02:03:39 PM 	 1600862619.6078436	Log_Type.RECOGNIZED_WORDS	right	i den
09/23/2020 02:03:39 PM 	 1600862619.859753	Log_Type.RECOGNIZED_WORDS	left	komma in igen
09/23/2020 02:03:49 PM 	 1600862629.879866	Log_Type.RECOGNIZED_WORDS	left	det är en kombination av fast symboler
09/23/2020 02:03:54 PM 	 1600862634.9106247	Log_Type.RECOGNIZED_WORDS	left	kaka bokstav ningar
09/23/2020 02:03:59 PM 	 1600862639.624325	Log_Type.RECOGNIZED_WORDS	left	när man
09/23/2020 02:04:04 PM 	 1600862644.388751	Log_Type.RECOGNIZED_WORDS	left	jaha
09/23/2020 02:04:09 PM 	 1600862649.2305844	Log_Type.RECOGNIZED_WORDS	left	går man måste en vän
09/23/2020 02:04:14 PM 	 1600862654.003954	Log_Type.RECOGNIZED_WORDS	left	den här
09/23/2020 02:04:20 PM 	 1600862660.073218	Log_Type.RECOGNIZED_WORDS	right	ja
09/23/2020 02:04:36 PM 	 1600862676.2823713	Log_Type.RECOGNIZED_WORDS	right	det kan vara en hund eller en katt
09/23/2020 02:04:39 PM 	 1600862679.6306672	Log_Type.RECOGNIZED_WORDS	right	som man har
09/23/2020 02:04:42 PM 	 1600862682.8230114	Log_Type.RECOGNIZED_WORDS	left	jaha
09/23/2020 02:04:47 PM 	 1600862687.5607603	Log_Type.RECOGNIZED_WORDS	left	hemma
09/23/2020 02:04:57 PM 	 1600862697.007534	Log_Type.RECOGNIZED_WORDS	left	ja
09/23/2020 02:04:57 PM 	 1600862697.449195	Log_Type.RECOGNIZED_WORDS	right	ja
09/23/2020 02:05:05 PM 	 1600862705.5512156	Log_Type.RECOGNIZED_WORDS	right	det här är ett stjärntecken
09/23/2020 02:05:06 PM 	 1600862706.2796352	Log_Type.RECOGNIZED_WORDS	left	ett stjärntecken
09/23/2020 02:05:08 PM 	 1600862708.9734333	Log_Type.RECOGNIZED_WORDS	right	om man är född i
09/23/2020 02:05:11 PM 	 1600862711.3905344	Log_Type.RECOGNIZED_WORDS	left	född i december
09/23/2020 02:05:11 PM 	 1600862711.8351674	Log_Type.RECOGNIZED_WORDS	right	december-januari
09/23/2020 02:05:25 PM 	 1600862725.289316	Log_Type.RECOGNIZED_WORDS	left	abba toppen av
09/23/2020 02:05:29 PM 	 1600862729.977451	Log_Type.RECOGNIZED_WORDS	left	sims
09/23/2020 02:05:35 PM 	 1600862735.33012	Log_Type.RECOGNIZED_WORDS	left	open specific object
09/23/2020 02:05:43 PM 	 1600862743.6336558	Log_Type.RECOGNIZED_WORDS	right	toppen av det del
09/23/2020 02:05:44 PM 	 1600862744.780592	Log_Type.RECOGNIZED_WORDS	left	ja
09/23/2020 02:05:54 PM 	 1600862754.1452074	Log_Type.RECOGNIZED_WORDS	left	en man som
09/23/2020 02:05:59 PM 	 1600862759.0291898	Log_Type.RECOGNIZED_WORDS	left	le
09/23/2020 02:06:03 PM 	 1600862763.8635805	Log_Type.RECOGNIZED_WORDS	left	kyrkogården
09/23/2020 02:06:05 PM 	 1600862765.3471937	Log_Type.RECOGNIZED_WORDS	right	nästa
09/23/2020 02:06:13 PM 	 1600862773.4441848	Log_Type.RECOGNIZED_WORDS	left	tjock präst
09/23/2020 02:06:32 PM 	 1600862792.4282844	Log_Type.RECOGNIZED_WORDS	left	person som spelar specifikation
09/23/2020 02:06:38 PM 	 1600862798.4033518	Log_Type.RECOGNIZED_WORDS	left	slår harpest
09/23/2020 02:06:45 PM 	 1600862805.7992146	Log_Type.RECOGNIZED_WORDS	right	ja
09/23/2020 02:06:56 PM 	 1600862816.916065	Log_Type.RECOGNIZED_WORDS	right	vatten mellan två öar
09/23/2020 02:06:57 PM 	 1600862817.1038332	Log_Type.RECOGNIZED_WORDS	left	vatten mellan två öar som
09/23/2020 02:07:01 PM 	 1600862821.7296169	Log_Type.RECOGNIZED_WORDS	right	som går över för att man ska kunna gå över det
09/23/2020 02:07:02 PM 	 1600862822.2403347	Log_Type.RECOGNIZED_WORDS	left	över för att man ska kunna gå över det
09/23/2020 02:07:21 PM 	 1600862841.1818416	Log_Type.RECOGNIZED_WORDS	left	det är en arkitektur
09/23/2020 02:07:26 PM 	 1600862846.173363	Log_Type.RECOGNIZED_WORDS	left	som är mycket vacker
09/23/2020 02:07:30 PM 	 1600862850.8989036	Log_Type.RECOGNIZED_WORDS	left	unik
09/23/2020 02:07:40 PM 	 1600862860.4917092	Log_Type.RECOGNIZED_WORDS	left	om man ska göra
09/23/2020 02:07:41 PM 	 1600862861.6679153	Log_Type.RECOGNIZED_WORDS	right	om man ska göra om man ska
09/23/2020 02:07:43 PM 	 1600862863.49405	Log_Type.RECOGNIZED_WORDS	right	en
09/23/2020 02:07:45 PM 	 1600862865.3091924	Log_Type.RECOGNIZED_WORDS	left	en duk
09/23/2020 02:07:45 PM 	 1600862865.5573535	Log_Type.RECOGNIZED_WORDS	right	duk
09/23/2020 02:07:49 PM 	 1600862869.8662715	Log_Type.RECOGNIZED_WORDS	right	använder man det här
09/23/2020 02:07:50 PM 	 1600862870.2767527	Log_Type.RECOGNIZED_WORDS	left	det här
09/23/2020 02:07:58 PM 	 1600862878.5155034	Log_Type.RECOGNIZED_WORDS	right	ja
09/23/2020 02:08:13 PM 	 1600862893.3010924	Log_Type.RECOGNIZED_WORDS	left	och
09/23/2020 02:08:14 PM 	 1600862894.7745144	Log_Type.RECOGNIZED_WORDS	right	i kroppen finns det blod och blodet har
09/23/2020 02:08:17 PM 	 1600862897.967509	Log_Type.RECOGNIZED_WORDS	left	jaha
09/23/2020 02:08:22 PM 	 1600862902.942705	Log_Type.RECOGNIZED_WORDS	left	det är en substans som
09/23/2020 02:08:41 PM 	 1600862921.5618563	Log_Type.RECOGNIZED_WORDS	left	det är dags att
09/23/2020 02:08:46 PM 	 1600862926.2896948	Log_Type.RECOGNIZED_WORDS	left	regeringen
09/23/2020 02:08:51 PM 	 1600862931.2606525	Log_Type.RECOGNIZED_WORDS	left	rahman
09/23/2020 02:08:59 PM 	 1600862939.4075081	Log_Type.RECOGNIZED_WORDS	right	tack själv
09/23/2020 02:09:00 PM 	 1600862940.8408387	Log_Type.RECOGNIZED_WORDS	left	tack
