09/23/2020 04:01:03 PM 	 1600869663.2185955	Log_Type.CONFIG	INIT_USER	left
09/23/2020 04:01:03 PM 	 1600869663.2303734	Log_Type.CONFIG	INIT_USER	right
09/23/2020 04:01:07 PM 	 1600869667.7932236	Log_Type.RECOGNIZED_WORDS	right	så mycket poäng man får
09/23/2020 04:01:09 PM 	 1600869669.7502425	Log_Type.RECOGNIZED_WORDS	right	klarat ett prov
09/23/2020 04:01:09 PM 	 1600869669.8026166	Log_Type.RECOGNIZED_WORDS	left	pro
09/23/2020 04:01:15 PM 	 1600869675.973014	Log_Type.RECOGNIZED_WORDS	right	ja precis
09/23/2020 04:01:23 PM 	 1600869683.0819473	Log_Type.RECOGNIZED_WORDS	left	jag känner inte ordet
09/23/2020 04:01:25 PM 	 1600869685.072216	Log_Type.RECOGNIZED_WORDS	right	stamp
09/23/2020 04:01:27 PM 	 1600869687.6180294	Log_Type.RECOGNIZED_WORDS	left	ja
09/23/2020 04:01:32 PM 	 1600869692.404276	Log_Type.RECOGNIZED_WORDS	left	skicka ett brev till exempel man köper
09/23/2020 04:01:37 PM 	 1600869697.0292227	Log_Type.RECOGNIZED_WORDS	left	förra skicka på posten
09/23/2020 04:01:41 PM 	 1600869701.8770268	Log_Type.RECOGNIZED_WORDS	left	ja exakt
09/23/2020 04:01:44 PM 	 1600869704.681382	Log_Type.RECOGNIZED_WORDS	right	det här är elektricitet som kommer ner
09/23/2020 04:01:47 PM 	 1600869707.2149289	Log_Type.RECOGNIZED_WORDS	right	när det åskar
09/23/2020 04:01:47 PM 	 1600869707.48965	Log_Type.RECOGNIZED_WORDS	left	elektrisk kommer ner från himlen
09/23/2020 04:01:51 PM 	 1600869711.3358088	Log_Type.RECOGNIZED_WORDS	right	det är
09/23/2020 04:01:52 PM 	 1600869712.399293	Log_Type.RECOGNIZED_WORDS	left	vi är
09/23/2020 04:01:56 PM 	 1600869716.1874814	Log_Type.RECOGNIZED_WORDS	right	energi det är en än ur
09/23/2020 04:02:00 PM 	 1600869720.9013023	Log_Type.RECOGNIZED_WORDS	right	nej en urladdning som kommer ner från himlen
09/23/2020 04:02:02 PM 	 1600869722.3877726	Log_Type.RECOGNIZED_WORDS	left	en laddning som kommer ner från himlen
09/23/2020 04:02:05 PM 	 1600869725.5985506	Log_Type.RECOGNIZED_WORDS	right	nej det är
09/23/2020 04:02:07 PM 	 1600869727.4651353	Log_Type.RECOGNIZED_WORDS	left	det är starkt ljus
09/23/2020 04:02:08 PM 	 1600869728.659991	Log_Type.RECOGNIZED_WORDS	right	ljus och det kommer
09/23/2020 04:02:12 PM 	 1600869732.5344207	Log_Type.RECOGNIZED_WORDS	left	från molnen i marken
09/23/2020 04:02:13 PM 	 1600869733.3198	Log_Type.RECOGNIZED_WORDS	right	till marken när de oss
09/23/2020 04:02:15 PM 	 1600869735.2020986	Log_Type.RECOGNIZED_WORDS	right	kommer det
09/23/2020 04:02:17 PM 	 1600869737.1965325	Log_Type.RECOGNIZED_WORDS	left	så kommer det
09/23/2020 04:02:21 PM 	 1600869741.1563592	Log_Type.RECOGNIZED_WORDS	right	ja
09/23/2020 04:02:21 PM 	 1600869741.9451466	Log_Type.RECOGNIZED_WORDS	left	aden
09/23/2020 04:02:26 PM 	 1600869746.4609458	Log_Type.RECOGNIZED_WORDS	left	jobba i en bageri
09/23/2020 04:02:31 PM 	 1600869751.0361712	Log_Type.RECOGNIZED_WORDS	left	personen det
09/23/2020 04:02:36 PM 	 1600869756.2496867	Log_Type.RECOGNIZED_WORDS	left	ett av jobbet för personen som jobbar
09/23/2020 04:02:53 PM 	 1600869773.7514977	Log_Type.RECOGNIZED_WORDS	right	det här är något man kan kolla i för att se reflektioner
09/23/2020 04:02:58 PM 	 1600869778.7592597	Log_Type.RECOGNIZED_WORDS	right	så det är
09/23/2020 04:03:03 PM 	 1600869783.581465	Log_Type.RECOGNIZED_WORDS	right	en tavla som sitter på väggen men det reflektera
09/23/2020 04:03:05 PM 	 1600869785.2037284	Log_Type.RECOGNIZED_WORDS	left	tavla som sitter på väggen men det är läskigt elakt
09/23/2020 04:03:08 PM 	 1600869788.2244174	Log_Type.RECOGNIZED_WORDS	right	ja
09/23/2020 04:03:10 PM 	 1600869790.031157	Log_Type.RECOGNIZED_WORDS	left	ja
09/23/2020 04:03:14 PM 	 1600869794.9266598	Log_Type.RECOGNIZED_WORDS	left	svara
09/23/2020 04:03:20 PM 	 1600869800.049229	Log_Type.RECOGNIZED_WORDS	left	är en söt
09/23/2020 04:03:22 PM 	 1600869802.8051417	Log_Type.RECOGNIZED_WORDS	right	om man äter
09/23/2020 04:03:25 PM 	 1600869805.4006	Log_Type.RECOGNIZED_WORDS	left	det är en typ av fisk vit
09/23/2020 04:03:34 PM 	 1600869814.582962	Log_Type.RECOGNIZED_WORDS	left	ja
09/23/2020 04:03:38 PM 	 1600869818.7676003	Log_Type.RECOGNIZED_WORDS	right	spela
09/23/2020 04:03:39 PM 	 1600869819.176754	Log_Type.RECOGNIZED_WORDS	left	flera
09/23/2020 04:03:43 PM 	 1600869823.949901	Log_Type.RECOGNIZED_WORDS	left	det var inte en dröm men flera
09/23/2020 04:03:53 PM 	 1600869833.3620822	Log_Type.RECOGNIZED_WORDS	left	något man får
09/23/2020 04:03:55 PM 	 1600869835.44549	Log_Type.RECOGNIZED_WORDS	right	det här är något man får om man vinner i en
09/23/2020 04:03:58 PM 	 1600869838.4111013	Log_Type.RECOGNIZED_WORDS	left	deltävling första plats
09/23/2020 04:03:59 PM 	 1600869839.1647122	Log_Type.RECOGNIZED_WORDS	right	så får man en sån här
09/23/2020 04:04:03 PM 	 1600869843.1336887	Log_Type.RECOGNIZED_WORDS	right	det är något som man hänger runt halsen
09/23/2020 04:04:04 PM 	 1600869844.3046858	Log_Type.RECOGNIZED_WORDS	left	det är något som hänger i halsen
09/23/2020 04:04:07 PM 	 1600869847.173423	Log_Type.RECOGNIZED_WORDS	right	ja
09/23/2020 04:04:09 PM 	 1600869849.0370274	Log_Type.RECOGNIZED_WORDS	left	det är en plats
09/23/2020 04:04:13 PM 	 1600869853.8062794	Log_Type.RECOGNIZED_WORDS	left	sjuk men gå till
09/23/2020 04:04:18 PM 	 1600869858.4877667	Log_Type.RECOGNIZED_WORDS	left	för att köpa läkemedel
09/23/2020 04:04:23 PM 	 1600869863.2284331	Log_Type.RECOGNIZED_WORDS	left	apotek ja
09/23/2020 04:04:27 PM 	 1600869867.6121435	Log_Type.RECOGNIZED_WORDS	right	det här är ett litet kryp som gör ett
09/23/2020 04:04:28 PM 	 1600869868.2740173	Log_Type.RECOGNIZED_WORDS	left	kryp som gör ett nät
09/23/2020 04:04:30 PM 	 1600869870.7075148	Log_Type.RECOGNIZED_WORDS	right	den fångar andra insekter
09/23/2020 04:04:36 PM 	 1600869876.0958638	Log_Type.RECOGNIZED_WORDS	right	nej den har åtta ben
09/23/2020 04:04:37 PM 	 1600869877.4128218	Log_Type.RECOGNIZED_WORDS	left	åtta ben och den kan
09/23/2020 04:04:42 PM 	 1600869882.1445992	Log_Type.RECOGNIZED_WORDS	left	ja
09/23/2020 04:04:43 PM 	 1600869883.10807	Log_Type.RECOGNIZED_WORDS	right	anna
09/23/2020 04:04:51 PM 	 1600869891.433199	Log_Type.RECOGNIZED_WORDS	left	typ av kött
09/23/2020 04:04:53 PM 	 1600869893.0345545	Log_Type.RECOGNIZED_WORDS	right	oriflame
09/23/2020 04:04:55 PM 	 1600869895.9599128	Log_Type.RECOGNIZED_WORDS	left	gris
09/23/2020 04:05:00 PM 	 1600869900.4789026	Log_Type.RECOGNIZED_WORDS	left	ost
09/23/2020 04:05:05 PM 	 1600869905.1706758	Log_Type.RECOGNIZED_WORDS	left	en typ av kött
09/23/2020 04:05:10 PM 	 1600869910.2160873	Log_Type.RECOGNIZED_WORDS	left	nice mördare inte kött
09/23/2020 04:05:15 PM 	 1600869915.0469823	Log_Type.RECOGNIZED_WORDS	left	ja exakt
09/23/2020 04:05:15 PM 	 1600869915.1318617	Log_Type.RECOGNIZED_WORDS	right	det här är rent
09/23/2020 04:05:19 PM 	 1600869919.815438	Log_Type.RECOGNIZED_WORDS	left	går på eller
09/23/2020 04:05:19 PM 	 1600869919.8767035	Log_Type.RECOGNIZED_WORDS	right	där man går på toaletten eller
09/23/2020 04:05:24 PM 	 1600869924.382948	Log_Type.RECOGNIZED_WORDS	left	dusch
09/23/2020 04:05:24 PM 	 1600869924.5109038	Log_Type.RECOGNIZED_WORDS	right	eller duschar
09/23/2020 04:05:29 PM 	 1600869929.3259742	Log_Type.RECOGNIZED_WORDS	right	ett rum där allt det här finns det
09/23/2020 04:05:29 PM 	 1600869929.4664373	Log_Type.RECOGNIZED_WORDS	left	är det rum där allt det här fint
09/23/2020 04:05:31 PM 	 1600869931.495643	Log_Type.RECOGNIZED_WORDS	right	fat dusch
09/23/2020 04:05:34 PM 	 1600869934.2807846	Log_Type.RECOGNIZED_WORDS	left	dusch
09/23/2020 04:05:38 PM 	 1600869938.8589041	Log_Type.RECOGNIZED_WORDS	left	när man tvättar sig
09/23/2020 04:05:39 PM 	 1600869939.869884	Log_Type.RECOGNIZED_WORDS	right	det är en plats där man tvättar sig
09/23/2020 04:05:43 PM 	 1600869943.4581175	Log_Type.RECOGNIZED_WORDS	right	den plats där man går på toaletten
09/23/2020 04:05:43 PM 	 1600869943.6980073	Log_Type.RECOGNIZED_WORDS	left	nej den plats där man går på toaletten
09/23/2020 04:05:48 PM 	 1600869948.2028513	Log_Type.RECOGNIZED_WORDS	right	ja
09/23/2020 04:05:53 PM 	 1600869953.190962	Log_Type.RECOGNIZED_WORDS	left	så
09/23/2020 04:05:57 PM 	 1600869957.9092581	Log_Type.RECOGNIZED_WORDS	left	personen som
09/23/2020 04:06:02 PM 	 1600869962.4782126	Log_Type.RECOGNIZED_WORDS	left	gift
09/23/2020 04:06:07 PM 	 1600869967.0652823	Log_Type.RECOGNIZED_WORDS	left	till kungen
09/23/2020 04:06:12 PM 	 1600869972.3369343	Log_Type.RECOGNIZED_WORDS	left	ja exakt
09/23/2020 04:06:15 PM 	 1600869975.2410882	Log_Type.RECOGNIZED_WORDS	right	det här är
09/23/2020 04:06:17 PM 	 1600869977.1390858	Log_Type.RECOGNIZED_WORDS	left	när är en vara
09/23/2020 04:06:19 PM 	 1600869979.8324065	Log_Type.RECOGNIZED_WORDS	right	en varelse som man har hemma hos sig
09/23/2020 04:06:21 PM 	 1600869981.956517	Log_Type.RECOGNIZED_WORDS	left	hemma hund eller katt
09/23/2020 04:06:22 PM 	 1600869982.9401667	Log_Type.RECOGNIZED_WORDS	right	delikatess eller kanin
09/23/2020 04:06:26 PM 	 1600869986.7789006	Log_Type.RECOGNIZED_WORDS	left	ja
09/23/2020 04:06:28 PM 	 1600869988.9964674	Log_Type.RECOGNIZED_WORDS	right	ja och det är en sån sak som man har i sitt hem
09/23/2020 04:06:31 PM 	 1600869991.593123	Log_Type.RECOGNIZED_WORDS	left	hem
09/23/2020 04:06:36 PM 	 1600869996.3844085	Log_Type.RECOGNIZED_WORDS	left	domar
09/23/2020 04:06:40 PM 	 1600870000.9096313	Log_Type.RECOGNIZED_WORDS	left	ord eller
09/23/2020 04:06:45 PM 	 1600870005.9520135	Log_Type.RECOGNIZED_WORDS	left	en kod som man har för att har
09/23/2020 04:06:50 PM 	 1600870010.7880955	Log_Type.RECOGNIZED_WORDS	left	digitalt digitalt
09/23/2020 04:06:55 PM 	 1600870015.7817428	Log_Type.RECOGNIZED_WORDS	left	exakt
09/23/2020 04:06:59 PM 	 1600870019.1556826	Log_Type.RECOGNIZED_WORDS	right	det här är
09/23/2020 04:07:00 PM 	 1600870020.5120358	Log_Type.RECOGNIZED_WORDS	left	det här är
09/23/2020 04:07:04 PM 	 1600870024.1409042	Log_Type.RECOGNIZED_WORDS	right	något som tillåter en att välja
09/23/2020 04:07:05 PM 	 1600870025.1726015	Log_Type.RECOGNIZED_WORDS	left	hur låter en att välja en
09/23/2020 04:07:08 PM 	 1600870028.795176	Log_Type.RECOGNIZED_WORDS	right	statsminister i ett val
09/23/2020 04:07:09 PM 	 1600870029.7489536	Log_Type.RECOGNIZED_WORDS	left	ja
09/23/2020 04:07:11 PM 	 1600870031.6234884	Log_Type.RECOGNIZED_WORDS	right	så det är
09/23/2020 04:07:13 PM 	 1600870033.7236395	Log_Type.RECOGNIZED_WORDS	right	något som
09/23/2020 04:07:14 PM 	 1600870034.4870734	Log_Type.RECOGNIZED_WORDS	left	något som
09/23/2020 04:07:17 PM 	 1600870037.174634	Log_Type.RECOGNIZED_WORDS	right	varje människa
09/23/2020 04:07:19 PM 	 1600870039.0101128	Log_Type.RECOGNIZED_WORDS	left	varje människa
09/23/2020 04:07:24 PM 	 1600870044.7931218	Log_Type.RECOGNIZED_WORDS	left	nation
09/23/2020 04:07:29 PM 	 1600870049.3325937	Log_Type.RECOGNIZED_WORDS	left	en
09/23/2020 04:07:33 PM 	 1600870053.923962	Log_Type.RECOGNIZED_WORDS	left	om man har
09/23/2020 04:07:43 PM 	 1600870063.1928687	Log_Type.RECOGNIZED_WORDS	right	när man dödar
09/23/2020 04:07:43 PM 	 1600870063.2796223	Log_Type.RECOGNIZED_WORDS	left	när man dödar
09/23/2020 04:07:48 PM 	 1600870068.0703526	Log_Type.RECOGNIZED_WORDS	left	ensam
09/23/2020 04:07:52 PM 	 1600870072.690321	Log_Type.RECOGNIZED_WORDS	left	ja
09/23/2020 04:07:57 PM 	 1600870077.442309	Log_Type.RECOGNIZED_WORDS	right	det här är något man sitter i när man inte kan gå
09/23/2020 04:07:58 PM 	 1600870078.4106035	Log_Type.RECOGNIZED_WORDS	left	det här är något som man sitter i när man inte kan gå
09/23/2020 04:08:03 PM 	 1600870083.2357767	Log_Type.RECOGNIZED_WORDS	left	något med hjul
09/23/2020 04:08:03 PM 	 1600870083.9698005	Log_Type.RECOGNIZED_WORDS	right	det är något med hjul
09/23/2020 04:08:08 PM 	 1600870088.0684416	Log_Type.RECOGNIZED_WORDS	left	man sitter i när man har brutit
09/23/2020 04:08:08 PM 	 1600870088.7120874	Log_Type.RECOGNIZED_WORDS	right	man sitter i när man har brutit benet
09/23/2020 04:08:10 PM 	 1600870090.5089264	Log_Type.RECOGNIZED_WORDS	right	det kan vi gå
09/23/2020 04:08:12 PM 	 1600870092.6717768	Log_Type.RECOGNIZED_WORDS	left	granngården
09/23/2020 04:08:19 PM 	 1600870099.8505883	Log_Type.RECOGNIZED_WORDS	right	det är
09/23/2020 04:08:21 PM 	 1600870101.875234	Log_Type.RECOGNIZED_WORDS	left	det är en
09/23/2020 04:08:25 PM 	 1600870105.049696	Log_Type.RECOGNIZED_WORDS	right	ensam
09/23/2020 04:08:26 PM 	 1600870106.6958494	Log_Type.RECOGNIZED_WORDS	left	en sak som sker när man
09/23/2020 04:08:31 PM 	 1600870111.4330726	Log_Type.RECOGNIZED_WORDS	left	sover
09/23/2020 04:08:36 PM 	 1600870116.0663576	Log_Type.RECOGNIZED_WORDS	left	det här är
09/23/2020 04:08:38 PM 	 1600870118.4872527	Log_Type.RECOGNIZED_WORDS	right	det här är en blomma som man har
09/23/2020 04:08:41 PM 	 1600870121.4116714	Log_Type.RECOGNIZED_WORDS	left	som man har i en högtalare
09/23/2020 04:08:43 PM 	 1600870123.730045	Log_Type.RECOGNIZED_WORDS	right	ja och det är
09/23/2020 04:08:46 PM 	 1600870126.1722903	Log_Type.RECOGNIZED_WORDS	left	ja och det är en blomma som är i en
09/23/2020 04:08:47 PM 	 1600870127.152821	Log_Type.RECOGNIZED_WORDS	right	som är i en slags behållare
09/23/2020 04:08:50 PM 	 1600870130.8194706	Log_Type.RECOGNIZED_WORDS	left	av
09/23/2020 04:08:52 PM 	 1600870132.2184174	Log_Type.RECOGNIZED_WORDS	right	en behållare som kan vara gjord av lera
09/23/2020 04:08:58 PM 	 1600870138.4869783	Log_Type.RECOGNIZED_WORDS	right	nej det är det är en blomma
09/23/2020 04:09:00 PM 	 1600870140.0900977	Log_Type.RECOGNIZED_WORDS	left	är en blomma
09/23/2020 04:09:02 PM 	 1600870142.6174355	Log_Type.RECOGNIZED_WORDS	right	ja
09/23/2020 04:09:14 PM 	 1600870154.1756508	Log_Type.RECOGNIZED_WORDS	left	darin typ of
09/23/2020 04:09:18 PM 	 1600870158.7386293	Log_Type.RECOGNIZED_WORDS	left	vikt instrument
09/23/2020 04:09:23 PM 	 1600870163.3004844	Log_Type.RECOGNIZED_WORDS	left	som man kan
09/23/2020 04:09:28 PM 	 1600870168.046532	Log_Type.RECOGNIZED_WORDS	left	ja
09/23/2020 04:09:33 PM 	 1600870173.0946965	Log_Type.RECOGNIZED_WORDS	left	det här är ett ställe där man förvarar sina kläder
09/23/2020 04:09:33 PM 	 1600870173.6927786	Log_Type.RECOGNIZED_WORDS	right	det här är ett ställe där man förvarar sina kläder
09/23/2020 04:09:37 PM 	 1600870177.867621	Log_Type.RECOGNIZED_WORDS	left	den brukar stå
09/23/2020 04:09:40 PM 	 1600870180.2616258	Log_Type.RECOGNIZED_WORDS	right	den brukar stå i ens sovrum och man
09/23/2020 04:09:41 PM 	 1600870181.9359639	Log_Type.RECOGNIZED_WORDS	right	i
09/23/2020 04:09:42 PM 	 1600870182.7713006	Log_Type.RECOGNIZED_WORDS	left	har sina kläder i
09/23/2020 04:09:46 PM 	 1600870186.6550097	Log_Type.RECOGNIZED_WORDS	right	är utrymme nej det är
09/23/2020 04:09:47 PM 	 1600870187.8209996	Log_Type.RECOGNIZED_WORDS	left	nej det är som en låda
09/23/2020 04:09:48 PM 	 1600870188.6999762	Log_Type.RECOGNIZED_WORDS	right	som
09/23/2020 04:09:52 PM 	 1600870192.8758276	Log_Type.RECOGNIZED_WORDS	left	man har tunna kläder
09/23/2020 04:09:54 PM 	 1600870194.4021075	Log_Type.RECOGNIZED_WORDS	right	man har sina kläder i och
09/23/2020 04:09:57 PM 	 1600870197.531095	Log_Type.RECOGNIZED_WORDS	left	ja
09/23/2020 04:09:59 PM 	 1600870199.5463011	Log_Type.RECOGNIZED_WORDS	right	ja
09/23/2020 04:10:02 PM 	 1600870202.2560685	Log_Type.RECOGNIZED_WORDS	left	det är
09/23/2020 04:10:04 PM 	 1600870204.9579873	Log_Type.RECOGNIZED_WORDS	right	ring pappa
09/23/2020 04:10:06 PM 	 1600870206.7902813	Log_Type.RECOGNIZED_WORDS	left	min pappa
09/23/2020 04:10:16 PM 	 1600870216.0372665	Log_Type.RECOGNIZED_WORDS	left	det här är ett stort
09/23/2020 04:10:16 PM 	 1600870216.8734987	Log_Type.RECOGNIZED_WORDS	right	det här är ett stort djur som finns på
09/23/2020 04:10:19 PM 	 1600870219.0173056	Log_Type.RECOGNIZED_WORDS	right	nordpolen
09/23/2020 04:10:20 PM 	 1600870220.7319689	Log_Type.RECOGNIZED_WORDS	left	och den
09/23/2020 04:10:23 PM 	 1600870223.7459843	Log_Type.RECOGNIZED_WORDS	right	den är vit och
09/23/2020 04:10:25 PM 	 1600870225.46977	Log_Type.RECOGNIZED_WORDS	left	nej det är
09/23/2020 04:10:28 PM 	 1600870228.091592	Log_Type.RECOGNIZED_WORDS	right	det är ett djur som går på land
09/23/2020 04:10:30 PM 	 1600870230.5816245	Log_Type.RECOGNIZED_WORDS	left	land och
09/23/2020 04:10:32 PM 	 1600870232.9474518	Log_Type.RECOGNIZED_WORDS	right	ja
09/23/2020 04:10:39 PM 	 1600870239.8587675	Log_Type.RECOGNIZED_WORDS	left	det är en typ av atletisk idrott
09/23/2020 04:10:44 PM 	 1600870244.5556931	Log_Type.RECOGNIZED_WORDS	left	med en
09/23/2020 04:10:49 PM 	 1600870249.1673343	Log_Type.RECOGNIZED_WORDS	left	ja
09/23/2020 04:10:53 PM 	 1600870253.1349103	Log_Type.RECOGNIZED_WORDS	right	om man lämnar efter sig när man går i lera
09/23/2020 04:10:53 PM 	 1600870253.8745239	Log_Type.RECOGNIZED_WORDS	left	när man går i lera
09/23/2020 04:10:55 PM 	 1600870255.0960557	Log_Type.RECOGNIZED_WORDS	right	snö
09/23/2020 04:10:58 PM 	 1600870258.4641879	Log_Type.RECOGNIZED_WORDS	left	ja
09/23/2020 04:10:59 PM 	 1600870259.8331206	Log_Type.RECOGNIZED_WORDS	right	ja det är rätt
09/23/2020 04:11:01 PM 	 1600870261.5739038	Log_Type.RECOGNIZED_WORDS	right	fast
09/23/2020 04:11:03 PM 	 1600870263.9944675	Log_Type.RECOGNIZED_WORDS	left	det ordet du sa fatt av
09/23/2020 04:11:06 PM 	 1600870266.3428035	Log_Type.RECOGNIZED_WORDS	right	av en sko
09/23/2020 04:11:08 PM 	 1600870268.886895	Log_Type.RECOGNIZED_WORDS	left	vi är ett
09/23/2020 04:11:12 PM 	 1600870272.07874	Log_Type.RECOGNIZED_WORDS	right	avtryck man lämnar sig efter sina skor
09/23/2020 04:11:13 PM 	 1600870273.9232547	Log_Type.RECOGNIZED_WORDS	left	efter sina skor
09/23/2020 04:11:21 PM 	 1600870281.5765724	Log_Type.RECOGNIZED_WORDS	right	hej det är en typ av
09/23/2020 04:11:23 PM 	 1600870283.1942456	Log_Type.RECOGNIZED_WORDS	left	jag är en typ av
09/23/2020 04:11:25 PM 	 1600870285.6467285	Log_Type.RECOGNIZED_WORDS	right	jubel
09/23/2020 04:11:27 PM 	 1600870287.802497	Log_Type.RECOGNIZED_WORDS	left	jubel
09/23/2020 04:11:32 PM 	 1600870292.3470886	Log_Type.RECOGNIZED_WORDS	left	kommer från fredag
09/23/2020 04:11:36 PM 	 1600870296.8937175	Log_Type.RECOGNIZED_WORDS	left	som
09/23/2020 04:11:46 PM 	 1600870306.1145546	Log_Type.RECOGNIZED_WORDS	right	och det här är
09/23/2020 04:11:46 PM 	 1600870306.1632254	Log_Type.RECOGNIZED_WORDS	left	det här är
09/23/2020 04:11:48 PM 	 1600870308.8166153	Log_Type.RECOGNIZED_WORDS	right	en mormor
09/23/2020 04:11:53 PM 	 1600870313.909259	Log_Type.RECOGNIZED_WORDS	right	om man är en mormor så har man
09/23/2020 04:11:55 PM 	 1600870315.7634172	Log_Type.RECOGNIZED_WORDS	left	så har man
09/23/2020 04:11:59 PM 	 1600870319.080066	Log_Type.RECOGNIZED_WORDS	right	när man har kanske en dotter och sen mannen
09/23/2020 04:12:00 PM 	 1600870320.6230206	Log_Type.RECOGNIZED_WORDS	left	de har en dotter
09/23/2020 04:12:05 PM 	 1600870325.5607662	Log_Type.RECOGNIZED_WORDS	right	men du lägger det ordet två gånger
09/23/2020 04:12:05 PM 	 1600870325.7590458	Log_Type.RECOGNIZED_WORDS	left	ordet två gånger
09/23/2020 04:12:10 PM 	 1600870330.3658276	Log_Type.RECOGNIZED_WORDS	left	det här är
09/23/2020 04:12:10 PM 	 1600870330.8142004	Log_Type.RECOGNIZED_WORDS	right	så det här är
09/23/2020 04:12:12 PM 	 1600870332.853819	Log_Type.RECOGNIZED_WORDS	right	mer
09/23/2020 04:12:17 PM 	 1600870337.4812336	Log_Type.RECOGNIZED_WORDS	right	ja
09/23/2020 04:12:24 PM 	 1600870344.0372825	Log_Type.RECOGNIZED_WORDS	left	inte vad
09/23/2020 04:12:39 PM 	 1600870359.856583	Log_Type.RECOGNIZED_WORDS	left	när när det här
09/23/2020 04:12:44 PM 	 1600870364.6745276	Log_Type.RECOGNIZED_WORDS	left	är det lektioner
09/23/2020 04:12:49 PM 	 1600870369.549964	Log_Type.RECOGNIZED_WORDS	left	och det här är en destination
09/23/2020 04:12:51 PM 	 1600870371.8536813	Log_Type.RECOGNIZED_WORDS	right	är i en destination man kan åka till när man
09/23/2020 04:12:54 PM 	 1600870374.5981936	Log_Type.RECOGNIZED_WORDS	left	när man går på semester
09/23/2020 04:12:56 PM 	 1600870376.888473	Log_Type.RECOGNIZED_WORDS	right	ja men det är mer
09/23/2020 04:12:59 PM 	 1600870379.7026327	Log_Type.RECOGNIZED_WORDS	left	övergripande platsen man ska åka
09/23/2020 04:12:59 PM 	 1600870379.7597053	Log_Type.RECOGNIZED_WORDS	right	platsen man ska åka till
09/23/2020 04:13:04 PM 	 1600870384.3115518	Log_Type.RECOGNIZED_WORDS	right	ja
09/23/2020 04:13:09 PM 	 1600870389.3851407	Log_Type.RECOGNIZED_WORDS	left	den en typ av hus
09/23/2020 04:13:09 PM 	 1600870389.5327728	Log_Type.RECOGNIZED_WORDS	right	hus
09/23/2020 04:13:14 PM 	 1600870394.1372104	Log_Type.RECOGNIZED_WORDS	left	som är vanligt i stan
09/23/2020 04:13:18 PM 	 1600870398.9527247	Log_Type.RECOGNIZED_WORDS	left	framför allt i england
09/23/2020 04:13:24 PM 	 1600870404.527072	Log_Type.RECOGNIZED_WORDS	left	husen av denna tid
09/23/2020 04:13:29 PM 	 1600870409.082456	Log_Type.RECOGNIZED_WORDS	right	och det här är
09/23/2020 04:13:29 PM 	 1600870409.2570066	Log_Type.RECOGNIZED_WORDS	left	och det här är
09/23/2020 04:13:33 PM 	 1600870413.945366	Log_Type.RECOGNIZED_WORDS	left	när man ska åka
09/23/2020 04:13:33 PM 	 1600870413.965122	Log_Type.RECOGNIZED_WORDS	right	det här är en väg när man ska åka
09/23/2020 04:13:39 PM 	 1600870419.2955732	Log_Type.RECOGNIZED_WORDS	left	en choklader en
09/23/2020 04:13:39 PM 	 1600870419.5347064	Log_Type.RECOGNIZED_WORDS	right	en karta över en
09/23/2020 04:13:44 PM 	 1600870424.504501	Log_Type.RECOGNIZED_WORDS	left	så att har man en sån här smart väg
09/23/2020 04:13:44 PM 	 1600870424.8388026	Log_Type.RECOGNIZED_WORDS	right	så har man en sån här slags väg och den
09/23/2020 04:13:49 PM 	 1600870429.4931688	Log_Type.RECOGNIZED_WORDS	left	är uppspänd i vajrar
09/23/2020 04:13:49 PM 	 1600870429.571322	Log_Type.RECOGNIZED_WORDS	right	sitter uppspänd i vajrar som hon
09/23/2020 04:13:54 PM 	 1600870434.3944783	Log_Type.RECOGNIZED_WORDS	right	jaha
09/23/2020 04:13:59 PM 	 1600870439.024775	Log_Type.RECOGNIZED_WORDS	left	wish
09/23/2020 04:14:00 PM 	 1600870440.15869	Log_Type.RECOGNIZED_WORDS	right	oj
09/23/2020 04:14:03 PM 	 1600870443.964122	Log_Type.RECOGNIZED_WORDS	left	så det här är en
09/23/2020 04:14:05 PM 	 1600870445.1855967	Log_Type.RECOGNIZED_WORDS	right	det här är en typ av
09/23/2020 04:14:08 PM 	 1600870448.7034028	Log_Type.RECOGNIZED_WORDS	left	låt
09/23/2020 04:14:09 PM 	 1600870449.7802346	Log_Type.RECOGNIZED_WORDS	right	nej
09/23/2020 04:14:13 PM 	 1600870453.4701579	Log_Type.RECOGNIZED_WORDS	left	ja
09/23/2020 04:14:15 PM 	 1600870455.2047672	Log_Type.RECOGNIZED_WORDS	right	och det här är
09/23/2020 04:14:18 PM 	 1600870458.0770235	Log_Type.RECOGNIZED_WORDS	left	en
09/23/2020 04:14:24 PM 	 1600870464.573282	Log_Type.RECOGNIZED_WORDS	right	man måste ja
09/23/2020 04:14:29 PM 	 1600870469.2367685	Log_Type.RECOGNIZED_WORDS	right	ja
09/23/2020 04:14:33 PM 	 1600870473.8037317	Log_Type.RECOGNIZED_WORDS	right	det här
09/23/2020 04:14:36 PM 	 1600870476.3902245	Log_Type.RECOGNIZED_WORDS	left	det här är en person som
09/23/2020 04:14:41 PM 	 1600870481.4510891	Log_Type.RECOGNIZED_WORDS	left	instrument of percussion
09/23/2020 04:14:46 PM 	 1600870486.1755269	Log_Type.RECOGNIZED_WORDS	left	som man spelar spelar spelar
09/23/2020 04:14:50 PM 	 1600870490.801064	Log_Type.RECOGNIZED_WORDS	left	ja
09/23/2020 04:14:53 PM 	 1600870493.1671658	Log_Type.RECOGNIZED_WORDS	right	det finns
09/23/2020 04:14:56 PM 	 1600870496.0498943	Log_Type.RECOGNIZED_WORDS	left	det finns sju sådana här i världen
09/23/2020 04:14:58 PM 	 1600870498.0144553	Log_Type.RECOGNIZED_WORDS	right	här i världen säger man att det kan vara
09/23/2020 04:15:01 PM 	 1600870501.1905317	Log_Type.RECOGNIZED_WORDS	left	colosseum eller kinabron
09/23/2020 04:15:02 PM 	 1600870502.9770973	Log_Type.RECOGNIZED_WORDS	right	kinabron eller taj mahal eller pyramiderna
09/23/2020 04:15:09 PM 	 1600870509.2685027	Log_Type.RECOGNIZED_WORDS	right	det är något storslaget vad brukar jag säga
09/23/2020 04:15:10 PM 	 1600870510.6332114	Log_Type.RECOGNIZED_WORDS	left	inslaget världens sju
09/23/2020 04:15:13 PM 	 1600870513.9255416	Log_Type.RECOGNIZED_WORDS	right	ja
09/23/2020 04:15:24 PM 	 1600870524.0651894	Log_Type.RECOGNIZED_WORDS	right	i en maskin
09/23/2020 04:15:24 PM 	 1600870524.5670538	Log_Type.RECOGNIZED_WORDS	left	det här är en maskin som
09/23/2020 04:15:29 PM 	 1600870529.285775	Log_Type.RECOGNIZED_WORDS	right	använda för att
09/23/2020 04:15:29 PM 	 1600870529.344117	Log_Type.RECOGNIZED_WORDS	left	som användas för att göra
09/23/2020 04:15:34 PM 	 1600870534.6749291	Log_Type.RECOGNIZED_WORDS	left	dn
09/23/2020 04:15:44 PM 	 1600870544.1026037	Log_Type.RECOGNIZED_WORDS	left	spela med oss
09/23/2020 04:15:44 PM 	 1600870544.1982634	Log_Type.RECOGNIZED_WORDS	right	ja vad roligt
