09/29/2020 06:12:21 PM 	 1601395941.159644	Log_Type.CONFIG	INIT_USER	left
09/29/2020 06:12:21 PM 	 1601395941.1659377	Log_Type.CONFIG	INIT_USER	right
09/29/2020 06:12:28 PM 	 1601395948.7470644	Log_Type.RECOGNIZED_WORDS	right	det här är en insekt
09/29/2020 06:12:29 PM 	 1601395949.7371	Log_Type.RECOGNIZED_WORDS	left	det här är en insekt
09/29/2020 06:12:36 PM 	 1601395956.4528494	Log_Type.RECOGNIZED_WORDS	left	hur många människor är rädda för insekten
09/29/2020 06:12:37 PM 	 1601395957.553256	Log_Type.RECOGNIZED_WORDS	right	hur många människor är rädda för insekten
09/29/2020 06:12:42 PM 	 1601395962.034367	Log_Type.RECOGNIZED_WORDS	left	party hard
09/29/2020 06:12:43 PM 	 1601395963.9799964	Log_Type.RECOGNIZED_WORDS	right	8
09/29/2020 06:12:44 PM 	 1601395964.390746	Log_Type.RECOGNIZED_WORDS	left	ja
09/29/2020 06:12:48 PM 	 1601395968.9829836	Log_Type.RECOGNIZED_WORDS	right	den bor i ett nät
09/29/2020 06:12:57 PM 	 1601395977.0727158	Log_Type.RECOGNIZED_WORDS	left	hon är gift med en ko
09/29/2020 06:12:58 PM 	 1601395978.420949	Log_Type.RECOGNIZED_WORDS	right	det här hon är gift med en kung
09/29/2020 06:13:18 PM 	 1601395998.8692558	Log_Type.RECOGNIZED_WORDS	left	bakar eller hon bakar
09/29/2020 06:13:19 PM 	 1601395999.686552	Log_Type.RECOGNIZED_WORDS	right	han bakar eller hon bakar
09/29/2020 06:13:23 PM 	 1601396003.8268323	Log_Type.RECOGNIZED_WORDS	left	bröd bullar kakor
09/29/2020 06:13:24 PM 	 1601396004.6658955	Log_Type.RECOGNIZED_WORDS	right	bröd bullar kakor
09/29/2020 06:13:28 PM 	 1601396008.5919244	Log_Type.RECOGNIZED_WORDS	left	barnkanalen
09/29/2020 06:13:33 PM 	 1601396013.75911	Log_Type.RECOGNIZED_WORDS	right	kommer från himlen
09/29/2020 06:13:35 PM 	 1601396015.9780173	Log_Type.RECOGNIZED_WORDS	right	väder
09/29/2020 06:13:38 PM 	 1601396018.8868172	Log_Type.RECOGNIZED_WORDS	right	mycket energi
09/29/2020 06:13:40 PM 	 1601396020.6152952	Log_Type.RECOGNIZED_WORDS	left	mycket energi
09/29/2020 06:13:41 PM 	 1601396021.6555202	Log_Type.RECOGNIZED_WORDS	right	ljus
09/29/2020 06:13:44 PM 	 1601396024.4704554	Log_Type.RECOGNIZED_WORDS	right	tor
09/29/2020 06:13:49 PM 	 1601396029.4383297	Log_Type.RECOGNIZED_WORDS	right	nej tor heter guden
09/29/2020 06:13:53 PM 	 1601396033.6693828	Log_Type.RECOGNIZED_WORDS	right	ja
09/29/2020 06:14:00 PM 	 1601396040.2561233	Log_Type.RECOGNIZED_WORDS	right	du kan se
09/29/2020 06:14:00 PM 	 1601396040.502045	Log_Type.RECOGNIZED_WORDS	left	du kan se
09/29/2020 06:14:09 PM 	 1601396049.9866726	Log_Type.RECOGNIZED_WORDS	right	ja du kan se dig själv i det här
09/29/2020 06:14:19 PM 	 1601396059.551053	Log_Type.RECOGNIZED_WORDS	left	du ser en bild av ditt eget ansikte
09/29/2020 06:14:20 PM 	 1601396060.1352217	Log_Type.RECOGNIZED_WORDS	right	du ser en bild av ditt eget ansikte
09/29/2020 06:14:29 PM 	 1601396069.7799757	Log_Type.RECOGNIZED_WORDS	right	du ser också allt annat som är bakom
09/29/2020 06:14:47 PM 	 1601396087.6800103	Log_Type.RECOGNIZED_WORDS	right	unga flickor tycker om att stå framför en sån här
09/29/2020 06:14:52 PM 	 1601396092.4264526	Log_Type.RECOGNIZED_WORDS	left	skämt
09/29/2020 06:14:52 PM 	 1601396092.4958713	Log_Type.RECOGNIZED_WORDS	right	själva
09/29/2020 06:14:59 PM 	 1601396099.7521796	Log_Type.RECOGNIZED_WORDS	right	en kaka
09/29/2020 06:15:02 PM 	 1601396102.0278268	Log_Type.RECOGNIZED_WORDS	left	en kaka
09/29/2020 06:15:05 PM 	 1601396105.0343215	Log_Type.RECOGNIZED_WORDS	right	som har namnet av det man gör på natten
09/29/2020 06:15:06 PM 	 1601396106.9791923	Log_Type.RECOGNIZED_WORDS	left	på natten
09/29/2020 06:15:12 PM 	 1601396112.3378832	Log_Type.RECOGNIZED_WORDS	left	kakan smälter
09/29/2020 06:15:13 PM 	 1601396113.0647712	Log_Type.RECOGNIZED_WORDS	right	kakan smälter i munnen
09/29/2020 06:15:24 PM 	 1601396124.4767182	Log_Type.RECOGNIZED_WORDS	right	bikarbonat har man i kakan
09/29/2020 06:15:26 PM 	 1601396126.2127337	Log_Type.RECOGNIZED_WORDS	left	ja
09/29/2020 06:15:27 PM 	 1601396127.7149622	Log_Type.RECOGNIZED_WORDS	right	socker mjöl
09/29/2020 06:15:32 PM 	 1601396132.6066303	Log_Type.RECOGNIZED_WORDS	right	samma namn som
09/29/2020 06:15:44 PM 	 1601396144.7807307	Log_Type.RECOGNIZED_WORDS	left	jaha
09/29/2020 06:15:48 PM 	 1601396148.5391703	Log_Type.RECOGNIZED_WORDS	right	youtube
09/29/2020 06:15:49 PM 	 1601396149.4398594	Log_Type.RECOGNIZED_WORDS	left	det är någon du
09/29/2020 06:15:54 PM 	 1601396154.4007597	Log_Type.RECOGNIZED_WORDS	left	nej men du
09/29/2020 06:15:58 PM 	 1601396158.550517	Log_Type.RECOGNIZED_WORDS	right	ett brev
09/29/2020 06:15:59 PM 	 1601396159.0928388	Log_Type.RECOGNIZED_WORDS	left	ja ja
09/29/2020 06:16:03 PM 	 1601396163.1849139	Log_Type.RECOGNIZED_WORDS	right	du sätter det på ett brev
09/29/2020 06:16:03 PM 	 1601396163.974053	Log_Type.RECOGNIZED_WORDS	left	ja
09/29/2020 06:16:07 PM 	 1601396167.5822413	Log_Type.RECOGNIZED_WORDS	right	skickar ett brev eller ett vykort
09/29/2020 06:16:08 PM 	 1601396168.7192435	Log_Type.RECOGNIZED_WORDS	left	jaha
09/29/2020 06:16:11 PM 	 1601396171.443137	Log_Type.RECOGNIZED_WORDS	right	delete 1
09/29/2020 06:16:13 PM 	 1601396173.5745192	Log_Type.RECOGNIZED_WORDS	left	frimärken
09/29/2020 06:16:18 PM 	 1601396178.8490777	Log_Type.RECOGNIZED_WORDS	right	det här äter vi på julen i sverige
09/29/2020 06:16:18 PM 	 1601396178.9141614	Log_Type.RECOGNIZED_WORDS	left	det här äter vi på julen
09/29/2020 06:16:23 PM 	 1601396183.9332457	Log_Type.RECOGNIZED_WORDS	left	from please
09/29/2020 06:16:28 PM 	 1601396188.6554499	Log_Type.RECOGNIZED_WORDS	left	och man äter det
09/29/2020 06:16:31 PM 	 1601396191.1584375	Log_Type.RECOGNIZED_WORDS	right	man äter den på youtube
09/29/2020 06:16:33 PM 	 1601396193.3945286	Log_Type.RECOGNIZED_WORDS	left	sverige
09/29/2020 06:16:37 PM 	 1601396197.8194745	Log_Type.RECOGNIZED_WORDS	right	det kommer av gris griskött
09/29/2020 06:16:38 PM 	 1601396198.0795412	Log_Type.RECOGNIZED_WORDS	left	kött
09/29/2020 06:16:44 PM 	 1601396204.0977845	Log_Type.RECOGNIZED_WORDS	right	man kan också äta det på smörgås
09/29/2020 06:16:53 PM 	 1601396213.3632755	Log_Type.RECOGNIZED_WORDS	right	betyget
09/29/2020 06:16:57 PM 	 1601396217.670175	Log_Type.RECOGNIZED_WORDS	right	som finns
09/29/2020 06:17:05 PM 	 1601396225.648015	Log_Type.RECOGNIZED_WORDS	left	bokstavsbetyg
09/29/2020 06:17:06 PM 	 1601396226.2348104	Log_Type.RECOGNIZED_WORDS	right	bokstavsbetyg
09/29/2020 06:17:07 PM 	 1601396227.936963	Log_Type.RECOGNIZED_WORDS	right	ja
09/29/2020 06:17:10 PM 	 1601396230.7900922	Log_Type.RECOGNIZED_WORDS	right	bättre
09/29/2020 06:17:15 PM 	 1601396235.3393326	Log_Type.RECOGNIZED_WORDS	left	ja
09/29/2020 06:17:15 PM 	 1601396235.584136	Log_Type.RECOGNIZED_WORDS	right	n a
09/29/2020 06:17:24 PM 	 1601396244.7572167	Log_Type.RECOGNIZED_WORDS	left	här köper du medicin
09/29/2020 06:17:26 PM 	 1601396246.1628094	Log_Type.RECOGNIZED_WORDS	right	här köper du medicin
09/29/2020 06:17:29 PM 	 1601396249.3681226	Log_Type.RECOGNIZED_WORDS	left	jaha
09/29/2020 06:17:45 PM 	 1601396265.850691	Log_Type.RECOGNIZED_WORDS	right	när du vinner ett lopp får du
09/29/2020 06:17:47 PM 	 1601396267.9858296	Log_Type.RECOGNIZED_WORDS	left	det här runt halsen
09/29/2020 06:17:48 PM 	 1601396268.3210542	Log_Type.RECOGNIZED_WORDS	right	runt halsen
09/29/2020 06:17:51 PM 	 1601396271.9902027	Log_Type.RECOGNIZED_WORDS	right	av en speciell valör
09/29/2020 06:17:52 PM 	 1601396272.7814784	Log_Type.RECOGNIZED_WORDS	left	speciell valör
09/29/2020 06:17:57 PM 	 1601396277.9664724	Log_Type.RECOGNIZED_WORDS	left	det är när du vill
09/29/2020 06:17:58 PM 	 1601396278.9627733	Log_Type.RECOGNIZED_WORDS	right	nummer ett
09/29/2020 06:18:02 PM 	 1601396282.7775633	Log_Type.RECOGNIZED_WORDS	left	ja
09/29/2020 06:18:12 PM 	 1601396292.2780266	Log_Type.RECOGNIZED_WORDS	left	ihop
09/29/2020 06:18:20 PM 	 1601396300.1911478	Log_Type.RECOGNIZED_WORDS	right	barn tror barn tror på det här
09/29/2020 06:18:21 PM 	 1601396301.9414873	Log_Type.RECOGNIZED_WORDS	left	det här
09/29/2020 06:18:23 PM 	 1601396303.1478925	Log_Type.RECOGNIZED_WORDS	right	de här men de finns inte
09/29/2020 06:18:25 PM 	 1601396305.6769168	Log_Type.RECOGNIZED_WORDS	right	kommer på natten
09/29/2020 06:18:26 PM 	 1601396306.8924296	Log_Type.RECOGNIZED_WORDS	left	de kommer på natten
09/29/2020 06:18:40 PM 	 1601396320.2672524	Log_Type.RECOGNIZED_WORDS	right	donalds
09/29/2020 06:18:40 PM 	 1601396320.9488173	Log_Type.RECOGNIZED_WORDS	left	mcdonald's
09/29/2020 06:18:45 PM 	 1601396325.288487	Log_Type.RECOGNIZED_WORDS	right	vem är
09/29/2020 06:18:45 PM 	 1601396325.7161057	Log_Type.RECOGNIZED_WORDS	left	när du har
09/29/2020 06:18:50 PM 	 1601396330.623362	Log_Type.RECOGNIZED_WORDS	left	att äta
09/29/2020 06:18:58 PM 	 1601396338.9329686	Log_Type.RECOGNIZED_WORDS	right	barn vaknar av det här på natten
09/29/2020 06:19:04 PM 	 1601396344.0717685	Log_Type.RECOGNIZED_WORDS	right	de är hemska alla de är hemskt
09/29/2020 06:19:14 PM 	 1601396354.0259082	Log_Type.RECOGNIZED_WORDS	left	ja
09/29/2020 06:19:18 PM 	 1601396358.6562762	Log_Type.RECOGNIZED_WORDS	right	trummor congas maracas
09/29/2020 06:19:19 PM 	 1601396359.0468261	Log_Type.RECOGNIZED_WORDS	left	konga maracas
09/29/2020 06:19:29 PM 	 1601396369.7219748	Log_Type.RECOGNIZED_WORDS	right	musikinstrument som man slår på
09/29/2020 06:19:37 PM 	 1601396377.3400185	Log_Type.RECOGNIZED_WORDS	right	efter fötter i snö
09/29/2020 06:19:43 PM 	 1601396383.7648363	Log_Type.RECOGNIZED_WORDS	right	när du går i snö
09/29/2020 06:19:47 PM 	 1601396387.6126087	Log_Type.RECOGNIZED_WORDS	left	märken efter skor
09/29/2020 06:19:48 PM 	 1601396388.5434055	Log_Type.RECOGNIZED_WORDS	right	märken efter skorna
09/29/2020 06:19:56 PM 	 1601396396.9130125	Log_Type.RECOGNIZED_WORDS	left	fotboll
09/29/2020 06:20:07 PM 	 1601396407.0117111	Log_Type.RECOGNIZED_WORDS	left	du sätta dina kläder in
09/29/2020 06:20:08 PM 	 1601396408.1170163	Log_Type.RECOGNIZED_WORDS	right	kläder
09/29/2020 06:20:15 PM 	 1601396415.4419067	Log_Type.RECOGNIZED_WORDS	right	det står i sovrummet
09/29/2020 06:20:24 PM 	 1601396424.357676	Log_Type.RECOGNIZED_WORDS	right	längst upp på en kyrka
09/29/2020 06:20:25 PM 	 1601396425.4739804	Log_Type.RECOGNIZED_WORDS	left	jaha
09/29/2020 06:20:30 PM 	 1601396430.0680885	Log_Type.RECOGNIZED_WORDS	right	spiran högst upp
09/29/2020 06:20:31 PM 	 1601396431.2079868	Log_Type.RECOGNIZED_WORDS	left	ja
09/29/2020 06:20:36 PM 	 1601396436.1237156	Log_Type.RECOGNIZED_WORDS	left	kyltorn
09/29/2020 06:20:44 PM 	 1601396444.0675926	Log_Type.RECOGNIZED_WORDS	right	hund hamster
09/29/2020 06:20:45 PM 	 1601396445.5212402	Log_Type.RECOGNIZED_WORDS	left	jaha
09/29/2020 06:20:47 PM 	 1601396447.361003	Log_Type.RECOGNIZED_WORDS	right	kanin
09/29/2020 06:20:50 PM 	 1601396450.2673705	Log_Type.RECOGNIZED_WORDS	left	kaniner
09/29/2020 06:20:55 PM 	 1601396455.7158914	Log_Type.RECOGNIZED_WORDS	left	jo man har
09/29/2020 06:20:57 PM 	 1601396457.3781593	Log_Type.RECOGNIZED_WORDS	right	är det lugnt här hemma
09/29/2020 06:21:00 PM 	 1601396460.4427183	Log_Type.RECOGNIZED_WORDS	left	i huset
09/29/2020 06:21:13 PM 	 1601396473.4250007	Log_Type.RECOGNIZED_WORDS	right	en blomma som står i fönstret
09/29/2020 06:21:14 PM 	 1601396474.270116	Log_Type.RECOGNIZED_WORDS	left	fönstret
09/29/2020 06:21:17 PM 	 1601396477.4679606	Log_Type.RECOGNIZED_WORDS	right	så man behöver vattna
09/29/2020 06:21:23 PM 	 1601396483.7227924	Log_Type.RECOGNIZED_WORDS	left	jaha
09/29/2020 06:21:26 PM 	 1601396486.1712012	Log_Type.RECOGNIZED_WORDS	right	2 ord
09/29/2020 06:21:28 PM 	 1601396488.657435	Log_Type.RECOGNIZED_WORDS	left	ord
09/29/2020 06:21:37 PM 	 1601396497.9422295	Log_Type.RECOGNIZED_WORDS	left	min pappa
09/29/2020 06:21:38 PM 	 1601396498.0951936	Log_Type.RECOGNIZED_WORDS	right	min pappas
09/29/2020 06:21:45 PM 	 1601396505.7696373	Log_Type.RECOGNIZED_WORDS	right	eller en gubbe
09/29/2020 06:22:00 PM 	 1601396520.1541991	Log_Type.RECOGNIZED_WORDS	right	du kan betyda gubbe och det kan betyda min pappa
09/29/2020 06:22:02 PM 	 1601396522.2744446	Log_Type.RECOGNIZED_WORDS	right	fars
09/29/2020 06:22:05 PM 	 1601396525.9499698	Log_Type.RECOGNIZED_WORDS	left	lillasyster
09/29/2020 06:22:06 PM 	 1601396526.4938455	Log_Type.RECOGNIZED_WORDS	right	syster
09/29/2020 06:22:24 PM 	 1601396544.925775	Log_Type.RECOGNIZED_WORDS	right	ett djur som bor bland stenar
09/29/2020 06:22:29 PM 	 1601396549.7837405	Log_Type.RECOGNIZED_WORDS	right	i fjällen som har horn
09/29/2020 06:22:36 PM 	 1601396556.7191658	Log_Type.RECOGNIZED_WORDS	right	det är också ett stjärntecken
09/29/2020 06:22:38 PM 	 1601396558.1056857	Log_Type.RECOGNIZED_WORDS	left	ja
09/29/2020 06:22:42 PM 	 1601396562.8684173	Log_Type.RECOGNIZED_WORDS	left	får
09/29/2020 06:22:47 PM 	 1601396567.5307136	Log_Type.RECOGNIZED_WORDS	left	ja
09/29/2020 06:22:47 PM 	 1601396567.9440892	Log_Type.RECOGNIZED_WORDS	right	ja
09/29/2020 06:22:52 PM 	 1601396572.3387876	Log_Type.RECOGNIZED_WORDS	left	johannes
09/29/2020 06:22:52 PM 	 1601396572.6435435	Log_Type.RECOGNIZED_WORDS	right	ta ett kort
09/29/2020 06:22:57 PM 	 1601396577.152844	Log_Type.RECOGNIZED_WORDS	left	och
09/29/2020 06:23:02 PM 	 1601396582.2030308	Log_Type.RECOGNIZED_WORDS	left	hur logga in ditt konto
09/29/2020 06:23:02 PM 	 1601396582.4501953	Log_Type.RECOGNIZED_WORDS	right	kontot
09/29/2020 06:23:15 PM 	 1601396595.260455	Log_Type.RECOGNIZED_WORDS	right	ett stort vitt djur som bor på norra delen av jord
09/29/2020 06:23:16 PM 	 1601396596.0801334	Log_Type.RECOGNIZED_WORDS	left	som bor på norra delen av jordklotet
09/29/2020 06:23:29 PM 	 1601396609.127176	Log_Type.RECOGNIZED_WORDS	right	en friidrott
09/29/2020 06:23:29 PM 	 1601396609.7944317	Log_Type.RECOGNIZED_WORDS	left	friidrott
09/29/2020 06:23:32 PM 	 1601396612.8800957	Log_Type.RECOGNIZED_WORDS	right	när man hoppar högt
09/29/2020 06:23:34 PM 	 1601396614.550979	Log_Type.RECOGNIZED_WORDS	left	ja
09/29/2020 06:23:39 PM 	 1601396619.4424248	Log_Type.RECOGNIZED_WORDS	left	halebop
09/29/2020 06:23:52 PM 	 1601396632.6246622	Log_Type.RECOGNIZED_WORDS	right	kvinnor fick det här på 1920 talet
09/29/2020 06:23:54 PM 	 1601396634.5079763	Log_Type.RECOGNIZED_WORDS	right	sverige
09/29/2020 06:24:01 PM 	 1601396641.1632113	Log_Type.RECOGNIZED_WORDS	right	idag har alla medborgare det här
09/29/2020 06:24:02 PM 	 1601396642.6038616	Log_Type.RECOGNIZED_WORDS	left	det här
09/29/2020 06:24:20 PM 	 1601396660.6794243	Log_Type.RECOGNIZED_WORDS	left	om man kan inte gå själv
09/29/2020 06:24:26 PM 	 1601396666.5282142	Log_Type.RECOGNIZED_WORDS	right	mer jul
09/29/2020 06:24:29 PM 	 1601396669.0212562	Log_Type.RECOGNIZED_WORDS	right	man fram
09/29/2020 06:24:38 PM 	 1601396678.5194752	Log_Type.RECOGNIZED_WORDS	right	när man dör sätter släktingar upp
09/29/2020 06:24:41 PM 	 1601396681.9081523	Log_Type.RECOGNIZED_WORDS	right	så här vid graven
09/29/2020 06:24:48 PM 	 1601396688.9652781	Log_Type.RECOGNIZED_WORDS	right	med namn och datum oftast
09/29/2020 06:24:48 PM 	 1601396688.9697182	Log_Type.RECOGNIZED_WORDS	left	med namn och datum någonstans
09/29/2020 06:24:51 PM 	 1601396691.7774556	Log_Type.RECOGNIZED_WORDS	right	kyrkogård
09/29/2020 06:24:53 PM 	 1601396693.9424655	Log_Type.RECOGNIZED_WORDS	left	begravning
09/29/2020 06:24:57 PM 	 1601396697.0835857	Log_Type.RECOGNIZED_WORDS	right	släck taklampan
09/29/2020 06:25:01 PM 	 1601396701.5062077	Log_Type.RECOGNIZED_WORDS	right	vid graven
09/29/2020 06:25:03 PM 	 1601396703.3805227	Log_Type.RECOGNIZED_WORDS	left	vid graven
09/29/2020 06:25:14 PM 	 1601396714.3979957	Log_Type.RECOGNIZED_WORDS	right	flera hus som sitter ihop
09/29/2020 06:25:17 PM 	 1601396717.4018748	Log_Type.RECOGNIZED_WORDS	left	radhus
09/29/2020 06:25:18 PM 	 1601396718.4819448	Log_Type.RECOGNIZED_WORDS	right	gravljus
09/29/2020 06:25:30 PM 	 1601396730.4275804	Log_Type.RECOGNIZED_WORDS	right	spela
09/29/2020 06:25:31 PM 	 1601396731.3721778	Log_Type.RECOGNIZED_WORDS	left	spela trum
09/29/2020 06:25:44 PM 	 1601396744.1311986	Log_Type.RECOGNIZED_WORDS	right	de slår de slår på musiken
09/29/2020 06:25:45 PM 	 1601396745.6562722	Log_Type.RECOGNIZED_WORDS	left	musikinstrumentet
09/29/2020 06:26:02 PM 	 1601396762.3177905	Log_Type.RECOGNIZED_WORDS	right	plats dit man åker på semester
09/29/2020 06:26:04 PM 	 1601396764.5875041	Log_Type.RECOGNIZED_WORDS	left	ja
09/29/2020 06:26:24 PM 	 1601396784.1743653	Log_Type.RECOGNIZED_WORDS	right	destinationen
09/29/2020 06:26:34 PM 	 1601396794.9547937	Log_Type.RECOGNIZED_WORDS	right	en sång som hör till en speciell
09/29/2020 06:26:37 PM 	 1601396797.2093341	Log_Type.RECOGNIZED_WORDS	right	program
09/29/2020 06:26:51 PM 	 1601396811.2112665	Log_Type.RECOGNIZED_WORDS	left	det finns i plåt
09/29/2020 06:26:51 PM 	 1601396811.7484913	Log_Type.RECOGNIZED_WORDS	right	ja
09/29/2020 06:26:56 PM 	 1601396816.3688593	Log_Type.RECOGNIZED_WORDS	left	det är lugnt
09/29/2020 06:27:01 PM 	 1601396821.0720484	Log_Type.RECOGNIZED_WORDS	left	ja
09/29/2020 06:27:06 PM 	 1601396826.919678	Log_Type.RECOGNIZED_WORDS	right	bordet
09/29/2020 06:27:13 PM 	 1601396833.2313213	Log_Type.RECOGNIZED_WORDS	right	många celler i blodet
09/29/2020 06:27:18 PM 	 1601396838.7541647	Log_Type.RECOGNIZED_WORDS	right	det finns vita också
09/29/2020 06:27:20 PM 	 1601396840.0850668	Log_Type.RECOGNIZED_WORDS	left	blodkroppar
09/29/2020 06:27:29 PM 	 1601396849.9868317	Log_Type.RECOGNIZED_WORDS	left	ledaren av en katolsk kyrka
09/29/2020 06:27:30 PM 	 1601396850.440283	Log_Type.RECOGNIZED_WORDS	right	ledaren av en katolsk kyrka
09/29/2020 06:27:37 PM 	 1601396857.9924421	Log_Type.RECOGNIZED_WORDS	right	och även protestantisk tror jag
09/29/2020 06:27:43 PM 	 1601396863.9642658	Log_Type.RECOGNIZED_WORDS	right	han har en stor huvudbonad
09/29/2020 06:28:03 PM 	 1601396883.4297442	Log_Type.RECOGNIZED_WORDS	left	rosenhäll
09/29/2020 06:28:13 PM 	 1601396893.20083	Log_Type.RECOGNIZED_WORDS	left	men åker där
09/29/2020 06:28:15 PM 	 1601396895.1998537	Log_Type.RECOGNIZED_WORDS	right	man åker där över över en å över en flod
09/29/2020 06:28:18 PM 	 1601396898.3585753	Log_Type.RECOGNIZED_WORDS	left	vatten
09/29/2020 06:28:20 PM 	 1601396900.1203828	Log_Type.RECOGNIZED_WORDS	right	över
